

================================================================
== Vitis HLS Report for 'conv2D0'
================================================================
* Date:           Thu Apr 11 18:16:36 2024

* Version:        2023.2 (Build 4023990 on Oct 11 2023)
* Project:        Project1
* Solution:       pipeline_unroll_2 (Vivado IP Flow Target)
* Product family: zynq
* Target device:  xc7z010i-clg225-1L


================================================================
== Performance Estimates
================================================================
+ Timing: 
    * Summary: 
    +--------+----------+----------+------------+
    |  Clock |  Target  | Estimated| Uncertainty|
    +--------+----------+----------+------------+
    |ap_clk  |  10.00 ns|  7.571 ns|     2.70 ns|
    +--------+----------+----------+------------+

+ Latency: 
    * Summary: 
    +---------+---------+----------+----------+-----+-----+---------+
    |  Latency (cycles) |  Latency (absolute) |  Interval | Pipeline|
    |   min   |   max   |    min   |    max   | min | max |   Type  |
    +---------+---------+----------+----------+-----+-----+---------+
    |       31|       31|  0.310 us|  0.310 us|   32|   32|       no|
    +---------+---------+----------+----------+-----+-----+---------+

    + Detail: 
        * Instance: 
        N/A

        * Loop: 
        N/A

============================================================
+ Verbose Summary: Synthesis Manager
============================================================
InlineROM: 1
ExposeGlobal: 0
============================================================
+ Verbose Summary: CDFG Model
============================================================
IsTopModel: 1
ResetActiveHigh: 1
IsCombinational: 0
IsDatapathOnly: 0
HasWiredReturn: 1
HasMFsm: 0
HasVarLatency: 1
IsPipeline: 0
IsRtlPipelined: 0
IsInstanceOverlapped: 0
IsDontTouch: 0
HasImplIP: 0
IsGatedGlobalClock: 0


============================================================
+ Verbose Summary: Schedule
============================================================
* Number of FSM states : 6
* Pipeline : 0
* Dataflow Pipeline: 0

* FSM state transitions: 
1 --> 2 
2 --> 3 
3 --> 4 
4 --> 5 
5 --> 6 
6 --> 

* FSM state operations: 

State 1 <SV = 0> <Delay = 0.00>
ST_1 : Operation 7 [1/1] (0.00ns)   --->   "%img_outT_0_1_loc = alloca i64 1"   --->   Operation 7 'alloca' 'img_outT_0_1_loc' <Predicate = true> <Delay = 0.00>
ST_1 : Operation 8 [1/1] (0.00ns)   --->   "%img_outT_1_1_loc = alloca i64 1"   --->   Operation 8 'alloca' 'img_outT_1_1_loc' <Predicate = true> <Delay = 0.00>
ST_1 : Operation 9 [1/1] (0.00ns)   --->   "%img_outT_2_1_loc = alloca i64 1"   --->   Operation 9 'alloca' 'img_outT_2_1_loc' <Predicate = true> <Delay = 0.00>
ST_1 : Operation 10 [1/1] (0.00ns)   --->   "%img_outT_3_1_loc = alloca i64 1"   --->   Operation 10 'alloca' 'img_outT_3_1_loc' <Predicate = true> <Delay = 0.00>
ST_1 : Operation 11 [1/1] (0.00ns)   --->   "%weightsT_10_loc = alloca i64 1"   --->   Operation 11 'alloca' 'weightsT_10_loc' <Predicate = true> <Delay = 0.00>
ST_1 : Operation 12 [1/1] (0.00ns)   --->   "%weightsT_11_loc = alloca i64 1"   --->   Operation 12 'alloca' 'weightsT_11_loc' <Predicate = true> <Delay = 0.00>
ST_1 : Operation 13 [1/1] (0.00ns)   --->   "%weightsT_12_loc = alloca i64 1"   --->   Operation 13 'alloca' 'weightsT_12_loc' <Predicate = true> <Delay = 0.00>
ST_1 : Operation 14 [1/1] (0.00ns)   --->   "%weightsT_13_loc = alloca i64 1"   --->   Operation 14 'alloca' 'weightsT_13_loc' <Predicate = true> <Delay = 0.00>
ST_1 : Operation 15 [1/1] (0.00ns)   --->   "%weightsT_14_loc = alloca i64 1"   --->   Operation 15 'alloca' 'weightsT_14_loc' <Predicate = true> <Delay = 0.00>
ST_1 : Operation 16 [1/1] (0.00ns)   --->   "%weightsT_loc = alloca i64 1"   --->   Operation 16 'alloca' 'weightsT_loc' <Predicate = true> <Delay = 0.00>
ST_1 : Operation 17 [1/1] (0.00ns)   --->   "%weightsT_1_loc = alloca i64 1"   --->   Operation 17 'alloca' 'weightsT_1_loc' <Predicate = true> <Delay = 0.00>
ST_1 : Operation 18 [1/1] (0.00ns)   --->   "%weightsT_2_loc = alloca i64 1"   --->   Operation 18 'alloca' 'weightsT_2_loc' <Predicate = true> <Delay = 0.00>
ST_1 : Operation 19 [1/1] (0.00ns)   --->   "%weightsT_3_loc = alloca i64 1"   --->   Operation 19 'alloca' 'weightsT_3_loc' <Predicate = true> <Delay = 0.00>
ST_1 : Operation 20 [1/1] (0.00ns)   --->   "%weightsT_4_loc = alloca i64 1"   --->   Operation 20 'alloca' 'weightsT_4_loc' <Predicate = true> <Delay = 0.00>
ST_1 : Operation 21 [1/1] (0.00ns)   --->   "%weightsT_5_loc = alloca i64 1"   --->   Operation 21 'alloca' 'weightsT_5_loc' <Predicate = true> <Delay = 0.00>
ST_1 : Operation 22 [1/1] (0.00ns)   --->   "%weightsT_6_loc = alloca i64 1"   --->   Operation 22 'alloca' 'weightsT_6_loc' <Predicate = true> <Delay = 0.00>
ST_1 : Operation 23 [1/1] (0.00ns)   --->   "%weightsT_7_loc = alloca i64 1"   --->   Operation 23 'alloca' 'weightsT_7_loc' <Predicate = true> <Delay = 0.00>
ST_1 : Operation 24 [1/1] (0.00ns)   --->   "%weightsT_8_loc = alloca i64 1"   --->   Operation 24 'alloca' 'weightsT_8_loc' <Predicate = true> <Delay = 0.00>
ST_1 : Operation 25 [1/1] (0.00ns)   --->   "%img_inT_loc = alloca i64 1"   --->   Operation 25 'alloca' 'img_inT_loc' <Predicate = true> <Delay = 0.00>
ST_1 : Operation 26 [1/1] (0.00ns)   --->   "%img_inT_1_loc = alloca i64 1"   --->   Operation 26 'alloca' 'img_inT_1_loc' <Predicate = true> <Delay = 0.00>
ST_1 : Operation 27 [1/1] (0.00ns)   --->   "%img_inT_2_loc = alloca i64 1"   --->   Operation 27 'alloca' 'img_inT_2_loc' <Predicate = true> <Delay = 0.00>
ST_1 : Operation 28 [1/1] (0.00ns)   --->   "%img_inT_3_loc = alloca i64 1"   --->   Operation 28 'alloca' 'img_inT_3_loc' <Predicate = true> <Delay = 0.00>
ST_1 : Operation 29 [1/1] (0.00ns)   --->   "%img_inT_4_loc = alloca i64 1"   --->   Operation 29 'alloca' 'img_inT_4_loc' <Predicate = true> <Delay = 0.00>
ST_1 : Operation 30 [1/1] (0.00ns)   --->   "%img_inT_5_loc = alloca i64 1"   --->   Operation 30 'alloca' 'img_inT_5_loc' <Predicate = true> <Delay = 0.00>
ST_1 : Operation 31 [1/1] (0.00ns)   --->   "%img_inT_6_loc = alloca i64 1"   --->   Operation 31 'alloca' 'img_inT_6_loc' <Predicate = true> <Delay = 0.00>
ST_1 : Operation 32 [1/1] (0.00ns)   --->   "%img_inT_7_loc = alloca i64 1"   --->   Operation 32 'alloca' 'img_inT_7_loc' <Predicate = true> <Delay = 0.00>
ST_1 : Operation 33 [1/1] (0.00ns)   --->   "%img_inT_8_loc = alloca i64 1"   --->   Operation 33 'alloca' 'img_inT_8_loc' <Predicate = true> <Delay = 0.00>
ST_1 : Operation 34 [1/1] (0.00ns)   --->   "%img_inT_9_loc = alloca i64 1"   --->   Operation 34 'alloca' 'img_inT_9_loc' <Predicate = true> <Delay = 0.00>
ST_1 : Operation 35 [1/1] (0.00ns)   --->   "%img_inT_10_loc = alloca i64 1"   --->   Operation 35 'alloca' 'img_inT_10_loc' <Predicate = true> <Delay = 0.00>
ST_1 : Operation 36 [1/1] (0.00ns)   --->   "%img_inT_11_loc = alloca i64 1"   --->   Operation 36 'alloca' 'img_inT_11_loc' <Predicate = true> <Delay = 0.00>
ST_1 : Operation 37 [1/1] (0.00ns)   --->   "%img_inT_12_loc = alloca i64 1"   --->   Operation 37 'alloca' 'img_inT_12_loc' <Predicate = true> <Delay = 0.00>
ST_1 : Operation 38 [1/1] (0.00ns)   --->   "%img_inT_13_loc = alloca i64 1"   --->   Operation 38 'alloca' 'img_inT_13_loc' <Predicate = true> <Delay = 0.00>
ST_1 : Operation 39 [1/1] (0.00ns)   --->   "%img_inT_14_loc = alloca i64 1"   --->   Operation 39 'alloca' 'img_inT_14_loc' <Predicate = true> <Delay = 0.00>
ST_1 : Operation 40 [1/1] (0.00ns)   --->   "%img_inT_15_loc = alloca i64 1"   --->   Operation 40 'alloca' 'img_inT_15_loc' <Predicate = true> <Delay = 0.00>
ST_1 : Operation 41 [2/2] (0.00ns)   --->   "%call_ln0 = call void @conv2D0_Pipeline_readImg, i8 %img_in, i8 %img_inT_15_loc, i8 %img_inT_14_loc, i8 %img_inT_13_loc, i8 %img_inT_12_loc, i8 %img_inT_11_loc, i8 %img_inT_10_loc, i8 %img_inT_9_loc, i8 %img_inT_8_loc, i8 %img_inT_7_loc, i8 %img_inT_6_loc, i8 %img_inT_5_loc, i8 %img_inT_4_loc, i8 %img_inT_3_loc, i8 %img_inT_2_loc, i8 %img_inT_1_loc, i8 %img_inT_loc"   --->   Operation 41 'call' 'call_ln0' <Predicate = true> <Delay = 0.00> <CoreType = "Generic">   --->   Core 0 '' <Latency = 0> <II = 1> <Delay = 1.00> <Generic> <Opcode : >
ST_1 : Operation 42 [2/2] (0.00ns)   --->   "%targetBlock = call i1 @conv2D0_Pipeline_readweights, i8 %weights, i8 %weightsT_8_loc, i8 %weightsT_7_loc, i8 %weightsT_6_loc, i8 %weightsT_5_loc, i8 %weightsT_4_loc, i8 %weightsT_3_loc, i8 %weightsT_2_loc, i8 %weightsT_1_loc, i8 %weightsT_loc, i8 %weightsT_14_loc, i8 %weightsT_13_loc, i8 %weightsT_12_loc, i8 %weightsT_11_loc, i8 %weightsT_10_loc"   --->   Operation 42 'call' 'targetBlock' <Predicate = true> <Delay = 0.00> <CoreType = "Generic">   --->   Core 0 '' <Latency = 0> <II = 1> <Delay = 1.00> <Generic> <Opcode : >

State 2 <SV = 1> <Delay = 1.58>
ST_2 : Operation 43 [1/2] (1.58ns)   --->   "%call_ln0 = call void @conv2D0_Pipeline_readImg, i8 %img_in, i8 %img_inT_15_loc, i8 %img_inT_14_loc, i8 %img_inT_13_loc, i8 %img_inT_12_loc, i8 %img_inT_11_loc, i8 %img_inT_10_loc, i8 %img_inT_9_loc, i8 %img_inT_8_loc, i8 %img_inT_7_loc, i8 %img_inT_6_loc, i8 %img_inT_5_loc, i8 %img_inT_4_loc, i8 %img_inT_3_loc, i8 %img_inT_2_loc, i8 %img_inT_1_loc, i8 %img_inT_loc"   --->   Operation 43 'call' 'call_ln0' <Predicate = true> <Delay = 1.58> <CoreType = "Generic">   --->   Core 0 '' <Latency = 0> <II = 1> <Delay = 1.00> <Generic> <Opcode : >
ST_2 : Operation 44 [1/2] (1.58ns)   --->   "%targetBlock = call i1 @conv2D0_Pipeline_readweights, i8 %weights, i8 %weightsT_8_loc, i8 %weightsT_7_loc, i8 %weightsT_6_loc, i8 %weightsT_5_loc, i8 %weightsT_4_loc, i8 %weightsT_3_loc, i8 %weightsT_2_loc, i8 %weightsT_1_loc, i8 %weightsT_loc, i8 %weightsT_14_loc, i8 %weightsT_13_loc, i8 %weightsT_12_loc, i8 %weightsT_11_loc, i8 %weightsT_10_loc"   --->   Operation 44 'call' 'targetBlock' <Predicate = true> <Delay = 1.58> <CoreType = "Generic">   --->   Core 0 '' <Latency = 0> <II = 1> <Delay = 1.00> <Generic> <Opcode : >

State 3 <SV = 2> <Delay = 4.36>
ST_3 : Operation 45 [1/1] (0.00ns)   --->   "%img_inT_15_loc_load = load i8 %img_inT_15_loc"   --->   Operation 45 'load' 'img_inT_15_loc_load' <Predicate = true> <Delay = 0.00>
ST_3 : Operation 46 [1/1] (0.00ns)   --->   "%img_inT_14_loc_load = load i8 %img_inT_14_loc"   --->   Operation 46 'load' 'img_inT_14_loc_load' <Predicate = true> <Delay = 0.00>
ST_3 : Operation 47 [1/1] (0.00ns)   --->   "%img_inT_13_loc_load = load i8 %img_inT_13_loc"   --->   Operation 47 'load' 'img_inT_13_loc_load' <Predicate = true> <Delay = 0.00>
ST_3 : Operation 48 [1/1] (0.00ns)   --->   "%img_inT_12_loc_load = load i8 %img_inT_12_loc"   --->   Operation 48 'load' 'img_inT_12_loc_load' <Predicate = true> <Delay = 0.00>
ST_3 : Operation 49 [1/1] (0.00ns)   --->   "%img_inT_11_loc_load = load i8 %img_inT_11_loc"   --->   Operation 49 'load' 'img_inT_11_loc_load' <Predicate = true> <Delay = 0.00>
ST_3 : Operation 50 [1/1] (0.00ns)   --->   "%img_inT_10_loc_load = load i8 %img_inT_10_loc"   --->   Operation 50 'load' 'img_inT_10_loc_load' <Predicate = true> <Delay = 0.00>
ST_3 : Operation 51 [1/1] (0.00ns)   --->   "%img_inT_9_loc_load = load i8 %img_inT_9_loc"   --->   Operation 51 'load' 'img_inT_9_loc_load' <Predicate = true> <Delay = 0.00>
ST_3 : Operation 52 [1/1] (0.00ns)   --->   "%img_inT_8_loc_load = load i8 %img_inT_8_loc"   --->   Operation 52 'load' 'img_inT_8_loc_load' <Predicate = true> <Delay = 0.00>
ST_3 : Operation 53 [1/1] (0.00ns)   --->   "%img_inT_7_loc_load = load i8 %img_inT_7_loc"   --->   Operation 53 'load' 'img_inT_7_loc_load' <Predicate = true> <Delay = 0.00>
ST_3 : Operation 54 [1/1] (0.00ns)   --->   "%img_inT_6_loc_load = load i8 %img_inT_6_loc"   --->   Operation 54 'load' 'img_inT_6_loc_load' <Predicate = true> <Delay = 0.00>
ST_3 : Operation 55 [1/1] (0.00ns)   --->   "%img_inT_5_loc_load = load i8 %img_inT_5_loc"   --->   Operation 55 'load' 'img_inT_5_loc_load' <Predicate = true> <Delay = 0.00>
ST_3 : Operation 56 [1/1] (0.00ns)   --->   "%img_inT_4_loc_load = load i8 %img_inT_4_loc"   --->   Operation 56 'load' 'img_inT_4_loc_load' <Predicate = true> <Delay = 0.00>
ST_3 : Operation 57 [1/1] (0.00ns)   --->   "%img_inT_3_loc_load = load i8 %img_inT_3_loc"   --->   Operation 57 'load' 'img_inT_3_loc_load' <Predicate = true> <Delay = 0.00>
ST_3 : Operation 58 [1/1] (0.00ns)   --->   "%img_inT_2_loc_load = load i8 %img_inT_2_loc"   --->   Operation 58 'load' 'img_inT_2_loc_load' <Predicate = true> <Delay = 0.00>
ST_3 : Operation 59 [1/1] (0.00ns)   --->   "%img_inT_1_loc_load = load i8 %img_inT_1_loc"   --->   Operation 59 'load' 'img_inT_1_loc_load' <Predicate = true> <Delay = 0.00>
ST_3 : Operation 60 [1/1] (0.00ns)   --->   "%img_inT_loc_load = load i8 %img_inT_loc"   --->   Operation 60 'load' 'img_inT_loc_load' <Predicate = true> <Delay = 0.00>
ST_3 : Operation 61 [1/1] (0.00ns)   --->   "%weightsT_8_loc_load = load i8 %weightsT_8_loc"   --->   Operation 61 'load' 'weightsT_8_loc_load' <Predicate = (targetBlock)> <Delay = 0.00>
ST_3 : Operation 62 [1/1] (0.00ns)   --->   "%weightsT_7_loc_load = load i8 %weightsT_7_loc"   --->   Operation 62 'load' 'weightsT_7_loc_load' <Predicate = true> <Delay = 0.00>
ST_3 : Operation 63 [1/1] (0.00ns)   --->   "%weightsT_6_loc_load = load i8 %weightsT_6_loc"   --->   Operation 63 'load' 'weightsT_6_loc_load' <Predicate = (targetBlock)> <Delay = 0.00>
ST_3 : Operation 64 [1/1] (0.00ns)   --->   "%weightsT_5_loc_load = load i8 %weightsT_5_loc"   --->   Operation 64 'load' 'weightsT_5_loc_load' <Predicate = true> <Delay = 0.00>
ST_3 : Operation 65 [1/1] (0.00ns)   --->   "%weightsT_4_loc_load = load i8 %weightsT_4_loc"   --->   Operation 65 'load' 'weightsT_4_loc_load' <Predicate = (targetBlock)> <Delay = 0.00>
ST_3 : Operation 66 [1/1] (0.00ns)   --->   "%weightsT_3_loc_load = load i8 %weightsT_3_loc"   --->   Operation 66 'load' 'weightsT_3_loc_load' <Predicate = true> <Delay = 0.00>
ST_3 : Operation 67 [1/1] (0.00ns)   --->   "%weightsT_2_loc_load = load i8 %weightsT_2_loc"   --->   Operation 67 'load' 'weightsT_2_loc_load' <Predicate = (targetBlock)> <Delay = 0.00>
ST_3 : Operation 68 [1/1] (0.00ns)   --->   "%weightsT_1_loc_load = load i8 %weightsT_1_loc"   --->   Operation 68 'load' 'weightsT_1_loc_load' <Predicate = true> <Delay = 0.00>
ST_3 : Operation 69 [1/1] (0.00ns)   --->   "%weightsT_loc_load = load i8 %weightsT_loc"   --->   Operation 69 'load' 'weightsT_loc_load' <Predicate = (targetBlock)> <Delay = 0.00>
ST_3 : Operation 70 [1/1] (0.00ns)   --->   "%weightsT_14_loc_load = load i8 %weightsT_14_loc"   --->   Operation 70 'load' 'weightsT_14_loc_load' <Predicate = (!targetBlock)> <Delay = 0.00>
ST_3 : Operation 71 [1/1] (0.00ns)   --->   "%weightsT_13_loc_load = load i8 %weightsT_13_loc"   --->   Operation 71 'load' 'weightsT_13_loc_load' <Predicate = (!targetBlock)> <Delay = 0.00>
ST_3 : Operation 72 [1/1] (0.00ns)   --->   "%weightsT_12_loc_load = load i8 %weightsT_12_loc"   --->   Operation 72 'load' 'weightsT_12_loc_load' <Predicate = (!targetBlock)> <Delay = 0.00>
ST_3 : Operation 73 [1/1] (0.00ns)   --->   "%weightsT_11_loc_load = load i8 %weightsT_11_loc"   --->   Operation 73 'load' 'weightsT_11_loc_load' <Predicate = (!targetBlock)> <Delay = 0.00>
ST_3 : Operation 74 [1/1] (0.00ns)   --->   "%weightsT_10_loc_load = load i8 %weightsT_10_loc"   --->   Operation 74 'load' 'weightsT_10_loc_load' <Predicate = (!targetBlock)> <Delay = 0.00>
ST_3 : Operation 75 [1/1] (1.24ns)   --->   "%select_ln16 = select i1 %targetBlock, i8 %weightsT_8_loc_load, i8 %weightsT_14_loc_load" [conv2D0.cpp:16]   --->   Operation 75 'select' 'select_ln16' <Predicate = true> <Delay = 1.24> <CoreInst = "Sel">   --->   Core 73 'Sel' <Latency = 0> <II = 1> <Delay = 1.24> <FuncUnit> <Opcode : 'select'> <InPorts = 3> <OutPorts = 1>
ST_3 : Operation 76 [1/1] (1.24ns)   --->   "%select_ln16_1 = select i1 %targetBlock, i8 %weightsT_6_loc_load, i8 %weightsT_13_loc_load" [conv2D0.cpp:16]   --->   Operation 76 'select' 'select_ln16_1' <Predicate = true> <Delay = 1.24> <CoreInst = "Sel">   --->   Core 73 'Sel' <Latency = 0> <II = 1> <Delay = 1.24> <FuncUnit> <Opcode : 'select'> <InPorts = 3> <OutPorts = 1>
ST_3 : Operation 77 [1/1] (1.24ns)   --->   "%select_ln16_2 = select i1 %targetBlock, i8 %weightsT_4_loc_load, i8 %weightsT_12_loc_load" [conv2D0.cpp:16]   --->   Operation 77 'select' 'select_ln16_2' <Predicate = true> <Delay = 1.24> <CoreInst = "Sel">   --->   Core 73 'Sel' <Latency = 0> <II = 1> <Delay = 1.24> <FuncUnit> <Opcode : 'select'> <InPorts = 3> <OutPorts = 1>
ST_3 : Operation 78 [1/1] (1.24ns)   --->   "%select_ln16_3 = select i1 %targetBlock, i8 %weightsT_2_loc_load, i8 %weightsT_11_loc_load" [conv2D0.cpp:16]   --->   Operation 78 'select' 'select_ln16_3' <Predicate = true> <Delay = 1.24> <CoreInst = "Sel">   --->   Core 73 'Sel' <Latency = 0> <II = 1> <Delay = 1.24> <FuncUnit> <Opcode : 'select'> <InPorts = 3> <OutPorts = 1>
ST_3 : Operation 79 [1/1] (1.24ns)   --->   "%select_ln16_4 = select i1 %targetBlock, i8 %weightsT_loc_load, i8 %weightsT_10_loc_load" [conv2D0.cpp:16]   --->   Operation 79 'select' 'select_ln16_4' <Predicate = true> <Delay = 1.24> <CoreInst = "Sel">   --->   Core 73 'Sel' <Latency = 0> <II = 1> <Delay = 1.24> <FuncUnit> <Opcode : 'select'> <InPorts = 3> <OutPorts = 1>
ST_3 : Operation 80 [2/2] (3.11ns)   --->   "%call_ln16 = call void @conv2D0_Pipeline_loop_orow_loop_ocol, i8 %img_inT_loc_load, i8 %img_inT_1_loc_load, i8 %img_inT_2_loc_load, i8 %img_inT_3_loc_load, i8 %img_inT_4_loc_load, i8 %img_inT_5_loc_load, i8 %select_ln16_4, i8 %img_inT_6_loc_load, i8 %weightsT_1_loc_load, i8 %img_inT_7_loc_load, i8 %select_ln16_3, i8 %img_inT_8_loc_load, i8 %img_inT_9_loc_load, i8 %weightsT_3_loc_load, i8 %img_inT_10_loc_load, i8 %select_ln16_2, i8 %img_inT_11_loc_load, i8 %weightsT_5_loc_load, i8 %img_inT_12_loc_load, i8 %img_inT_13_loc_load, i8 %select_ln16_1, i8 %img_inT_14_loc_load, i8 %weightsT_7_loc_load, i8 %img_inT_15_loc_load, i8 %select_ln16, i8 %img_outT_3_1_loc, i8 %img_outT_2_1_loc, i8 %img_outT_1_1_loc, i8 %img_outT_0_1_loc" [conv2D0.cpp:16]   --->   Operation 80 'call' 'call_ln16' <Predicate = true> <Delay = 3.11> <CoreType = "Generic">   --->   Core 0 '' <Latency = 0> <II = 1> <Delay = 1.00> <Generic> <Opcode : >

State 4 <SV = 3> <Delay = 0.00>
ST_4 : Operation 81 [1/2] (0.00ns)   --->   "%call_ln16 = call void @conv2D0_Pipeline_loop_orow_loop_ocol, i8 %img_inT_loc_load, i8 %img_inT_1_loc_load, i8 %img_inT_2_loc_load, i8 %img_inT_3_loc_load, i8 %img_inT_4_loc_load, i8 %img_inT_5_loc_load, i8 %select_ln16_4, i8 %img_inT_6_loc_load, i8 %weightsT_1_loc_load, i8 %img_inT_7_loc_load, i8 %select_ln16_3, i8 %img_inT_8_loc_load, i8 %img_inT_9_loc_load, i8 %weightsT_3_loc_load, i8 %img_inT_10_loc_load, i8 %select_ln16_2, i8 %img_inT_11_loc_load, i8 %weightsT_5_loc_load, i8 %img_inT_12_loc_load, i8 %img_inT_13_loc_load, i8 %select_ln16_1, i8 %img_inT_14_loc_load, i8 %weightsT_7_loc_load, i8 %img_inT_15_loc_load, i8 %select_ln16, i8 %img_outT_3_1_loc, i8 %img_outT_2_1_loc, i8 %img_outT_1_1_loc, i8 %img_outT_0_1_loc" [conv2D0.cpp:16]   --->   Operation 81 'call' 'call_ln16' <Predicate = true> <Delay = 0.00> <CoreType = "Generic">   --->   Core 0 '' <Latency = 0> <II = 1> <Delay = 1.00> <Generic> <Opcode : >

State 5 <SV = 4> <Delay = 4.14>
ST_5 : Operation 82 [1/1] (0.00ns)   --->   "%img_outT_3_1_loc_load = load i8 %img_outT_3_1_loc"   --->   Operation 82 'load' 'img_outT_3_1_loc_load' <Predicate = true> <Delay = 0.00>
ST_5 : Operation 83 [1/1] (0.00ns)   --->   "%img_outT_2_1_loc_load = load i8 %img_outT_2_1_loc"   --->   Operation 83 'load' 'img_outT_2_1_loc_load' <Predicate = true> <Delay = 0.00>
ST_5 : Operation 84 [1/1] (0.00ns)   --->   "%img_outT_1_1_loc_load = load i8 %img_outT_1_1_loc"   --->   Operation 84 'load' 'img_outT_1_1_loc_load' <Predicate = true> <Delay = 0.00>
ST_5 : Operation 85 [1/1] (0.00ns)   --->   "%img_outT_0_1_loc_load = load i8 %img_outT_0_1_loc"   --->   Operation 85 'load' 'img_outT_0_1_loc_load' <Predicate = true> <Delay = 0.00>
ST_5 : Operation 86 [2/2] (4.14ns)   --->   "%call_ln0 = call void @conv2D0_Pipeline_writeImg, i8 %img_outT_0_1_loc_load, i8 %img_outT_1_1_loc_load, i8 %img_outT_2_1_loc_load, i8 %img_outT_3_1_loc_load, i8 %img_out"   --->   Operation 86 'call' 'call_ln0' <Predicate = true> <Delay = 4.14> <CoreType = "Generic">   --->   Core 0 '' <Latency = 0> <II = 1> <Delay = 1.00> <Generic> <Opcode : >

State 6 <SV = 5> <Delay = 0.00>
ST_6 : Operation 87 [1/1] (0.00ns)   --->   "%spectopmodule_ln7 = spectopmodule void @_ssdm_op_SpecTopModule, void @empty_1" [conv2D0.cpp:7]   --->   Operation 87 'spectopmodule' 'spectopmodule_ln7' <Predicate = true> <Delay = 0.00>
ST_6 : Operation 88 [1/1] (0.00ns)   --->   "%specinterface_ln0 = specinterface void @_ssdm_op_SpecInterface, i8 %img_in, void @empty, i32 0, i32 0, void @empty_0, i32 4294967295, i32 0, void @empty_0, void @empty_0, void @empty_0, i32 0, i32 0, i32 0, i32 0, void @empty_0, void @empty_0, i32 4294967295, i32 0"   --->   Operation 88 'specinterface' 'specinterface_ln0' <Predicate = true> <Delay = 0.00>
ST_6 : Operation 89 [1/1] (0.00ns)   --->   "%specbitsmap_ln0 = specbitsmap void @_ssdm_op_SpecBitsMap, i8 %img_in"   --->   Operation 89 'specbitsmap' 'specbitsmap_ln0' <Predicate = true> <Delay = 0.00>
ST_6 : Operation 90 [1/1] (0.00ns)   --->   "%specinterface_ln0 = specinterface void @_ssdm_op_SpecInterface, i8 %img_out, void @empty, i32 0, i32 0, void @empty_0, i32 4294967295, i32 0, void @empty_0, void @empty_0, void @empty_0, i32 0, i32 0, i32 0, i32 0, void @empty_0, void @empty_0, i32 4294967295, i32 0"   --->   Operation 90 'specinterface' 'specinterface_ln0' <Predicate = true> <Delay = 0.00>
ST_6 : Operation 91 [1/1] (0.00ns)   --->   "%specbitsmap_ln0 = specbitsmap void @_ssdm_op_SpecBitsMap, i8 %img_out"   --->   Operation 91 'specbitsmap' 'specbitsmap_ln0' <Predicate = true> <Delay = 0.00>
ST_6 : Operation 92 [1/1] (0.00ns)   --->   "%specinterface_ln0 = specinterface void @_ssdm_op_SpecInterface, i8 %weights, void @empty, i32 0, i32 0, void @empty_0, i32 4294967295, i32 0, void @empty_0, void @empty_0, void @empty_0, i32 0, i32 0, i32 0, i32 0, void @empty_0, void @empty_0, i32 4294967295, i32 0"   --->   Operation 92 'specinterface' 'specinterface_ln0' <Predicate = true> <Delay = 0.00>
ST_6 : Operation 93 [1/1] (0.00ns)   --->   "%specbitsmap_ln0 = specbitsmap void @_ssdm_op_SpecBitsMap, i8 %weights"   --->   Operation 93 'specbitsmap' 'specbitsmap_ln0' <Predicate = true> <Delay = 0.00>
ST_6 : Operation 94 [1/2] (0.00ns)   --->   "%call_ln0 = call void @conv2D0_Pipeline_writeImg, i8 %img_outT_0_1_loc_load, i8 %img_outT_1_1_loc_load, i8 %img_outT_2_1_loc_load, i8 %img_outT_3_1_loc_load, i8 %img_out"   --->   Operation 94 'call' 'call_ln0' <Predicate = true> <Delay = 0.00> <CoreType = "Generic">   --->   Core 0 '' <Latency = 0> <II = 1> <Delay = 1.00> <Generic> <Opcode : >
ST_6 : Operation 95 [1/1] (0.00ns)   --->   "%ret_ln37 = ret" [conv2D0.cpp:37]   --->   Operation 95 'ret' 'ret_ln37' <Predicate = true> <Delay = 0.00>


============================================================
+ Verbose Summary: Timing violations
============================================================
Target clock period: 10.000ns, clock uncertainty: 2.700ns.

 <State 1>: 0.000ns
The critical path consists of the following:

 <State 2>: 1.588ns
The critical path consists of the following:
	'call' operation 0 bit ('call_ln0') to 'conv2D0_Pipeline_readImg' [45]  (1.588 ns)

 <State 3>: 4.363ns
The critical path consists of the following:
	'load' operation 8 bit ('weightsT_8_loc_load') on local variable 'weightsT_8_loc' [63]  (0.000 ns)
	'select' operation 8 bit ('select_ln16', conv2D0.cpp:16) [77]  (1.248 ns)
	'call' operation 0 bit ('call_ln16', conv2D0.cpp:16) to 'conv2D0_Pipeline_loop_orow_loop_ocol' [82]  (3.115 ns)

 <State 4>: 0.000ns
The critical path consists of the following:

 <State 5>: 4.149ns
The critical path consists of the following:
	'load' operation 8 bit ('img_outT_3_1_loc_load') on local variable 'img_outT_3_1_loc' [83]  (0.000 ns)
	'call' operation 0 bit ('call_ln0') to 'conv2D0_Pipeline_writeImg' [87]  (4.149 ns)

 <State 6>: 0.000ns
The critical path consists of the following:


============================================================
+ Verbose Summary: Binding
============================================================
N/A
* FSMD analyzer results:
  - Output states:
 - Input state : 
  - Chain level:
	State 1
	State 2
	State 3
	State 4
	State 5
	State 6


============================================================
+ Verbose Summary: Datapath Resource usage 
============================================================
N/A
