

================================================================
== Vitis HLS Report for 'conv2D0'
================================================================
* Date:           Thu Apr 11 18:16:36 2024

* Version:        2023.2 (Build 4023990 on Oct 11 2023)
* Project:        Project1
* Solution:       pipeline_unroll_2 (Vivado IP Flow Target)
* Product family: zynq
* Target device:  xc7z010i-clg225-1L


================================================================
== Performance Estimates
================================================================
+ Timing: 
    * Summary: 
    +--------+----------+----------+------------+
    |  Clock |  Target  | Estimated| Uncertainty|
    +--------+----------+----------+------------+
    |ap_clk  |  10.00 ns|  7.571 ns|     2.70 ns|
    +--------+----------+----------+------------+

+ Latency: 
    * Summary: 
    +---------+---------+----------+----------+-----+-----+---------+
    |  Latency (cycles) |  Latency (absolute) |  Interval | Pipeline|
    |   min   |   max   |    min   |    max   | min | max |   Type  |
    +---------+---------+----------+----------+-----+-----+---------+
    |       31|       31|  0.310 us|  0.310 us|   32|   32|       no|
    +---------+---------+----------+----------+-----+-----+---------+

    + Detail: 
        * Instance: 
        +-------------------------------------------------+--------------------------------------+---------+---------+-----------+-----------+-----+-----+---------+
        |                                                 |                                      |  Latency (cycles) |   Latency (absolute)  |  Interval | Pipeline|
        |                     Instance                    |                Module                |   min   |   max   |    min    |    max    | min | max |   Type  |
        +-------------------------------------------------+--------------------------------------+---------+---------+-----------+-----------+-----+-----+---------+
        |grp_conv2D0_Pipeline_readImg_fu_168              |conv2D0_Pipeline_readImg              |       10|       10|   0.100 us|   0.100 us|   10|   10|       no|
        |grp_conv2D0_Pipeline_readweights_fu_190          |conv2D0_Pipeline_readweights          |        8|        9|  80.000 ns|  90.000 ns|    8|    9|       no|
        |grp_conv2D0_Pipeline_loop_orow_loop_ocol_fu_210  |conv2D0_Pipeline_loop_orow_loop_ocol  |       10|       10|   0.100 us|   0.100 us|   10|   10|       no|
        |grp_conv2D0_Pipeline_writeImg_fu_243             |conv2D0_Pipeline_writeImg             |        6|        6|  60.000 ns|  60.000 ns|    6|    6|       no|
        +-------------------------------------------------+--------------------------------------+---------+---------+-----------+-----------+-----+-----+---------+

        * Loop: 
        N/A

============================================================
+ Verbose Summary: Synthesis Manager
============================================================
InlineROM: 1
ExposeGlobal: 0
============================================================
+ Verbose Summary: CDFG Model
============================================================
IsTopModel: 1
ResetActiveHigh: 1
IsCombinational: 0
IsDatapathOnly: 0
HasWiredReturn: 1
HasMFsm: 0
HasVarLatency: 1
IsPipeline: 0
IsRtlPipelined: 0
IsInstanceOverlapped: 0
IsDontTouch: 0
HasImplIP: 0
IsGatedGlobalClock: 0


============================================================
+ Verbose Summary: Schedule
============================================================
* Number of FSM states : 6
* Pipeline : 0
* Dataflow Pipeline: 0

* FSM state transitions: 
1 --> 2 
2 --> 3 
3 --> 4 
4 --> 5 
5 --> 6 
6 --> 

* FSM state operations: 

State 1 <SV = 0> <Delay = 0.00>
ST_1 : Operation 7 [1/1] (0.00ns)   --->   "%img_outT_0_1_loc = alloca i64 1"   --->   Operation 7 'alloca' 'img_outT_0_1_loc' <Predicate = true> <Delay = 0.00>
ST_1 : Operation 8 [1/1] (0.00ns)   --->   "%img_outT_1_1_loc = alloca i64 1"   --->   Operation 8 'alloca' 'img_outT_1_1_loc' <Predicate = true> <Delay = 0.00>
ST_1 : Operation 9 [1/1] (0.00ns)   --->   "%img_outT_2_1_loc = alloca i64 1"   --->   Operation 9 'alloca' 'img_outT_2_1_loc' <Predicate = true> <Delay = 0.00>
ST_1 : Operation 10 [1/1] (0.00ns)   --->   "%img_outT_3_1_loc = alloca i64 1"   --->   Operation 10 'alloca' 'img_outT_3_1_loc' <Predicate = true> <Delay = 0.00>
ST_1 : Operation 11 [1/1] (0.00ns)   --->   "%weightsT_10_loc = alloca i64 1"   --->   Operation 11 'alloca' 'weightsT_10_loc' <Predicate = true> <Delay = 0.00>
ST_1 : Operation 12 [1/1] (0.00ns)   --->   "%weightsT_11_loc = alloca i64 1"   --->   Operation 12 'alloca' 'weightsT_11_loc' <Predicate = true> <Delay = 0.00>
ST_1 : Operation 13 [1/1] (0.00ns)   --->   "%weightsT_12_loc = alloca i64 1"   --->   Operation 13 'alloca' 'weightsT_12_loc' <Predicate = true> <Delay = 0.00>
ST_1 : Operation 14 [1/1] (0.00ns)   --->   "%weightsT_13_loc = alloca i64 1"   --->   Operation 14 'alloca' 'weightsT_13_loc' <Predicate = true> <Delay = 0.00>
ST_1 : Operation 15 [1/1] (0.00ns)   --->   "%weightsT_14_loc = alloca i64 1"   --->   Operation 15 'alloca' 'weightsT_14_loc' <Predicate = true> <Delay = 0.00>
ST_1 : Operation 16 [1/1] (0.00ns)   --->   "%weightsT_loc = alloca i64 1"   --->   Operation 16 'alloca' 'weightsT_loc' <Predicate = true> <Delay = 0.00>
ST_1 : Operation 17 [1/1] (0.00ns)   --->   "%weightsT_1_loc = alloca i64 1"   --->   Operation 17 'alloca' 'weightsT_1_loc' <Predicate = true> <Delay = 0.00>
ST_1 : Operation 18 [1/1] (0.00ns)   --->   "%weightsT_2_loc = alloca i64 1"   --->   Operation 18 'alloca' 'weightsT_2_loc' <Predicate = true> <Delay = 0.00>
ST_1 : Operation 19 [1/1] (0.00ns)   --->   "%weightsT_3_loc = alloca i64 1"   --->   Operation 19 'alloca' 'weightsT_3_loc' <Predicate = true> <Delay = 0.00>
ST_1 : Operation 20 [1/1] (0.00ns)   --->   "%weightsT_4_loc = alloca i64 1"   --->   Operation 20 'alloca' 'weightsT_4_loc' <Predicate = true> <Delay = 0.00>
ST_1 : Operation 21 [1/1] (0.00ns)   --->   "%weightsT_5_loc = alloca i64 1"   --->   Operation 21 'alloca' 'weightsT_5_loc' <Predicate = true> <Delay = 0.00>
ST_1 : Operation 22 [1/1] (0.00ns)   --->   "%weightsT_6_loc = alloca i64 1"   --->   Operation 22 'alloca' 'weightsT_6_loc' <Predicate = true> <Delay = 0.00>
ST_1 : Operation 23 [1/1] (0.00ns)   --->   "%weightsT_7_loc = alloca i64 1"   --->   Operation 23 'alloca' 'weightsT_7_loc' <Predicate = true> <Delay = 0.00>
ST_1 : Operation 24 [1/1] (0.00ns)   --->   "%weightsT_8_loc = alloca i64 1"   --->   Operation 24 'alloca' 'weightsT_8_loc' <Predicate = true> <Delay = 0.00>
ST_1 : Operation 25 [1/1] (0.00ns)   --->   "%img_inT_loc = alloca i64 1"   --->   Operation 25 'alloca' 'img_inT_loc' <Predicate = true> <Delay = 0.00>
ST_1 : Operation 26 [1/1] (0.00ns)   --->   "%img_inT_1_loc = alloca i64 1"   --->   Operation 26 'alloca' 'img_inT_1_loc' <Predicate = true> <Delay = 0.00>
ST_1 : Operation 27 [1/1] (0.00ns)   --->   "%img_inT_2_loc = alloca i64 1"   --->   Operation 27 'alloca' 'img_inT_2_loc' <Predicate = true> <Delay = 0.00>
ST_1 : Operation 28 [1/1] (0.00ns)   --->   "%img_inT_3_loc = alloca i64 1"   --->   Operation 28 'alloca' 'img_inT_3_loc' <Predicate = true> <Delay = 0.00>
ST_1 : Operation 29 [1/1] (0.00ns)   --->   "%img_inT_4_loc = alloca i64 1"   --->   Operation 29 'alloca' 'img_inT_4_loc' <Predicate = true> <Delay = 0.00>
ST_1 : Operation 30 [1/1] (0.00ns)   --->   "%img_inT_5_loc = alloca i64 1"   --->   Operation 30 'alloca' 'img_inT_5_loc' <Predicate = true> <Delay = 0.00>
ST_1 : Operation 31 [1/1] (0.00ns)   --->   "%img_inT_6_loc = alloca i64 1"   --->   Operation 31 'alloca' 'img_inT_6_loc' <Predicate = true> <Delay = 0.00>
ST_1 : Operation 32 [1/1] (0.00ns)   --->   "%img_inT_7_loc = alloca i64 1"   --->   Operation 32 'alloca' 'img_inT_7_loc' <Predicate = true> <Delay = 0.00>
ST_1 : Operation 33 [1/1] (0.00ns)   --->   "%img_inT_8_loc = alloca i64 1"   --->   Operation 33 'alloca' 'img_inT_8_loc' <Predicate = true> <Delay = 0.00>
ST_1 : Operation 34 [1/1] (0.00ns)   --->   "%img_inT_9_loc = alloca i64 1"   --->   Operation 34 'alloca' 'img_inT_9_loc' <Predicate = true> <Delay = 0.00>
ST_1 : Operation 35 [1/1] (0.00ns)   --->   "%img_inT_10_loc = alloca i64 1"   --->   Operation 35 'alloca' 'img_inT_10_loc' <Predicate = true> <Delay = 0.00>
ST_1 : Operation 36 [1/1] (0.00ns)   --->   "%img_inT_11_loc = alloca i64 1"   --->   Operation 36 'alloca' 'img_inT_11_loc' <Predicate = true> <Delay = 0.00>
ST_1 : Operation 37 [1/1] (0.00ns)   --->   "%img_inT_12_loc = alloca i64 1"   --->   Operation 37 'alloca' 'img_inT_12_loc' <Predicate = true> <Delay = 0.00>
ST_1 : Operation 38 [1/1] (0.00ns)   --->   "%img_inT_13_loc = alloca i64 1"   --->   Operation 38 'alloca' 'img_inT_13_loc' <Predicate = true> <Delay = 0.00>
ST_1 : Operation 39 [1/1] (0.00ns)   --->   "%img_inT_14_loc = alloca i64 1"   --->   Operation 39 'alloca' 'img_inT_14_loc' <Predicate = true> <Delay = 0.00>
ST_1 : Operation 40 [1/1] (0.00ns)   --->   "%img_inT_15_loc = alloca i64 1"   --->   Operation 40 'alloca' 'img_inT_15_loc' <Predicate = true> <Delay = 0.00>
ST_1 : Operation 41 [2/2] (0.00ns)   --->   "%call_ln0 = call void @conv2D0_Pipeline_readImg, i8 %img_in, i8 %img_inT_15_loc, i8 %img_inT_14_loc, i8 %img_inT_13_loc, i8 %img_inT_12_loc, i8 %img_inT_11_loc, i8 %img_inT_10_loc, i8 %img_inT_9_loc, i8 %img_inT_8_loc, i8 %img_inT_7_loc, i8 %img_inT_6_loc, i8 %img_inT_5_loc, i8 %img_inT_4_loc, i8 %img_inT_3_loc, i8 %img_inT_2_loc, i8 %img_inT_1_loc, i8 %img_inT_loc"   --->   Operation 41 'call' 'call_ln0' <Predicate = true> <Delay = 0.00> <CoreType = "Generic">   --->   Core 0 '' <Latency = 0> <II = 1> <Delay = 1.00> <Generic> <Opcode : >
ST_1 : Operation 42 [2/2] (0.00ns)   --->   "%targetBlock = call i1 @conv2D0_Pipeline_readweights, i8 %weights, i8 %weightsT_8_loc, i8 %weightsT_7_loc, i8 %weightsT_6_loc, i8 %weightsT_5_loc, i8 %weightsT_4_loc, i8 %weightsT_3_loc, i8 %weightsT_2_loc, i8 %weightsT_1_loc, i8 %weightsT_loc, i8 %weightsT_14_loc, i8 %weightsT_13_loc, i8 %weightsT_12_loc, i8 %weightsT_11_loc, i8 %weightsT_10_loc"   --->   Operation 42 'call' 'targetBlock' <Predicate = true> <Delay = 0.00> <CoreType = "Generic">   --->   Core 0 '' <Latency = 0> <II = 1> <Delay = 1.00> <Generic> <Opcode : >

State 2 <SV = 1> <Delay = 1.58>
ST_2 : Operation 43 [1/2] (1.58ns)   --->   "%call_ln0 = call void @conv2D0_Pipeline_readImg, i8 %img_in, i8 %img_inT_15_loc, i8 %img_inT_14_loc, i8 %img_inT_13_loc, i8 %img_inT_12_loc, i8 %img_inT_11_loc, i8 %img_inT_10_loc, i8 %img_inT_9_loc, i8 %img_inT_8_loc, i8 %img_inT_7_loc, i8 %img_inT_6_loc, i8 %img_inT_5_loc, i8 %img_inT_4_loc, i8 %img_inT_3_loc, i8 %img_inT_2_loc, i8 %img_inT_1_loc, i8 %img_inT_loc"   --->   Operation 43 'call' 'call_ln0' <Predicate = true> <Delay = 1.58> <CoreType = "Generic">   --->   Core 0 '' <Latency = 0> <II = 1> <Delay = 1.00> <Generic> <Opcode : >
ST_2 : Operation 44 [1/2] (1.58ns)   --->   "%targetBlock = call i1 @conv2D0_Pipeline_readweights, i8 %weights, i8 %weightsT_8_loc, i8 %weightsT_7_loc, i8 %weightsT_6_loc, i8 %weightsT_5_loc, i8 %weightsT_4_loc, i8 %weightsT_3_loc, i8 %weightsT_2_loc, i8 %weightsT_1_loc, i8 %weightsT_loc, i8 %weightsT_14_loc, i8 %weightsT_13_loc, i8 %weightsT_12_loc, i8 %weightsT_11_loc, i8 %weightsT_10_loc"   --->   Operation 44 'call' 'targetBlock' <Predicate = true> <Delay = 1.58> <CoreType = "Generic">   --->   Core 0 '' <Latency = 0> <II = 1> <Delay = 1.00> <Generic> <Opcode : >

State 3 <SV = 2> <Delay = 4.36>
ST_3 : Operation 45 [1/1] (0.00ns)   --->   "%img_inT_15_loc_load = load i8 %img_inT_15_loc"   --->   Operation 45 'load' 'img_inT_15_loc_load' <Predicate = true> <Delay = 0.00>
ST_3 : Operation 46 [1/1] (0.00ns)   --->   "%img_inT_14_loc_load = load i8 %img_inT_14_loc"   --->   Operation 46 'load' 'img_inT_14_loc_load' <Predicate = true> <Delay = 0.00>
ST_3 : Operation 47 [1/1] (0.00ns)   --->   "%img_inT_13_loc_load = load i8 %img_inT_13_loc"   --->   Operation 47 'load' 'img_inT_13_loc_load' <Predicate = true> <Delay = 0.00>
ST_3 : Operation 48 [1/1] (0.00ns)   --->   "%img_inT_12_loc_load = load i8 %img_inT_12_loc"   --->   Operation 48 'load' 'img_inT_12_loc_load' <Predicate = true> <Delay = 0.00>
ST_3 : Operation 49 [1/1] (0.00ns)   --->   "%img_inT_11_loc_load = load i8 %img_inT_11_loc"   --->   Operation 49 'load' 'img_inT_11_loc_load' <Predicate = true> <Delay = 0.00>
ST_3 : Operation 50 [1/1] (0.00ns)   --->   "%img_inT_10_loc_load = load i8 %img_inT_10_loc"   --->   Operation 50 'load' 'img_inT_10_loc_load' <Predicate = true> <Delay = 0.00>
ST_3 : Operation 51 [1/1] (0.00ns)   --->   "%img_inT_9_loc_load = load i8 %img_inT_9_loc"   --->   Operation 51 'load' 'img_inT_9_loc_load' <Predicate = true> <Delay = 0.00>
ST_3 : Operation 52 [1/1] (0.00ns)   --->   "%img_inT_8_loc_load = load i8 %img_inT_8_loc"   --->   Operation 52 'load' 'img_inT_8_loc_load' <Predicate = true> <Delay = 0.00>
ST_3 : Operation 53 [1/1] (0.00ns)   --->   "%img_inT_7_loc_load = load i8 %img_inT_7_loc"   --->   Operation 53 'load' 'img_inT_7_loc_load' <Predicate = true> <Delay = 0.00>
ST_3 : Operation 54 [1/1] (0.00ns)   --->   "%img_inT_6_loc_load = load i8 %img_inT_6_loc"   --->   Operation 54 'load' 'img_inT_6_loc_load' <Predicate = true> <Delay = 0.00>
ST_3 : Operation 55 [1/1] (0.00ns)   --->   "%img_inT_5_loc_load = load i8 %img_inT_5_loc"   --->   Operation 55 'load' 'img_inT_5_loc_load' <Predicate = true> <Delay = 0.00>
ST_3 : Operation 56 [1/1] (0.00ns)   --->   "%img_inT_4_loc_load = load i8 %img_inT_4_loc"   --->   Operation 56 'load' 'img_inT_4_loc_load' <Predicate = true> <Delay = 0.00>
ST_3 : Operation 57 [1/1] (0.00ns)   --->   "%img_inT_3_loc_load = load i8 %img_inT_3_loc"   --->   Operation 57 'load' 'img_inT_3_loc_load' <Predicate = true> <Delay = 0.00>
ST_3 : Operation 58 [1/1] (0.00ns)   --->   "%img_inT_2_loc_load = load i8 %img_inT_2_loc"   --->   Operation 58 'load' 'img_inT_2_loc_load' <Predicate = true> <Delay = 0.00>
ST_3 : Operation 59 [1/1] (0.00ns)   --->   "%img_inT_1_loc_load = load i8 %img_inT_1_loc"   --->   Operation 59 'load' 'img_inT_1_loc_load' <Predicate = true> <Delay = 0.00>
ST_3 : Operation 60 [1/1] (0.00ns)   --->   "%img_inT_loc_load = load i8 %img_inT_loc"   --->   Operation 60 'load' 'img_inT_loc_load' <Predicate = true> <Delay = 0.00>
ST_3 : Operation 61 [1/1] (0.00ns)   --->   "%weightsT_8_loc_load = load i8 %weightsT_8_loc"   --->   Operation 61 'load' 'weightsT_8_loc_load' <Predicate = (targetBlock)> <Delay = 0.00>
ST_3 : Operation 62 [1/1] (0.00ns)   --->   "%weightsT_7_loc_load = load i8 %weightsT_7_loc"   --->   Operation 62 'load' 'weightsT_7_loc_load' <Predicate = true> <Delay = 0.00>
ST_3 : Operation 63 [1/1] (0.00ns)   --->   "%weightsT_6_loc_load = load i8 %weightsT_6_loc"   --->   Operation 63 'load' 'weightsT_6_loc_load' <Predicate = (targetBlock)> <Delay = 0.00>
ST_3 : Operation 64 [1/1] (0.00ns)   --->   "%weightsT_5_loc_load = load i8 %weightsT_5_loc"   --->   Operation 64 'load' 'weightsT_5_loc_load' <Predicate = true> <Delay = 0.00>
ST_3 : Operation 65 [1/1] (0.00ns)   --->   "%weightsT_4_loc_load = load i8 %weightsT_4_loc"   --->   Operation 65 'load' 'weightsT_4_loc_load' <Predicate = (targetBlock)> <Delay = 0.00>
ST_3 : Operation 66 [1/1] (0.00ns)   --->   "%weightsT_3_loc_load = load i8 %weightsT_3_loc"   --->   Operation 66 'load' 'weightsT_3_loc_load' <Predicate = true> <Delay = 0.00>
ST_3 : Operation 67 [1/1] (0.00ns)   --->   "%weightsT_2_loc_load = load i8 %weightsT_2_loc"   --->   Operation 67 'load' 'weightsT_2_loc_load' <Predicate = (targetBlock)> <Delay = 0.00>
ST_3 : Operation 68 [1/1] (0.00ns)   --->   "%weightsT_1_loc_load = load i8 %weightsT_1_loc"   --->   Operation 68 'load' 'weightsT_1_loc_load' <Predicate = true> <Delay = 0.00>
ST_3 : Operation 69 [1/1] (0.00ns)   --->   "%weightsT_loc_load = load i8 %weightsT_loc"   --->   Operation 69 'load' 'weightsT_loc_load' <Predicate = (targetBlock)> <Delay = 0.00>
ST_3 : Operation 70 [1/1] (0.00ns)   --->   "%weightsT_14_loc_load = load i8 %weightsT_14_loc"   --->   Operation 70 'load' 'weightsT_14_loc_load' <Predicate = (!targetBlock)> <Delay = 0.00>
ST_3 : Operation 71 [1/1] (0.00ns)   --->   "%weightsT_13_loc_load = load i8 %weightsT_13_loc"   --->   Operation 71 'load' 'weightsT_13_loc_load' <Predicate = (!targetBlock)> <Delay = 0.00>
ST_3 : Operation 72 [1/1] (0.00ns)   --->   "%weightsT_12_loc_load = load i8 %weightsT_12_loc"   --->   Operation 72 'load' 'weightsT_12_loc_load' <Predicate = (!targetBlock)> <Delay = 0.00>
ST_3 : Operation 73 [1/1] (0.00ns)   --->   "%weightsT_11_loc_load = load i8 %weightsT_11_loc"   --->   Operation 73 'load' 'weightsT_11_loc_load' <Predicate = (!targetBlock)> <Delay = 0.00>
ST_3 : Operation 74 [1/1] (0.00ns)   --->   "%weightsT_10_loc_load = load i8 %weightsT_10_loc"   --->   Operation 74 'load' 'weightsT_10_loc_load' <Predicate = (!targetBlock)> <Delay = 0.00>
ST_3 : Operation 75 [1/1] (1.24ns)   --->   "%select_ln16 = select i1 %targetBlock, i8 %weightsT_8_loc_load, i8 %weightsT_14_loc_load" [conv2D0.cpp:16]   --->   Operation 75 'select' 'select_ln16' <Predicate = true> <Delay = 1.24> <CoreInst = "Sel">   --->   Core 73 'Sel' <Latency = 0> <II = 1> <Delay = 1.24> <FuncUnit> <Opcode : 'select'> <InPorts = 3> <OutPorts = 1>
ST_3 : Operation 76 [1/1] (1.24ns)   --->   "%select_ln16_1 = select i1 %targetBlock, i8 %weightsT_6_loc_load, i8 %weightsT_13_loc_load" [conv2D0.cpp:16]   --->   Operation 76 'select' 'select_ln16_1' <Predicate = true> <Delay = 1.24> <CoreInst = "Sel">   --->   Core 73 'Sel' <Latency = 0> <II = 1> <Delay = 1.24> <FuncUnit> <Opcode : 'select'> <InPorts = 3> <OutPorts = 1>
ST_3 : Operation 77 [1/1] (1.24ns)   --->   "%select_ln16_2 = select i1 %targetBlock, i8 %weightsT_4_loc_load, i8 %weightsT_12_loc_load" [conv2D0.cpp:16]   --->   Operation 77 'select' 'select_ln16_2' <Predicate = true> <Delay = 1.24> <CoreInst = "Sel">   --->   Core 73 'Sel' <Latency = 0> <II = 1> <Delay = 1.24> <FuncUnit> <Opcode : 'select'> <InPorts = 3> <OutPorts = 1>
ST_3 : Operation 78 [1/1] (1.24ns)   --->   "%select_ln16_3 = select i1 %targetBlock, i8 %weightsT_2_loc_load, i8 %weightsT_11_loc_load" [conv2D0.cpp:16]   --->   Operation 78 'select' 'select_ln16_3' <Predicate = true> <Delay = 1.24> <CoreInst = "Sel">   --->   Core 73 'Sel' <Latency = 0> <II = 1> <Delay = 1.24> <FuncUnit> <Opcode : 'select'> <InPorts = 3> <OutPorts = 1>
ST_3 : Operation 79 [1/1] (1.24ns)   --->   "%select_ln16_4 = select i1 %targetBlock, i8 %weightsT_loc_load, i8 %weightsT_10_loc_load" [conv2D0.cpp:16]   --->   Operation 79 'select' 'select_ln16_4' <Predicate = true> <Delay = 1.24> <CoreInst = "Sel">   --->   Core 73 'Sel' <Latency = 0> <II = 1> <Delay = 1.24> <FuncUnit> <Opcode : 'select'> <InPorts = 3> <OutPorts = 1>
ST_3 : Operation 80 [2/2] (3.11ns)   --->   "%call_ln16 = call void @conv2D0_Pipeline_loop_orow_loop_ocol, i8 %img_inT_loc_load, i8 %img_inT_1_loc_load, i8 %img_inT_2_loc_load, i8 %img_inT_3_loc_load, i8 %img_inT_4_loc_load, i8 %img_inT_5_loc_load, i8 %select_ln16_4, i8 %img_inT_6_loc_load, i8 %weightsT_1_loc_load, i8 %img_inT_7_loc_load, i8 %select_ln16_3, i8 %img_inT_8_loc_load, i8 %img_inT_9_loc_load, i8 %weightsT_3_loc_load, i8 %img_inT_10_loc_load, i8 %select_ln16_2, i8 %img_inT_11_loc_load, i8 %weightsT_5_loc_load, i8 %img_inT_12_loc_load, i8 %img_inT_13_loc_load, i8 %select_ln16_1, i8 %img_inT_14_loc_load, i8 %weightsT_7_loc_load, i8 %img_inT_15_loc_load, i8 %select_ln16, i8 %img_outT_3_1_loc, i8 %img_outT_2_1_loc, i8 %img_outT_1_1_loc, i8 %img_outT_0_1_loc" [conv2D0.cpp:16]   --->   Operation 80 'call' 'call_ln16' <Predicate = true> <Delay = 3.11> <CoreType = "Generic">   --->   Core 0 '' <Latency = 0> <II = 1> <Delay = 1.00> <Generic> <Opcode : >

State 4 <SV = 3> <Delay = 0.00>
ST_4 : Operation 81 [1/2] (0.00ns)   --->   "%call_ln16 = call void @conv2D0_Pipeline_loop_orow_loop_ocol, i8 %img_inT_loc_load, i8 %img_inT_1_loc_load, i8 %img_inT_2_loc_load, i8 %img_inT_3_loc_load, i8 %img_inT_4_loc_load, i8 %img_inT_5_loc_load, i8 %select_ln16_4, i8 %img_inT_6_loc_load, i8 %weightsT_1_loc_load, i8 %img_inT_7_loc_load, i8 %select_ln16_3, i8 %img_inT_8_loc_load, i8 %img_inT_9_loc_load, i8 %weightsT_3_loc_load, i8 %img_inT_10_loc_load, i8 %select_ln16_2, i8 %img_inT_11_loc_load, i8 %weightsT_5_loc_load, i8 %img_inT_12_loc_load, i8 %img_inT_13_loc_load, i8 %select_ln16_1, i8 %img_inT_14_loc_load, i8 %weightsT_7_loc_load, i8 %img_inT_15_loc_load, i8 %select_ln16, i8 %img_outT_3_1_loc, i8 %img_outT_2_1_loc, i8 %img_outT_1_1_loc, i8 %img_outT_0_1_loc" [conv2D0.cpp:16]   --->   Operation 81 'call' 'call_ln16' <Predicate = true> <Delay = 0.00> <CoreType = "Generic">   --->   Core 0 '' <Latency = 0> <II = 1> <Delay = 1.00> <Generic> <Opcode : >

State 5 <SV = 4> <Delay = 4.14>
ST_5 : Operation 82 [1/1] (0.00ns)   --->   "%img_outT_3_1_loc_load = load i8 %img_outT_3_1_loc"   --->   Operation 82 'load' 'img_outT_3_1_loc_load' <Predicate = true> <Delay = 0.00>
ST_5 : Operation 83 [1/1] (0.00ns)   --->   "%img_outT_2_1_loc_load = load i8 %img_outT_2_1_loc"   --->   Operation 83 'load' 'img_outT_2_1_loc_load' <Predicate = true> <Delay = 0.00>
ST_5 : Operation 84 [1/1] (0.00ns)   --->   "%img_outT_1_1_loc_load = load i8 %img_outT_1_1_loc"   --->   Operation 84 'load' 'img_outT_1_1_loc_load' <Predicate = true> <Delay = 0.00>
ST_5 : Operation 85 [1/1] (0.00ns)   --->   "%img_outT_0_1_loc_load = load i8 %img_outT_0_1_loc"   --->   Operation 85 'load' 'img_outT_0_1_loc_load' <Predicate = true> <Delay = 0.00>
ST_5 : Operation 86 [2/2] (4.14ns)   --->   "%call_ln0 = call void @conv2D0_Pipeline_writeImg, i8 %img_outT_0_1_loc_load, i8 %img_outT_1_1_loc_load, i8 %img_outT_2_1_loc_load, i8 %img_outT_3_1_loc_load, i8 %img_out"   --->   Operation 86 'call' 'call_ln0' <Predicate = true> <Delay = 4.14> <CoreType = "Generic">   --->   Core 0 '' <Latency = 0> <II = 1> <Delay = 1.00> <Generic> <Opcode : >

State 6 <SV = 5> <Delay = 0.00>
ST_6 : Operation 87 [1/1] (0.00ns)   --->   "%spectopmodule_ln7 = spectopmodule void @_ssdm_op_SpecTopModule, void @empty_1" [conv2D0.cpp:7]   --->   Operation 87 'spectopmodule' 'spectopmodule_ln7' <Predicate = true> <Delay = 0.00>
ST_6 : Operation 88 [1/1] (0.00ns)   --->   "%specinterface_ln0 = specinterface void @_ssdm_op_SpecInterface, i8 %img_in, void @empty, i32 0, i32 0, void @empty_0, i32 4294967295, i32 0, void @empty_0, void @empty_0, void @empty_0, i32 0, i32 0, i32 0, i32 0, void @empty_0, void @empty_0, i32 4294967295, i32 0"   --->   Operation 88 'specinterface' 'specinterface_ln0' <Predicate = true> <Delay = 0.00>
ST_6 : Operation 89 [1/1] (0.00ns)   --->   "%specbitsmap_ln0 = specbitsmap void @_ssdm_op_SpecBitsMap, i8 %img_in"   --->   Operation 89 'specbitsmap' 'specbitsmap_ln0' <Predicate = true> <Delay = 0.00>
ST_6 : Operation 90 [1/1] (0.00ns)   --->   "%specinterface_ln0 = specinterface void @_ssdm_op_SpecInterface, i8 %img_out, void @empty, i32 0, i32 0, void @empty_0, i32 4294967295, i32 0, void @empty_0, void @empty_0, void @empty_0, i32 0, i32 0, i32 0, i32 0, void @empty_0, void @empty_0, i32 4294967295, i32 0"   --->   Operation 90 'specinterface' 'specinterface_ln0' <Predicate = true> <Delay = 0.00>
ST_6 : Operation 91 [1/1] (0.00ns)   --->   "%specbitsmap_ln0 = specbitsmap void @_ssdm_op_SpecBitsMap, i8 %img_out"   --->   Operation 91 'specbitsmap' 'specbitsmap_ln0' <Predicate = true> <Delay = 0.00>
ST_6 : Operation 92 [1/1] (0.00ns)   --->   "%specinterface_ln0 = specinterface void @_ssdm_op_SpecInterface, i8 %weights, void @empty, i32 0, i32 0, void @empty_0, i32 4294967295, i32 0, void @empty_0, void @empty_0, void @empty_0, i32 0, i32 0, i32 0, i32 0, void @empty_0, void @empty_0, i32 4294967295, i32 0"   --->   Operation 92 'specinterface' 'specinterface_ln0' <Predicate = true> <Delay = 0.00>
ST_6 : Operation 93 [1/1] (0.00ns)   --->   "%specbitsmap_ln0 = specbitsmap void @_ssdm_op_SpecBitsMap, i8 %weights"   --->   Operation 93 'specbitsmap' 'specbitsmap_ln0' <Predicate = true> <Delay = 0.00>
ST_6 : Operation 94 [1/2] (0.00ns)   --->   "%call_ln0 = call void @conv2D0_Pipeline_writeImg, i8 %img_outT_0_1_loc_load, i8 %img_outT_1_1_loc_load, i8 %img_outT_2_1_loc_load, i8 %img_outT_3_1_loc_load, i8 %img_out"   --->   Operation 94 'call' 'call_ln0' <Predicate = true> <Delay = 0.00> <CoreType = "Generic">   --->   Core 0 '' <Latency = 0> <II = 1> <Delay = 1.00> <Generic> <Opcode : >
ST_6 : Operation 95 [1/1] (0.00ns)   --->   "%ret_ln37 = ret" [conv2D0.cpp:37]   --->   Operation 95 'ret' 'ret_ln37' <Predicate = true> <Delay = 0.00>


============================================================
+ Verbose Summary: Binding
============================================================
STG Binding: 
---------------- STG Properties BEGIN ----------------
- Is combinational: 0
- Is one-state seq: 0
- Is datapath-only: 0
- Is pipelined: 0
- Is top level: 1
Port [ Return ] is wired: 1; IO mode=ap_ctrl_hs:ce=0
Port [ img_in]:  wired=1; compound=1; hidden=0; nouse=0; global=0; static=0; extern=0; dir=0; type=1; pingpong=0; private_global=0; MemPort=[11]; IO mode=ap_memory:ce=0
Port [ img_out]:  wired=1; compound=1; hidden=0; nouse=0; global=0; static=0; extern=0; dir=1; type=1; pingpong=0; private_global=0; MemPort=[03]; IO mode=ap_memory:ce=0
Port [ weights]:  wired=1; compound=1; hidden=0; nouse=0; global=0; static=0; extern=0; dir=0; type=1; pingpong=0; private_global=0; MemPort=[11]; IO mode=ap_memory:ce=0
---------------- STG Properties END ------------------

---------------- Datapath Model BEGIN ----------------

<LifeTime>
<method=bitvector/>
img_outT_0_1_loc      (alloca       ) [ 0011110]
img_outT_1_1_loc      (alloca       ) [ 0011110]
img_outT_2_1_loc      (alloca       ) [ 0011110]
img_outT_3_1_loc      (alloca       ) [ 0011110]
weightsT_10_loc       (alloca       ) [ 0111000]
weightsT_11_loc       (alloca       ) [ 0111000]
weightsT_12_loc       (alloca       ) [ 0111000]
weightsT_13_loc       (alloca       ) [ 0111000]
weightsT_14_loc       (alloca       ) [ 0111000]
weightsT_loc          (alloca       ) [ 0111000]
weightsT_1_loc        (alloca       ) [ 0111000]
weightsT_2_loc        (alloca       ) [ 0111000]
weightsT_3_loc        (alloca       ) [ 0111000]
weightsT_4_loc        (alloca       ) [ 0111000]
weightsT_5_loc        (alloca       ) [ 0111000]
weightsT_6_loc        (alloca       ) [ 0111000]
weightsT_7_loc        (alloca       ) [ 0111000]
weightsT_8_loc        (alloca       ) [ 0111000]
img_inT_loc           (alloca       ) [ 0111000]
img_inT_1_loc         (alloca       ) [ 0111000]
img_inT_2_loc         (alloca       ) [ 0111000]
img_inT_3_loc         (alloca       ) [ 0111000]
img_inT_4_loc         (alloca       ) [ 0111000]
img_inT_5_loc         (alloca       ) [ 0111000]
img_inT_6_loc         (alloca       ) [ 0111000]
img_inT_7_loc         (alloca       ) [ 0111000]
img_inT_8_loc         (alloca       ) [ 0111000]
img_inT_9_loc         (alloca       ) [ 0111000]
img_inT_10_loc        (alloca       ) [ 0111000]
img_inT_11_loc        (alloca       ) [ 0111000]
img_inT_12_loc        (alloca       ) [ 0111000]
img_inT_13_loc        (alloca       ) [ 0111000]
img_inT_14_loc        (alloca       ) [ 0111000]
img_inT_15_loc        (alloca       ) [ 0111000]
call_ln0              (call         ) [ 0000000]
targetBlock           (call         ) [ 0001000]
img_inT_15_loc_load   (load         ) [ 0000100]
img_inT_14_loc_load   (load         ) [ 0000100]
img_inT_13_loc_load   (load         ) [ 0000100]
img_inT_12_loc_load   (load         ) [ 0000100]
img_inT_11_loc_load   (load         ) [ 0000100]
img_inT_10_loc_load   (load         ) [ 0000100]
img_inT_9_loc_load    (load         ) [ 0000100]
img_inT_8_loc_load    (load         ) [ 0000100]
img_inT_7_loc_load    (load         ) [ 0000100]
img_inT_6_loc_load    (load         ) [ 0000100]
img_inT_5_loc_load    (load         ) [ 0000100]
img_inT_4_loc_load    (load         ) [ 0000100]
img_inT_3_loc_load    (load         ) [ 0000100]
img_inT_2_loc_load    (load         ) [ 0000100]
img_inT_1_loc_load    (load         ) [ 0000100]
img_inT_loc_load      (load         ) [ 0000100]
weightsT_8_loc_load   (load         ) [ 0000000]
weightsT_7_loc_load   (load         ) [ 0000100]
weightsT_6_loc_load   (load         ) [ 0000000]
weightsT_5_loc_load   (load         ) [ 0000100]
weightsT_4_loc_load   (load         ) [ 0000000]
weightsT_3_loc_load   (load         ) [ 0000100]
weightsT_2_loc_load   (load         ) [ 0000000]
weightsT_1_loc_load   (load         ) [ 0000100]
weightsT_loc_load     (load         ) [ 0000000]
weightsT_14_loc_load  (load         ) [ 0000000]
weightsT_13_loc_load  (load         ) [ 0000000]
weightsT_12_loc_load  (load         ) [ 0000000]
weightsT_11_loc_load  (load         ) [ 0000000]
weightsT_10_loc_load  (load         ) [ 0000000]
select_ln16           (select       ) [ 0000100]
select_ln16_1         (select       ) [ 0000100]
select_ln16_2         (select       ) [ 0000100]
select_ln16_3         (select       ) [ 0000100]
select_ln16_4         (select       ) [ 0000100]
call_ln16             (call         ) [ 0000000]
img_outT_3_1_loc_load (load         ) [ 0000001]
img_outT_2_1_loc_load (load         ) [ 0000001]
img_outT_1_1_loc_load (load         ) [ 0000001]
img_outT_0_1_loc_load (load         ) [ 0000001]
spectopmodule_ln7     (spectopmodule) [ 0000000]
specinterface_ln0     (specinterface) [ 0000000]
specbitsmap_ln0       (specbitsmap  ) [ 0000000]
specinterface_ln0     (specinterface) [ 0000000]
specbitsmap_ln0       (specbitsmap  ) [ 0000000]
specinterface_ln0     (specinterface) [ 0000000]
specbitsmap_ln0       (specbitsmap  ) [ 0000000]
call_ln0              (call         ) [ 0000000]
ret_ln37              (ret          ) [ 0000000]
</LifeTime>

<model>

<comp_list>
<comp id="0" class="1000" name="img_in">
<pin_list>
<pin id="1" dir="1" index="0" bw="1" slack="0"/>
</pin_list>
<bind>
<StgValue><ssdm name="img_in"/><MemPortTyVec>1 1 </MemPortTyVec>
</StgValue>
</bind>
</comp>

<comp id="2" class="1000" name="img_out">
<pin_list>
<pin id="3" dir="1" index="0" bw="1" slack="0"/>
</pin_list>
<bind>
<StgValue><ssdm name="img_out"/><MemPortTyVec>0 3 </MemPortTyVec>
</StgValue>
</bind>
</comp>

<comp id="4" class="1000" name="weights">
<pin_list>
<pin id="5" dir="1" index="0" bw="1" slack="0"/>
</pin_list>
<bind>
<StgValue><ssdm name="weights"/><MemPortTyVec>1 1 </MemPortTyVec>
</StgValue>
</bind>
</comp>

<comp id="6" class="1001" name="const_6">
<pin_list>
<pin id="7" dir="1" index="0" bw="1" slack="0"/>
</pin_list>
<bind>
<StgValue><ssdm name=""/></StgValue>
</bind>
</comp>

<comp id="8" class="1001" name="const_8">
<pin_list>
<pin id="9" dir="1" index="0" bw="1" slack="0"/>
</pin_list>
<bind>
<StgValue><ssdm name="conv2D0_Pipeline_readImg"/></StgValue>
</bind>
</comp>

<comp id="10" class="1001" name="const_10">
<pin_list>
<pin id="11" dir="1" index="0" bw="1" slack="0"/>
</pin_list>
<bind>
<StgValue><ssdm name="conv2D0_Pipeline_readweights"/></StgValue>
</bind>
</comp>

<comp id="12" class="1001" name="const_12">
<pin_list>
<pin id="13" dir="1" index="0" bw="1" slack="0"/>
</pin_list>
<bind>
<StgValue><ssdm name="conv2D0_Pipeline_loop_orow_loop_ocol"/></StgValue>
</bind>
</comp>

<comp id="14" class="1001" name="const_14">
<pin_list>
<pin id="15" dir="1" index="0" bw="1" slack="0"/>
</pin_list>
<bind>
<StgValue><ssdm name="conv2D0_Pipeline_writeImg"/></StgValue>
</bind>
</comp>

<comp id="16" class="1001" name="const_16">
<pin_list>
<pin id="17" dir="1" index="0" bw="1" slack="2147483647"/>
</pin_list>
<bind>
<StgValue><ssdm name="_ssdm_op_SpecTopModule"/></StgValue>
</bind>
</comp>

<comp id="18" class="1001" name="const_18">
<pin_list>
<pin id="19" dir="1" index="0" bw="1" slack="2147483647"/>
</pin_list>
<bind>
<StgValue><ssdm name="empty_1"/></StgValue>
</bind>
</comp>

<comp id="20" class="1001" name="const_20">
<pin_list>
<pin id="21" dir="1" index="0" bw="1" slack="2147483647"/>
</pin_list>
<bind>
<StgValue><ssdm name="_ssdm_op_SpecInterface"/></StgValue>
</bind>
</comp>

<comp id="22" class="1001" name="const_22">
<pin_list>
<pin id="23" dir="1" index="0" bw="1" slack="2147483647"/>
</pin_list>
<bind>
<StgValue><ssdm name="empty"/></StgValue>
</bind>
</comp>

<comp id="24" class="1001" name="const_24">
<pin_list>
<pin id="25" dir="1" index="0" bw="1" slack="2147483647"/>
</pin_list>
<bind>
<StgValue><ssdm name=""/></StgValue>
</bind>
</comp>

<comp id="26" class="1001" name="const_26">
<pin_list>
<pin id="27" dir="1" index="0" bw="1" slack="2147483647"/>
</pin_list>
<bind>
<StgValue><ssdm name="empty_0"/></StgValue>
</bind>
</comp>

<comp id="28" class="1001" name="const_28">
<pin_list>
<pin id="29" dir="1" index="0" bw="1" slack="2147483647"/>
</pin_list>
<bind>
<StgValue><ssdm name=""/></StgValue>
</bind>
</comp>

<comp id="30" class="1001" name="const_30">
<pin_list>
<pin id="31" dir="1" index="0" bw="1" slack="2147483647"/>
</pin_list>
<bind>
<StgValue><ssdm name="_ssdm_op_SpecBitsMap"/></StgValue>
</bind>
</comp>

<comp id="32" class="1004" name="img_outT_0_1_loc_fu_32">
<pin_list>
<pin id="33" dir="0" index="0" bw="1" slack="0"/>
<pin id="34" dir="1" index="1" bw="8" slack="2"/>
</pin_list>
<bind>
<opcode="alloca(26) " fcode="alloca"/>
<opset="img_outT_0_1_loc/1 "/>
</bind>
</comp>

<comp id="36" class="1004" name="img_outT_1_1_loc_fu_36">
<pin_list>
<pin id="37" dir="0" index="0" bw="1" slack="0"/>
<pin id="38" dir="1" index="1" bw="8" slack="2"/>
</pin_list>
<bind>
<opcode="alloca(26) " fcode="alloca"/>
<opset="img_outT_1_1_loc/1 "/>
</bind>
</comp>

<comp id="40" class="1004" name="img_outT_2_1_loc_fu_40">
<pin_list>
<pin id="41" dir="0" index="0" bw="1" slack="0"/>
<pin id="42" dir="1" index="1" bw="8" slack="2"/>
</pin_list>
<bind>
<opcode="alloca(26) " fcode="alloca"/>
<opset="img_outT_2_1_loc/1 "/>
</bind>
</comp>

<comp id="44" class="1004" name="img_outT_3_1_loc_fu_44">
<pin_list>
<pin id="45" dir="0" index="0" bw="1" slack="0"/>
<pin id="46" dir="1" index="1" bw="8" slack="2"/>
</pin_list>
<bind>
<opcode="alloca(26) " fcode="alloca"/>
<opset="img_outT_3_1_loc/1 "/>
</bind>
</comp>

<comp id="48" class="1004" name="weightsT_10_loc_fu_48">
<pin_list>
<pin id="49" dir="0" index="0" bw="1" slack="0"/>
<pin id="50" dir="1" index="1" bw="8" slack="0"/>
</pin_list>
<bind>
<opcode="alloca(26) " fcode="alloca"/>
<opset="weightsT_10_loc/1 "/>
</bind>
</comp>

<comp id="52" class="1004" name="weightsT_11_loc_fu_52">
<pin_list>
<pin id="53" dir="0" index="0" bw="1" slack="0"/>
<pin id="54" dir="1" index="1" bw="8" slack="0"/>
</pin_list>
<bind>
<opcode="alloca(26) " fcode="alloca"/>
<opset="weightsT_11_loc/1 "/>
</bind>
</comp>

<comp id="56" class="1004" name="weightsT_12_loc_fu_56">
<pin_list>
<pin id="57" dir="0" index="0" bw="1" slack="0"/>
<pin id="58" dir="1" index="1" bw="8" slack="0"/>
</pin_list>
<bind>
<opcode="alloca(26) " fcode="alloca"/>
<opset="weightsT_12_loc/1 "/>
</bind>
</comp>

<comp id="60" class="1004" name="weightsT_13_loc_fu_60">
<pin_list>
<pin id="61" dir="0" index="0" bw="1" slack="0"/>
<pin id="62" dir="1" index="1" bw="8" slack="0"/>
</pin_list>
<bind>
<opcode="alloca(26) " fcode="alloca"/>
<opset="weightsT_13_loc/1 "/>
</bind>
</comp>

<comp id="64" class="1004" name="weightsT_14_loc_fu_64">
<pin_list>
<pin id="65" dir="0" index="0" bw="1" slack="0"/>
<pin id="66" dir="1" index="1" bw="8" slack="0"/>
</pin_list>
<bind>
<opcode="alloca(26) " fcode="alloca"/>
<opset="weightsT_14_loc/1 "/>
</bind>
</comp>

<comp id="68" class="1004" name="weightsT_loc_fu_68">
<pin_list>
<pin id="69" dir="0" index="0" bw="1" slack="0"/>
<pin id="70" dir="1" index="1" bw="8" slack="0"/>
</pin_list>
<bind>
<opcode="alloca(26) " fcode="alloca"/>
<opset="weightsT_loc/1 "/>
</bind>
</comp>

<comp id="72" class="1004" name="weightsT_1_loc_fu_72">
<pin_list>
<pin id="73" dir="0" index="0" bw="1" slack="0"/>
<pin id="74" dir="1" index="1" bw="8" slack="0"/>
</pin_list>
<bind>
<opcode="alloca(26) " fcode="alloca"/>
<opset="weightsT_1_loc/1 "/>
</bind>
</comp>

<comp id="76" class="1004" name="weightsT_2_loc_fu_76">
<pin_list>
<pin id="77" dir="0" index="0" bw="1" slack="0"/>
<pin id="78" dir="1" index="1" bw="8" slack="0"/>
</pin_list>
<bind>
<opcode="alloca(26) " fcode="alloca"/>
<opset="weightsT_2_loc/1 "/>
</bind>
</comp>

<comp id="80" class="1004" name="weightsT_3_loc_fu_80">
<pin_list>
<pin id="81" dir="0" index="0" bw="1" slack="0"/>
<pin id="82" dir="1" index="1" bw="8" slack="0"/>
</pin_list>
<bind>
<opcode="alloca(26) " fcode="alloca"/>
<opset="weightsT_3_loc/1 "/>
</bind>
</comp>

<comp id="84" class="1004" name="weightsT_4_loc_fu_84">
<pin_list>
<pin id="85" dir="0" index="0" bw="1" slack="0"/>
<pin id="86" dir="1" index="1" bw="8" slack="0"/>
</pin_list>
<bind>
<opcode="alloca(26) " fcode="alloca"/>
<opset="weightsT_4_loc/1 "/>
</bind>
</comp>

<comp id="88" class="1004" name="weightsT_5_loc_fu_88">
<pin_list>
<pin id="89" dir="0" index="0" bw="1" slack="0"/>
<pin id="90" dir="1" index="1" bw="8" slack="0"/>
</pin_list>
<bind>
<opcode="alloca(26) " fcode="alloca"/>
<opset="weightsT_5_loc/1 "/>
</bind>
</comp>

<comp id="92" class="1004" name="weightsT_6_loc_fu_92">
<pin_list>
<pin id="93" dir="0" index="0" bw="1" slack="0"/>
<pin id="94" dir="1" index="1" bw="8" slack="0"/>
</pin_list>
<bind>
<opcode="alloca(26) " fcode="alloca"/>
<opset="weightsT_6_loc/1 "/>
</bind>
</comp>

<comp id="96" class="1004" name="weightsT_7_loc_fu_96">
<pin_list>
<pin id="97" dir="0" index="0" bw="1" slack="0"/>
<pin id="98" dir="1" index="1" bw="8" slack="0"/>
</pin_list>
<bind>
<opcode="alloca(26) " fcode="alloca"/>
<opset="weightsT_7_loc/1 "/>
</bind>
</comp>

<comp id="100" class="1004" name="weightsT_8_loc_fu_100">
<pin_list>
<pin id="101" dir="0" index="0" bw="1" slack="0"/>
<pin id="102" dir="1" index="1" bw="8" slack="0"/>
</pin_list>
<bind>
<opcode="alloca(26) " fcode="alloca"/>
<opset="weightsT_8_loc/1 "/>
</bind>
</comp>

<comp id="104" class="1004" name="img_inT_loc_fu_104">
<pin_list>
<pin id="105" dir="0" index="0" bw="1" slack="0"/>
<pin id="106" dir="1" index="1" bw="8" slack="0"/>
</pin_list>
<bind>
<opcode="alloca(26) " fcode="alloca"/>
<opset="img_inT_loc/1 "/>
</bind>
</comp>

<comp id="108" class="1004" name="img_inT_1_loc_fu_108">
<pin_list>
<pin id="109" dir="0" index="0" bw="1" slack="0"/>
<pin id="110" dir="1" index="1" bw="8" slack="0"/>
</pin_list>
<bind>
<opcode="alloca(26) " fcode="alloca"/>
<opset="img_inT_1_loc/1 "/>
</bind>
</comp>

<comp id="112" class="1004" name="img_inT_2_loc_fu_112">
<pin_list>
<pin id="113" dir="0" index="0" bw="1" slack="0"/>
<pin id="114" dir="1" index="1" bw="8" slack="0"/>
</pin_list>
<bind>
<opcode="alloca(26) " fcode="alloca"/>
<opset="img_inT_2_loc/1 "/>
</bind>
</comp>

<comp id="116" class="1004" name="img_inT_3_loc_fu_116">
<pin_list>
<pin id="117" dir="0" index="0" bw="1" slack="0"/>
<pin id="118" dir="1" index="1" bw="8" slack="0"/>
</pin_list>
<bind>
<opcode="alloca(26) " fcode="alloca"/>
<opset="img_inT_3_loc/1 "/>
</bind>
</comp>

<comp id="120" class="1004" name="img_inT_4_loc_fu_120">
<pin_list>
<pin id="121" dir="0" index="0" bw="1" slack="0"/>
<pin id="122" dir="1" index="1" bw="8" slack="0"/>
</pin_list>
<bind>
<opcode="alloca(26) " fcode="alloca"/>
<opset="img_inT_4_loc/1 "/>
</bind>
</comp>

<comp id="124" class="1004" name="img_inT_5_loc_fu_124">
<pin_list>
<pin id="125" dir="0" index="0" bw="1" slack="0"/>
<pin id="126" dir="1" index="1" bw="8" slack="0"/>
</pin_list>
<bind>
<opcode="alloca(26) " fcode="alloca"/>
<opset="img_inT_5_loc/1 "/>
</bind>
</comp>

<comp id="128" class="1004" name="img_inT_6_loc_fu_128">
<pin_list>
<pin id="129" dir="0" index="0" bw="1" slack="0"/>
<pin id="130" dir="1" index="1" bw="8" slack="0"/>
</pin_list>
<bind>
<opcode="alloca(26) " fcode="alloca"/>
<opset="img_inT_6_loc/1 "/>
</bind>
</comp>

<comp id="132" class="1004" name="img_inT_7_loc_fu_132">
<pin_list>
<pin id="133" dir="0" index="0" bw="1" slack="0"/>
<pin id="134" dir="1" index="1" bw="8" slack="0"/>
</pin_list>
<bind>
<opcode="alloca(26) " fcode="alloca"/>
<opset="img_inT_7_loc/1 "/>
</bind>
</comp>

<comp id="136" class="1004" name="img_inT_8_loc_fu_136">
<pin_list>
<pin id="137" dir="0" index="0" bw="1" slack="0"/>
<pin id="138" dir="1" index="1" bw="8" slack="0"/>
</pin_list>
<bind>
<opcode="alloca(26) " fcode="alloca"/>
<opset="img_inT_8_loc/1 "/>
</bind>
</comp>

<comp id="140" class="1004" name="img_inT_9_loc_fu_140">
<pin_list>
<pin id="141" dir="0" index="0" bw="1" slack="0"/>
<pin id="142" dir="1" index="1" bw="8" slack="0"/>
</pin_list>
<bind>
<opcode="alloca(26) " fcode="alloca"/>
<opset="img_inT_9_loc/1 "/>
</bind>
</comp>

<comp id="144" class="1004" name="img_inT_10_loc_fu_144">
<pin_list>
<pin id="145" dir="0" index="0" bw="1" slack="0"/>
<pin id="146" dir="1" index="1" bw="8" slack="0"/>
</pin_list>
<bind>
<opcode="alloca(26) " fcode="alloca"/>
<opset="img_inT_10_loc/1 "/>
</bind>
</comp>

<comp id="148" class="1004" name="img_inT_11_loc_fu_148">
<pin_list>
<pin id="149" dir="0" index="0" bw="1" slack="0"/>
<pin id="150" dir="1" index="1" bw="8" slack="0"/>
</pin_list>
<bind>
<opcode="alloca(26) " fcode="alloca"/>
<opset="img_inT_11_loc/1 "/>
</bind>
</comp>

<comp id="152" class="1004" name="img_inT_12_loc_fu_152">
<pin_list>
<pin id="153" dir="0" index="0" bw="1" slack="0"/>
<pin id="154" dir="1" index="1" bw="8" slack="0"/>
</pin_list>
<bind>
<opcode="alloca(26) " fcode="alloca"/>
<opset="img_inT_12_loc/1 "/>
</bind>
</comp>

<comp id="156" class="1004" name="img_inT_13_loc_fu_156">
<pin_list>
<pin id="157" dir="0" index="0" bw="1" slack="0"/>
<pin id="158" dir="1" index="1" bw="8" slack="0"/>
</pin_list>
<bind>
<opcode="alloca(26) " fcode="alloca"/>
<opset="img_inT_13_loc/1 "/>
</bind>
</comp>

<comp id="160" class="1004" name="img_inT_14_loc_fu_160">
<pin_list>
<pin id="161" dir="0" index="0" bw="1" slack="0"/>
<pin id="162" dir="1" index="1" bw="8" slack="0"/>
</pin_list>
<bind>
<opcode="alloca(26) " fcode="alloca"/>
<opset="img_inT_14_loc/1 "/>
</bind>
</comp>

<comp id="164" class="1004" name="img_inT_15_loc_fu_164">
<pin_list>
<pin id="165" dir="0" index="0" bw="1" slack="0"/>
<pin id="166" dir="1" index="1" bw="8" slack="0"/>
</pin_list>
<bind>
<opcode="alloca(26) " fcode="alloca"/>
<opset="img_inT_15_loc/1 "/>
</bind>
</comp>

<comp id="168" class="1004" name="grp_conv2D0_Pipeline_readImg_fu_168">
<pin_list>
<pin id="169" dir="0" index="0" bw="0" slack="0"/>
<pin id="170" dir="0" index="1" bw="8" slack="0"/>
<pin id="171" dir="0" index="2" bw="8" slack="0"/>
<pin id="172" dir="0" index="3" bw="8" slack="0"/>
<pin id="173" dir="0" index="4" bw="8" slack="0"/>
<pin id="174" dir="0" index="5" bw="8" slack="0"/>
<pin id="175" dir="0" index="6" bw="8" slack="0"/>
<pin id="176" dir="0" index="7" bw="8" slack="0"/>
<pin id="177" dir="0" index="8" bw="8" slack="0"/>
<pin id="178" dir="0" index="9" bw="8" slack="0"/>
<pin id="179" dir="0" index="10" bw="8" slack="0"/>
<pin id="180" dir="0" index="11" bw="8" slack="0"/>
<pin id="181" dir="0" index="12" bw="8" slack="0"/>
<pin id="182" dir="0" index="13" bw="8" slack="0"/>
<pin id="183" dir="0" index="14" bw="8" slack="0"/>
<pin id="184" dir="0" index="15" bw="8" slack="0"/>
<pin id="185" dir="0" index="16" bw="8" slack="0"/>
<pin id="186" dir="0" index="17" bw="8" slack="0"/>
<pin id="187" dir="1" index="18" bw="0" slack="2147483647"/>
</pin_list>
<bind>
<opcode="call(48) " fcode="call"/>
<opset="call_ln0/1 "/>
</bind>
</comp>

<comp id="190" class="1004" name="grp_conv2D0_Pipeline_readweights_fu_190">
<pin_list>
<pin id="191" dir="0" index="0" bw="1" slack="0"/>
<pin id="192" dir="0" index="1" bw="8" slack="0"/>
<pin id="193" dir="0" index="2" bw="8" slack="0"/>
<pin id="194" dir="0" index="3" bw="8" slack="0"/>
<pin id="195" dir="0" index="4" bw="8" slack="0"/>
<pin id="196" dir="0" index="5" bw="8" slack="0"/>
<pin id="197" dir="0" index="6" bw="8" slack="0"/>
<pin id="198" dir="0" index="7" bw="8" slack="0"/>
<pin id="199" dir="0" index="8" bw="8" slack="0"/>
<pin id="200" dir="0" index="9" bw="8" slack="0"/>
<pin id="201" dir="0" index="10" bw="8" slack="0"/>
<pin id="202" dir="0" index="11" bw="8" slack="0"/>
<pin id="203" dir="0" index="12" bw="8" slack="0"/>
<pin id="204" dir="0" index="13" bw="8" slack="0"/>
<pin id="205" dir="0" index="14" bw="8" slack="0"/>
<pin id="206" dir="0" index="15" bw="8" slack="0"/>
<pin id="207" dir="1" index="16" bw="1" slack="1"/>
</pin_list>
<bind>
<opcode="call(48) " fcode="call"/>
<opset="targetBlock/1 "/>
</bind>
</comp>

<comp id="210" class="1004" name="grp_conv2D0_Pipeline_loop_orow_loop_ocol_fu_210">
<pin_list>
<pin id="211" dir="0" index="0" bw="0" slack="0"/>
<pin id="212" dir="0" index="1" bw="8" slack="0"/>
<pin id="213" dir="0" index="2" bw="8" slack="0"/>
<pin id="214" dir="0" index="3" bw="8" slack="0"/>
<pin id="215" dir="0" index="4" bw="8" slack="0"/>
<pin id="216" dir="0" index="5" bw="8" slack="0"/>
<pin id="217" dir="0" index="6" bw="8" slack="0"/>
<pin id="218" dir="0" index="7" bw="8" slack="0"/>
<pin id="219" dir="0" index="8" bw="8" slack="0"/>
<pin id="220" dir="0" index="9" bw="8" slack="0"/>
<pin id="221" dir="0" index="10" bw="8" slack="0"/>
<pin id="222" dir="0" index="11" bw="8" slack="0"/>
<pin id="223" dir="0" index="12" bw="8" slack="0"/>
<pin id="224" dir="0" index="13" bw="8" slack="0"/>
<pin id="225" dir="0" index="14" bw="8" slack="0"/>
<pin id="226" dir="0" index="15" bw="8" slack="0"/>
<pin id="227" dir="0" index="16" bw="8" slack="0"/>
<pin id="228" dir="0" index="17" bw="8" slack="0"/>
<pin id="229" dir="0" index="18" bw="8" slack="0"/>
<pin id="230" dir="0" index="19" bw="8" slack="0"/>
<pin id="231" dir="0" index="20" bw="8" slack="0"/>
<pin id="232" dir="0" index="21" bw="8" slack="0"/>
<pin id="233" dir="0" index="22" bw="8" slack="0"/>
<pin id="234" dir="0" index="23" bw="8" slack="0"/>
<pin id="235" dir="0" index="24" bw="8" slack="0"/>
<pin id="236" dir="0" index="25" bw="8" slack="0"/>
<pin id="237" dir="0" index="26" bw="8" slack="2"/>
<pin id="238" dir="0" index="27" bw="8" slack="2"/>
<pin id="239" dir="0" index="28" bw="8" slack="2"/>
<pin id="240" dir="0" index="29" bw="8" slack="2"/>
<pin id="241" dir="1" index="30" bw="0" slack="2147483647"/>
</pin_list>
<bind>
<opcode="call(48) " fcode="call"/>
<opset="call_ln16/3 "/>
</bind>
</comp>

<comp id="243" class="1004" name="grp_conv2D0_Pipeline_writeImg_fu_243">
<pin_list>
<pin id="244" dir="0" index="0" bw="0" slack="0"/>
<pin id="245" dir="0" index="1" bw="8" slack="0"/>
<pin id="246" dir="0" index="2" bw="8" slack="0"/>
<pin id="247" dir="0" index="3" bw="8" slack="0"/>
<pin id="248" dir="0" index="4" bw="8" slack="0"/>
<pin id="249" dir="0" index="5" bw="8" slack="0"/>
<pin id="250" dir="1" index="6" bw="0" slack="2147483647"/>
</pin_list>
<bind>
<opcode="call(48) " fcode="call"/>
<opset="call_ln0/5 "/>
</bind>
</comp>

<comp id="253" class="1004" name="img_inT_15_loc_load_load_fu_253">
<pin_list>
<pin id="254" dir="0" index="0" bw="8" slack="2"/>
<pin id="255" dir="1" index="1" bw="8" slack="0"/>
</pin_list>
<bind>
<opcode="load(27) " fcode="load"/>
<opset="img_inT_15_loc_load/3 "/>
</bind>
</comp>

<comp id="257" class="1004" name="img_inT_14_loc_load_load_fu_257">
<pin_list>
<pin id="258" dir="0" index="0" bw="8" slack="2"/>
<pin id="259" dir="1" index="1" bw="8" slack="0"/>
</pin_list>
<bind>
<opcode="load(27) " fcode="load"/>
<opset="img_inT_14_loc_load/3 "/>
</bind>
</comp>

<comp id="261" class="1004" name="img_inT_13_loc_load_load_fu_261">
<pin_list>
<pin id="262" dir="0" index="0" bw="8" slack="2"/>
<pin id="263" dir="1" index="1" bw="8" slack="0"/>
</pin_list>
<bind>
<opcode="load(27) " fcode="load"/>
<opset="img_inT_13_loc_load/3 "/>
</bind>
</comp>

<comp id="265" class="1004" name="img_inT_12_loc_load_load_fu_265">
<pin_list>
<pin id="266" dir="0" index="0" bw="8" slack="2"/>
<pin id="267" dir="1" index="1" bw="8" slack="0"/>
</pin_list>
<bind>
<opcode="load(27) " fcode="load"/>
<opset="img_inT_12_loc_load/3 "/>
</bind>
</comp>

<comp id="269" class="1004" name="img_inT_11_loc_load_load_fu_269">
<pin_list>
<pin id="270" dir="0" index="0" bw="8" slack="2"/>
<pin id="271" dir="1" index="1" bw="8" slack="0"/>
</pin_list>
<bind>
<opcode="load(27) " fcode="load"/>
<opset="img_inT_11_loc_load/3 "/>
</bind>
</comp>

<comp id="273" class="1004" name="img_inT_10_loc_load_load_fu_273">
<pin_list>
<pin id="274" dir="0" index="0" bw="8" slack="2"/>
<pin id="275" dir="1" index="1" bw="8" slack="0"/>
</pin_list>
<bind>
<opcode="load(27) " fcode="load"/>
<opset="img_inT_10_loc_load/3 "/>
</bind>
</comp>

<comp id="277" class="1004" name="img_inT_9_loc_load_load_fu_277">
<pin_list>
<pin id="278" dir="0" index="0" bw="8" slack="2"/>
<pin id="279" dir="1" index="1" bw="8" slack="0"/>
</pin_list>
<bind>
<opcode="load(27) " fcode="load"/>
<opset="img_inT_9_loc_load/3 "/>
</bind>
</comp>

<comp id="281" class="1004" name="img_inT_8_loc_load_load_fu_281">
<pin_list>
<pin id="282" dir="0" index="0" bw="8" slack="2"/>
<pin id="283" dir="1" index="1" bw="8" slack="0"/>
</pin_list>
<bind>
<opcode="load(27) " fcode="load"/>
<opset="img_inT_8_loc_load/3 "/>
</bind>
</comp>

<comp id="285" class="1004" name="img_inT_7_loc_load_load_fu_285">
<pin_list>
<pin id="286" dir="0" index="0" bw="8" slack="2"/>
<pin id="287" dir="1" index="1" bw="8" slack="0"/>
</pin_list>
<bind>
<opcode="load(27) " fcode="load"/>
<opset="img_inT_7_loc_load/3 "/>
</bind>
</comp>

<comp id="289" class="1004" name="img_inT_6_loc_load_load_fu_289">
<pin_list>
<pin id="290" dir="0" index="0" bw="8" slack="2"/>
<pin id="291" dir="1" index="1" bw="8" slack="0"/>
</pin_list>
<bind>
<opcode="load(27) " fcode="load"/>
<opset="img_inT_6_loc_load/3 "/>
</bind>
</comp>

<comp id="293" class="1004" name="img_inT_5_loc_load_load_fu_293">
<pin_list>
<pin id="294" dir="0" index="0" bw="8" slack="2"/>
<pin id="295" dir="1" index="1" bw="8" slack="0"/>
</pin_list>
<bind>
<opcode="load(27) " fcode="load"/>
<opset="img_inT_5_loc_load/3 "/>
</bind>
</comp>

<comp id="297" class="1004" name="img_inT_4_loc_load_load_fu_297">
<pin_list>
<pin id="298" dir="0" index="0" bw="8" slack="2"/>
<pin id="299" dir="1" index="1" bw="8" slack="0"/>
</pin_list>
<bind>
<opcode="load(27) " fcode="load"/>
<opset="img_inT_4_loc_load/3 "/>
</bind>
</comp>

<comp id="301" class="1004" name="img_inT_3_loc_load_load_fu_301">
<pin_list>
<pin id="302" dir="0" index="0" bw="8" slack="2"/>
<pin id="303" dir="1" index="1" bw="8" slack="0"/>
</pin_list>
<bind>
<opcode="load(27) " fcode="load"/>
<opset="img_inT_3_loc_load/3 "/>
</bind>
</comp>

<comp id="305" class="1004" name="img_inT_2_loc_load_load_fu_305">
<pin_list>
<pin id="306" dir="0" index="0" bw="8" slack="2"/>
<pin id="307" dir="1" index="1" bw="8" slack="0"/>
</pin_list>
<bind>
<opcode="load(27) " fcode="load"/>
<opset="img_inT_2_loc_load/3 "/>
</bind>
</comp>

<comp id="309" class="1004" name="img_inT_1_loc_load_load_fu_309">
<pin_list>
<pin id="310" dir="0" index="0" bw="8" slack="2"/>
<pin id="311" dir="1" index="1" bw="8" slack="0"/>
</pin_list>
<bind>
<opcode="load(27) " fcode="load"/>
<opset="img_inT_1_loc_load/3 "/>
</bind>
</comp>

<comp id="313" class="1004" name="img_inT_loc_load_load_fu_313">
<pin_list>
<pin id="314" dir="0" index="0" bw="8" slack="2"/>
<pin id="315" dir="1" index="1" bw="8" slack="0"/>
</pin_list>
<bind>
<opcode="load(27) " fcode="load"/>
<opset="img_inT_loc_load/3 "/>
</bind>
</comp>

<comp id="317" class="1004" name="weightsT_8_loc_load_load_fu_317">
<pin_list>
<pin id="318" dir="0" index="0" bw="8" slack="2"/>
<pin id="319" dir="1" index="1" bw="8" slack="0"/>
</pin_list>
<bind>
<opcode="load(27) " fcode="load"/>
<opset="weightsT_8_loc_load/3 "/>
</bind>
</comp>

<comp id="320" class="1004" name="weightsT_7_loc_load_load_fu_320">
<pin_list>
<pin id="321" dir="0" index="0" bw="8" slack="2"/>
<pin id="322" dir="1" index="1" bw="8" slack="0"/>
</pin_list>
<bind>
<opcode="load(27) " fcode="load"/>
<opset="weightsT_7_loc_load/3 "/>
</bind>
</comp>

<comp id="324" class="1004" name="weightsT_6_loc_load_load_fu_324">
<pin_list>
<pin id="325" dir="0" index="0" bw="8" slack="2"/>
<pin id="326" dir="1" index="1" bw="8" slack="0"/>
</pin_list>
<bind>
<opcode="load(27) " fcode="load"/>
<opset="weightsT_6_loc_load/3 "/>
</bind>
</comp>

<comp id="327" class="1004" name="weightsT_5_loc_load_load_fu_327">
<pin_list>
<pin id="328" dir="0" index="0" bw="8" slack="2"/>
<pin id="329" dir="1" index="1" bw="8" slack="0"/>
</pin_list>
<bind>
<opcode="load(27) " fcode="load"/>
<opset="weightsT_5_loc_load/3 "/>
</bind>
</comp>

<comp id="331" class="1004" name="weightsT_4_loc_load_load_fu_331">
<pin_list>
<pin id="332" dir="0" index="0" bw="8" slack="2"/>
<pin id="333" dir="1" index="1" bw="8" slack="0"/>
</pin_list>
<bind>
<opcode="load(27) " fcode="load"/>
<opset="weightsT_4_loc_load/3 "/>
</bind>
</comp>

<comp id="334" class="1004" name="weightsT_3_loc_load_load_fu_334">
<pin_list>
<pin id="335" dir="0" index="0" bw="8" slack="2"/>
<pin id="336" dir="1" index="1" bw="8" slack="0"/>
</pin_list>
<bind>
<opcode="load(27) " fcode="load"/>
<opset="weightsT_3_loc_load/3 "/>
</bind>
</comp>

<comp id="338" class="1004" name="weightsT_2_loc_load_load_fu_338">
<pin_list>
<pin id="339" dir="0" index="0" bw="8" slack="2"/>
<pin id="340" dir="1" index="1" bw="8" slack="0"/>
</pin_list>
<bind>
<opcode="load(27) " fcode="load"/>
<opset="weightsT_2_loc_load/3 "/>
</bind>
</comp>

<comp id="341" class="1004" name="weightsT_1_loc_load_load_fu_341">
<pin_list>
<pin id="342" dir="0" index="0" bw="8" slack="2"/>
<pin id="343" dir="1" index="1" bw="8" slack="0"/>
</pin_list>
<bind>
<opcode="load(27) " fcode="load"/>
<opset="weightsT_1_loc_load/3 "/>
</bind>
</comp>

<comp id="345" class="1004" name="weightsT_loc_load_load_fu_345">
<pin_list>
<pin id="346" dir="0" index="0" bw="8" slack="2"/>
<pin id="347" dir="1" index="1" bw="8" slack="0"/>
</pin_list>
<bind>
<opcode="load(27) " fcode="load"/>
<opset="weightsT_loc_load/3 "/>
</bind>
</comp>

<comp id="348" class="1004" name="weightsT_14_loc_load_load_fu_348">
<pin_list>
<pin id="349" dir="0" index="0" bw="8" slack="2"/>
<pin id="350" dir="1" index="1" bw="8" slack="0"/>
</pin_list>
<bind>
<opcode="load(27) " fcode="load"/>
<opset="weightsT_14_loc_load/3 "/>
</bind>
</comp>

<comp id="351" class="1004" name="weightsT_13_loc_load_load_fu_351">
<pin_list>
<pin id="352" dir="0" index="0" bw="8" slack="2"/>
<pin id="353" dir="1" index="1" bw="8" slack="0"/>
</pin_list>
<bind>
<opcode="load(27) " fcode="load"/>
<opset="weightsT_13_loc_load/3 "/>
</bind>
</comp>

<comp id="354" class="1004" name="weightsT_12_loc_load_load_fu_354">
<pin_list>
<pin id="355" dir="0" index="0" bw="8" slack="2"/>
<pin id="356" dir="1" index="1" bw="8" slack="0"/>
</pin_list>
<bind>
<opcode="load(27) " fcode="load"/>
<opset="weightsT_12_loc_load/3 "/>
</bind>
</comp>

<comp id="357" class="1004" name="weightsT_11_loc_load_load_fu_357">
<pin_list>
<pin id="358" dir="0" index="0" bw="8" slack="2"/>
<pin id="359" dir="1" index="1" bw="8" slack="0"/>
</pin_list>
<bind>
<opcode="load(27) " fcode="load"/>
<opset="weightsT_11_loc_load/3 "/>
</bind>
</comp>

<comp id="360" class="1004" name="weightsT_10_loc_load_load_fu_360">
<pin_list>
<pin id="361" dir="0" index="0" bw="8" slack="2"/>
<pin id="362" dir="1" index="1" bw="8" slack="0"/>
</pin_list>
<bind>
<opcode="load(27) " fcode="load"/>
<opset="weightsT_10_loc_load/3 "/>
</bind>
</comp>

<comp id="363" class="1004" name="select_ln16_fu_363">
<pin_list>
<pin id="364" dir="0" index="0" bw="1" slack="1"/>
<pin id="365" dir="0" index="1" bw="8" slack="0"/>
<pin id="366" dir="0" index="2" bw="8" slack="0"/>
<pin id="367" dir="1" index="3" bw="8" slack="0"/>
</pin_list>
<bind>
<opcode="select(49) " fcode="select"/>
<opset="select_ln16/3 "/>
</bind>
</comp>

<comp id="371" class="1004" name="select_ln16_1_fu_371">
<pin_list>
<pin id="372" dir="0" index="0" bw="1" slack="1"/>
<pin id="373" dir="0" index="1" bw="8" slack="0"/>
<pin id="374" dir="0" index="2" bw="8" slack="0"/>
<pin id="375" dir="1" index="3" bw="8" slack="0"/>
</pin_list>
<bind>
<opcode="select(49) " fcode="select"/>
<opset="select_ln16_1/3 "/>
</bind>
</comp>

<comp id="379" class="1004" name="select_ln16_2_fu_379">
<pin_list>
<pin id="380" dir="0" index="0" bw="1" slack="1"/>
<pin id="381" dir="0" index="1" bw="8" slack="0"/>
<pin id="382" dir="0" index="2" bw="8" slack="0"/>
<pin id="383" dir="1" index="3" bw="8" slack="0"/>
</pin_list>
<bind>
<opcode="select(49) " fcode="select"/>
<opset="select_ln16_2/3 "/>
</bind>
</comp>

<comp id="387" class="1004" name="select_ln16_3_fu_387">
<pin_list>
<pin id="388" dir="0" index="0" bw="1" slack="1"/>
<pin id="389" dir="0" index="1" bw="8" slack="0"/>
<pin id="390" dir="0" index="2" bw="8" slack="0"/>
<pin id="391" dir="1" index="3" bw="8" slack="0"/>
</pin_list>
<bind>
<opcode="select(49) " fcode="select"/>
<opset="select_ln16_3/3 "/>
</bind>
</comp>

<comp id="395" class="1004" name="select_ln16_4_fu_395">
<pin_list>
<pin id="396" dir="0" index="0" bw="1" slack="1"/>
<pin id="397" dir="0" index="1" bw="8" slack="0"/>
<pin id="398" dir="0" index="2" bw="8" slack="0"/>
<pin id="399" dir="1" index="3" bw="8" slack="0"/>
</pin_list>
<bind>
<opcode="select(49) " fcode="select"/>
<opset="select_ln16_4/3 "/>
</bind>
</comp>

<comp id="403" class="1004" name="img_outT_3_1_loc_load_load_fu_403">
<pin_list>
<pin id="404" dir="0" index="0" bw="8" slack="4"/>
<pin id="405" dir="1" index="1" bw="8" slack="0"/>
</pin_list>
<bind>
<opcode="load(27) " fcode="load"/>
<opset="img_outT_3_1_loc_load/5 "/>
</bind>
</comp>

<comp id="407" class="1004" name="img_outT_2_1_loc_load_load_fu_407">
<pin_list>
<pin id="408" dir="0" index="0" bw="8" slack="4"/>
<pin id="409" dir="1" index="1" bw="8" slack="0"/>
</pin_list>
<bind>
<opcode="load(27) " fcode="load"/>
<opset="img_outT_2_1_loc_load/5 "/>
</bind>
</comp>

<comp id="411" class="1004" name="img_outT_1_1_loc_load_load_fu_411">
<pin_list>
<pin id="412" dir="0" index="0" bw="8" slack="4"/>
<pin id="413" dir="1" index="1" bw="8" slack="0"/>
</pin_list>
<bind>
<opcode="load(27) " fcode="load"/>
<opset="img_outT_1_1_loc_load/5 "/>
</bind>
</comp>

<comp id="415" class="1004" name="img_outT_0_1_loc_load_load_fu_415">
<pin_list>
<pin id="416" dir="0" index="0" bw="8" slack="4"/>
<pin id="417" dir="1" index="1" bw="8" slack="0"/>
</pin_list>
<bind>
<opcode="load(27) " fcode="load"/>
<opset="img_outT_0_1_loc_load/5 "/>
</bind>
</comp>

<comp id="419" class="1005" name="img_outT_0_1_loc_reg_419">
<pin_list>
<pin id="420" dir="0" index="0" bw="8" slack="2"/>
<pin id="421" dir="1" index="1" bw="8" slack="2"/>
</pin_list>
<bind>
<opset="img_outT_0_1_loc "/>
</bind>
</comp>

<comp id="425" class="1005" name="img_outT_1_1_loc_reg_425">
<pin_list>
<pin id="426" dir="0" index="0" bw="8" slack="2"/>
<pin id="427" dir="1" index="1" bw="8" slack="2"/>
</pin_list>
<bind>
<opset="img_outT_1_1_loc "/>
</bind>
</comp>

<comp id="431" class="1005" name="img_outT_2_1_loc_reg_431">
<pin_list>
<pin id="432" dir="0" index="0" bw="8" slack="2"/>
<pin id="433" dir="1" index="1" bw="8" slack="2"/>
</pin_list>
<bind>
<opset="img_outT_2_1_loc "/>
</bind>
</comp>

<comp id="437" class="1005" name="img_outT_3_1_loc_reg_437">
<pin_list>
<pin id="438" dir="0" index="0" bw="8" slack="2"/>
<pin id="439" dir="1" index="1" bw="8" slack="2"/>
</pin_list>
<bind>
<opset="img_outT_3_1_loc "/>
</bind>
</comp>

<comp id="443" class="1005" name="weightsT_10_loc_reg_443">
<pin_list>
<pin id="444" dir="0" index="0" bw="8" slack="0"/>
<pin id="445" dir="1" index="1" bw="8" slack="0"/>
</pin_list>
<bind>
<opset="weightsT_10_loc "/>
</bind>
</comp>

<comp id="449" class="1005" name="weightsT_11_loc_reg_449">
<pin_list>
<pin id="450" dir="0" index="0" bw="8" slack="0"/>
<pin id="451" dir="1" index="1" bw="8" slack="0"/>
</pin_list>
<bind>
<opset="weightsT_11_loc "/>
</bind>
</comp>

<comp id="455" class="1005" name="weightsT_12_loc_reg_455">
<pin_list>
<pin id="456" dir="0" index="0" bw="8" slack="0"/>
<pin id="457" dir="1" index="1" bw="8" slack="0"/>
</pin_list>
<bind>
<opset="weightsT_12_loc "/>
</bind>
</comp>

<comp id="461" class="1005" name="weightsT_13_loc_reg_461">
<pin_list>
<pin id="462" dir="0" index="0" bw="8" slack="0"/>
<pin id="463" dir="1" index="1" bw="8" slack="0"/>
</pin_list>
<bind>
<opset="weightsT_13_loc "/>
</bind>
</comp>

<comp id="467" class="1005" name="weightsT_14_loc_reg_467">
<pin_list>
<pin id="468" dir="0" index="0" bw="8" slack="0"/>
<pin id="469" dir="1" index="1" bw="8" slack="0"/>
</pin_list>
<bind>
<opset="weightsT_14_loc "/>
</bind>
</comp>

<comp id="473" class="1005" name="weightsT_loc_reg_473">
<pin_list>
<pin id="474" dir="0" index="0" bw="8" slack="0"/>
<pin id="475" dir="1" index="1" bw="8" slack="0"/>
</pin_list>
<bind>
<opset="weightsT_loc "/>
</bind>
</comp>

<comp id="479" class="1005" name="weightsT_1_loc_reg_479">
<pin_list>
<pin id="480" dir="0" index="0" bw="8" slack="0"/>
<pin id="481" dir="1" index="1" bw="8" slack="0"/>
</pin_list>
<bind>
<opset="weightsT_1_loc "/>
</bind>
</comp>

<comp id="485" class="1005" name="weightsT_2_loc_reg_485">
<pin_list>
<pin id="486" dir="0" index="0" bw="8" slack="0"/>
<pin id="487" dir="1" index="1" bw="8" slack="0"/>
</pin_list>
<bind>
<opset="weightsT_2_loc "/>
</bind>
</comp>

<comp id="491" class="1005" name="weightsT_3_loc_reg_491">
<pin_list>
<pin id="492" dir="0" index="0" bw="8" slack="0"/>
<pin id="493" dir="1" index="1" bw="8" slack="0"/>
</pin_list>
<bind>
<opset="weightsT_3_loc "/>
</bind>
</comp>

<comp id="497" class="1005" name="weightsT_4_loc_reg_497">
<pin_list>
<pin id="498" dir="0" index="0" bw="8" slack="0"/>
<pin id="499" dir="1" index="1" bw="8" slack="0"/>
</pin_list>
<bind>
<opset="weightsT_4_loc "/>
</bind>
</comp>

<comp id="503" class="1005" name="weightsT_5_loc_reg_503">
<pin_list>
<pin id="504" dir="0" index="0" bw="8" slack="0"/>
<pin id="505" dir="1" index="1" bw="8" slack="0"/>
</pin_list>
<bind>
<opset="weightsT_5_loc "/>
</bind>
</comp>

<comp id="509" class="1005" name="weightsT_6_loc_reg_509">
<pin_list>
<pin id="510" dir="0" index="0" bw="8" slack="0"/>
<pin id="511" dir="1" index="1" bw="8" slack="0"/>
</pin_list>
<bind>
<opset="weightsT_6_loc "/>
</bind>
</comp>

<comp id="515" class="1005" name="weightsT_7_loc_reg_515">
<pin_list>
<pin id="516" dir="0" index="0" bw="8" slack="0"/>
<pin id="517" dir="1" index="1" bw="8" slack="0"/>
</pin_list>
<bind>
<opset="weightsT_7_loc "/>
</bind>
</comp>

<comp id="521" class="1005" name="weightsT_8_loc_reg_521">
<pin_list>
<pin id="522" dir="0" index="0" bw="8" slack="0"/>
<pin id="523" dir="1" index="1" bw="8" slack="0"/>
</pin_list>
<bind>
<opset="weightsT_8_loc "/>
</bind>
</comp>

<comp id="527" class="1005" name="img_inT_loc_reg_527">
<pin_list>
<pin id="528" dir="0" index="0" bw="8" slack="0"/>
<pin id="529" dir="1" index="1" bw="8" slack="0"/>
</pin_list>
<bind>
<opset="img_inT_loc "/>
</bind>
</comp>

<comp id="533" class="1005" name="img_inT_1_loc_reg_533">
<pin_list>
<pin id="534" dir="0" index="0" bw="8" slack="0"/>
<pin id="535" dir="1" index="1" bw="8" slack="0"/>
</pin_list>
<bind>
<opset="img_inT_1_loc "/>
</bind>
</comp>

<comp id="539" class="1005" name="img_inT_2_loc_reg_539">
<pin_list>
<pin id="540" dir="0" index="0" bw="8" slack="0"/>
<pin id="541" dir="1" index="1" bw="8" slack="0"/>
</pin_list>
<bind>
<opset="img_inT_2_loc "/>
</bind>
</comp>

<comp id="545" class="1005" name="img_inT_3_loc_reg_545">
<pin_list>
<pin id="546" dir="0" index="0" bw="8" slack="0"/>
<pin id="547" dir="1" index="1" bw="8" slack="0"/>
</pin_list>
<bind>
<opset="img_inT_3_loc "/>
</bind>
</comp>

<comp id="551" class="1005" name="img_inT_4_loc_reg_551">
<pin_list>
<pin id="552" dir="0" index="0" bw="8" slack="0"/>
<pin id="553" dir="1" index="1" bw="8" slack="0"/>
</pin_list>
<bind>
<opset="img_inT_4_loc "/>
</bind>
</comp>

<comp id="557" class="1005" name="img_inT_5_loc_reg_557">
<pin_list>
<pin id="558" dir="0" index="0" bw="8" slack="0"/>
<pin id="559" dir="1" index="1" bw="8" slack="0"/>
</pin_list>
<bind>
<opset="img_inT_5_loc "/>
</bind>
</comp>

<comp id="563" class="1005" name="img_inT_6_loc_reg_563">
<pin_list>
<pin id="564" dir="0" index="0" bw="8" slack="0"/>
<pin id="565" dir="1" index="1" bw="8" slack="0"/>
</pin_list>
<bind>
<opset="img_inT_6_loc "/>
</bind>
</comp>

<comp id="569" class="1005" name="img_inT_7_loc_reg_569">
<pin_list>
<pin id="570" dir="0" index="0" bw="8" slack="0"/>
<pin id="571" dir="1" index="1" bw="8" slack="0"/>
</pin_list>
<bind>
<opset="img_inT_7_loc "/>
</bind>
</comp>

<comp id="575" class="1005" name="img_inT_8_loc_reg_575">
<pin_list>
<pin id="576" dir="0" index="0" bw="8" slack="0"/>
<pin id="577" dir="1" index="1" bw="8" slack="0"/>
</pin_list>
<bind>
<opset="img_inT_8_loc "/>
</bind>
</comp>

<comp id="581" class="1005" name="img_inT_9_loc_reg_581">
<pin_list>
<pin id="582" dir="0" index="0" bw="8" slack="0"/>
<pin id="583" dir="1" index="1" bw="8" slack="0"/>
</pin_list>
<bind>
<opset="img_inT_9_loc "/>
</bind>
</comp>

<comp id="587" class="1005" name="img_inT_10_loc_reg_587">
<pin_list>
<pin id="588" dir="0" index="0" bw="8" slack="0"/>
<pin id="589" dir="1" index="1" bw="8" slack="0"/>
</pin_list>
<bind>
<opset="img_inT_10_loc "/>
</bind>
</comp>

<comp id="593" class="1005" name="img_inT_11_loc_reg_593">
<pin_list>
<pin id="594" dir="0" index="0" bw="8" slack="0"/>
<pin id="595" dir="1" index="1" bw="8" slack="0"/>
</pin_list>
<bind>
<opset="img_inT_11_loc "/>
</bind>
</comp>

<comp id="599" class="1005" name="img_inT_12_loc_reg_599">
<pin_list>
<pin id="600" dir="0" index="0" bw="8" slack="0"/>
<pin id="601" dir="1" index="1" bw="8" slack="0"/>
</pin_list>
<bind>
<opset="img_inT_12_loc "/>
</bind>
</comp>

<comp id="605" class="1005" name="img_inT_13_loc_reg_605">
<pin_list>
<pin id="606" dir="0" index="0" bw="8" slack="0"/>
<pin id="607" dir="1" index="1" bw="8" slack="0"/>
</pin_list>
<bind>
<opset="img_inT_13_loc "/>
</bind>
</comp>

<comp id="611" class="1005" name="img_inT_14_loc_reg_611">
<pin_list>
<pin id="612" dir="0" index="0" bw="8" slack="0"/>
<pin id="613" dir="1" index="1" bw="8" slack="0"/>
</pin_list>
<bind>
<opset="img_inT_14_loc "/>
</bind>
</comp>

<comp id="617" class="1005" name="img_inT_15_loc_reg_617">
<pin_list>
<pin id="618" dir="0" index="0" bw="8" slack="0"/>
<pin id="619" dir="1" index="1" bw="8" slack="0"/>
</pin_list>
<bind>
<opset="img_inT_15_loc "/>
</bind>
</comp>

<comp id="623" class="1005" name="targetBlock_reg_623">
<pin_list>
<pin id="624" dir="0" index="0" bw="1" slack="1"/>
<pin id="625" dir="1" index="1" bw="1" slack="1"/>
</pin_list>
<bind>
<opset="targetBlock "/>
</bind>
</comp>

<comp id="692" class="1005" name="select_ln16_reg_692">
<pin_list>
<pin id="693" dir="0" index="0" bw="8" slack="1"/>
<pin id="694" dir="1" index="1" bw="8" slack="1"/>
</pin_list>
<bind>
<opset="select_ln16 "/>
</bind>
</comp>

<comp id="697" class="1005" name="select_ln16_1_reg_697">
<pin_list>
<pin id="698" dir="0" index="0" bw="8" slack="1"/>
<pin id="699" dir="1" index="1" bw="8" slack="1"/>
</pin_list>
<bind>
<opset="select_ln16_1 "/>
</bind>
</comp>

<comp id="702" class="1005" name="select_ln16_2_reg_702">
<pin_list>
<pin id="703" dir="0" index="0" bw="8" slack="1"/>
<pin id="704" dir="1" index="1" bw="8" slack="1"/>
</pin_list>
<bind>
<opset="select_ln16_2 "/>
</bind>
</comp>

<comp id="707" class="1005" name="select_ln16_3_reg_707">
<pin_list>
<pin id="708" dir="0" index="0" bw="8" slack="1"/>
<pin id="709" dir="1" index="1" bw="8" slack="1"/>
</pin_list>
<bind>
<opset="select_ln16_3 "/>
</bind>
</comp>

<comp id="712" class="1005" name="select_ln16_4_reg_712">
<pin_list>
<pin id="713" dir="0" index="0" bw="8" slack="1"/>
<pin id="714" dir="1" index="1" bw="8" slack="1"/>
</pin_list>
<bind>
<opset="select_ln16_4 "/>
</bind>
</comp>

</comp_list>

<net_list>
<net id="35"><net_src comp="6" pin="0"/><net_sink comp="32" pin=0"/></net>

<net id="39"><net_src comp="6" pin="0"/><net_sink comp="36" pin=0"/></net>

<net id="43"><net_src comp="6" pin="0"/><net_sink comp="40" pin=0"/></net>

<net id="47"><net_src comp="6" pin="0"/><net_sink comp="44" pin=0"/></net>

<net id="51"><net_src comp="6" pin="0"/><net_sink comp="48" pin=0"/></net>

<net id="55"><net_src comp="6" pin="0"/><net_sink comp="52" pin=0"/></net>

<net id="59"><net_src comp="6" pin="0"/><net_sink comp="56" pin=0"/></net>

<net id="63"><net_src comp="6" pin="0"/><net_sink comp="60" pin=0"/></net>

<net id="67"><net_src comp="6" pin="0"/><net_sink comp="64" pin=0"/></net>

<net id="71"><net_src comp="6" pin="0"/><net_sink comp="68" pin=0"/></net>

<net id="75"><net_src comp="6" pin="0"/><net_sink comp="72" pin=0"/></net>

<net id="79"><net_src comp="6" pin="0"/><net_sink comp="76" pin=0"/></net>

<net id="83"><net_src comp="6" pin="0"/><net_sink comp="80" pin=0"/></net>

<net id="87"><net_src comp="6" pin="0"/><net_sink comp="84" pin=0"/></net>

<net id="91"><net_src comp="6" pin="0"/><net_sink comp="88" pin=0"/></net>

<net id="95"><net_src comp="6" pin="0"/><net_sink comp="92" pin=0"/></net>

<net id="99"><net_src comp="6" pin="0"/><net_sink comp="96" pin=0"/></net>

<net id="103"><net_src comp="6" pin="0"/><net_sink comp="100" pin=0"/></net>

<net id="107"><net_src comp="6" pin="0"/><net_sink comp="104" pin=0"/></net>

<net id="111"><net_src comp="6" pin="0"/><net_sink comp="108" pin=0"/></net>

<net id="115"><net_src comp="6" pin="0"/><net_sink comp="112" pin=0"/></net>

<net id="119"><net_src comp="6" pin="0"/><net_sink comp="116" pin=0"/></net>

<net id="123"><net_src comp="6" pin="0"/><net_sink comp="120" pin=0"/></net>

<net id="127"><net_src comp="6" pin="0"/><net_sink comp="124" pin=0"/></net>

<net id="131"><net_src comp="6" pin="0"/><net_sink comp="128" pin=0"/></net>

<net id="135"><net_src comp="6" pin="0"/><net_sink comp="132" pin=0"/></net>

<net id="139"><net_src comp="6" pin="0"/><net_sink comp="136" pin=0"/></net>

<net id="143"><net_src comp="6" pin="0"/><net_sink comp="140" pin=0"/></net>

<net id="147"><net_src comp="6" pin="0"/><net_sink comp="144" pin=0"/></net>

<net id="151"><net_src comp="6" pin="0"/><net_sink comp="148" pin=0"/></net>

<net id="155"><net_src comp="6" pin="0"/><net_sink comp="152" pin=0"/></net>

<net id="159"><net_src comp="6" pin="0"/><net_sink comp="156" pin=0"/></net>

<net id="163"><net_src comp="6" pin="0"/><net_sink comp="160" pin=0"/></net>

<net id="167"><net_src comp="6" pin="0"/><net_sink comp="164" pin=0"/></net>

<net id="188"><net_src comp="8" pin="0"/><net_sink comp="168" pin=0"/></net>

<net id="189"><net_src comp="0" pin="0"/><net_sink comp="168" pin=1"/></net>

<net id="208"><net_src comp="10" pin="0"/><net_sink comp="190" pin=0"/></net>

<net id="209"><net_src comp="4" pin="0"/><net_sink comp="190" pin=1"/></net>

<net id="242"><net_src comp="12" pin="0"/><net_sink comp="210" pin=0"/></net>

<net id="251"><net_src comp="14" pin="0"/><net_sink comp="243" pin=0"/></net>

<net id="252"><net_src comp="2" pin="0"/><net_sink comp="243" pin=5"/></net>

<net id="256"><net_src comp="253" pin="1"/><net_sink comp="210" pin=24"/></net>

<net id="260"><net_src comp="257" pin="1"/><net_sink comp="210" pin=22"/></net>

<net id="264"><net_src comp="261" pin="1"/><net_sink comp="210" pin=20"/></net>

<net id="268"><net_src comp="265" pin="1"/><net_sink comp="210" pin=19"/></net>

<net id="272"><net_src comp="269" pin="1"/><net_sink comp="210" pin=17"/></net>

<net id="276"><net_src comp="273" pin="1"/><net_sink comp="210" pin=15"/></net>

<net id="280"><net_src comp="277" pin="1"/><net_sink comp="210" pin=13"/></net>

<net id="284"><net_src comp="281" pin="1"/><net_sink comp="210" pin=12"/></net>

<net id="288"><net_src comp="285" pin="1"/><net_sink comp="210" pin=10"/></net>

<net id="292"><net_src comp="289" pin="1"/><net_sink comp="210" pin=8"/></net>

<net id="296"><net_src comp="293" pin="1"/><net_sink comp="210" pin=6"/></net>

<net id="300"><net_src comp="297" pin="1"/><net_sink comp="210" pin=5"/></net>

<net id="304"><net_src comp="301" pin="1"/><net_sink comp="210" pin=4"/></net>

<net id="308"><net_src comp="305" pin="1"/><net_sink comp="210" pin=3"/></net>

<net id="312"><net_src comp="309" pin="1"/><net_sink comp="210" pin=2"/></net>

<net id="316"><net_src comp="313" pin="1"/><net_sink comp="210" pin=1"/></net>

<net id="323"><net_src comp="320" pin="1"/><net_sink comp="210" pin=23"/></net>

<net id="330"><net_src comp="327" pin="1"/><net_sink comp="210" pin=18"/></net>

<net id="337"><net_src comp="334" pin="1"/><net_sink comp="210" pin=14"/></net>

<net id="344"><net_src comp="341" pin="1"/><net_sink comp="210" pin=9"/></net>

<net id="368"><net_src comp="317" pin="1"/><net_sink comp="363" pin=1"/></net>

<net id="369"><net_src comp="348" pin="1"/><net_sink comp="363" pin=2"/></net>

<net id="370"><net_src comp="363" pin="3"/><net_sink comp="210" pin=25"/></net>

<net id="376"><net_src comp="324" pin="1"/><net_sink comp="371" pin=1"/></net>

<net id="377"><net_src comp="351" pin="1"/><net_sink comp="371" pin=2"/></net>

<net id="378"><net_src comp="371" pin="3"/><net_sink comp="210" pin=21"/></net>

<net id="384"><net_src comp="331" pin="1"/><net_sink comp="379" pin=1"/></net>

<net id="385"><net_src comp="354" pin="1"/><net_sink comp="379" pin=2"/></net>

<net id="386"><net_src comp="379" pin="3"/><net_sink comp="210" pin=16"/></net>

<net id="392"><net_src comp="338" pin="1"/><net_sink comp="387" pin=1"/></net>

<net id="393"><net_src comp="357" pin="1"/><net_sink comp="387" pin=2"/></net>

<net id="394"><net_src comp="387" pin="3"/><net_sink comp="210" pin=11"/></net>

<net id="400"><net_src comp="345" pin="1"/><net_sink comp="395" pin=1"/></net>

<net id="401"><net_src comp="360" pin="1"/><net_sink comp="395" pin=2"/></net>

<net id="402"><net_src comp="395" pin="3"/><net_sink comp="210" pin=7"/></net>

<net id="406"><net_src comp="403" pin="1"/><net_sink comp="243" pin=4"/></net>

<net id="410"><net_src comp="407" pin="1"/><net_sink comp="243" pin=3"/></net>

<net id="414"><net_src comp="411" pin="1"/><net_sink comp="243" pin=2"/></net>

<net id="418"><net_src comp="415" pin="1"/><net_sink comp="243" pin=1"/></net>

<net id="422"><net_src comp="32" pin="1"/><net_sink comp="419" pin=0"/></net>

<net id="423"><net_src comp="419" pin="1"/><net_sink comp="210" pin=29"/></net>

<net id="424"><net_src comp="419" pin="1"/><net_sink comp="415" pin=0"/></net>

<net id="428"><net_src comp="36" pin="1"/><net_sink comp="425" pin=0"/></net>

<net id="429"><net_src comp="425" pin="1"/><net_sink comp="210" pin=28"/></net>

<net id="430"><net_src comp="425" pin="1"/><net_sink comp="411" pin=0"/></net>

<net id="434"><net_src comp="40" pin="1"/><net_sink comp="431" pin=0"/></net>

<net id="435"><net_src comp="431" pin="1"/><net_sink comp="210" pin=27"/></net>

<net id="436"><net_src comp="431" pin="1"/><net_sink comp="407" pin=0"/></net>

<net id="440"><net_src comp="44" pin="1"/><net_sink comp="437" pin=0"/></net>

<net id="441"><net_src comp="437" pin="1"/><net_sink comp="210" pin=26"/></net>

<net id="442"><net_src comp="437" pin="1"/><net_sink comp="403" pin=0"/></net>

<net id="446"><net_src comp="48" pin="1"/><net_sink comp="443" pin=0"/></net>

<net id="447"><net_src comp="443" pin="1"/><net_sink comp="190" pin=15"/></net>

<net id="448"><net_src comp="443" pin="1"/><net_sink comp="360" pin=0"/></net>

<net id="452"><net_src comp="52" pin="1"/><net_sink comp="449" pin=0"/></net>

<net id="453"><net_src comp="449" pin="1"/><net_sink comp="190" pin=14"/></net>

<net id="454"><net_src comp="449" pin="1"/><net_sink comp="357" pin=0"/></net>

<net id="458"><net_src comp="56" pin="1"/><net_sink comp="455" pin=0"/></net>

<net id="459"><net_src comp="455" pin="1"/><net_sink comp="190" pin=13"/></net>

<net id="460"><net_src comp="455" pin="1"/><net_sink comp="354" pin=0"/></net>

<net id="464"><net_src comp="60" pin="1"/><net_sink comp="461" pin=0"/></net>

<net id="465"><net_src comp="461" pin="1"/><net_sink comp="190" pin=12"/></net>

<net id="466"><net_src comp="461" pin="1"/><net_sink comp="351" pin=0"/></net>

<net id="470"><net_src comp="64" pin="1"/><net_sink comp="467" pin=0"/></net>

<net id="471"><net_src comp="467" pin="1"/><net_sink comp="190" pin=11"/></net>

<net id="472"><net_src comp="467" pin="1"/><net_sink comp="348" pin=0"/></net>

<net id="476"><net_src comp="68" pin="1"/><net_sink comp="473" pin=0"/></net>

<net id="477"><net_src comp="473" pin="1"/><net_sink comp="190" pin=10"/></net>

<net id="478"><net_src comp="473" pin="1"/><net_sink comp="345" pin=0"/></net>

<net id="482"><net_src comp="72" pin="1"/><net_sink comp="479" pin=0"/></net>

<net id="483"><net_src comp="479" pin="1"/><net_sink comp="190" pin=9"/></net>

<net id="484"><net_src comp="479" pin="1"/><net_sink comp="341" pin=0"/></net>

<net id="488"><net_src comp="76" pin="1"/><net_sink comp="485" pin=0"/></net>

<net id="489"><net_src comp="485" pin="1"/><net_sink comp="190" pin=8"/></net>

<net id="490"><net_src comp="485" pin="1"/><net_sink comp="338" pin=0"/></net>

<net id="494"><net_src comp="80" pin="1"/><net_sink comp="491" pin=0"/></net>

<net id="495"><net_src comp="491" pin="1"/><net_sink comp="190" pin=7"/></net>

<net id="496"><net_src comp="491" pin="1"/><net_sink comp="334" pin=0"/></net>

<net id="500"><net_src comp="84" pin="1"/><net_sink comp="497" pin=0"/></net>

<net id="501"><net_src comp="497" pin="1"/><net_sink comp="190" pin=6"/></net>

<net id="502"><net_src comp="497" pin="1"/><net_sink comp="331" pin=0"/></net>

<net id="506"><net_src comp="88" pin="1"/><net_sink comp="503" pin=0"/></net>

<net id="507"><net_src comp="503" pin="1"/><net_sink comp="190" pin=5"/></net>

<net id="508"><net_src comp="503" pin="1"/><net_sink comp="327" pin=0"/></net>

<net id="512"><net_src comp="92" pin="1"/><net_sink comp="509" pin=0"/></net>

<net id="513"><net_src comp="509" pin="1"/><net_sink comp="190" pin=4"/></net>

<net id="514"><net_src comp="509" pin="1"/><net_sink comp="324" pin=0"/></net>

<net id="518"><net_src comp="96" pin="1"/><net_sink comp="515" pin=0"/></net>

<net id="519"><net_src comp="515" pin="1"/><net_sink comp="190" pin=3"/></net>

<net id="520"><net_src comp="515" pin="1"/><net_sink comp="320" pin=0"/></net>

<net id="524"><net_src comp="100" pin="1"/><net_sink comp="521" pin=0"/></net>

<net id="525"><net_src comp="521" pin="1"/><net_sink comp="190" pin=2"/></net>

<net id="526"><net_src comp="521" pin="1"/><net_sink comp="317" pin=0"/></net>

<net id="530"><net_src comp="104" pin="1"/><net_sink comp="527" pin=0"/></net>

<net id="531"><net_src comp="527" pin="1"/><net_sink comp="168" pin=17"/></net>

<net id="532"><net_src comp="527" pin="1"/><net_sink comp="313" pin=0"/></net>

<net id="536"><net_src comp="108" pin="1"/><net_sink comp="533" pin=0"/></net>

<net id="537"><net_src comp="533" pin="1"/><net_sink comp="168" pin=16"/></net>

<net id="538"><net_src comp="533" pin="1"/><net_sink comp="309" pin=0"/></net>

<net id="542"><net_src comp="112" pin="1"/><net_sink comp="539" pin=0"/></net>

<net id="543"><net_src comp="539" pin="1"/><net_sink comp="168" pin=15"/></net>

<net id="544"><net_src comp="539" pin="1"/><net_sink comp="305" pin=0"/></net>

<net id="548"><net_src comp="116" pin="1"/><net_sink comp="545" pin=0"/></net>

<net id="549"><net_src comp="545" pin="1"/><net_sink comp="168" pin=14"/></net>

<net id="550"><net_src comp="545" pin="1"/><net_sink comp="301" pin=0"/></net>

<net id="554"><net_src comp="120" pin="1"/><net_sink comp="551" pin=0"/></net>

<net id="555"><net_src comp="551" pin="1"/><net_sink comp="168" pin=13"/></net>

<net id="556"><net_src comp="551" pin="1"/><net_sink comp="297" pin=0"/></net>

<net id="560"><net_src comp="124" pin="1"/><net_sink comp="557" pin=0"/></net>

<net id="561"><net_src comp="557" pin="1"/><net_sink comp="168" pin=12"/></net>

<net id="562"><net_src comp="557" pin="1"/><net_sink comp="293" pin=0"/></net>

<net id="566"><net_src comp="128" pin="1"/><net_sink comp="563" pin=0"/></net>

<net id="567"><net_src comp="563" pin="1"/><net_sink comp="168" pin=11"/></net>

<net id="568"><net_src comp="563" pin="1"/><net_sink comp="289" pin=0"/></net>

<net id="572"><net_src comp="132" pin="1"/><net_sink comp="569" pin=0"/></net>

<net id="573"><net_src comp="569" pin="1"/><net_sink comp="168" pin=10"/></net>

<net id="574"><net_src comp="569" pin="1"/><net_sink comp="285" pin=0"/></net>

<net id="578"><net_src comp="136" pin="1"/><net_sink comp="575" pin=0"/></net>

<net id="579"><net_src comp="575" pin="1"/><net_sink comp="168" pin=9"/></net>

<net id="580"><net_src comp="575" pin="1"/><net_sink comp="281" pin=0"/></net>

<net id="584"><net_src comp="140" pin="1"/><net_sink comp="581" pin=0"/></net>

<net id="585"><net_src comp="581" pin="1"/><net_sink comp="168" pin=8"/></net>

<net id="586"><net_src comp="581" pin="1"/><net_sink comp="277" pin=0"/></net>

<net id="590"><net_src comp="144" pin="1"/><net_sink comp="587" pin=0"/></net>

<net id="591"><net_src comp="587" pin="1"/><net_sink comp="168" pin=7"/></net>

<net id="592"><net_src comp="587" pin="1"/><net_sink comp="273" pin=0"/></net>

<net id="596"><net_src comp="148" pin="1"/><net_sink comp="593" pin=0"/></net>

<net id="597"><net_src comp="593" pin="1"/><net_sink comp="168" pin=6"/></net>

<net id="598"><net_src comp="593" pin="1"/><net_sink comp="269" pin=0"/></net>

<net id="602"><net_src comp="152" pin="1"/><net_sink comp="599" pin=0"/></net>

<net id="603"><net_src comp="599" pin="1"/><net_sink comp="168" pin=5"/></net>

<net id="604"><net_src comp="599" pin="1"/><net_sink comp="265" pin=0"/></net>

<net id="608"><net_src comp="156" pin="1"/><net_sink comp="605" pin=0"/></net>

<net id="609"><net_src comp="605" pin="1"/><net_sink comp="168" pin=4"/></net>

<net id="610"><net_src comp="605" pin="1"/><net_sink comp="261" pin=0"/></net>

<net id="614"><net_src comp="160" pin="1"/><net_sink comp="611" pin=0"/></net>

<net id="615"><net_src comp="611" pin="1"/><net_sink comp="168" pin=3"/></net>

<net id="616"><net_src comp="611" pin="1"/><net_sink comp="257" pin=0"/></net>

<net id="620"><net_src comp="164" pin="1"/><net_sink comp="617" pin=0"/></net>

<net id="621"><net_src comp="617" pin="1"/><net_sink comp="168" pin=2"/></net>

<net id="622"><net_src comp="617" pin="1"/><net_sink comp="253" pin=0"/></net>

<net id="626"><net_src comp="190" pin="16"/><net_sink comp="623" pin=0"/></net>

<net id="627"><net_src comp="623" pin="1"/><net_sink comp="363" pin=0"/></net>

<net id="628"><net_src comp="623" pin="1"/><net_sink comp="371" pin=0"/></net>

<net id="629"><net_src comp="623" pin="1"/><net_sink comp="379" pin=0"/></net>

<net id="630"><net_src comp="623" pin="1"/><net_sink comp="387" pin=0"/></net>

<net id="631"><net_src comp="623" pin="1"/><net_sink comp="395" pin=0"/></net>

<net id="695"><net_src comp="363" pin="3"/><net_sink comp="692" pin=0"/></net>

<net id="696"><net_src comp="692" pin="1"/><net_sink comp="210" pin=25"/></net>

<net id="700"><net_src comp="371" pin="3"/><net_sink comp="697" pin=0"/></net>

<net id="701"><net_src comp="697" pin="1"/><net_sink comp="210" pin=21"/></net>

<net id="705"><net_src comp="379" pin="3"/><net_sink comp="702" pin=0"/></net>

<net id="706"><net_src comp="702" pin="1"/><net_sink comp="210" pin=16"/></net>

<net id="710"><net_src comp="387" pin="3"/><net_sink comp="707" pin=0"/></net>

<net id="711"><net_src comp="707" pin="1"/><net_sink comp="210" pin=11"/></net>

<net id="715"><net_src comp="395" pin="3"/><net_sink comp="712" pin=0"/></net>

<net id="716"><net_src comp="712" pin="1"/><net_sink comp="210" pin=7"/></net>

</net_list>

</model> 
---------------- Datapath Model END ------------------

* FSMD analyzer results:
  - Output states:
	Port: img_out | {5 6 }
 - Input state : 
	Port: conv2D0 : img_in | {1 2 }
	Port: conv2D0 : weights | {1 2 }
  - Chain level:
	State 1
		call_ln0 : 1
		targetBlock : 1
	State 2
	State 3
		select_ln16 : 1
		select_ln16_1 : 1
		select_ln16_2 : 1
		select_ln16_3 : 1
		select_ln16_4 : 1
		call_ln16 : 2
	State 4
	State 5
		call_ln0 : 1
	State 6


============================================================
+ Verbose Summary: Datapath Resource usage 
============================================================

* Functional unit list:
|----------|-------------------------------------------------|---------|---------|---------|---------|
| Operation|                 Functional Unit                 |   DSP   |  Delay  |    FF   |   LUT   |
|----------|-------------------------------------------------|---------|---------|---------|---------|
|          |       grp_conv2D0_Pipeline_readImg_fu_168       |    0    |  3.176  |   145   |    31   |
|   call   |     grp_conv2D0_Pipeline_readweights_fu_190     |    0    |  3.176  |   134   |   132   |
|          | grp_conv2D0_Pipeline_loop_orow_loop_ocol_fu_210 |    5    | 14.8885 |   341   |   646   |
|          |       grp_conv2D0_Pipeline_writeImg_fu_243      |    0    |    0    |    3    |    42   |
|----------|-------------------------------------------------|---------|---------|---------|---------|
|          |                select_ln16_fu_363               |    0    |    0    |    0    |    8    |
|          |               select_ln16_1_fu_371              |    0    |    0    |    0    |    8    |
|  select  |               select_ln16_2_fu_379              |    0    |    0    |    0    |    8    |
|          |               select_ln16_3_fu_387              |    0    |    0    |    0    |    8    |
|          |               select_ln16_4_fu_395              |    0    |    0    |    0    |    8    |
|----------|-------------------------------------------------|---------|---------|---------|---------|
|   Total  |                                                 |    5    | 21.2405 |   623   |   891   |
|----------|-------------------------------------------------|---------|---------|---------|---------|

Memories:
N/A

* Register list:
+------------------------+--------+
|                        |   FF   |
+------------------------+--------+
| img_inT_10_loc_reg_587 |    8   |
| img_inT_11_loc_reg_593 |    8   |
| img_inT_12_loc_reg_599 |    8   |
| img_inT_13_loc_reg_605 |    8   |
| img_inT_14_loc_reg_611 |    8   |
| img_inT_15_loc_reg_617 |    8   |
|  img_inT_1_loc_reg_533 |    8   |
|  img_inT_2_loc_reg_539 |    8   |
|  img_inT_3_loc_reg_545 |    8   |
|  img_inT_4_loc_reg_551 |    8   |
|  img_inT_5_loc_reg_557 |    8   |
|  img_inT_6_loc_reg_563 |    8   |
|  img_inT_7_loc_reg_569 |    8   |
|  img_inT_8_loc_reg_575 |    8   |
|  img_inT_9_loc_reg_581 |    8   |
|   img_inT_loc_reg_527  |    8   |
|img_outT_0_1_loc_reg_419|    8   |
|img_outT_1_1_loc_reg_425|    8   |
|img_outT_2_1_loc_reg_431|    8   |
|img_outT_3_1_loc_reg_437|    8   |
|  select_ln16_1_reg_697 |    8   |
|  select_ln16_2_reg_702 |    8   |
|  select_ln16_3_reg_707 |    8   |
|  select_ln16_4_reg_712 |    8   |
|   select_ln16_reg_692  |    8   |
|   targetBlock_reg_623  |    1   |
| weightsT_10_loc_reg_443|    8   |
| weightsT_11_loc_reg_449|    8   |
| weightsT_12_loc_reg_455|    8   |
| weightsT_13_loc_reg_461|    8   |
| weightsT_14_loc_reg_467|    8   |
| weightsT_1_loc_reg_479 |    8   |
| weightsT_2_loc_reg_485 |    8   |
| weightsT_3_loc_reg_491 |    8   |
| weightsT_4_loc_reg_497 |    8   |
| weightsT_5_loc_reg_503 |    8   |
| weightsT_6_loc_reg_509 |    8   |
| weightsT_7_loc_reg_515 |    8   |
| weightsT_8_loc_reg_521 |    8   |
|  weightsT_loc_reg_473  |    8   |
+------------------------+--------+
|          Total         |   313  |
+------------------------+--------+

* Multiplexer (MUX) list: 
|-------------------------------------------------|------|------|------|--------||---------||---------|
|                       Comp                      |  Pin | Size |  BW  | S x BW ||  Delay  ||   LUT   |
|-------------------------------------------------|------|------|------|--------||---------||---------|
| grp_conv2D0_Pipeline_loop_orow_loop_ocol_fu_210 |  p7  |   2  |   8  |   16   ||    9    |
| grp_conv2D0_Pipeline_loop_orow_loop_ocol_fu_210 |  p11 |   2  |   8  |   16   ||    9    |
| grp_conv2D0_Pipeline_loop_orow_loop_ocol_fu_210 |  p16 |   2  |   8  |   16   ||    9    |
| grp_conv2D0_Pipeline_loop_orow_loop_ocol_fu_210 |  p21 |   2  |   8  |   16   ||    9    |
| grp_conv2D0_Pipeline_loop_orow_loop_ocol_fu_210 |  p25 |   2  |   8  |   16   ||    9    |
|-------------------------------------------------|------|------|------|--------||---------||---------|
|                      Total                      |      |      |      |   80   ||   7.94  ||    45   |
|-------------------------------------------------|------|------|------|--------||---------||---------|



* Summary:
+-----------+--------+--------+--------+--------+
|           |   DSP  |  Delay |   FF   |   LUT  |
+-----------+--------+--------+--------+--------+
|  Function |    5   |   21   |   623  |   891  |
|   Memory  |    -   |    -   |    -   |    -   |
|Multiplexer|    -   |    7   |    -   |   45   |
|  Register |    -   |    -   |   313  |    -   |
+-----------+--------+--------+--------+--------+
|   Total   |    5   |   29   |   936  |   936  |
+-----------+--------+--------+--------+--------+
