

================================================================
== Vitis HLS Report for 'conv2D0'
================================================================
* Date:           Thu Apr 11 18:20:21 2024

* Version:        2023.2 (Build 4023990 on Oct 11 2023)
* Project:        Project1
* Solution:       pipeline (Vivado IP Flow Target)
* Product family: zynq
* Target device:  xc7z010i-clg225-1L


================================================================
== Performance Estimates
================================================================
+ Timing: 
    * Summary: 
    +--------+----------+----------+------------+
    |  Clock |  Target  | Estimated| Uncertainty|
    +--------+----------+----------+------------+
    |ap_clk  |  10.00 ns|  7.571 ns|     2.70 ns|
    +--------+----------+----------+------------+

+ Latency: 
    * Summary: 
    +---------+---------+----------+----------+-----+-----+---------+
    |  Latency (cycles) |  Latency (absolute) |  Interval | Pipeline|
    |   min   |   max   |    min   |    max   | min | max |   Type  |
    +---------+---------+----------+----------+-----+-----+---------+
    |       39|       39|  0.390 us|  0.390 us|   40|   40|       no|
    +---------+---------+----------+----------+-----+-----+---------+

    + Detail: 
        * Instance: 
        +-------------------------------------------------+--------------------------------------+---------+---------+-----------+-----------+-----+-----+---------+
        |                                                 |                                      |  Latency (cycles) |   Latency (absolute)  |  Interval | Pipeline|
        |                     Instance                    |                Module                |   min   |   max   |    min    |    max    | min | max |   Type  |
        +-------------------------------------------------+--------------------------------------+---------+---------+-----------+-----------+-----+-----+---------+
        |grp_conv2D0_Pipeline_readImg_fu_148              |conv2D0_Pipeline_readImg              |       18|       18|   0.180 us|   0.180 us|   18|   18|       no|
        |grp_conv2D0_Pipeline_readweights_fu_170          |conv2D0_Pipeline_readweights          |       11|       11|   0.110 us|   0.110 us|   11|   11|       no|
        |grp_conv2D0_Pipeline_loop_orow_loop_ocol_fu_185  |conv2D0_Pipeline_loop_orow_loop_ocol  |       10|       10|   0.100 us|   0.100 us|   10|   10|       no|
        |grp_conv2D0_Pipeline_writeImg_fu_218             |conv2D0_Pipeline_writeImg             |        6|        6|  60.000 ns|  60.000 ns|    6|    6|       no|
        +-------------------------------------------------+--------------------------------------+---------+---------+-----------+-----------+-----+-----+---------+

        * Loop: 
        N/A



================================================================
== Utilization Estimates
================================================================
* Summary: 
+-----------------+---------+----+-------+-------+-----+
|       Name      | BRAM_18K| DSP|   FF  |  LUT  | URAM|
+-----------------+---------+----+-------+-------+-----+
|DSP              |        -|   -|      -|      -|    -|
|Expression       |        -|   -|      0|      2|    -|
|FIFO             |        -|   -|      -|      -|    -|
|Instance         |        -|   5|    492|    881|    -|
|Memory           |        -|   -|      -|      -|    -|
|Multiplexer      |        -|   -|      -|     37|    -|
|Register         |        -|   -|     10|      -|    -|
+-----------------+---------+----+-------+-------+-----+
|Total            |        0|   5|    502|    920|    0|
+-----------------+---------+----+-------+-------+-----+
|Available        |      120|  80|  35200|  17600|    0|
+-----------------+---------+----+-------+-------+-----+
|Utilization (%)  |        0|   6|      1|      5|    0|
+-----------------+---------+----+-------+-------+-----+

+ Detail: 
    * Instance: 
    +-------------------------------------------------+--------------------------------------+---------+----+-----+-----+-----+
    |                     Instance                    |                Module                | BRAM_18K| DSP|  FF | LUT | URAM|
    +-------------------------------------------------+--------------------------------------+---------+----+-----+-----+-----+
    |grp_conv2D0_Pipeline_loop_orow_loop_ocol_fu_185  |conv2D0_Pipeline_loop_orow_loop_ocol  |        0|   5|  264|  681|    0|
    |grp_conv2D0_Pipeline_readImg_fu_148              |conv2D0_Pipeline_readImg              |        0|   0|  140|   65|    0|
    |grp_conv2D0_Pipeline_readweights_fu_170          |conv2D0_Pipeline_readweights          |        0|   0|   83|   64|    0|
    |grp_conv2D0_Pipeline_writeImg_fu_218             |conv2D0_Pipeline_writeImg             |        0|   0|    5|   71|    0|
    +-------------------------------------------------+--------------------------------------+---------+----+-----+-----+-----+
    |Total                                            |                                      |        0|   5|  492|  881|    0|
    +-------------------------------------------------+--------------------------------------+---------+----+-----+-----+-----+

    * DSP: 
    N/A

    * Memory: 
    N/A

    * FIFO: 
    N/A

    * Expression: 
    +---------------------------------+----------+----+---+----+------------+------------+
    |          Variable Name          | Operation| DSP| FF| LUT| Bitwidth P0| Bitwidth P1|
    +---------------------------------+----------+----+---+----+------------+------------+
    |ap_block_state2_on_subcall_done  |        or|   0|  0|   2|           1|           1|
    +---------------------------------+----------+----+---+----+------------+------------+
    |Total                            |          |   0|  0|   2|           1|           1|
    +---------------------------------+----------+----+---+----+------------+------------+

    * Multiplexer: 
    +-----------+----+-----------+-----+-----------+
    |    Name   | LUT| Input Size| Bits| Total Bits|
    +-----------+----+-----------+-----+-----------+
    |ap_NS_fsm  |  37|          7|    1|          7|
    +-----------+----+-----------+-----+-----------+
    |Total      |  37|          7|    1|          7|
    +-----------+----+-----------+-----+-----------+

    * Register: 
    +--------------------------------------------------------------+---+----+-----+-----------+
    |                             Name                             | FF| LUT| Bits| Const Bits|
    +--------------------------------------------------------------+---+----+-----+-----------+
    |ap_CS_fsm                                                     |  6|   0|    6|          0|
    |grp_conv2D0_Pipeline_loop_orow_loop_ocol_fu_185_ap_start_reg  |  1|   0|    1|          0|
    |grp_conv2D0_Pipeline_readImg_fu_148_ap_start_reg              |  1|   0|    1|          0|
    |grp_conv2D0_Pipeline_readweights_fu_170_ap_start_reg          |  1|   0|    1|          0|
    |grp_conv2D0_Pipeline_writeImg_fu_218_ap_start_reg             |  1|   0|    1|          0|
    +--------------------------------------------------------------+---+----+-----+-----------+
    |Total                                                         | 10|   0|   10|          0|
    +--------------------------------------------------------------+---+----+-----+-----------+



================================================================
== Interface
================================================================
* Summary: 
+------------------+-----+-----+------------+--------------+--------------+
|     RTL Ports    | Dir | Bits|  Protocol  | Source Object|    C Type    |
+------------------+-----+-----+------------+--------------+--------------+
|ap_clk            |   in|    1|  ap_ctrl_hs|       conv2D0|  return value|
|ap_rst            |   in|    1|  ap_ctrl_hs|       conv2D0|  return value|
|ap_start          |   in|    1|  ap_ctrl_hs|       conv2D0|  return value|
|ap_done           |  out|    1|  ap_ctrl_hs|       conv2D0|  return value|
|ap_idle           |  out|    1|  ap_ctrl_hs|       conv2D0|  return value|
|ap_ready          |  out|    1|  ap_ctrl_hs|       conv2D0|  return value|
|img_in_address0   |  out|    4|   ap_memory|        img_in|         array|
|img_in_ce0        |  out|    1|   ap_memory|        img_in|         array|
|img_in_q0         |   in|    8|   ap_memory|        img_in|         array|
|img_out_address0  |  out|    2|   ap_memory|       img_out|         array|
|img_out_ce0       |  out|    1|   ap_memory|       img_out|         array|
|img_out_we0       |  out|    1|   ap_memory|       img_out|         array|
|img_out_d0        |  out|    8|   ap_memory|       img_out|         array|
|weights_address0  |  out|    4|   ap_memory|       weights|         array|
|weights_ce0       |  out|    1|   ap_memory|       weights|         array|
|weights_q0        |   in|    8|   ap_memory|       weights|         array|
+------------------+-----+-----+------------+--------------+--------------+

============================================================
+ Verbose Summary: Synthesis Manager
============================================================
InlineROM: 1
ExposeGlobal: 0
============================================================
+ Verbose Summary: CDFG Model
============================================================
IsTopModel: 1
ResetActiveHigh: 1
IsCombinational: 2
IsDatapathOnly: 2
HasWiredReturn: 1
HasMFsm: 0
HasVarLatency: 1
IsPipeline: 0
IsRtlPipelined: 0
IsInstanceOverlapped: 0
IsDontTouch: 0
HasImplIP: 0
IsGatedGlobalClock: 0


============================================================
+ Verbose Summary: Schedule
============================================================
* Number of FSM states : 6
* Pipeline : 0
* Dataflow Pipeline: 0

* FSM state transitions: 
1 --> 2 
2 --> 3 
3 --> 4 
4 --> 5 
5 --> 6 
6 --> 

* FSM state operations: 

State 1 <SV = 0> <Delay = 0.00>
ST_1 : Operation 7 [1/1] (0.00ns)   --->   "%img_outT_0_1_loc = alloca i64 1"   --->   Operation 7 'alloca' 'img_outT_0_1_loc' <Predicate = true> <Delay = 0.00>
ST_1 : Operation 8 [1/1] (0.00ns)   --->   "%img_outT_1_1_loc = alloca i64 1"   --->   Operation 8 'alloca' 'img_outT_1_1_loc' <Predicate = true> <Delay = 0.00>
ST_1 : Operation 9 [1/1] (0.00ns)   --->   "%img_outT_2_1_loc = alloca i64 1"   --->   Operation 9 'alloca' 'img_outT_2_1_loc' <Predicate = true> <Delay = 0.00>
ST_1 : Operation 10 [1/1] (0.00ns)   --->   "%img_outT_3_1_loc = alloca i64 1"   --->   Operation 10 'alloca' 'img_outT_3_1_loc' <Predicate = true> <Delay = 0.00>
ST_1 : Operation 11 [1/1] (0.00ns)   --->   "%weightsT_loc = alloca i64 1"   --->   Operation 11 'alloca' 'weightsT_loc' <Predicate = true> <Delay = 0.00>
ST_1 : Operation 12 [1/1] (0.00ns)   --->   "%weightsT_1_loc = alloca i64 1"   --->   Operation 12 'alloca' 'weightsT_1_loc' <Predicate = true> <Delay = 0.00>
ST_1 : Operation 13 [1/1] (0.00ns)   --->   "%weightsT_2_loc = alloca i64 1"   --->   Operation 13 'alloca' 'weightsT_2_loc' <Predicate = true> <Delay = 0.00>
ST_1 : Operation 14 [1/1] (0.00ns)   --->   "%weightsT_3_loc = alloca i64 1"   --->   Operation 14 'alloca' 'weightsT_3_loc' <Predicate = true> <Delay = 0.00>
ST_1 : Operation 15 [1/1] (0.00ns)   --->   "%weightsT_4_loc = alloca i64 1"   --->   Operation 15 'alloca' 'weightsT_4_loc' <Predicate = true> <Delay = 0.00>
ST_1 : Operation 16 [1/1] (0.00ns)   --->   "%weightsT_5_loc = alloca i64 1"   --->   Operation 16 'alloca' 'weightsT_5_loc' <Predicate = true> <Delay = 0.00>
ST_1 : Operation 17 [1/1] (0.00ns)   --->   "%weightsT_6_loc = alloca i64 1"   --->   Operation 17 'alloca' 'weightsT_6_loc' <Predicate = true> <Delay = 0.00>
ST_1 : Operation 18 [1/1] (0.00ns)   --->   "%weightsT_7_loc = alloca i64 1"   --->   Operation 18 'alloca' 'weightsT_7_loc' <Predicate = true> <Delay = 0.00>
ST_1 : Operation 19 [1/1] (0.00ns)   --->   "%weightsT_8_loc = alloca i64 1"   --->   Operation 19 'alloca' 'weightsT_8_loc' <Predicate = true> <Delay = 0.00>
ST_1 : Operation 20 [1/1] (0.00ns)   --->   "%img_inT_loc = alloca i64 1"   --->   Operation 20 'alloca' 'img_inT_loc' <Predicate = true> <Delay = 0.00>
ST_1 : Operation 21 [1/1] (0.00ns)   --->   "%img_inT_1_loc = alloca i64 1"   --->   Operation 21 'alloca' 'img_inT_1_loc' <Predicate = true> <Delay = 0.00>
ST_1 : Operation 22 [1/1] (0.00ns)   --->   "%img_inT_2_loc = alloca i64 1"   --->   Operation 22 'alloca' 'img_inT_2_loc' <Predicate = true> <Delay = 0.00>
ST_1 : Operation 23 [1/1] (0.00ns)   --->   "%img_inT_3_loc = alloca i64 1"   --->   Operation 23 'alloca' 'img_inT_3_loc' <Predicate = true> <Delay = 0.00>
ST_1 : Operation 24 [1/1] (0.00ns)   --->   "%img_inT_4_loc = alloca i64 1"   --->   Operation 24 'alloca' 'img_inT_4_loc' <Predicate = true> <Delay = 0.00>
ST_1 : Operation 25 [1/1] (0.00ns)   --->   "%img_inT_5_loc = alloca i64 1"   --->   Operation 25 'alloca' 'img_inT_5_loc' <Predicate = true> <Delay = 0.00>
ST_1 : Operation 26 [1/1] (0.00ns)   --->   "%img_inT_6_loc = alloca i64 1"   --->   Operation 26 'alloca' 'img_inT_6_loc' <Predicate = true> <Delay = 0.00>
ST_1 : Operation 27 [1/1] (0.00ns)   --->   "%img_inT_7_loc = alloca i64 1"   --->   Operation 27 'alloca' 'img_inT_7_loc' <Predicate = true> <Delay = 0.00>
ST_1 : Operation 28 [1/1] (0.00ns)   --->   "%img_inT_8_loc = alloca i64 1"   --->   Operation 28 'alloca' 'img_inT_8_loc' <Predicate = true> <Delay = 0.00>
ST_1 : Operation 29 [1/1] (0.00ns)   --->   "%img_inT_9_loc = alloca i64 1"   --->   Operation 29 'alloca' 'img_inT_9_loc' <Predicate = true> <Delay = 0.00>
ST_1 : Operation 30 [1/1] (0.00ns)   --->   "%img_inT_10_loc = alloca i64 1"   --->   Operation 30 'alloca' 'img_inT_10_loc' <Predicate = true> <Delay = 0.00>
ST_1 : Operation 31 [1/1] (0.00ns)   --->   "%img_inT_11_loc = alloca i64 1"   --->   Operation 31 'alloca' 'img_inT_11_loc' <Predicate = true> <Delay = 0.00>
ST_1 : Operation 32 [1/1] (0.00ns)   --->   "%img_inT_12_loc = alloca i64 1"   --->   Operation 32 'alloca' 'img_inT_12_loc' <Predicate = true> <Delay = 0.00>
ST_1 : Operation 33 [1/1] (0.00ns)   --->   "%img_inT_13_loc = alloca i64 1"   --->   Operation 33 'alloca' 'img_inT_13_loc' <Predicate = true> <Delay = 0.00>
ST_1 : Operation 34 [1/1] (0.00ns)   --->   "%img_inT_14_loc = alloca i64 1"   --->   Operation 34 'alloca' 'img_inT_14_loc' <Predicate = true> <Delay = 0.00>
ST_1 : Operation 35 [1/1] (0.00ns)   --->   "%img_inT_15_loc = alloca i64 1"   --->   Operation 35 'alloca' 'img_inT_15_loc' <Predicate = true> <Delay = 0.00>
ST_1 : Operation 36 [2/2] (0.00ns)   --->   "%call_ln0 = call void @conv2D0_Pipeline_readImg, i8 %img_in, i8 %img_inT_15_loc, i8 %img_inT_14_loc, i8 %img_inT_13_loc, i8 %img_inT_12_loc, i8 %img_inT_11_loc, i8 %img_inT_10_loc, i8 %img_inT_9_loc, i8 %img_inT_8_loc, i8 %img_inT_7_loc, i8 %img_inT_6_loc, i8 %img_inT_5_loc, i8 %img_inT_4_loc, i8 %img_inT_3_loc, i8 %img_inT_2_loc, i8 %img_inT_1_loc, i8 %img_inT_loc"   --->   Operation 36 'call' 'call_ln0' <Predicate = true> <Delay = 0.00> <CoreType = "Generic">   --->   Core 0 '' <Latency = 0> <II = 1> <Delay = 1.00> <Generic> <Opcode : >
ST_1 : Operation 37 [2/2] (0.00ns)   --->   "%call_ln0 = call void @conv2D0_Pipeline_readweights, i8 %weights, i8 %weightsT_8_loc, i8 %weightsT_7_loc, i8 %weightsT_6_loc, i8 %weightsT_5_loc, i8 %weightsT_4_loc, i8 %weightsT_3_loc, i8 %weightsT_2_loc, i8 %weightsT_1_loc, i8 %weightsT_loc"   --->   Operation 37 'call' 'call_ln0' <Predicate = true> <Delay = 0.00> <CoreType = "Generic">   --->   Core 0 '' <Latency = 0> <II = 1> <Delay = 1.00> <Generic> <Opcode : >

State 2 <SV = 1> <Delay = 3.36>
ST_2 : Operation 38 [1/2] (3.36ns)   --->   "%call_ln0 = call void @conv2D0_Pipeline_readImg, i8 %img_in, i8 %img_inT_15_loc, i8 %img_inT_14_loc, i8 %img_inT_13_loc, i8 %img_inT_12_loc, i8 %img_inT_11_loc, i8 %img_inT_10_loc, i8 %img_inT_9_loc, i8 %img_inT_8_loc, i8 %img_inT_7_loc, i8 %img_inT_6_loc, i8 %img_inT_5_loc, i8 %img_inT_4_loc, i8 %img_inT_3_loc, i8 %img_inT_2_loc, i8 %img_inT_1_loc, i8 %img_inT_loc"   --->   Operation 38 'call' 'call_ln0' <Predicate = true> <Delay = 3.36> <CoreType = "Generic">   --->   Core 0 '' <Latency = 0> <II = 1> <Delay = 1.00> <Generic> <Opcode : >
ST_2 : Operation 39 [1/2] (3.32ns)   --->   "%call_ln0 = call void @conv2D0_Pipeline_readweights, i8 %weights, i8 %weightsT_8_loc, i8 %weightsT_7_loc, i8 %weightsT_6_loc, i8 %weightsT_5_loc, i8 %weightsT_4_loc, i8 %weightsT_3_loc, i8 %weightsT_2_loc, i8 %weightsT_1_loc, i8 %weightsT_loc"   --->   Operation 39 'call' 'call_ln0' <Predicate = true> <Delay = 3.32> <CoreType = "Generic">   --->   Core 0 '' <Latency = 0> <II = 1> <Delay = 1.00> <Generic> <Opcode : >

State 3 <SV = 2> <Delay = 3.11>
ST_3 : Operation 40 [1/1] (0.00ns)   --->   "%img_inT_15_loc_load = load i8 %img_inT_15_loc"   --->   Operation 40 'load' 'img_inT_15_loc_load' <Predicate = true> <Delay = 0.00>
ST_3 : Operation 41 [1/1] (0.00ns)   --->   "%img_inT_14_loc_load = load i8 %img_inT_14_loc"   --->   Operation 41 'load' 'img_inT_14_loc_load' <Predicate = true> <Delay = 0.00>
ST_3 : Operation 42 [1/1] (0.00ns)   --->   "%img_inT_13_loc_load = load i8 %img_inT_13_loc"   --->   Operation 42 'load' 'img_inT_13_loc_load' <Predicate = true> <Delay = 0.00>
ST_3 : Operation 43 [1/1] (0.00ns)   --->   "%img_inT_12_loc_load = load i8 %img_inT_12_loc"   --->   Operation 43 'load' 'img_inT_12_loc_load' <Predicate = true> <Delay = 0.00>
ST_3 : Operation 44 [1/1] (0.00ns)   --->   "%img_inT_11_loc_load = load i8 %img_inT_11_loc"   --->   Operation 44 'load' 'img_inT_11_loc_load' <Predicate = true> <Delay = 0.00>
ST_3 : Operation 45 [1/1] (0.00ns)   --->   "%img_inT_10_loc_load = load i8 %img_inT_10_loc"   --->   Operation 45 'load' 'img_inT_10_loc_load' <Predicate = true> <Delay = 0.00>
ST_3 : Operation 46 [1/1] (0.00ns)   --->   "%img_inT_9_loc_load = load i8 %img_inT_9_loc"   --->   Operation 46 'load' 'img_inT_9_loc_load' <Predicate = true> <Delay = 0.00>
ST_3 : Operation 47 [1/1] (0.00ns)   --->   "%img_inT_8_loc_load = load i8 %img_inT_8_loc"   --->   Operation 47 'load' 'img_inT_8_loc_load' <Predicate = true> <Delay = 0.00>
ST_3 : Operation 48 [1/1] (0.00ns)   --->   "%img_inT_7_loc_load = load i8 %img_inT_7_loc"   --->   Operation 48 'load' 'img_inT_7_loc_load' <Predicate = true> <Delay = 0.00>
ST_3 : Operation 49 [1/1] (0.00ns)   --->   "%img_inT_6_loc_load = load i8 %img_inT_6_loc"   --->   Operation 49 'load' 'img_inT_6_loc_load' <Predicate = true> <Delay = 0.00>
ST_3 : Operation 50 [1/1] (0.00ns)   --->   "%img_inT_5_loc_load = load i8 %img_inT_5_loc"   --->   Operation 50 'load' 'img_inT_5_loc_load' <Predicate = true> <Delay = 0.00>
ST_3 : Operation 51 [1/1] (0.00ns)   --->   "%img_inT_4_loc_load = load i8 %img_inT_4_loc"   --->   Operation 51 'load' 'img_inT_4_loc_load' <Predicate = true> <Delay = 0.00>
ST_3 : Operation 52 [1/1] (0.00ns)   --->   "%img_inT_3_loc_load = load i8 %img_inT_3_loc"   --->   Operation 52 'load' 'img_inT_3_loc_load' <Predicate = true> <Delay = 0.00>
ST_3 : Operation 53 [1/1] (0.00ns)   --->   "%img_inT_2_loc_load = load i8 %img_inT_2_loc"   --->   Operation 53 'load' 'img_inT_2_loc_load' <Predicate = true> <Delay = 0.00>
ST_3 : Operation 54 [1/1] (0.00ns)   --->   "%img_inT_1_loc_load = load i8 %img_inT_1_loc"   --->   Operation 54 'load' 'img_inT_1_loc_load' <Predicate = true> <Delay = 0.00>
ST_3 : Operation 55 [1/1] (0.00ns)   --->   "%img_inT_loc_load = load i8 %img_inT_loc"   --->   Operation 55 'load' 'img_inT_loc_load' <Predicate = true> <Delay = 0.00>
ST_3 : Operation 56 [1/1] (0.00ns)   --->   "%weightsT_8_loc_load = load i8 %weightsT_8_loc"   --->   Operation 56 'load' 'weightsT_8_loc_load' <Predicate = true> <Delay = 0.00>
ST_3 : Operation 57 [1/1] (0.00ns)   --->   "%weightsT_7_loc_load = load i8 %weightsT_7_loc"   --->   Operation 57 'load' 'weightsT_7_loc_load' <Predicate = true> <Delay = 0.00>
ST_3 : Operation 58 [1/1] (0.00ns)   --->   "%weightsT_6_loc_load = load i8 %weightsT_6_loc"   --->   Operation 58 'load' 'weightsT_6_loc_load' <Predicate = true> <Delay = 0.00>
ST_3 : Operation 59 [1/1] (0.00ns)   --->   "%weightsT_5_loc_load = load i8 %weightsT_5_loc"   --->   Operation 59 'load' 'weightsT_5_loc_load' <Predicate = true> <Delay = 0.00>
ST_3 : Operation 60 [1/1] (0.00ns)   --->   "%weightsT_4_loc_load = load i8 %weightsT_4_loc"   --->   Operation 60 'load' 'weightsT_4_loc_load' <Predicate = true> <Delay = 0.00>
ST_3 : Operation 61 [1/1] (0.00ns)   --->   "%weightsT_3_loc_load = load i8 %weightsT_3_loc"   --->   Operation 61 'load' 'weightsT_3_loc_load' <Predicate = true> <Delay = 0.00>
ST_3 : Operation 62 [1/1] (0.00ns)   --->   "%weightsT_2_loc_load = load i8 %weightsT_2_loc"   --->   Operation 62 'load' 'weightsT_2_loc_load' <Predicate = true> <Delay = 0.00>
ST_3 : Operation 63 [1/1] (0.00ns)   --->   "%weightsT_1_loc_load = load i8 %weightsT_1_loc"   --->   Operation 63 'load' 'weightsT_1_loc_load' <Predicate = true> <Delay = 0.00>
ST_3 : Operation 64 [1/1] (0.00ns)   --->   "%weightsT_loc_load = load i8 %weightsT_loc"   --->   Operation 64 'load' 'weightsT_loc_load' <Predicate = true> <Delay = 0.00>
ST_3 : Operation 65 [2/2] (3.11ns)   --->   "%call_ln0 = call void @conv2D0_Pipeline_loop_orow_loop_ocol, i8 %img_inT_loc_load, i8 %img_inT_1_loc_load, i8 %img_inT_2_loc_load, i8 %img_inT_3_loc_load, i8 %img_inT_4_loc_load, i8 %img_inT_5_loc_load, i8 %weightsT_loc_load, i8 %img_inT_6_loc_load, i8 %weightsT_1_loc_load, i8 %img_inT_7_loc_load, i8 %weightsT_2_loc_load, i8 %img_inT_8_loc_load, i8 %img_inT_9_loc_load, i8 %weightsT_3_loc_load, i8 %img_inT_10_loc_load, i8 %weightsT_4_loc_load, i8 %img_inT_11_loc_load, i8 %weightsT_5_loc_load, i8 %img_inT_12_loc_load, i8 %img_inT_13_loc_load, i8 %weightsT_6_loc_load, i8 %img_inT_14_loc_load, i8 %weightsT_7_loc_load, i8 %img_inT_15_loc_load, i8 %weightsT_8_loc_load, i8 %img_outT_3_1_loc, i8 %img_outT_2_1_loc, i8 %img_outT_1_1_loc, i8 %img_outT_0_1_loc"   --->   Operation 65 'call' 'call_ln0' <Predicate = true> <Delay = 3.11> <CoreType = "Generic">   --->   Core 0 '' <Latency = 0> <II = 1> <Delay = 1.00> <Generic> <Opcode : >

State 4 <SV = 3> <Delay = 0.00>
ST_4 : Operation 66 [1/2] (0.00ns)   --->   "%call_ln0 = call void @conv2D0_Pipeline_loop_orow_loop_ocol, i8 %img_inT_loc_load, i8 %img_inT_1_loc_load, i8 %img_inT_2_loc_load, i8 %img_inT_3_loc_load, i8 %img_inT_4_loc_load, i8 %img_inT_5_loc_load, i8 %weightsT_loc_load, i8 %img_inT_6_loc_load, i8 %weightsT_1_loc_load, i8 %img_inT_7_loc_load, i8 %weightsT_2_loc_load, i8 %img_inT_8_loc_load, i8 %img_inT_9_loc_load, i8 %weightsT_3_loc_load, i8 %img_inT_10_loc_load, i8 %weightsT_4_loc_load, i8 %img_inT_11_loc_load, i8 %weightsT_5_loc_load, i8 %img_inT_12_loc_load, i8 %img_inT_13_loc_load, i8 %weightsT_6_loc_load, i8 %img_inT_14_loc_load, i8 %weightsT_7_loc_load, i8 %img_inT_15_loc_load, i8 %weightsT_8_loc_load, i8 %img_outT_3_1_loc, i8 %img_outT_2_1_loc, i8 %img_outT_1_1_loc, i8 %img_outT_0_1_loc"   --->   Operation 66 'call' 'call_ln0' <Predicate = true> <Delay = 0.00> <CoreType = "Generic">   --->   Core 0 '' <Latency = 0> <II = 1> <Delay = 1.00> <Generic> <Opcode : >

State 5 <SV = 4> <Delay = 4.14>
ST_5 : Operation 67 [1/1] (0.00ns)   --->   "%img_outT_3_1_loc_load = load i8 %img_outT_3_1_loc"   --->   Operation 67 'load' 'img_outT_3_1_loc_load' <Predicate = true> <Delay = 0.00>
ST_5 : Operation 68 [1/1] (0.00ns)   --->   "%img_outT_2_1_loc_load = load i8 %img_outT_2_1_loc"   --->   Operation 68 'load' 'img_outT_2_1_loc_load' <Predicate = true> <Delay = 0.00>
ST_5 : Operation 69 [1/1] (0.00ns)   --->   "%img_outT_1_1_loc_load = load i8 %img_outT_1_1_loc"   --->   Operation 69 'load' 'img_outT_1_1_loc_load' <Predicate = true> <Delay = 0.00>
ST_5 : Operation 70 [1/1] (0.00ns)   --->   "%img_outT_0_1_loc_load = load i8 %img_outT_0_1_loc"   --->   Operation 70 'load' 'img_outT_0_1_loc_load' <Predicate = true> <Delay = 0.00>
ST_5 : Operation 71 [2/2] (4.14ns)   --->   "%call_ln0 = call void @conv2D0_Pipeline_writeImg, i8 %img_outT_0_1_loc_load, i8 %img_outT_1_1_loc_load, i8 %img_outT_2_1_loc_load, i8 %img_outT_3_1_loc_load, i8 %img_out"   --->   Operation 71 'call' 'call_ln0' <Predicate = true> <Delay = 4.14> <CoreType = "Generic">   --->   Core 0 '' <Latency = 0> <II = 1> <Delay = 1.00> <Generic> <Opcode : >

State 6 <SV = 5> <Delay = 0.00>
ST_6 : Operation 72 [1/1] (0.00ns)   --->   "%spectopmodule_ln7 = spectopmodule void @_ssdm_op_SpecTopModule, void @empty_1" [conv2D0.cpp:7]   --->   Operation 72 'spectopmodule' 'spectopmodule_ln7' <Predicate = true> <Delay = 0.00>
ST_6 : Operation 73 [1/1] (0.00ns)   --->   "%specinterface_ln0 = specinterface void @_ssdm_op_SpecInterface, i8 %img_in, void @empty, i32 0, i32 0, void @empty_0, i32 4294967295, i32 0, void @empty_0, void @empty_0, void @empty_0, i32 0, i32 0, i32 0, i32 0, void @empty_0, void @empty_0, i32 4294967295, i32 0"   --->   Operation 73 'specinterface' 'specinterface_ln0' <Predicate = true> <Delay = 0.00>
ST_6 : Operation 74 [1/1] (0.00ns)   --->   "%specbitsmap_ln0 = specbitsmap void @_ssdm_op_SpecBitsMap, i8 %img_in"   --->   Operation 74 'specbitsmap' 'specbitsmap_ln0' <Predicate = true> <Delay = 0.00>
ST_6 : Operation 75 [1/1] (0.00ns)   --->   "%specinterface_ln0 = specinterface void @_ssdm_op_SpecInterface, i8 %img_out, void @empty, i32 0, i32 0, void @empty_0, i32 4294967295, i32 0, void @empty_0, void @empty_0, void @empty_0, i32 0, i32 0, i32 0, i32 0, void @empty_0, void @empty_0, i32 4294967295, i32 0"   --->   Operation 75 'specinterface' 'specinterface_ln0' <Predicate = true> <Delay = 0.00>
ST_6 : Operation 76 [1/1] (0.00ns)   --->   "%specbitsmap_ln0 = specbitsmap void @_ssdm_op_SpecBitsMap, i8 %img_out"   --->   Operation 76 'specbitsmap' 'specbitsmap_ln0' <Predicate = true> <Delay = 0.00>
ST_6 : Operation 77 [1/1] (0.00ns)   --->   "%specinterface_ln0 = specinterface void @_ssdm_op_SpecInterface, i8 %weights, void @empty, i32 0, i32 0, void @empty_0, i32 4294967295, i32 0, void @empty_0, void @empty_0, void @empty_0, i32 0, i32 0, i32 0, i32 0, void @empty_0, void @empty_0, i32 4294967295, i32 0"   --->   Operation 77 'specinterface' 'specinterface_ln0' <Predicate = true> <Delay = 0.00>
ST_6 : Operation 78 [1/1] (0.00ns)   --->   "%specbitsmap_ln0 = specbitsmap void @_ssdm_op_SpecBitsMap, i8 %weights"   --->   Operation 78 'specbitsmap' 'specbitsmap_ln0' <Predicate = true> <Delay = 0.00>
ST_6 : Operation 79 [1/2] (0.00ns)   --->   "%call_ln0 = call void @conv2D0_Pipeline_writeImg, i8 %img_outT_0_1_loc_load, i8 %img_outT_1_1_loc_load, i8 %img_outT_2_1_loc_load, i8 %img_outT_3_1_loc_load, i8 %img_out"   --->   Operation 79 'call' 'call_ln0' <Predicate = true> <Delay = 0.00> <CoreType = "Generic">   --->   Core 0 '' <Latency = 0> <II = 1> <Delay = 1.00> <Generic> <Opcode : >
ST_6 : Operation 80 [1/1] (0.00ns)   --->   "%ret_ln35 = ret" [conv2D0.cpp:35]   --->   Operation 80 'ret' 'ret_ln35' <Predicate = true> <Delay = 0.00>


============================================================
+ Verbose Summary: Binding
============================================================
STG Binding: 
---------------- STG Properties BEGIN ----------------
- Is combinational: 0
- Is one-state seq: 0
- Is datapath-only: 0
- Is pipelined: 0
- Is top level: 1
Port [ Return ] is wired: 1; IO mode=ap_ctrl_hs:ce=0
Port [ img_in]:  wired=1; compound=1; hidden=0; nouse=0; global=0; static=0; extern=0; dir=0; type=1; pingpong=0; private_global=0; MemPort=[13]; IO mode=ap_memory:ce=0
Port [ img_out]:  wired=1; compound=1; hidden=0; nouse=0; global=0; static=0; extern=0; dir=1; type=1; pingpong=0; private_global=0; MemPort=[03]; IO mode=ap_memory:ce=0
Port [ weights]:  wired=1; compound=1; hidden=0; nouse=0; global=0; static=0; extern=0; dir=0; type=1; pingpong=0; private_global=0; MemPort=[13]; IO mode=ap_memory:ce=0
---------------- STG Properties END ------------------

---------------- Datapath Model BEGIN ----------------

<LifeTime>
<method=bitvector/>
img_outT_0_1_loc      (alloca       ) [ 0011110]
img_outT_1_1_loc      (alloca       ) [ 0011110]
img_outT_2_1_loc      (alloca       ) [ 0011110]
img_outT_3_1_loc      (alloca       ) [ 0011110]
weightsT_loc          (alloca       ) [ 0111000]
weightsT_1_loc        (alloca       ) [ 0111000]
weightsT_2_loc        (alloca       ) [ 0111000]
weightsT_3_loc        (alloca       ) [ 0111000]
weightsT_4_loc        (alloca       ) [ 0111000]
weightsT_5_loc        (alloca       ) [ 0111000]
weightsT_6_loc        (alloca       ) [ 0111000]
weightsT_7_loc        (alloca       ) [ 0111000]
weightsT_8_loc        (alloca       ) [ 0111000]
img_inT_loc           (alloca       ) [ 0111000]
img_inT_1_loc         (alloca       ) [ 0111000]
img_inT_2_loc         (alloca       ) [ 0111000]
img_inT_3_loc         (alloca       ) [ 0111000]
img_inT_4_loc         (alloca       ) [ 0111000]
img_inT_5_loc         (alloca       ) [ 0111000]
img_inT_6_loc         (alloca       ) [ 0111000]
img_inT_7_loc         (alloca       ) [ 0111000]
img_inT_8_loc         (alloca       ) [ 0111000]
img_inT_9_loc         (alloca       ) [ 0111000]
img_inT_10_loc        (alloca       ) [ 0111000]
img_inT_11_loc        (alloca       ) [ 0111000]
img_inT_12_loc        (alloca       ) [ 0111000]
img_inT_13_loc        (alloca       ) [ 0111000]
img_inT_14_loc        (alloca       ) [ 0111000]
img_inT_15_loc        (alloca       ) [ 0111000]
call_ln0              (call         ) [ 0000000]
call_ln0              (call         ) [ 0000000]
img_inT_15_loc_load   (load         ) [ 0000100]
img_inT_14_loc_load   (load         ) [ 0000100]
img_inT_13_loc_load   (load         ) [ 0000100]
img_inT_12_loc_load   (load         ) [ 0000100]
img_inT_11_loc_load   (load         ) [ 0000100]
img_inT_10_loc_load   (load         ) [ 0000100]
img_inT_9_loc_load    (load         ) [ 0000100]
img_inT_8_loc_load    (load         ) [ 0000100]
img_inT_7_loc_load    (load         ) [ 0000100]
img_inT_6_loc_load    (load         ) [ 0000100]
img_inT_5_loc_load    (load         ) [ 0000100]
img_inT_4_loc_load    (load         ) [ 0000100]
img_inT_3_loc_load    (load         ) [ 0000100]
img_inT_2_loc_load    (load         ) [ 0000100]
img_inT_1_loc_load    (load         ) [ 0000100]
img_inT_loc_load      (load         ) [ 0000100]
weightsT_8_loc_load   (load         ) [ 0000100]
weightsT_7_loc_load   (load         ) [ 0000100]
weightsT_6_loc_load   (load         ) [ 0000100]
weightsT_5_loc_load   (load         ) [ 0000100]
weightsT_4_loc_load   (load         ) [ 0000100]
weightsT_3_loc_load   (load         ) [ 0000100]
weightsT_2_loc_load   (load         ) [ 0000100]
weightsT_1_loc_load   (load         ) [ 0000100]
weightsT_loc_load     (load         ) [ 0000100]
call_ln0              (call         ) [ 0000000]
img_outT_3_1_loc_load (load         ) [ 0000001]
img_outT_2_1_loc_load (load         ) [ 0000001]
img_outT_1_1_loc_load (load         ) [ 0000001]
img_outT_0_1_loc_load (load         ) [ 0000001]
spectopmodule_ln7     (spectopmodule) [ 0000000]
specinterface_ln0     (specinterface) [ 0000000]
specbitsmap_ln0       (specbitsmap  ) [ 0000000]
specinterface_ln0     (specinterface) [ 0000000]
specbitsmap_ln0       (specbitsmap  ) [ 0000000]
specinterface_ln0     (specinterface) [ 0000000]
specbitsmap_ln0       (specbitsmap  ) [ 0000000]
call_ln0              (call         ) [ 0000000]
ret_ln35              (ret          ) [ 0000000]
</LifeTime>

<model>

<comp_list>
<comp id="0" class="1000" name="img_in">
<pin_list>
<pin id="1" dir="1" index="0" bw="1" slack="0"/>
</pin_list>
<bind>
<StgValue><ssdm name="img_in"/><MemPortTyVec>1 3 </MemPortTyVec>
</StgValue>
</bind>
</comp>

<comp id="2" class="1000" name="img_out">
<pin_list>
<pin id="3" dir="1" index="0" bw="1" slack="0"/>
</pin_list>
<bind>
<StgValue><ssdm name="img_out"/><MemPortTyVec>0 3 </MemPortTyVec>
</StgValue>
</bind>
</comp>

<comp id="4" class="1000" name="weights">
<pin_list>
<pin id="5" dir="1" index="0" bw="1" slack="0"/>
</pin_list>
<bind>
<StgValue><ssdm name="weights"/><MemPortTyVec>1 3 </MemPortTyVec>
</StgValue>
</bind>
</comp>

<comp id="6" class="1001" name="const_6">
<pin_list>
<pin id="7" dir="1" index="0" bw="1" slack="0"/>
</pin_list>
<bind>
<StgValue><ssdm name=""/></StgValue>
</bind>
</comp>

<comp id="8" class="1001" name="const_8">
<pin_list>
<pin id="9" dir="1" index="0" bw="1" slack="0"/>
</pin_list>
<bind>
<StgValue><ssdm name="conv2D0_Pipeline_readImg"/></StgValue>
</bind>
</comp>

<comp id="10" class="1001" name="const_10">
<pin_list>
<pin id="11" dir="1" index="0" bw="1" slack="0"/>
</pin_list>
<bind>
<StgValue><ssdm name="conv2D0_Pipeline_readweights"/></StgValue>
</bind>
</comp>

<comp id="12" class="1001" name="const_12">
<pin_list>
<pin id="13" dir="1" index="0" bw="1" slack="0"/>
</pin_list>
<bind>
<StgValue><ssdm name="conv2D0_Pipeline_loop_orow_loop_ocol"/></StgValue>
</bind>
</comp>

<comp id="14" class="1001" name="const_14">
<pin_list>
<pin id="15" dir="1" index="0" bw="1" slack="0"/>
</pin_list>
<bind>
<StgValue><ssdm name="conv2D0_Pipeline_writeImg"/></StgValue>
</bind>
</comp>

<comp id="16" class="1001" name="const_16">
<pin_list>
<pin id="17" dir="1" index="0" bw="1" slack="2147483647"/>
</pin_list>
<bind>
<StgValue><ssdm name="_ssdm_op_SpecTopModule"/></StgValue>
</bind>
</comp>

<comp id="18" class="1001" name="const_18">
<pin_list>
<pin id="19" dir="1" index="0" bw="1" slack="2147483647"/>
</pin_list>
<bind>
<StgValue><ssdm name="empty_1"/></StgValue>
</bind>
</comp>

<comp id="20" class="1001" name="const_20">
<pin_list>
<pin id="21" dir="1" index="0" bw="1" slack="2147483647"/>
</pin_list>
<bind>
<StgValue><ssdm name="_ssdm_op_SpecInterface"/></StgValue>
</bind>
</comp>

<comp id="22" class="1001" name="const_22">
<pin_list>
<pin id="23" dir="1" index="0" bw="1" slack="2147483647"/>
</pin_list>
<bind>
<StgValue><ssdm name="empty"/></StgValue>
</bind>
</comp>

<comp id="24" class="1001" name="const_24">
<pin_list>
<pin id="25" dir="1" index="0" bw="1" slack="2147483647"/>
</pin_list>
<bind>
<StgValue><ssdm name=""/></StgValue>
</bind>
</comp>

<comp id="26" class="1001" name="const_26">
<pin_list>
<pin id="27" dir="1" index="0" bw="1" slack="2147483647"/>
</pin_list>
<bind>
<StgValue><ssdm name="empty_0"/></StgValue>
</bind>
</comp>

<comp id="28" class="1001" name="const_28">
<pin_list>
<pin id="29" dir="1" index="0" bw="1" slack="2147483647"/>
</pin_list>
<bind>
<StgValue><ssdm name=""/></StgValue>
</bind>
</comp>

<comp id="30" class="1001" name="const_30">
<pin_list>
<pin id="31" dir="1" index="0" bw="1" slack="2147483647"/>
</pin_list>
<bind>
<StgValue><ssdm name="_ssdm_op_SpecBitsMap"/></StgValue>
</bind>
</comp>

<comp id="32" class="1004" name="img_outT_0_1_loc_fu_32">
<pin_list>
<pin id="33" dir="0" index="0" bw="1" slack="0"/>
<pin id="34" dir="1" index="1" bw="8" slack="2"/>
</pin_list>
<bind>
<opcode="alloca(26) " fcode="alloca"/>
<opset="img_outT_0_1_loc/1 "/>
</bind>
</comp>

<comp id="36" class="1004" name="img_outT_1_1_loc_fu_36">
<pin_list>
<pin id="37" dir="0" index="0" bw="1" slack="0"/>
<pin id="38" dir="1" index="1" bw="8" slack="2"/>
</pin_list>
<bind>
<opcode="alloca(26) " fcode="alloca"/>
<opset="img_outT_1_1_loc/1 "/>
</bind>
</comp>

<comp id="40" class="1004" name="img_outT_2_1_loc_fu_40">
<pin_list>
<pin id="41" dir="0" index="0" bw="1" slack="0"/>
<pin id="42" dir="1" index="1" bw="8" slack="2"/>
</pin_list>
<bind>
<opcode="alloca(26) " fcode="alloca"/>
<opset="img_outT_2_1_loc/1 "/>
</bind>
</comp>

<comp id="44" class="1004" name="img_outT_3_1_loc_fu_44">
<pin_list>
<pin id="45" dir="0" index="0" bw="1" slack="0"/>
<pin id="46" dir="1" index="1" bw="8" slack="2"/>
</pin_list>
<bind>
<opcode="alloca(26) " fcode="alloca"/>
<opset="img_outT_3_1_loc/1 "/>
</bind>
</comp>

<comp id="48" class="1004" name="weightsT_loc_fu_48">
<pin_list>
<pin id="49" dir="0" index="0" bw="1" slack="0"/>
<pin id="50" dir="1" index="1" bw="8" slack="0"/>
</pin_list>
<bind>
<opcode="alloca(26) " fcode="alloca"/>
<opset="weightsT_loc/1 "/>
</bind>
</comp>

<comp id="52" class="1004" name="weightsT_1_loc_fu_52">
<pin_list>
<pin id="53" dir="0" index="0" bw="1" slack="0"/>
<pin id="54" dir="1" index="1" bw="8" slack="0"/>
</pin_list>
<bind>
<opcode="alloca(26) " fcode="alloca"/>
<opset="weightsT_1_loc/1 "/>
</bind>
</comp>

<comp id="56" class="1004" name="weightsT_2_loc_fu_56">
<pin_list>
<pin id="57" dir="0" index="0" bw="1" slack="0"/>
<pin id="58" dir="1" index="1" bw="8" slack="0"/>
</pin_list>
<bind>
<opcode="alloca(26) " fcode="alloca"/>
<opset="weightsT_2_loc/1 "/>
</bind>
</comp>

<comp id="60" class="1004" name="weightsT_3_loc_fu_60">
<pin_list>
<pin id="61" dir="0" index="0" bw="1" slack="0"/>
<pin id="62" dir="1" index="1" bw="8" slack="0"/>
</pin_list>
<bind>
<opcode="alloca(26) " fcode="alloca"/>
<opset="weightsT_3_loc/1 "/>
</bind>
</comp>

<comp id="64" class="1004" name="weightsT_4_loc_fu_64">
<pin_list>
<pin id="65" dir="0" index="0" bw="1" slack="0"/>
<pin id="66" dir="1" index="1" bw="8" slack="0"/>
</pin_list>
<bind>
<opcode="alloca(26) " fcode="alloca"/>
<opset="weightsT_4_loc/1 "/>
</bind>
</comp>

<comp id="68" class="1004" name="weightsT_5_loc_fu_68">
<pin_list>
<pin id="69" dir="0" index="0" bw="1" slack="0"/>
<pin id="70" dir="1" index="1" bw="8" slack="0"/>
</pin_list>
<bind>
<opcode="alloca(26) " fcode="alloca"/>
<opset="weightsT_5_loc/1 "/>
</bind>
</comp>

<comp id="72" class="1004" name="weightsT_6_loc_fu_72">
<pin_list>
<pin id="73" dir="0" index="0" bw="1" slack="0"/>
<pin id="74" dir="1" index="1" bw="8" slack="0"/>
</pin_list>
<bind>
<opcode="alloca(26) " fcode="alloca"/>
<opset="weightsT_6_loc/1 "/>
</bind>
</comp>

<comp id="76" class="1004" name="weightsT_7_loc_fu_76">
<pin_list>
<pin id="77" dir="0" index="0" bw="1" slack="0"/>
<pin id="78" dir="1" index="1" bw="8" slack="0"/>
</pin_list>
<bind>
<opcode="alloca(26) " fcode="alloca"/>
<opset="weightsT_7_loc/1 "/>
</bind>
</comp>

<comp id="80" class="1004" name="weightsT_8_loc_fu_80">
<pin_list>
<pin id="81" dir="0" index="0" bw="1" slack="0"/>
<pin id="82" dir="1" index="1" bw="8" slack="0"/>
</pin_list>
<bind>
<opcode="alloca(26) " fcode="alloca"/>
<opset="weightsT_8_loc/1 "/>
</bind>
</comp>

<comp id="84" class="1004" name="img_inT_loc_fu_84">
<pin_list>
<pin id="85" dir="0" index="0" bw="1" slack="0"/>
<pin id="86" dir="1" index="1" bw="8" slack="0"/>
</pin_list>
<bind>
<opcode="alloca(26) " fcode="alloca"/>
<opset="img_inT_loc/1 "/>
</bind>
</comp>

<comp id="88" class="1004" name="img_inT_1_loc_fu_88">
<pin_list>
<pin id="89" dir="0" index="0" bw="1" slack="0"/>
<pin id="90" dir="1" index="1" bw="8" slack="0"/>
</pin_list>
<bind>
<opcode="alloca(26) " fcode="alloca"/>
<opset="img_inT_1_loc/1 "/>
</bind>
</comp>

<comp id="92" class="1004" name="img_inT_2_loc_fu_92">
<pin_list>
<pin id="93" dir="0" index="0" bw="1" slack="0"/>
<pin id="94" dir="1" index="1" bw="8" slack="0"/>
</pin_list>
<bind>
<opcode="alloca(26) " fcode="alloca"/>
<opset="img_inT_2_loc/1 "/>
</bind>
</comp>

<comp id="96" class="1004" name="img_inT_3_loc_fu_96">
<pin_list>
<pin id="97" dir="0" index="0" bw="1" slack="0"/>
<pin id="98" dir="1" index="1" bw="8" slack="0"/>
</pin_list>
<bind>
<opcode="alloca(26) " fcode="alloca"/>
<opset="img_inT_3_loc/1 "/>
</bind>
</comp>

<comp id="100" class="1004" name="img_inT_4_loc_fu_100">
<pin_list>
<pin id="101" dir="0" index="0" bw="1" slack="0"/>
<pin id="102" dir="1" index="1" bw="8" slack="0"/>
</pin_list>
<bind>
<opcode="alloca(26) " fcode="alloca"/>
<opset="img_inT_4_loc/1 "/>
</bind>
</comp>

<comp id="104" class="1004" name="img_inT_5_loc_fu_104">
<pin_list>
<pin id="105" dir="0" index="0" bw="1" slack="0"/>
<pin id="106" dir="1" index="1" bw="8" slack="0"/>
</pin_list>
<bind>
<opcode="alloca(26) " fcode="alloca"/>
<opset="img_inT_5_loc/1 "/>
</bind>
</comp>

<comp id="108" class="1004" name="img_inT_6_loc_fu_108">
<pin_list>
<pin id="109" dir="0" index="0" bw="1" slack="0"/>
<pin id="110" dir="1" index="1" bw="8" slack="0"/>
</pin_list>
<bind>
<opcode="alloca(26) " fcode="alloca"/>
<opset="img_inT_6_loc/1 "/>
</bind>
</comp>

<comp id="112" class="1004" name="img_inT_7_loc_fu_112">
<pin_list>
<pin id="113" dir="0" index="0" bw="1" slack="0"/>
<pin id="114" dir="1" index="1" bw="8" slack="0"/>
</pin_list>
<bind>
<opcode="alloca(26) " fcode="alloca"/>
<opset="img_inT_7_loc/1 "/>
</bind>
</comp>

<comp id="116" class="1004" name="img_inT_8_loc_fu_116">
<pin_list>
<pin id="117" dir="0" index="0" bw="1" slack="0"/>
<pin id="118" dir="1" index="1" bw="8" slack="0"/>
</pin_list>
<bind>
<opcode="alloca(26) " fcode="alloca"/>
<opset="img_inT_8_loc/1 "/>
</bind>
</comp>

<comp id="120" class="1004" name="img_inT_9_loc_fu_120">
<pin_list>
<pin id="121" dir="0" index="0" bw="1" slack="0"/>
<pin id="122" dir="1" index="1" bw="8" slack="0"/>
</pin_list>
<bind>
<opcode="alloca(26) " fcode="alloca"/>
<opset="img_inT_9_loc/1 "/>
</bind>
</comp>

<comp id="124" class="1004" name="img_inT_10_loc_fu_124">
<pin_list>
<pin id="125" dir="0" index="0" bw="1" slack="0"/>
<pin id="126" dir="1" index="1" bw="8" slack="0"/>
</pin_list>
<bind>
<opcode="alloca(26) " fcode="alloca"/>
<opset="img_inT_10_loc/1 "/>
</bind>
</comp>

<comp id="128" class="1004" name="img_inT_11_loc_fu_128">
<pin_list>
<pin id="129" dir="0" index="0" bw="1" slack="0"/>
<pin id="130" dir="1" index="1" bw="8" slack="0"/>
</pin_list>
<bind>
<opcode="alloca(26) " fcode="alloca"/>
<opset="img_inT_11_loc/1 "/>
</bind>
</comp>

<comp id="132" class="1004" name="img_inT_12_loc_fu_132">
<pin_list>
<pin id="133" dir="0" index="0" bw="1" slack="0"/>
<pin id="134" dir="1" index="1" bw="8" slack="0"/>
</pin_list>
<bind>
<opcode="alloca(26) " fcode="alloca"/>
<opset="img_inT_12_loc/1 "/>
</bind>
</comp>

<comp id="136" class="1004" name="img_inT_13_loc_fu_136">
<pin_list>
<pin id="137" dir="0" index="0" bw="1" slack="0"/>
<pin id="138" dir="1" index="1" bw="8" slack="0"/>
</pin_list>
<bind>
<opcode="alloca(26) " fcode="alloca"/>
<opset="img_inT_13_loc/1 "/>
</bind>
</comp>

<comp id="140" class="1004" name="img_inT_14_loc_fu_140">
<pin_list>
<pin id="141" dir="0" index="0" bw="1" slack="0"/>
<pin id="142" dir="1" index="1" bw="8" slack="0"/>
</pin_list>
<bind>
<opcode="alloca(26) " fcode="alloca"/>
<opset="img_inT_14_loc/1 "/>
</bind>
</comp>

<comp id="144" class="1004" name="img_inT_15_loc_fu_144">
<pin_list>
<pin id="145" dir="0" index="0" bw="1" slack="0"/>
<pin id="146" dir="1" index="1" bw="8" slack="0"/>
</pin_list>
<bind>
<opcode="alloca(26) " fcode="alloca"/>
<opset="img_inT_15_loc/1 "/>
</bind>
</comp>

<comp id="148" class="1004" name="grp_conv2D0_Pipeline_readImg_fu_148">
<pin_list>
<pin id="149" dir="0" index="0" bw="0" slack="0"/>
<pin id="150" dir="0" index="1" bw="8" slack="0"/>
<pin id="151" dir="0" index="2" bw="8" slack="0"/>
<pin id="152" dir="0" index="3" bw="8" slack="0"/>
<pin id="153" dir="0" index="4" bw="8" slack="0"/>
<pin id="154" dir="0" index="5" bw="8" slack="0"/>
<pin id="155" dir="0" index="6" bw="8" slack="0"/>
<pin id="156" dir="0" index="7" bw="8" slack="0"/>
<pin id="157" dir="0" index="8" bw="8" slack="0"/>
<pin id="158" dir="0" index="9" bw="8" slack="0"/>
<pin id="159" dir="0" index="10" bw="8" slack="0"/>
<pin id="160" dir="0" index="11" bw="8" slack="0"/>
<pin id="161" dir="0" index="12" bw="8" slack="0"/>
<pin id="162" dir="0" index="13" bw="8" slack="0"/>
<pin id="163" dir="0" index="14" bw="8" slack="0"/>
<pin id="164" dir="0" index="15" bw="8" slack="0"/>
<pin id="165" dir="0" index="16" bw="8" slack="0"/>
<pin id="166" dir="0" index="17" bw="8" slack="0"/>
<pin id="167" dir="1" index="18" bw="0" slack="2147483647"/>
</pin_list>
<bind>
<opcode="call(48) " fcode="call"/>
<opset="call_ln0/1 "/>
</bind>
</comp>

<comp id="170" class="1004" name="grp_conv2D0_Pipeline_readweights_fu_170">
<pin_list>
<pin id="171" dir="0" index="0" bw="0" slack="0"/>
<pin id="172" dir="0" index="1" bw="8" slack="0"/>
<pin id="173" dir="0" index="2" bw="8" slack="0"/>
<pin id="174" dir="0" index="3" bw="8" slack="0"/>
<pin id="175" dir="0" index="4" bw="8" slack="0"/>
<pin id="176" dir="0" index="5" bw="8" slack="0"/>
<pin id="177" dir="0" index="6" bw="8" slack="0"/>
<pin id="178" dir="0" index="7" bw="8" slack="0"/>
<pin id="179" dir="0" index="8" bw="8" slack="0"/>
<pin id="180" dir="0" index="9" bw="8" slack="0"/>
<pin id="181" dir="0" index="10" bw="8" slack="0"/>
<pin id="182" dir="1" index="11" bw="0" slack="2147483647"/>
</pin_list>
<bind>
<opcode="call(48) " fcode="call"/>
<opset="call_ln0/1 "/>
</bind>
</comp>

<comp id="185" class="1004" name="grp_conv2D0_Pipeline_loop_orow_loop_ocol_fu_185">
<pin_list>
<pin id="186" dir="0" index="0" bw="0" slack="0"/>
<pin id="187" dir="0" index="1" bw="8" slack="0"/>
<pin id="188" dir="0" index="2" bw="8" slack="0"/>
<pin id="189" dir="0" index="3" bw="8" slack="0"/>
<pin id="190" dir="0" index="4" bw="8" slack="0"/>
<pin id="191" dir="0" index="5" bw="8" slack="0"/>
<pin id="192" dir="0" index="6" bw="8" slack="0"/>
<pin id="193" dir="0" index="7" bw="8" slack="0"/>
<pin id="194" dir="0" index="8" bw="8" slack="0"/>
<pin id="195" dir="0" index="9" bw="8" slack="0"/>
<pin id="196" dir="0" index="10" bw="8" slack="0"/>
<pin id="197" dir="0" index="11" bw="8" slack="0"/>
<pin id="198" dir="0" index="12" bw="8" slack="0"/>
<pin id="199" dir="0" index="13" bw="8" slack="0"/>
<pin id="200" dir="0" index="14" bw="8" slack="0"/>
<pin id="201" dir="0" index="15" bw="8" slack="0"/>
<pin id="202" dir="0" index="16" bw="8" slack="0"/>
<pin id="203" dir="0" index="17" bw="8" slack="0"/>
<pin id="204" dir="0" index="18" bw="8" slack="0"/>
<pin id="205" dir="0" index="19" bw="8" slack="0"/>
<pin id="206" dir="0" index="20" bw="8" slack="0"/>
<pin id="207" dir="0" index="21" bw="8" slack="0"/>
<pin id="208" dir="0" index="22" bw="8" slack="0"/>
<pin id="209" dir="0" index="23" bw="8" slack="0"/>
<pin id="210" dir="0" index="24" bw="8" slack="0"/>
<pin id="211" dir="0" index="25" bw="8" slack="0"/>
<pin id="212" dir="0" index="26" bw="8" slack="2"/>
<pin id="213" dir="0" index="27" bw="8" slack="2"/>
<pin id="214" dir="0" index="28" bw="8" slack="2"/>
<pin id="215" dir="0" index="29" bw="8" slack="2"/>
<pin id="216" dir="1" index="30" bw="0" slack="2147483647"/>
</pin_list>
<bind>
<opcode="call(48) " fcode="call"/>
<opset="call_ln0/3 "/>
</bind>
</comp>

<comp id="218" class="1004" name="grp_conv2D0_Pipeline_writeImg_fu_218">
<pin_list>
<pin id="219" dir="0" index="0" bw="0" slack="0"/>
<pin id="220" dir="0" index="1" bw="8" slack="0"/>
<pin id="221" dir="0" index="2" bw="8" slack="0"/>
<pin id="222" dir="0" index="3" bw="8" slack="0"/>
<pin id="223" dir="0" index="4" bw="8" slack="0"/>
<pin id="224" dir="0" index="5" bw="8" slack="0"/>
<pin id="225" dir="1" index="6" bw="0" slack="2147483647"/>
</pin_list>
<bind>
<opcode="call(48) " fcode="call"/>
<opset="call_ln0/5 "/>
</bind>
</comp>

<comp id="228" class="1004" name="img_inT_15_loc_load_load_fu_228">
<pin_list>
<pin id="229" dir="0" index="0" bw="8" slack="2"/>
<pin id="230" dir="1" index="1" bw="8" slack="0"/>
</pin_list>
<bind>
<opcode="load(27) " fcode="load"/>
<opset="img_inT_15_loc_load/3 "/>
</bind>
</comp>

<comp id="232" class="1004" name="img_inT_14_loc_load_load_fu_232">
<pin_list>
<pin id="233" dir="0" index="0" bw="8" slack="2"/>
<pin id="234" dir="1" index="1" bw="8" slack="0"/>
</pin_list>
<bind>
<opcode="load(27) " fcode="load"/>
<opset="img_inT_14_loc_load/3 "/>
</bind>
</comp>

<comp id="236" class="1004" name="img_inT_13_loc_load_load_fu_236">
<pin_list>
<pin id="237" dir="0" index="0" bw="8" slack="2"/>
<pin id="238" dir="1" index="1" bw="8" slack="0"/>
</pin_list>
<bind>
<opcode="load(27) " fcode="load"/>
<opset="img_inT_13_loc_load/3 "/>
</bind>
</comp>

<comp id="240" class="1004" name="img_inT_12_loc_load_load_fu_240">
<pin_list>
<pin id="241" dir="0" index="0" bw="8" slack="2"/>
<pin id="242" dir="1" index="1" bw="8" slack="0"/>
</pin_list>
<bind>
<opcode="load(27) " fcode="load"/>
<opset="img_inT_12_loc_load/3 "/>
</bind>
</comp>

<comp id="244" class="1004" name="img_inT_11_loc_load_load_fu_244">
<pin_list>
<pin id="245" dir="0" index="0" bw="8" slack="2"/>
<pin id="246" dir="1" index="1" bw="8" slack="0"/>
</pin_list>
<bind>
<opcode="load(27) " fcode="load"/>
<opset="img_inT_11_loc_load/3 "/>
</bind>
</comp>

<comp id="248" class="1004" name="img_inT_10_loc_load_load_fu_248">
<pin_list>
<pin id="249" dir="0" index="0" bw="8" slack="2"/>
<pin id="250" dir="1" index="1" bw="8" slack="0"/>
</pin_list>
<bind>
<opcode="load(27) " fcode="load"/>
<opset="img_inT_10_loc_load/3 "/>
</bind>
</comp>

<comp id="252" class="1004" name="img_inT_9_loc_load_load_fu_252">
<pin_list>
<pin id="253" dir="0" index="0" bw="8" slack="2"/>
<pin id="254" dir="1" index="1" bw="8" slack="0"/>
</pin_list>
<bind>
<opcode="load(27) " fcode="load"/>
<opset="img_inT_9_loc_load/3 "/>
</bind>
</comp>

<comp id="256" class="1004" name="img_inT_8_loc_load_load_fu_256">
<pin_list>
<pin id="257" dir="0" index="0" bw="8" slack="2"/>
<pin id="258" dir="1" index="1" bw="8" slack="0"/>
</pin_list>
<bind>
<opcode="load(27) " fcode="load"/>
<opset="img_inT_8_loc_load/3 "/>
</bind>
</comp>

<comp id="260" class="1004" name="img_inT_7_loc_load_load_fu_260">
<pin_list>
<pin id="261" dir="0" index="0" bw="8" slack="2"/>
<pin id="262" dir="1" index="1" bw="8" slack="0"/>
</pin_list>
<bind>
<opcode="load(27) " fcode="load"/>
<opset="img_inT_7_loc_load/3 "/>
</bind>
</comp>

<comp id="264" class="1004" name="img_inT_6_loc_load_load_fu_264">
<pin_list>
<pin id="265" dir="0" index="0" bw="8" slack="2"/>
<pin id="266" dir="1" index="1" bw="8" slack="0"/>
</pin_list>
<bind>
<opcode="load(27) " fcode="load"/>
<opset="img_inT_6_loc_load/3 "/>
</bind>
</comp>

<comp id="268" class="1004" name="img_inT_5_loc_load_load_fu_268">
<pin_list>
<pin id="269" dir="0" index="0" bw="8" slack="2"/>
<pin id="270" dir="1" index="1" bw="8" slack="0"/>
</pin_list>
<bind>
<opcode="load(27) " fcode="load"/>
<opset="img_inT_5_loc_load/3 "/>
</bind>
</comp>

<comp id="272" class="1004" name="img_inT_4_loc_load_load_fu_272">
<pin_list>
<pin id="273" dir="0" index="0" bw="8" slack="2"/>
<pin id="274" dir="1" index="1" bw="8" slack="0"/>
</pin_list>
<bind>
<opcode="load(27) " fcode="load"/>
<opset="img_inT_4_loc_load/3 "/>
</bind>
</comp>

<comp id="276" class="1004" name="img_inT_3_loc_load_load_fu_276">
<pin_list>
<pin id="277" dir="0" index="0" bw="8" slack="2"/>
<pin id="278" dir="1" index="1" bw="8" slack="0"/>
</pin_list>
<bind>
<opcode="load(27) " fcode="load"/>
<opset="img_inT_3_loc_load/3 "/>
</bind>
</comp>

<comp id="280" class="1004" name="img_inT_2_loc_load_load_fu_280">
<pin_list>
<pin id="281" dir="0" index="0" bw="8" slack="2"/>
<pin id="282" dir="1" index="1" bw="8" slack="0"/>
</pin_list>
<bind>
<opcode="load(27) " fcode="load"/>
<opset="img_inT_2_loc_load/3 "/>
</bind>
</comp>

<comp id="284" class="1004" name="img_inT_1_loc_load_load_fu_284">
<pin_list>
<pin id="285" dir="0" index="0" bw="8" slack="2"/>
<pin id="286" dir="1" index="1" bw="8" slack="0"/>
</pin_list>
<bind>
<opcode="load(27) " fcode="load"/>
<opset="img_inT_1_loc_load/3 "/>
</bind>
</comp>

<comp id="288" class="1004" name="img_inT_loc_load_load_fu_288">
<pin_list>
<pin id="289" dir="0" index="0" bw="8" slack="2"/>
<pin id="290" dir="1" index="1" bw="8" slack="0"/>
</pin_list>
<bind>
<opcode="load(27) " fcode="load"/>
<opset="img_inT_loc_load/3 "/>
</bind>
</comp>

<comp id="292" class="1004" name="weightsT_8_loc_load_load_fu_292">
<pin_list>
<pin id="293" dir="0" index="0" bw="8" slack="2"/>
<pin id="294" dir="1" index="1" bw="8" slack="0"/>
</pin_list>
<bind>
<opcode="load(27) " fcode="load"/>
<opset="weightsT_8_loc_load/3 "/>
</bind>
</comp>

<comp id="296" class="1004" name="weightsT_7_loc_load_load_fu_296">
<pin_list>
<pin id="297" dir="0" index="0" bw="8" slack="2"/>
<pin id="298" dir="1" index="1" bw="8" slack="0"/>
</pin_list>
<bind>
<opcode="load(27) " fcode="load"/>
<opset="weightsT_7_loc_load/3 "/>
</bind>
</comp>

<comp id="300" class="1004" name="weightsT_6_loc_load_load_fu_300">
<pin_list>
<pin id="301" dir="0" index="0" bw="8" slack="2"/>
<pin id="302" dir="1" index="1" bw="8" slack="0"/>
</pin_list>
<bind>
<opcode="load(27) " fcode="load"/>
<opset="weightsT_6_loc_load/3 "/>
</bind>
</comp>

<comp id="304" class="1004" name="weightsT_5_loc_load_load_fu_304">
<pin_list>
<pin id="305" dir="0" index="0" bw="8" slack="2"/>
<pin id="306" dir="1" index="1" bw="8" slack="0"/>
</pin_list>
<bind>
<opcode="load(27) " fcode="load"/>
<opset="weightsT_5_loc_load/3 "/>
</bind>
</comp>

<comp id="308" class="1004" name="weightsT_4_loc_load_load_fu_308">
<pin_list>
<pin id="309" dir="0" index="0" bw="8" slack="2"/>
<pin id="310" dir="1" index="1" bw="8" slack="0"/>
</pin_list>
<bind>
<opcode="load(27) " fcode="load"/>
<opset="weightsT_4_loc_load/3 "/>
</bind>
</comp>

<comp id="312" class="1004" name="weightsT_3_loc_load_load_fu_312">
<pin_list>
<pin id="313" dir="0" index="0" bw="8" slack="2"/>
<pin id="314" dir="1" index="1" bw="8" slack="0"/>
</pin_list>
<bind>
<opcode="load(27) " fcode="load"/>
<opset="weightsT_3_loc_load/3 "/>
</bind>
</comp>

<comp id="316" class="1004" name="weightsT_2_loc_load_load_fu_316">
<pin_list>
<pin id="317" dir="0" index="0" bw="8" slack="2"/>
<pin id="318" dir="1" index="1" bw="8" slack="0"/>
</pin_list>
<bind>
<opcode="load(27) " fcode="load"/>
<opset="weightsT_2_loc_load/3 "/>
</bind>
</comp>

<comp id="320" class="1004" name="weightsT_1_loc_load_load_fu_320">
<pin_list>
<pin id="321" dir="0" index="0" bw="8" slack="2"/>
<pin id="322" dir="1" index="1" bw="8" slack="0"/>
</pin_list>
<bind>
<opcode="load(27) " fcode="load"/>
<opset="weightsT_1_loc_load/3 "/>
</bind>
</comp>

<comp id="324" class="1004" name="weightsT_loc_load_load_fu_324">
<pin_list>
<pin id="325" dir="0" index="0" bw="8" slack="2"/>
<pin id="326" dir="1" index="1" bw="8" slack="0"/>
</pin_list>
<bind>
<opcode="load(27) " fcode="load"/>
<opset="weightsT_loc_load/3 "/>
</bind>
</comp>

<comp id="328" class="1004" name="img_outT_3_1_loc_load_load_fu_328">
<pin_list>
<pin id="329" dir="0" index="0" bw="8" slack="4"/>
<pin id="330" dir="1" index="1" bw="8" slack="0"/>
</pin_list>
<bind>
<opcode="load(27) " fcode="load"/>
<opset="img_outT_3_1_loc_load/5 "/>
</bind>
</comp>

<comp id="332" class="1004" name="img_outT_2_1_loc_load_load_fu_332">
<pin_list>
<pin id="333" dir="0" index="0" bw="8" slack="4"/>
<pin id="334" dir="1" index="1" bw="8" slack="0"/>
</pin_list>
<bind>
<opcode="load(27) " fcode="load"/>
<opset="img_outT_2_1_loc_load/5 "/>
</bind>
</comp>

<comp id="336" class="1004" name="img_outT_1_1_loc_load_load_fu_336">
<pin_list>
<pin id="337" dir="0" index="0" bw="8" slack="4"/>
<pin id="338" dir="1" index="1" bw="8" slack="0"/>
</pin_list>
<bind>
<opcode="load(27) " fcode="load"/>
<opset="img_outT_1_1_loc_load/5 "/>
</bind>
</comp>

<comp id="340" class="1004" name="img_outT_0_1_loc_load_load_fu_340">
<pin_list>
<pin id="341" dir="0" index="0" bw="8" slack="4"/>
<pin id="342" dir="1" index="1" bw="8" slack="0"/>
</pin_list>
<bind>
<opcode="load(27) " fcode="load"/>
<opset="img_outT_0_1_loc_load/5 "/>
</bind>
</comp>

<comp id="344" class="1005" name="img_outT_0_1_loc_reg_344">
<pin_list>
<pin id="345" dir="0" index="0" bw="8" slack="2"/>
<pin id="346" dir="1" index="1" bw="8" slack="2"/>
</pin_list>
<bind>
<opset="img_outT_0_1_loc "/>
</bind>
</comp>

<comp id="350" class="1005" name="img_outT_1_1_loc_reg_350">
<pin_list>
<pin id="351" dir="0" index="0" bw="8" slack="2"/>
<pin id="352" dir="1" index="1" bw="8" slack="2"/>
</pin_list>
<bind>
<opset="img_outT_1_1_loc "/>
</bind>
</comp>

<comp id="356" class="1005" name="img_outT_2_1_loc_reg_356">
<pin_list>
<pin id="357" dir="0" index="0" bw="8" slack="2"/>
<pin id="358" dir="1" index="1" bw="8" slack="2"/>
</pin_list>
<bind>
<opset="img_outT_2_1_loc "/>
</bind>
</comp>

<comp id="362" class="1005" name="img_outT_3_1_loc_reg_362">
<pin_list>
<pin id="363" dir="0" index="0" bw="8" slack="2"/>
<pin id="364" dir="1" index="1" bw="8" slack="2"/>
</pin_list>
<bind>
<opset="img_outT_3_1_loc "/>
</bind>
</comp>

<comp id="368" class="1005" name="weightsT_loc_reg_368">
<pin_list>
<pin id="369" dir="0" index="0" bw="8" slack="0"/>
<pin id="370" dir="1" index="1" bw="8" slack="0"/>
</pin_list>
<bind>
<opset="weightsT_loc "/>
</bind>
</comp>

<comp id="374" class="1005" name="weightsT_1_loc_reg_374">
<pin_list>
<pin id="375" dir="0" index="0" bw="8" slack="0"/>
<pin id="376" dir="1" index="1" bw="8" slack="0"/>
</pin_list>
<bind>
<opset="weightsT_1_loc "/>
</bind>
</comp>

<comp id="380" class="1005" name="weightsT_2_loc_reg_380">
<pin_list>
<pin id="381" dir="0" index="0" bw="8" slack="0"/>
<pin id="382" dir="1" index="1" bw="8" slack="0"/>
</pin_list>
<bind>
<opset="weightsT_2_loc "/>
</bind>
</comp>

<comp id="386" class="1005" name="weightsT_3_loc_reg_386">
<pin_list>
<pin id="387" dir="0" index="0" bw="8" slack="0"/>
<pin id="388" dir="1" index="1" bw="8" slack="0"/>
</pin_list>
<bind>
<opset="weightsT_3_loc "/>
</bind>
</comp>

<comp id="392" class="1005" name="weightsT_4_loc_reg_392">
<pin_list>
<pin id="393" dir="0" index="0" bw="8" slack="0"/>
<pin id="394" dir="1" index="1" bw="8" slack="0"/>
</pin_list>
<bind>
<opset="weightsT_4_loc "/>
</bind>
</comp>

<comp id="398" class="1005" name="weightsT_5_loc_reg_398">
<pin_list>
<pin id="399" dir="0" index="0" bw="8" slack="0"/>
<pin id="400" dir="1" index="1" bw="8" slack="0"/>
</pin_list>
<bind>
<opset="weightsT_5_loc "/>
</bind>
</comp>

<comp id="404" class="1005" name="weightsT_6_loc_reg_404">
<pin_list>
<pin id="405" dir="0" index="0" bw="8" slack="0"/>
<pin id="406" dir="1" index="1" bw="8" slack="0"/>
</pin_list>
<bind>
<opset="weightsT_6_loc "/>
</bind>
</comp>

<comp id="410" class="1005" name="weightsT_7_loc_reg_410">
<pin_list>
<pin id="411" dir="0" index="0" bw="8" slack="0"/>
<pin id="412" dir="1" index="1" bw="8" slack="0"/>
</pin_list>
<bind>
<opset="weightsT_7_loc "/>
</bind>
</comp>

<comp id="416" class="1005" name="weightsT_8_loc_reg_416">
<pin_list>
<pin id="417" dir="0" index="0" bw="8" slack="0"/>
<pin id="418" dir="1" index="1" bw="8" slack="0"/>
</pin_list>
<bind>
<opset="weightsT_8_loc "/>
</bind>
</comp>

<comp id="422" class="1005" name="img_inT_loc_reg_422">
<pin_list>
<pin id="423" dir="0" index="0" bw="8" slack="0"/>
<pin id="424" dir="1" index="1" bw="8" slack="0"/>
</pin_list>
<bind>
<opset="img_inT_loc "/>
</bind>
</comp>

<comp id="428" class="1005" name="img_inT_1_loc_reg_428">
<pin_list>
<pin id="429" dir="0" index="0" bw="8" slack="0"/>
<pin id="430" dir="1" index="1" bw="8" slack="0"/>
</pin_list>
<bind>
<opset="img_inT_1_loc "/>
</bind>
</comp>

<comp id="434" class="1005" name="img_inT_2_loc_reg_434">
<pin_list>
<pin id="435" dir="0" index="0" bw="8" slack="0"/>
<pin id="436" dir="1" index="1" bw="8" slack="0"/>
</pin_list>
<bind>
<opset="img_inT_2_loc "/>
</bind>
</comp>

<comp id="440" class="1005" name="img_inT_3_loc_reg_440">
<pin_list>
<pin id="441" dir="0" index="0" bw="8" slack="0"/>
<pin id="442" dir="1" index="1" bw="8" slack="0"/>
</pin_list>
<bind>
<opset="img_inT_3_loc "/>
</bind>
</comp>

<comp id="446" class="1005" name="img_inT_4_loc_reg_446">
<pin_list>
<pin id="447" dir="0" index="0" bw="8" slack="0"/>
<pin id="448" dir="1" index="1" bw="8" slack="0"/>
</pin_list>
<bind>
<opset="img_inT_4_loc "/>
</bind>
</comp>

<comp id="452" class="1005" name="img_inT_5_loc_reg_452">
<pin_list>
<pin id="453" dir="0" index="0" bw="8" slack="0"/>
<pin id="454" dir="1" index="1" bw="8" slack="0"/>
</pin_list>
<bind>
<opset="img_inT_5_loc "/>
</bind>
</comp>

<comp id="458" class="1005" name="img_inT_6_loc_reg_458">
<pin_list>
<pin id="459" dir="0" index="0" bw="8" slack="0"/>
<pin id="460" dir="1" index="1" bw="8" slack="0"/>
</pin_list>
<bind>
<opset="img_inT_6_loc "/>
</bind>
</comp>

<comp id="464" class="1005" name="img_inT_7_loc_reg_464">
<pin_list>
<pin id="465" dir="0" index="0" bw="8" slack="0"/>
<pin id="466" dir="1" index="1" bw="8" slack="0"/>
</pin_list>
<bind>
<opset="img_inT_7_loc "/>
</bind>
</comp>

<comp id="470" class="1005" name="img_inT_8_loc_reg_470">
<pin_list>
<pin id="471" dir="0" index="0" bw="8" slack="0"/>
<pin id="472" dir="1" index="1" bw="8" slack="0"/>
</pin_list>
<bind>
<opset="img_inT_8_loc "/>
</bind>
</comp>

<comp id="476" class="1005" name="img_inT_9_loc_reg_476">
<pin_list>
<pin id="477" dir="0" index="0" bw="8" slack="0"/>
<pin id="478" dir="1" index="1" bw="8" slack="0"/>
</pin_list>
<bind>
<opset="img_inT_9_loc "/>
</bind>
</comp>

<comp id="482" class="1005" name="img_inT_10_loc_reg_482">
<pin_list>
<pin id="483" dir="0" index="0" bw="8" slack="0"/>
<pin id="484" dir="1" index="1" bw="8" slack="0"/>
</pin_list>
<bind>
<opset="img_inT_10_loc "/>
</bind>
</comp>

<comp id="488" class="1005" name="img_inT_11_loc_reg_488">
<pin_list>
<pin id="489" dir="0" index="0" bw="8" slack="0"/>
<pin id="490" dir="1" index="1" bw="8" slack="0"/>
</pin_list>
<bind>
<opset="img_inT_11_loc "/>
</bind>
</comp>

<comp id="494" class="1005" name="img_inT_12_loc_reg_494">
<pin_list>
<pin id="495" dir="0" index="0" bw="8" slack="0"/>
<pin id="496" dir="1" index="1" bw="8" slack="0"/>
</pin_list>
<bind>
<opset="img_inT_12_loc "/>
</bind>
</comp>

<comp id="500" class="1005" name="img_inT_13_loc_reg_500">
<pin_list>
<pin id="501" dir="0" index="0" bw="8" slack="0"/>
<pin id="502" dir="1" index="1" bw="8" slack="0"/>
</pin_list>
<bind>
<opset="img_inT_13_loc "/>
</bind>
</comp>

<comp id="506" class="1005" name="img_inT_14_loc_reg_506">
<pin_list>
<pin id="507" dir="0" index="0" bw="8" slack="0"/>
<pin id="508" dir="1" index="1" bw="8" slack="0"/>
</pin_list>
<bind>
<opset="img_inT_14_loc "/>
</bind>
</comp>

<comp id="512" class="1005" name="img_inT_15_loc_reg_512">
<pin_list>
<pin id="513" dir="0" index="0" bw="8" slack="0"/>
<pin id="514" dir="1" index="1" bw="8" slack="0"/>
</pin_list>
<bind>
<opset="img_inT_15_loc "/>
</bind>
</comp>

</comp_list>

<net_list>
<net id="35"><net_src comp="6" pin="0"/><net_sink comp="32" pin=0"/></net>

<net id="39"><net_src comp="6" pin="0"/><net_sink comp="36" pin=0"/></net>

<net id="43"><net_src comp="6" pin="0"/><net_sink comp="40" pin=0"/></net>

<net id="47"><net_src comp="6" pin="0"/><net_sink comp="44" pin=0"/></net>

<net id="51"><net_src comp="6" pin="0"/><net_sink comp="48" pin=0"/></net>

<net id="55"><net_src comp="6" pin="0"/><net_sink comp="52" pin=0"/></net>

<net id="59"><net_src comp="6" pin="0"/><net_sink comp="56" pin=0"/></net>

<net id="63"><net_src comp="6" pin="0"/><net_sink comp="60" pin=0"/></net>

<net id="67"><net_src comp="6" pin="0"/><net_sink comp="64" pin=0"/></net>

<net id="71"><net_src comp="6" pin="0"/><net_sink comp="68" pin=0"/></net>

<net id="75"><net_src comp="6" pin="0"/><net_sink comp="72" pin=0"/></net>

<net id="79"><net_src comp="6" pin="0"/><net_sink comp="76" pin=0"/></net>

<net id="83"><net_src comp="6" pin="0"/><net_sink comp="80" pin=0"/></net>

<net id="87"><net_src comp="6" pin="0"/><net_sink comp="84" pin=0"/></net>

<net id="91"><net_src comp="6" pin="0"/><net_sink comp="88" pin=0"/></net>

<net id="95"><net_src comp="6" pin="0"/><net_sink comp="92" pin=0"/></net>

<net id="99"><net_src comp="6" pin="0"/><net_sink comp="96" pin=0"/></net>

<net id="103"><net_src comp="6" pin="0"/><net_sink comp="100" pin=0"/></net>

<net id="107"><net_src comp="6" pin="0"/><net_sink comp="104" pin=0"/></net>

<net id="111"><net_src comp="6" pin="0"/><net_sink comp="108" pin=0"/></net>

<net id="115"><net_src comp="6" pin="0"/><net_sink comp="112" pin=0"/></net>

<net id="119"><net_src comp="6" pin="0"/><net_sink comp="116" pin=0"/></net>

<net id="123"><net_src comp="6" pin="0"/><net_sink comp="120" pin=0"/></net>

<net id="127"><net_src comp="6" pin="0"/><net_sink comp="124" pin=0"/></net>

<net id="131"><net_src comp="6" pin="0"/><net_sink comp="128" pin=0"/></net>

<net id="135"><net_src comp="6" pin="0"/><net_sink comp="132" pin=0"/></net>

<net id="139"><net_src comp="6" pin="0"/><net_sink comp="136" pin=0"/></net>

<net id="143"><net_src comp="6" pin="0"/><net_sink comp="140" pin=0"/></net>

<net id="147"><net_src comp="6" pin="0"/><net_sink comp="144" pin=0"/></net>

<net id="168"><net_src comp="8" pin="0"/><net_sink comp="148" pin=0"/></net>

<net id="169"><net_src comp="0" pin="0"/><net_sink comp="148" pin=1"/></net>

<net id="183"><net_src comp="10" pin="0"/><net_sink comp="170" pin=0"/></net>

<net id="184"><net_src comp="4" pin="0"/><net_sink comp="170" pin=1"/></net>

<net id="217"><net_src comp="12" pin="0"/><net_sink comp="185" pin=0"/></net>

<net id="226"><net_src comp="14" pin="0"/><net_sink comp="218" pin=0"/></net>

<net id="227"><net_src comp="2" pin="0"/><net_sink comp="218" pin=5"/></net>

<net id="231"><net_src comp="228" pin="1"/><net_sink comp="185" pin=24"/></net>

<net id="235"><net_src comp="232" pin="1"/><net_sink comp="185" pin=22"/></net>

<net id="239"><net_src comp="236" pin="1"/><net_sink comp="185" pin=20"/></net>

<net id="243"><net_src comp="240" pin="1"/><net_sink comp="185" pin=19"/></net>

<net id="247"><net_src comp="244" pin="1"/><net_sink comp="185" pin=17"/></net>

<net id="251"><net_src comp="248" pin="1"/><net_sink comp="185" pin=15"/></net>

<net id="255"><net_src comp="252" pin="1"/><net_sink comp="185" pin=13"/></net>

<net id="259"><net_src comp="256" pin="1"/><net_sink comp="185" pin=12"/></net>

<net id="263"><net_src comp="260" pin="1"/><net_sink comp="185" pin=10"/></net>

<net id="267"><net_src comp="264" pin="1"/><net_sink comp="185" pin=8"/></net>

<net id="271"><net_src comp="268" pin="1"/><net_sink comp="185" pin=6"/></net>

<net id="275"><net_src comp="272" pin="1"/><net_sink comp="185" pin=5"/></net>

<net id="279"><net_src comp="276" pin="1"/><net_sink comp="185" pin=4"/></net>

<net id="283"><net_src comp="280" pin="1"/><net_sink comp="185" pin=3"/></net>

<net id="287"><net_src comp="284" pin="1"/><net_sink comp="185" pin=2"/></net>

<net id="291"><net_src comp="288" pin="1"/><net_sink comp="185" pin=1"/></net>

<net id="295"><net_src comp="292" pin="1"/><net_sink comp="185" pin=25"/></net>

<net id="299"><net_src comp="296" pin="1"/><net_sink comp="185" pin=23"/></net>

<net id="303"><net_src comp="300" pin="1"/><net_sink comp="185" pin=21"/></net>

<net id="307"><net_src comp="304" pin="1"/><net_sink comp="185" pin=18"/></net>

<net id="311"><net_src comp="308" pin="1"/><net_sink comp="185" pin=16"/></net>

<net id="315"><net_src comp="312" pin="1"/><net_sink comp="185" pin=14"/></net>

<net id="319"><net_src comp="316" pin="1"/><net_sink comp="185" pin=11"/></net>

<net id="323"><net_src comp="320" pin="1"/><net_sink comp="185" pin=9"/></net>

<net id="327"><net_src comp="324" pin="1"/><net_sink comp="185" pin=7"/></net>

<net id="331"><net_src comp="328" pin="1"/><net_sink comp="218" pin=4"/></net>

<net id="335"><net_src comp="332" pin="1"/><net_sink comp="218" pin=3"/></net>

<net id="339"><net_src comp="336" pin="1"/><net_sink comp="218" pin=2"/></net>

<net id="343"><net_src comp="340" pin="1"/><net_sink comp="218" pin=1"/></net>

<net id="347"><net_src comp="32" pin="1"/><net_sink comp="344" pin=0"/></net>

<net id="348"><net_src comp="344" pin="1"/><net_sink comp="185" pin=29"/></net>

<net id="349"><net_src comp="344" pin="1"/><net_sink comp="340" pin=0"/></net>

<net id="353"><net_src comp="36" pin="1"/><net_sink comp="350" pin=0"/></net>

<net id="354"><net_src comp="350" pin="1"/><net_sink comp="185" pin=28"/></net>

<net id="355"><net_src comp="350" pin="1"/><net_sink comp="336" pin=0"/></net>

<net id="359"><net_src comp="40" pin="1"/><net_sink comp="356" pin=0"/></net>

<net id="360"><net_src comp="356" pin="1"/><net_sink comp="185" pin=27"/></net>

<net id="361"><net_src comp="356" pin="1"/><net_sink comp="332" pin=0"/></net>

<net id="365"><net_src comp="44" pin="1"/><net_sink comp="362" pin=0"/></net>

<net id="366"><net_src comp="362" pin="1"/><net_sink comp="185" pin=26"/></net>

<net id="367"><net_src comp="362" pin="1"/><net_sink comp="328" pin=0"/></net>

<net id="371"><net_src comp="48" pin="1"/><net_sink comp="368" pin=0"/></net>

<net id="372"><net_src comp="368" pin="1"/><net_sink comp="170" pin=10"/></net>

<net id="373"><net_src comp="368" pin="1"/><net_sink comp="324" pin=0"/></net>

<net id="377"><net_src comp="52" pin="1"/><net_sink comp="374" pin=0"/></net>

<net id="378"><net_src comp="374" pin="1"/><net_sink comp="170" pin=9"/></net>

<net id="379"><net_src comp="374" pin="1"/><net_sink comp="320" pin=0"/></net>

<net id="383"><net_src comp="56" pin="1"/><net_sink comp="380" pin=0"/></net>

<net id="384"><net_src comp="380" pin="1"/><net_sink comp="170" pin=8"/></net>

<net id="385"><net_src comp="380" pin="1"/><net_sink comp="316" pin=0"/></net>

<net id="389"><net_src comp="60" pin="1"/><net_sink comp="386" pin=0"/></net>

<net id="390"><net_src comp="386" pin="1"/><net_sink comp="170" pin=7"/></net>

<net id="391"><net_src comp="386" pin="1"/><net_sink comp="312" pin=0"/></net>

<net id="395"><net_src comp="64" pin="1"/><net_sink comp="392" pin=0"/></net>

<net id="396"><net_src comp="392" pin="1"/><net_sink comp="170" pin=6"/></net>

<net id="397"><net_src comp="392" pin="1"/><net_sink comp="308" pin=0"/></net>

<net id="401"><net_src comp="68" pin="1"/><net_sink comp="398" pin=0"/></net>

<net id="402"><net_src comp="398" pin="1"/><net_sink comp="170" pin=5"/></net>

<net id="403"><net_src comp="398" pin="1"/><net_sink comp="304" pin=0"/></net>

<net id="407"><net_src comp="72" pin="1"/><net_sink comp="404" pin=0"/></net>

<net id="408"><net_src comp="404" pin="1"/><net_sink comp="170" pin=4"/></net>

<net id="409"><net_src comp="404" pin="1"/><net_sink comp="300" pin=0"/></net>

<net id="413"><net_src comp="76" pin="1"/><net_sink comp="410" pin=0"/></net>

<net id="414"><net_src comp="410" pin="1"/><net_sink comp="170" pin=3"/></net>

<net id="415"><net_src comp="410" pin="1"/><net_sink comp="296" pin=0"/></net>

<net id="419"><net_src comp="80" pin="1"/><net_sink comp="416" pin=0"/></net>

<net id="420"><net_src comp="416" pin="1"/><net_sink comp="170" pin=2"/></net>

<net id="421"><net_src comp="416" pin="1"/><net_sink comp="292" pin=0"/></net>

<net id="425"><net_src comp="84" pin="1"/><net_sink comp="422" pin=0"/></net>

<net id="426"><net_src comp="422" pin="1"/><net_sink comp="148" pin=17"/></net>

<net id="427"><net_src comp="422" pin="1"/><net_sink comp="288" pin=0"/></net>

<net id="431"><net_src comp="88" pin="1"/><net_sink comp="428" pin=0"/></net>

<net id="432"><net_src comp="428" pin="1"/><net_sink comp="148" pin=16"/></net>

<net id="433"><net_src comp="428" pin="1"/><net_sink comp="284" pin=0"/></net>

<net id="437"><net_src comp="92" pin="1"/><net_sink comp="434" pin=0"/></net>

<net id="438"><net_src comp="434" pin="1"/><net_sink comp="148" pin=15"/></net>

<net id="439"><net_src comp="434" pin="1"/><net_sink comp="280" pin=0"/></net>

<net id="443"><net_src comp="96" pin="1"/><net_sink comp="440" pin=0"/></net>

<net id="444"><net_src comp="440" pin="1"/><net_sink comp="148" pin=14"/></net>

<net id="445"><net_src comp="440" pin="1"/><net_sink comp="276" pin=0"/></net>

<net id="449"><net_src comp="100" pin="1"/><net_sink comp="446" pin=0"/></net>

<net id="450"><net_src comp="446" pin="1"/><net_sink comp="148" pin=13"/></net>

<net id="451"><net_src comp="446" pin="1"/><net_sink comp="272" pin=0"/></net>

<net id="455"><net_src comp="104" pin="1"/><net_sink comp="452" pin=0"/></net>

<net id="456"><net_src comp="452" pin="1"/><net_sink comp="148" pin=12"/></net>

<net id="457"><net_src comp="452" pin="1"/><net_sink comp="268" pin=0"/></net>

<net id="461"><net_src comp="108" pin="1"/><net_sink comp="458" pin=0"/></net>

<net id="462"><net_src comp="458" pin="1"/><net_sink comp="148" pin=11"/></net>

<net id="463"><net_src comp="458" pin="1"/><net_sink comp="264" pin=0"/></net>

<net id="467"><net_src comp="112" pin="1"/><net_sink comp="464" pin=0"/></net>

<net id="468"><net_src comp="464" pin="1"/><net_sink comp="148" pin=10"/></net>

<net id="469"><net_src comp="464" pin="1"/><net_sink comp="260" pin=0"/></net>

<net id="473"><net_src comp="116" pin="1"/><net_sink comp="470" pin=0"/></net>

<net id="474"><net_src comp="470" pin="1"/><net_sink comp="148" pin=9"/></net>

<net id="475"><net_src comp="470" pin="1"/><net_sink comp="256" pin=0"/></net>

<net id="479"><net_src comp="120" pin="1"/><net_sink comp="476" pin=0"/></net>

<net id="480"><net_src comp="476" pin="1"/><net_sink comp="148" pin=8"/></net>

<net id="481"><net_src comp="476" pin="1"/><net_sink comp="252" pin=0"/></net>

<net id="485"><net_src comp="124" pin="1"/><net_sink comp="482" pin=0"/></net>

<net id="486"><net_src comp="482" pin="1"/><net_sink comp="148" pin=7"/></net>

<net id="487"><net_src comp="482" pin="1"/><net_sink comp="248" pin=0"/></net>

<net id="491"><net_src comp="128" pin="1"/><net_sink comp="488" pin=0"/></net>

<net id="492"><net_src comp="488" pin="1"/><net_sink comp="148" pin=6"/></net>

<net id="493"><net_src comp="488" pin="1"/><net_sink comp="244" pin=0"/></net>

<net id="497"><net_src comp="132" pin="1"/><net_sink comp="494" pin=0"/></net>

<net id="498"><net_src comp="494" pin="1"/><net_sink comp="148" pin=5"/></net>

<net id="499"><net_src comp="494" pin="1"/><net_sink comp="240" pin=0"/></net>

<net id="503"><net_src comp="136" pin="1"/><net_sink comp="500" pin=0"/></net>

<net id="504"><net_src comp="500" pin="1"/><net_sink comp="148" pin=4"/></net>

<net id="505"><net_src comp="500" pin="1"/><net_sink comp="236" pin=0"/></net>

<net id="509"><net_src comp="140" pin="1"/><net_sink comp="506" pin=0"/></net>

<net id="510"><net_src comp="506" pin="1"/><net_sink comp="148" pin=3"/></net>

<net id="511"><net_src comp="506" pin="1"/><net_sink comp="232" pin=0"/></net>

<net id="515"><net_src comp="144" pin="1"/><net_sink comp="512" pin=0"/></net>

<net id="516"><net_src comp="512" pin="1"/><net_sink comp="148" pin=2"/></net>

<net id="517"><net_src comp="512" pin="1"/><net_sink comp="228" pin=0"/></net>

</net_list>

</model> 
---------------- Datapath Model END ------------------

* FSMD analyzer results:
  - Output states:
	Port: img_out | {5 6 }
 - Input state : 
	Port: conv2D0 : img_in | {1 2 }
	Port: conv2D0 : weights | {1 2 }
  - Chain level:
	State 1
		call_ln0 : 1
		call_ln0 : 1
	State 2
	State 3
		call_ln0 : 1
	State 4
	State 5
		call_ln0 : 1
	State 6


============================================================
+ Verbose Summary: Datapath Resource usage 
============================================================

* Functional unit list:
|----------|-------------------------------------------------|---------|---------|---------|---------|
| Operation|                 Functional Unit                 |   DSP   |  Delay  |    FF   |   LUT   |
|----------|-------------------------------------------------|---------|---------|---------|---------|
|          |       grp_conv2D0_Pipeline_readImg_fu_148       |    0    |  1.588  |   141   |    35   |
|   call   |     grp_conv2D0_Pipeline_readweights_fu_170     |    0    |  1.588  |    84   |    35   |
|          | grp_conv2D0_Pipeline_loop_orow_loop_ocol_fu_185 |    5    | 14.8885 |   341   |   646   |
|          |       grp_conv2D0_Pipeline_writeImg_fu_218      |    0    |    0    |    3    |    42   |
|----------|-------------------------------------------------|---------|---------|---------|---------|
|   Total  |                                                 |    5    | 18.0645 |   569   |   758   |
|----------|-------------------------------------------------|---------|---------|---------|---------|

Memories:
N/A

* Register list:
+------------------------+--------+
|                        |   FF   |
+------------------------+--------+
| img_inT_10_loc_reg_482 |    8   |
| img_inT_11_loc_reg_488 |    8   |
| img_inT_12_loc_reg_494 |    8   |
| img_inT_13_loc_reg_500 |    8   |
| img_inT_14_loc_reg_506 |    8   |
| img_inT_15_loc_reg_512 |    8   |
|  img_inT_1_loc_reg_428 |    8   |
|  img_inT_2_loc_reg_434 |    8   |
|  img_inT_3_loc_reg_440 |    8   |
|  img_inT_4_loc_reg_446 |    8   |
|  img_inT_5_loc_reg_452 |    8   |
|  img_inT_6_loc_reg_458 |    8   |
|  img_inT_7_loc_reg_464 |    8   |
|  img_inT_8_loc_reg_470 |    8   |
|  img_inT_9_loc_reg_476 |    8   |
|   img_inT_loc_reg_422  |    8   |
|img_outT_0_1_loc_reg_344|    8   |
|img_outT_1_1_loc_reg_350|    8   |
|img_outT_2_1_loc_reg_356|    8   |
|img_outT_3_1_loc_reg_362|    8   |
| weightsT_1_loc_reg_374 |    8   |
| weightsT_2_loc_reg_380 |    8   |
| weightsT_3_loc_reg_386 |    8   |
| weightsT_4_loc_reg_392 |    8   |
| weightsT_5_loc_reg_398 |    8   |
| weightsT_6_loc_reg_404 |    8   |
| weightsT_7_loc_reg_410 |    8   |
| weightsT_8_loc_reg_416 |    8   |
|  weightsT_loc_reg_368  |    8   |
+------------------------+--------+
|          Total         |   232  |
+------------------------+--------+

* Multiplexer (MUX) list: 
|--------|------|------|------|--------|
|  Comp  |  Pin | Size |  BW  | S x BW |
|--------|------|------|------|--------|
|  Total |      |      |      |    0   |
|--------|------|------|------|--------|



* Summary:
+-----------+--------+--------+--------+--------+
|           |   DSP  |  Delay |   FF   |   LUT  |
+-----------+--------+--------+--------+--------+
|  Function |    5   |   18   |   569  |   758  |
|   Memory  |    -   |    -   |    -   |    -   |
|Multiplexer|    -   |    -   |    -   |    -   |
|  Register |    -   |    -   |   232  |    -   |
+-----------+--------+--------+--------+--------+
|   Total   |    5   |   18   |   801  |   758  |
+-----------+--------+--------+--------+--------+
