==============================================================
Vitis HLS - High-Level Synthesis from C, C++ and OpenCL v2023.2 (64-bit)
Tool Version Limit: 2023.10
Copyright 1986-2022 Xilinx, Inc. All Rights Reserved.
Copyright 2022-2023 Advanced Micro Devices, Inc. All Rights Reserved.

==============================================================
INFO: [SYN 201-201] Setting up clock 'default' with a period of 10ns.
INFO: [HLS 200-1611] Setting target device to 'xc7z010i-clg225-1L'
INFO: [HLS 200-1505] Using flow_target 'vivado'
INFO: [HLS 200-1510] Running: set_part xc7z010i-clg225-1L 
INFO: [HLS 200-1510] Running: create_clock -period 10 -name default 
INFO: [HLS 200-1510] Running: source ./Project1/pipeline_unroll_2/directives.tcl
INFO: [HLS 200-1510] Running: set_directive_top -name conv2D0 conv2D0 
INFO: [HLS 200-1510] Running: csynth_design 
INFO: [HLS 200-111] Finished File checks and directory preparation: CPU user time: 0 seconds. CPU system time: 0 seconds. Elapsed time: 0.162 seconds; current allocated memory: 109.770 MB.
INFO: [HLS 200-10] Analyzing design file 'conv2D0.cpp' ... 
INFO: [HLS 200-111] Finished Source Code Analysis and Preprocessing: CPU user time: 0 seconds. CPU system time: 0 seconds. Elapsed time: 1.523 seconds; current allocated memory: 111.406 MB.
INFO: [HLS 200-777] Using interface defaults for 'Vivado' flow target.
INFO: [HLS 200-1995] There were 122 instructions in the design after the 'Compile/Link' phase of compilation. See the Design Size Report for more details: D:/Cadeiras/AAC/labs/Project1/Project1/pipeline_unroll_2/syn/report/csynth_design_size.rpt
INFO: [HLS 200-1995] There were 107 instructions in the design after the 'Unroll/Inline (step 1)' phase of compilation. See the Design Size Report for more details: D:/Cadeiras/AAC/labs/Project1/Project1/pipeline_unroll_2/syn/report/csynth_design_size.rpt
INFO: [HLS 200-1995] There were 92 instructions in the design after the 'Unroll/Inline (step 2)' phase of compilation. See the Design Size Report for more details: D:/Cadeiras/AAC/labs/Project1/Project1/pipeline_unroll_2/syn/report/csynth_design_size.rpt
INFO: [HLS 200-1995] There were 84 instructions in the design after the 'Unroll/Inline (step 3)' phase of compilation. See the Design Size Report for more details: D:/Cadeiras/AAC/labs/Project1/Project1/pipeline_unroll_2/syn/report/csynth_design_size.rpt
INFO: [HLS 200-1995] There were 84 instructions in the design after the 'Unroll/Inline (step 4)' phase of compilation. See the Design Size Report for more details: D:/Cadeiras/AAC/labs/Project1/Project1/pipeline_unroll_2/syn/report/csynth_design_size.rpt
INFO: [HLS 200-1995] There were 84 instructions in the design after the 'Array/Struct (step 1)' phase of compilation. See the Design Size Report for more details: D:/Cadeiras/AAC/labs/Project1/Project1/pipeline_unroll_2/syn/report/csynth_design_size.rpt
INFO: [HLS 200-1995] There were 84 instructions in the design after the 'Array/Struct (step 2)' phase of compilation. See the Design Size Report for more details: D:/Cadeiras/AAC/labs/Project1/Project1/pipeline_unroll_2/syn/report/csynth_design_size.rpt
INFO: [HLS 200-1995] There were 84 instructions in the design after the 'Array/Struct (step 3)' phase of compilation. See the Design Size Report for more details: D:/Cadeiras/AAC/labs/Project1/Project1/pipeline_unroll_2/syn/report/csynth_design_size.rpt
INFO: [HLS 200-1995] There were 84 instructions in the design after the 'Array/Struct (step 4)' phase of compilation. See the Design Size Report for more details: D:/Cadeiras/AAC/labs/Project1/Project1/pipeline_unroll_2/syn/report/csynth_design_size.rpt
INFO: [HLS 200-1995] There were 86 instructions in the design after the 'Array/Struct (step 5)' phase of compilation. See the Design Size Report for more details: D:/Cadeiras/AAC/labs/Project1/Project1/pipeline_unroll_2/syn/report/csynth_design_size.rpt
INFO: [HLS 200-1995] There were 84 instructions in the design after the 'Performance (step 1)' phase of compilation. See the Design Size Report for more details: D:/Cadeiras/AAC/labs/Project1/Project1/pipeline_unroll_2/syn/report/csynth_design_size.rpt
INFO: [HLS 200-1995] There were 150 instructions in the design after the 'Performance (step 2)' phase of compilation. See the Design Size Report for more details: D:/Cadeiras/AAC/labs/Project1/Project1/pipeline_unroll_2/syn/report/csynth_design_size.rpt
INFO: [HLS 200-1995] There were 294 instructions in the design after the 'Performance (step 3)' phase of compilation. See the Design Size Report for more details: D:/Cadeiras/AAC/labs/Project1/Project1/pipeline_unroll_2/syn/report/csynth_design_size.rpt
INFO: [HLS 200-1995] There were 182 instructions in the design after the 'Performance (step 4)' phase of compilation. See the Design Size Report for more details: D:/Cadeiras/AAC/labs/Project1/Project1/pipeline_unroll_2/syn/report/csynth_design_size.rpt
INFO: [HLS 200-1995] There were 188 instructions in the design after the 'HW Transforms (step 1)' phase of compilation. See the Design Size Report for more details: D:/Cadeiras/AAC/labs/Project1/Project1/pipeline_unroll_2/syn/report/csynth_design_size.rpt
INFO: [HLS 200-1995] There were 211 instructions in the design after the 'HW Transforms (step 2)' phase of compilation. See the Design Size Report for more details: D:/Cadeiras/AAC/labs/Project1/Project1/pipeline_unroll_2/syn/report/csynth_design_size.rpt
INFO: [HLS 214-188] Unrolling loop 'readweights' (conv2D0.cpp:16:15) in function 'conv2D0' partially with a factor of 2 (conv2D0.cpp:7:0)
INFO: [HLS 214-188] Unrolling loop 'readImg' (conv2D0.cpp:12:11) in function 'conv2D0' partially with a factor of 2 (conv2D0.cpp:7:0)
INFO: [HLS 214-376] automatically set the pipeline for Loop< loop_ocol> at conv2D0.cpp:22:14 
INFO: [HLS 214-376] automatically set the pipeline for Loop< writeImg> at conv2D0.cpp:35:12 
INFO: [HLS 214-291] Loop 'loop_k1' is marked as complete unroll implied by the pipeline pragma (conv2D0.cpp:24:13)
INFO: [HLS 214-291] Loop 'loop_k2' is marked as complete unroll implied by the pipeline pragma (conv2D0.cpp:25:14)
INFO: [HLS 214-186] Unrolling loop 'loop_k1' (conv2D0.cpp:24:13) in function 'conv2D0' completely with a factor of 3 (conv2D0.cpp:7:0)
INFO: [HLS 214-186] Unrolling loop 'loop_k2' (conv2D0.cpp:25:14) in function 'conv2D0' completely with a factor of 3 (conv2D0.cpp:7:0)
INFO: [HLS 214-270] Inferring pragma 'array_partition type=complete dim=1' for array 'img_inT' due to pipeline pragma (conv2D0.cpp:8:16)
INFO: [HLS 214-270] Inferring pragma 'array_partition type=complete dim=1' for array 'weightsT' due to pipeline pragma (conv2D0.cpp:10:14)
INFO: [HLS 214-248] Applying array_partition to 'img_inT': Complete partitioning on dimension 1. (conv2D0.cpp:8:16)
INFO: [HLS 214-248] Applying array_partition to 'weightsT': Complete partitioning on dimension 1. (conv2D0.cpp:10:14)
INFO: [HLS 200-111] Finished Compiling Optimization and Transform: CPU user time: 0 seconds. CPU system time: 0 seconds. Elapsed time: 8.928 seconds; current allocated memory: 113.891 MB.
INFO: [HLS 200-111] Finished Checking Pragmas: CPU user time: 0 seconds. CPU system time: 0 seconds. Elapsed time: 0.003 seconds; current allocated memory: 113.891 MB.
INFO: [HLS 200-10] Starting code transformations ...
INFO: [HLS 200-111] Finished Standard Transforms: CPU user time: 0 seconds. CPU system time: 0 seconds. Elapsed time: 0.06 seconds; current allocated memory: 119.684 MB.
INFO: [HLS 200-10] Checking synthesizability ...
INFO: [HLS 200-111] Finished Checking Synthesizability: CPU user time: 0 seconds. CPU system time: 0 seconds. Elapsed time: 0.044 seconds; current allocated memory: 121.117 MB.
INFO: [XFORM 203-102] Automatically partitioning small array 'img_outT' (conv2D0.cpp:9) completely based on array size.
INFO: [XFORM 203-101] Partitioning array 'img_outT' (conv2D0.cpp:9) in dimension 1 completely.
INFO: [XFORM 203-401] Performing if-conversion on hyperblock from (conv2D0.cpp:19:16) to (conv2D0.cpp:16:15) in function 'conv2D0'... converting 5 basic blocks.
INFO: [XFORM 203-11] Balancing expressions in function 'conv2D0' (conv2D0.cpp:7:34)...15 expression(s) balanced.
INFO: [HLS 200-111] Finished Loop, function and other optimizations: CPU user time: 0 seconds. CPU system time: 0 seconds. Elapsed time: 0.151 seconds; current allocated memory: 142.809 MB.
INFO: [HLS 200-2061] Successfully converted nested loops 'loop_orow'(conv2D0.cpp:21:13) and 'loop_ocol'(conv2D0.cpp:22:14) in function 'conv2D0' into perfectly nested loops.
INFO: [XFORM 203-541] Flattening a loop nest 'loop_orow' (conv2D0.cpp:21:13) in function 'conv2D0'.
INFO: [HLS 200-111] Finished Architecture Synthesis: CPU user time: 0 seconds. CPU system time: 0 seconds. Elapsed time: 0.168 seconds; current allocated memory: 173.445 MB.
INFO: [HLS 200-10] Starting hardware synthesis ...
INFO: [HLS 200-10] Synthesizing 'conv2D0' ...
INFO: [HLS 200-10] ----------------------------------------------------------------
INFO: [HLS 200-42] -- Implementing module 'conv2D0_Pipeline_readImg' 
INFO: [HLS 200-10] ----------------------------------------------------------------
INFO: [SCHED 204-11] Starting scheduling ...
INFO: [SCHED 204-61] Pipelining loop 'readImg'.
INFO: [HLS 200-1470] Pipelining result : Target II = NA, Final II = 1, Depth = 2, loop 'readImg'
INFO: [SCHED 204-11] Finished scheduling.
INFO: [HLS 200-111] Finished Scheduling: CPU user time: 0 seconds. CPU system time: 0 seconds. Elapsed time: 0.227 seconds; current allocated memory: 178.199 MB.
INFO: [BIND 205-100] Starting micro-architecture generation ...
INFO: [BIND 205-101] Performing variable lifetime analysis.
INFO: [BIND 205-101] Exploring resource sharing.
INFO: [BIND 205-101] Binding ...
INFO: [BIND 205-100] Finished micro-architecture generation.
INFO: [HLS 200-111] Finished Binding: CPU user time: 0 seconds. CPU system time: 0 seconds. Elapsed time: 0.203 seconds; current allocated memory: 179.523 MB.
INFO: [HLS 200-10] ----------------------------------------------------------------
INFO: [HLS 200-42] -- Implementing module 'conv2D0_Pipeline_readweights' 
INFO: [HLS 200-10] ----------------------------------------------------------------
INFO: [SCHED 204-11] Starting scheduling ...
INFO: [SCHED 204-61] Pipelining loop 'readweights'.
INFO: [HLS 200-1470] Pipelining result : Target II = NA, Final II = 1, Depth = 2, loop 'readweights'
INFO: [SCHED 204-11] Finished scheduling.
INFO: [HLS 200-111] Finished Scheduling: CPU user time: 0 seconds. CPU system time: 0 seconds. Elapsed time: 0.139 seconds; current allocated memory: 180.598 MB.
INFO: [BIND 205-100] Starting micro-architecture generation ...
INFO: [BIND 205-101] Performing variable lifetime analysis.
INFO: [BIND 205-101] Exploring resource sharing.
INFO: [BIND 205-101] Binding ...
INFO: [BIND 205-100] Finished micro-architecture generation.
INFO: [HLS 200-111] Finished Binding: CPU user time: 0 seconds. CPU system time: 0 seconds. Elapsed time: 0.084 seconds; current allocated memory: 180.797 MB.
INFO: [HLS 200-10] ----------------------------------------------------------------
INFO: [HLS 200-42] -- Implementing module 'conv2D0_Pipeline_loop_orow_loop_ocol' 
INFO: [HLS 200-10] ----------------------------------------------------------------
INFO: [SCHED 204-11] Starting scheduling ...
INFO: [HLS 200-486] Changing DSP latency (root=add_ln28_5) to 3 in order to utilize available DSP registers.
INFO: [HLS 200-486] Changing DSP latency (root=add_ln28_4) to 3 in order to utilize available DSP registers.
INFO: [HLS 200-486] Changing DSP latency (root=add_ln28_3) to 3 in order to utilize available DSP registers.
INFO: [HLS 200-486] Changing DSP latency (root=add_ln28_1) to 3 in order to utilize available DSP registers.
INFO: [HLS 200-486] Changing DSP latency (root=add_ln28) to 3 in order to utilize available DSP registers.
INFO: [SCHED 204-61] Pipelining loop 'loop_orow_loop_ocol'.
INFO: [HLS 200-1470] Pipelining result : Target II = NA, Final II = 1, Depth = 6, loop 'loop_orow_loop_ocol'
WARNING: [HLS 200-871] Estimated clock period (7.571 ns) exceeds the target (target clock period: 10.000 ns, clock uncertainty: 2.700 ns, effective delay budget: 7.300 ns).
WARNING: [HLS 200-1016] The critical path in module 'conv2D0_Pipeline_loop_orow_loop_ocol' consists of the following:
	'store' operation 0 bit ('orow_write_ln21', conv2D0.cpp:21) of constant 0 on local variable 'orow', conv2D0.cpp:21 [63]  (1.588 ns)
	'load' operation 2 bit ('orow_load', conv2D0.cpp:21) on local variable 'orow', conv2D0.cpp:21 [73]  (0.000 ns)
	'add' operation 2 bit ('add_ln21_1', conv2D0.cpp:21) [78]  (1.565 ns)
	'select' operation 2 bit ('select_ln21_1', conv2D0.cpp:21) [79]  (0.993 ns)
	'shl' operation 2 bit ('shl_ln31', conv2D0.cpp:31) [110]  (0.000 ns)
	'sub' operation 2 bit ('sub_ln31', conv2D0.cpp:31) [111]  (1.565 ns)
	blocking operation 1.86009 ns on control path)

INFO: [SCHED 204-11] Finished scheduling.
INFO: [HLS 200-111] Finished Scheduling: CPU user time: 1 seconds. CPU system time: 0 seconds. Elapsed time: 0.333 seconds; current allocated memory: 182.152 MB.
INFO: [BIND 205-100] Starting micro-architecture generation ...
INFO: [BIND 205-101] Performing variable lifetime analysis.
INFO: [BIND 205-101] Exploring resource sharing.
INFO: [BIND 205-101] Binding ...
INFO: [BIND 205-100] Finished micro-architecture generation.
INFO: [HLS 200-111] Finished Binding: CPU user time: 0 seconds. CPU system time: 0 seconds. Elapsed time: 0.197 seconds; current allocated memory: 182.367 MB.
INFO: [HLS 200-10] ----------------------------------------------------------------
INFO: [HLS 200-42] -- Implementing module 'conv2D0_Pipeline_writeImg' 
INFO: [HLS 200-10] ----------------------------------------------------------------
INFO: [SCHED 204-11] Starting scheduling ...
INFO: [SCHED 204-61] Pipelining loop 'writeImg'.
INFO: [HLS 200-1470] Pipelining result : Target II = NA, Final II = 1, Depth = 1, loop 'writeImg'
INFO: [SCHED 204-11] Finished scheduling.
INFO: [HLS 200-111] Finished Scheduling: CPU user time: 0 seconds. CPU system time: 0 seconds. Elapsed time: 0.155 seconds; current allocated memory: 182.879 MB.
INFO: [BIND 205-100] Starting micro-architecture generation ...
INFO: [BIND 205-101] Performing variable lifetime analysis.
INFO: [BIND 205-101] Exploring resource sharing.
INFO: [BIND 205-101] Binding ...
INFO: [BIND 205-100] Finished micro-architecture generation.
INFO: [HLS 200-111] Finished Binding: CPU user time: 0 seconds. CPU system time: 0 seconds. Elapsed time: 0.078 seconds; current allocated memory: 182.914 MB.
INFO: [HLS 200-10] ----------------------------------------------------------------
INFO: [HLS 200-42] -- Implementing module 'conv2D0' 
INFO: [HLS 200-10] ----------------------------------------------------------------
INFO: [SCHED 204-11] Starting scheduling ...
INFO: [SCHED 204-11] Finished scheduling.
INFO: [HLS 200-111] Finished Scheduling: CPU user time: 0 seconds. CPU system time: 0 seconds. Elapsed time: 0.088 seconds; current allocated memory: 183.281 MB.
INFO: [BIND 205-100] Starting micro-architecture generation ...
INFO: [BIND 205-101] Performing variable lifetime analysis.
INFO: [BIND 205-101] Exploring resource sharing.
INFO: [BIND 205-101] Binding ...
INFO: [BIND 205-100] Finished micro-architecture generation.
INFO: [HLS 200-111] Finished Binding: CPU user time: 0 seconds. CPU system time: 0 seconds. Elapsed time: 0.072 seconds; current allocated memory: 183.520 MB.
INFO: [HLS 200-10] ----------------------------------------------------------------
INFO: [HLS 200-10] -- Generating RTL for module 'conv2D0_Pipeline_readImg' 
INFO: [HLS 200-10] ----------------------------------------------------------------
INFO: [HLS 200-1030] Apply Unified Pipeline Control on module 'conv2D0_Pipeline_readImg' pipeline 'readImg' pipeline type 'loop pipeline'
INFO: [RTGEN 206-100] Finished creating RTL model for 'conv2D0_Pipeline_readImg'.
INFO: [HLS 200-111] Finished Creating RTL model: CPU user time: 0 seconds. CPU system time: 0 seconds. Elapsed time: 0.098 seconds; current allocated memory: 185.410 MB.
INFO: [HLS 200-10] ----------------------------------------------------------------
INFO: [HLS 200-10] -- Generating RTL for module 'conv2D0_Pipeline_readweights' 
INFO: [HLS 200-10] ----------------------------------------------------------------
INFO: [RTGEN 206-100] Finished creating RTL model for 'conv2D0_Pipeline_readweights'.
INFO: [HLS 200-111] Finished Creating RTL model: CPU user time: 0 seconds. CPU system time: 0 seconds. Elapsed time: 0.238 seconds; current allocated memory: 188.090 MB.
INFO: [HLS 200-10] ----------------------------------------------------------------
INFO: [HLS 200-10] -- Generating RTL for module 'conv2D0_Pipeline_loop_orow_loop_ocol' 
INFO: [HLS 200-10] ----------------------------------------------------------------
INFO: [HLS 200-1030] Apply Unified Pipeline Control on module 'conv2D0_Pipeline_loop_orow_loop_ocol' pipeline 'loop_orow_loop_ocol' pipeline type 'loop pipeline'
INFO: [RTGEN 206-100] Generating core module 'mac_muladd_8s_8s_8ns_8_4_1': 5 instance(s).
INFO: [RTGEN 206-100] Generating core module 'mul_8s_8s_8_1_1': 4 instance(s).
INFO: [RTGEN 206-100] Generating core module 'sparsemux_13_3_8_1_1': 9 instance(s).
INFO: [RTGEN 206-100] Finished creating RTL model for 'conv2D0_Pipeline_loop_orow_loop_ocol'.
INFO: [HLS 200-111] Finished Creating RTL model: CPU user time: 0 seconds. CPU system time: 0 seconds. Elapsed time: 0.307 seconds; current allocated memory: 191.629 MB.
INFO: [HLS 200-10] ----------------------------------------------------------------
INFO: [HLS 200-10] -- Generating RTL for module 'conv2D0_Pipeline_writeImg' 
INFO: [HLS 200-10] ----------------------------------------------------------------
INFO: [RTGEN 206-100] Generating core module 'mux_4_2_8_1_1': 1 instance(s).
INFO: [RTGEN 206-100] Finished creating RTL model for 'conv2D0_Pipeline_writeImg'.
INFO: [HLS 200-111] Finished Creating RTL model: CPU user time: 0 seconds. CPU system time: 0 seconds. Elapsed time: 0.248 seconds; current allocated memory: 193.871 MB.
INFO: [HLS 200-10] ----------------------------------------------------------------
INFO: [HLS 200-10] -- Generating RTL for module 'conv2D0' 
INFO: [HLS 200-10] ----------------------------------------------------------------
INFO: [RTGEN 206-500] Setting interface mode on port 'conv2D0/img_in' to 'ap_memory'.
INFO: [RTGEN 206-500] Setting interface mode on port 'conv2D0/img_out' to 'ap_memory'.
INFO: [RTGEN 206-500] Setting interface mode on port 'conv2D0/weights' to 'ap_memory'.
INFO: [RTGEN 206-500] Setting interface mode on function 'conv2D0' to 'ap_ctrl_hs'.
INFO: [RTGEN 206-100] Finished creating RTL model for 'conv2D0'.
INFO: [HLS 200-111] Finished Creating RTL model: CPU user time: 0 seconds. CPU system time: 0 seconds. Elapsed time: 0.152 seconds; current allocated memory: 195.457 MB.
INFO: [HLS 200-111] Finished Generating all RTL models: CPU user time: 0 seconds. CPU system time: 0 seconds. Elapsed time: 0.523 seconds; current allocated memory: 200.137 MB.
INFO: [HLS 200-111] Finished Updating report files: CPU user time: 1 seconds. CPU system time: 0 seconds. Elapsed time: 0.882 seconds; current allocated memory: 206.477 MB.
INFO: [VHDL 208-304] Generating VHDL RTL for conv2D0.
INFO: [VLOG 209-307] Generating Verilog RTL for conv2D0.
INFO: [HLS 200-790] **** Loop Constraint Status: All loop constraints were satisfied.
INFO: [HLS 200-789] **** Estimated Fmax: 132.08 MHz
INFO: [HLS 200-111] Finished Command csynth_design CPU user time: 2 seconds. CPU system time: 0 seconds. Elapsed time: 15.279 seconds; current allocated memory: 97.137 MB.
