==============================================================
Vitis HLS - High-Level Synthesis from C, C++ and OpenCL v2023.2 (64-bit)
Tool Version Limit: 2023.10
Copyright 1986-2022 Xilinx, Inc. All Rights Reserved.
Copyright 2022-2023 Advanced Micro Devices, Inc. All Rights Reserved.

==============================================================
INFO: [SYN 201-201] Setting up clock 'default' with a period of 10ns.
INFO: [HLS 200-1611] Setting target device to 'xc7z010i-clg225-1L'
INFO: [HLS 200-1505] Using flow_target 'vivado'
INFO: [HLS 200-1510] Running: set_part xc7z010i-clg225-1L 
INFO: [HLS 200-1510] Running: create_clock -period 10 -name default 
INFO: [HLS 200-1510] Running: source ./Project1/partition_block_best_values/directives.tcl
INFO: [HLS 200-1510] Running: set_directive_top -name conv2D0 conv2D0 
INFO: [HLS 200-1510] Running: csynth_design 
INFO: [HLS 200-111] Finished File checks and directory preparation: CPU user time: 0 seconds. CPU system time: 0 seconds. Elapsed time: 0.119 seconds; current allocated memory: 116.711 MB.
INFO: [HLS 200-10] Analyzing design file 'conv2D0.cpp' ... 
INFO: [HLS 200-111] Finished Source Code Analysis and Preprocessing: CPU user time: 0 seconds. CPU system time: 0 seconds. Elapsed time: 0.982 seconds; current allocated memory: 118.297 MB.
INFO: [HLS 200-777] Using interface defaults for 'Vivado' flow target.
INFO: [HLS 200-1995] There were 128 instructions in the design after the 'Compile/Link' phase of compilation. See the Design Size Report for more details: D:/Cadeiras/AAC/labs/Project1/Project1/partition_block_best_values/syn/report/csynth_design_size.rpt
INFO: [HLS 200-1995] There were 94 instructions in the design after the 'Unroll/Inline (step 1)' phase of compilation. See the Design Size Report for more details: D:/Cadeiras/AAC/labs/Project1/Project1/partition_block_best_values/syn/report/csynth_design_size.rpt
INFO: [HLS 200-1995] There were 81 instructions in the design after the 'Unroll/Inline (step 2)' phase of compilation. See the Design Size Report for more details: D:/Cadeiras/AAC/labs/Project1/Project1/partition_block_best_values/syn/report/csynth_design_size.rpt
INFO: [HLS 200-1995] There were 75 instructions in the design after the 'Unroll/Inline (step 3)' phase of compilation. See the Design Size Report for more details: D:/Cadeiras/AAC/labs/Project1/Project1/partition_block_best_values/syn/report/csynth_design_size.rpt
INFO: [HLS 200-1995] There were 75 instructions in the design after the 'Unroll/Inline (step 4)' phase of compilation. See the Design Size Report for more details: D:/Cadeiras/AAC/labs/Project1/Project1/partition_block_best_values/syn/report/csynth_design_size.rpt
INFO: [HLS 200-1995] There were 267 instructions in the design after the 'Array/Struct (step 1)' phase of compilation. See the Design Size Report for more details: D:/Cadeiras/AAC/labs/Project1/Project1/partition_block_best_values/syn/report/csynth_design_size.rpt
INFO: [HLS 200-1995] There were 232 instructions in the design after the 'Array/Struct (step 2)' phase of compilation. See the Design Size Report for more details: D:/Cadeiras/AAC/labs/Project1/Project1/partition_block_best_values/syn/report/csynth_design_size.rpt
INFO: [HLS 200-1995] There were 232 instructions in the design after the 'Array/Struct (step 3)' phase of compilation. See the Design Size Report for more details: D:/Cadeiras/AAC/labs/Project1/Project1/partition_block_best_values/syn/report/csynth_design_size.rpt
INFO: [HLS 200-1995] There were 229 instructions in the design after the 'Array/Struct (step 4)' phase of compilation. See the Design Size Report for more details: D:/Cadeiras/AAC/labs/Project1/Project1/partition_block_best_values/syn/report/csynth_design_size.rpt
INFO: [HLS 200-1995] There were 255 instructions in the design after the 'Array/Struct (step 5)' phase of compilation. See the Design Size Report for more details: D:/Cadeiras/AAC/labs/Project1/Project1/partition_block_best_values/syn/report/csynth_design_size.rpt
INFO: [HLS 200-1995] There were 229 instructions in the design after the 'Performance (step 1)' phase of compilation. See the Design Size Report for more details: D:/Cadeiras/AAC/labs/Project1/Project1/partition_block_best_values/syn/report/csynth_design_size.rpt
INFO: [HLS 200-1995] There were 283 instructions in the design after the 'Performance (step 2)' phase of compilation. See the Design Size Report for more details: D:/Cadeiras/AAC/labs/Project1/Project1/partition_block_best_values/syn/report/csynth_design_size.rpt
INFO: [HLS 200-1995] There were 283 instructions in the design after the 'Performance (step 3)' phase of compilation. See the Design Size Report for more details: D:/Cadeiras/AAC/labs/Project1/Project1/partition_block_best_values/syn/report/csynth_design_size.rpt
INFO: [HLS 200-1995] There were 283 instructions in the design after the 'Performance (step 4)' phase of compilation. See the Design Size Report for more details: D:/Cadeiras/AAC/labs/Project1/Project1/partition_block_best_values/syn/report/csynth_design_size.rpt
INFO: [HLS 200-1995] There were 327 instructions in the design after the 'HW Transforms (step 1)' phase of compilation. See the Design Size Report for more details: D:/Cadeiras/AAC/labs/Project1/Project1/partition_block_best_values/syn/report/csynth_design_size.rpt
INFO: [HLS 200-1995] There were 347 instructions in the design after the 'HW Transforms (step 2)' phase of compilation. See the Design Size Report for more details: D:/Cadeiras/AAC/labs/Project1/Project1/partition_block_best_values/syn/report/csynth_design_size.rpt
INFO: [HLS 214-248] Applying array_partition to 'img_inT': Complete partitioning on dimension 1. (conv2D0.cpp:13:16)
INFO: [HLS 214-248] Applying array_partition to 'img_outT': Complete partitioning on dimension 1. (conv2D0.cpp:14:14)
INFO: [HLS 214-248] Applying array_partition to 'weightsT': Block partitioning with factor 8 on dimension 1. (conv2D0.cpp:15:14)
INFO: [HLS 214-248] Applying array_partition to 'img_in': Complete partitioning on dimension 1. (conv2D0.cpp:7:0)
INFO: [HLS 214-248] Applying array_partition to 'img_out': Complete partitioning on dimension 1. (conv2D0.cpp:7:0)
INFO: [HLS 214-248] Applying array_partition to 'weights': Block partitioning with factor 8 on dimension 1. (conv2D0.cpp:7:0)
INFO: [HLS 214-376] automatically set the pipeline for Loop< readImg> at conv2D0.cpp:21:11 
INFO: [HLS 214-376] automatically set the pipeline for Loop< readweights> at conv2D0.cpp:23:15 
INFO: [HLS 214-376] automatically set the pipeline for Loop< loop_ocol> at conv2D0.cpp:27:14 
INFO: [HLS 214-376] automatically set the pipeline for Loop< writeImg> at conv2D0.cpp:40:12 
INFO: [HLS 214-291] Loop 'loop_k1' is marked as complete unroll implied by the pipeline pragma (conv2D0.cpp:29:13)
INFO: [HLS 214-291] Loop 'loop_k2' is marked as complete unroll implied by the pipeline pragma (conv2D0.cpp:30:14)
INFO: [HLS 214-186] Unrolling loop 'loop_k1' (conv2D0.cpp:29:13) in function 'conv2D0' completely with a factor of 3 (conv2D0.cpp:7:0)
INFO: [HLS 214-186] Unrolling loop 'loop_k2' (conv2D0.cpp:30:14) in function 'conv2D0' completely with a factor of 3 (conv2D0.cpp:7:0)
INFO: [HLS 200-111] Finished Compiling Optimization and Transform: CPU user time: 0 seconds. CPU system time: 0 seconds. Elapsed time: 8.138 seconds; current allocated memory: 120.750 MB.
INFO: [HLS 200-111] Finished Checking Pragmas: CPU user time: 0 seconds. CPU system time: 0 seconds. Elapsed time: 0.002 seconds; current allocated memory: 120.750 MB.
INFO: [HLS 200-10] Starting code transformations ...
INFO: [HLS 200-111] Finished Standard Transforms: CPU user time: 0 seconds. CPU system time: 0 seconds. Elapsed time: 0.059 seconds; current allocated memory: 126.676 MB.
INFO: [HLS 200-10] Checking synthesizability ...
INFO: [HLS 200-111] Finished Checking Synthesizability: CPU user time: 0 seconds. CPU system time: 0 seconds. Elapsed time: 0.044 seconds; current allocated memory: 128.387 MB.
INFO: [XFORM 203-102] Automatically partitioning small array 'weightsT' (conv2D0.cpp:15) completely based on array size.
INFO: [XFORM 203-102] Automatically partitioning small array 'weightsT.1' (conv2D0.cpp:15) completely based on array size.
INFO: [XFORM 203-102] Automatically partitioning small array 'weightsT.2' (conv2D0.cpp:15) completely based on array size.
INFO: [XFORM 203-102] Automatically partitioning small array 'weightsT.3' (conv2D0.cpp:15) completely based on array size.
INFO: [XFORM 203-102] Automatically partitioning small array 'weightsT.4' (conv2D0.cpp:15) completely based on array size.
INFO: [XFORM 203-101] Partitioning array 'weightsT' (conv2D0.cpp:15) in dimension 1 completely.
INFO: [XFORM 203-101] Partitioning array 'weightsT.1' (conv2D0.cpp:15) in dimension 1 completely.
INFO: [XFORM 203-101] Partitioning array 'weightsT.2' (conv2D0.cpp:15) in dimension 1 completely.
INFO: [XFORM 203-101] Partitioning array 'weightsT.3' (conv2D0.cpp:15) in dimension 1 completely.
INFO: [XFORM 203-101] Partitioning array 'weightsT.4' (conv2D0.cpp:15) in dimension 1 completely.
INFO: [XFORM 203-11] Balancing expressions in function 'conv2D0' (conv2D0.cpp:7:14)...15 expression(s) balanced.
INFO: [HLS 200-111] Finished Loop, function and other optimizations: CPU user time: 0 seconds. CPU system time: 0 seconds. Elapsed time: 0.254 seconds; current allocated memory: 150.785 MB.
INFO: [HLS 200-2061] Successfully converted nested loops 'loop_orow'(conv2D0.cpp:26:13) and 'loop_ocol'(conv2D0.cpp:27:14) in function 'conv2D0' into perfectly nested loops.
INFO: [XFORM 203-541] Flattening a loop nest 'loop_orow' (conv2D0.cpp:26:13) in function 'conv2D0'.
INFO: [HLS 200-111] Finished Architecture Synthesis: CPU user time: 1 seconds. CPU system time: 0 seconds. Elapsed time: 0.173 seconds; current allocated memory: 182.262 MB.
INFO: [HLS 200-10] Starting hardware synthesis ...
INFO: [HLS 200-10] Synthesizing 'conv2D0' ...
INFO: [HLS 200-10] ----------------------------------------------------------------
INFO: [HLS 200-42] -- Implementing module 'conv2D0_Pipeline_readImg' 
INFO: [HLS 200-10] ----------------------------------------------------------------
INFO: [SCHED 204-11] Starting scheduling ...
INFO: [SCHED 204-61] Pipelining loop 'readImg'.
INFO: [HLS 200-1470] Pipelining result : Target II = NA, Final II = 1, Depth = 1, loop 'readImg'
INFO: [SCHED 204-11] Finished scheduling.
INFO: [HLS 200-111] Finished Scheduling: CPU user time: 0 seconds. CPU system time: 0 seconds. Elapsed time: 0.303 seconds; current allocated memory: 187.238 MB.
INFO: [BIND 205-100] Starting micro-architecture generation ...
INFO: [BIND 205-101] Performing variable lifetime analysis.
INFO: [BIND 205-101] Exploring resource sharing.
INFO: [BIND 205-101] Binding ...
INFO: [BIND 205-100] Finished micro-architecture generation.
INFO: [HLS 200-111] Finished Binding: CPU user time: 0 seconds. CPU system time: 0 seconds. Elapsed time: 0.076 seconds; current allocated memory: 188.500 MB.
INFO: [HLS 200-10] ----------------------------------------------------------------
INFO: [HLS 200-42] -- Implementing module 'conv2D0_Pipeline_readweights' 
INFO: [HLS 200-10] ----------------------------------------------------------------
INFO: [SCHED 204-11] Starting scheduling ...
INFO: [SCHED 204-61] Pipelining loop 'readweights'.
INFO: [HLS 200-1470] Pipelining result : Target II = NA, Final II = 1, Depth = 2, loop 'readweights'
INFO: [SCHED 204-11] Finished scheduling.
INFO: [HLS 200-111] Finished Scheduling: CPU user time: 0 seconds. CPU system time: 0 seconds. Elapsed time: 0.149 seconds; current allocated memory: 189.516 MB.
INFO: [BIND 205-100] Starting micro-architecture generation ...
INFO: [BIND 205-101] Performing variable lifetime analysis.
INFO: [BIND 205-101] Exploring resource sharing.
INFO: [BIND 205-101] Binding ...
INFO: [BIND 205-100] Finished micro-architecture generation.
INFO: [HLS 200-111] Finished Binding: CPU user time: 0 seconds. CPU system time: 0 seconds. Elapsed time: 0.068 seconds; current allocated memory: 189.629 MB.
INFO: [HLS 200-10] ----------------------------------------------------------------
INFO: [HLS 200-42] -- Implementing module 'conv2D0_Pipeline_loop_orow_loop_ocol' 
INFO: [HLS 200-10] ----------------------------------------------------------------
INFO: [SCHED 204-11] Starting scheduling ...
INFO: [HLS 200-486] Changing DSP latency (root=add_ln33_13) to 3 in order to utilize available DSP registers.
INFO: [HLS 200-486] Changing DSP latency (root=add_ln33_12) to 3 in order to utilize available DSP registers.
INFO: [HLS 200-486] Changing DSP latency (root=add_ln33_11) to 3 in order to utilize available DSP registers.
INFO: [HLS 200-486] Changing DSP latency (root=add_ln33_6) to 3 in order to utilize available DSP registers.
INFO: [HLS 200-486] Changing DSP latency (root=add_ln33) to 3 in order to utilize available DSP registers.
INFO: [SCHED 204-61] Pipelining loop 'loop_orow_loop_ocol'.
INFO: [HLS 200-1470] Pipelining result : Target II = NA, Final II = 1, Depth = 6, loop 'loop_orow_loop_ocol'
WARNING: [HLS 200-871] Estimated clock period (8.826 ns) exceeds the target (target clock period: 10.000 ns, clock uncertainty: 2.700 ns, effective delay budget: 7.300 ns).
WARNING: [HLS 200-1016] The critical path in module 'conv2D0_Pipeline_loop_orow_loop_ocol' consists of the following:
	'store' operation 0 bit ('ocol_write_ln27', conv2D0.cpp:27) of constant 0 on local variable 'ocol', conv2D0.cpp:27 [64]  (1.588 ns)
	'load' operation 2 bit ('ocol_load', conv2D0.cpp:27) on local variable 'ocol', conv2D0.cpp:27 [72]  (0.000 ns)
	'icmp' operation 1 bit ('icmp_ln27', conv2D0.cpp:27) [76]  (1.565 ns)
	'select' operation 2 bit ('select_ln14', conv2D0.cpp:14) [77]  (0.993 ns)
	'add' operation 2 bit ('add_ln32', conv2D0.cpp:32) [88]  (1.565 ns)
	'sparsemux' operation 8 bit ('tmp_3', conv2D0.cpp:33) [90]  (2.065 ns)
	'mul' operation 8 bit of DSP[119] ('mul_ln33', conv2D0.cpp:33) [91]  (1.050 ns)

INFO: [SCHED 204-11] Finished scheduling.
INFO: [HLS 200-111] Finished Scheduling: CPU user time: 0 seconds. CPU system time: 0 seconds. Elapsed time: 0.235 seconds; current allocated memory: 190.820 MB.
INFO: [BIND 205-100] Starting micro-architecture generation ...
INFO: [BIND 205-101] Performing variable lifetime analysis.
INFO: [BIND 205-101] Exploring resource sharing.
INFO: [BIND 205-101] Binding ...
INFO: [BIND 205-100] Finished micro-architecture generation.
INFO: [HLS 200-111] Finished Binding: CPU user time: 0 seconds. CPU system time: 0 seconds. Elapsed time: 0.085 seconds; current allocated memory: 191.422 MB.
INFO: [HLS 200-10] ----------------------------------------------------------------
INFO: [HLS 200-42] -- Implementing module 'conv2D0_Pipeline_writeImg' 
INFO: [HLS 200-10] ----------------------------------------------------------------
INFO: [SCHED 204-11] Starting scheduling ...
INFO: [SCHED 204-61] Pipelining loop 'writeImg'.
INFO: [HLS 200-1470] Pipelining result : Target II = NA, Final II = 1, Depth = 1, loop 'writeImg'
INFO: [SCHED 204-11] Finished scheduling.
INFO: [HLS 200-111] Finished Scheduling: CPU user time: 0 seconds. CPU system time: 0 seconds. Elapsed time: 0.108 seconds; current allocated memory: 191.738 MB.
INFO: [BIND 205-100] Starting micro-architecture generation ...
INFO: [BIND 205-101] Performing variable lifetime analysis.
INFO: [BIND 205-101] Exploring resource sharing.
INFO: [BIND 205-101] Binding ...
INFO: [BIND 205-100] Finished micro-architecture generation.
INFO: [HLS 200-111] Finished Binding: CPU user time: 0 seconds. CPU system time: 0 seconds. Elapsed time: 0.057 seconds; current allocated memory: 191.875 MB.
INFO: [HLS 200-10] ----------------------------------------------------------------
INFO: [HLS 200-42] -- Implementing module 'conv2D0' 
INFO: [HLS 200-10] ----------------------------------------------------------------
INFO: [SCHED 204-11] Starting scheduling ...
INFO: [SCHED 204-11] Finished scheduling.
INFO: [HLS 200-111] Finished Scheduling: CPU user time: 0 seconds. CPU system time: 0 seconds. Elapsed time: 0.082 seconds; current allocated memory: 192.281 MB.
INFO: [BIND 205-100] Starting micro-architecture generation ...
INFO: [BIND 205-101] Performing variable lifetime analysis.
INFO: [BIND 205-101] Exploring resource sharing.
INFO: [BIND 205-101] Binding ...
INFO: [BIND 205-100] Finished micro-architecture generation.
INFO: [HLS 200-111] Finished Binding: CPU user time: 0 seconds. CPU system time: 0 seconds. Elapsed time: 0.068 seconds; current allocated memory: 192.449 MB.
INFO: [HLS 200-10] ----------------------------------------------------------------
INFO: [HLS 200-10] -- Generating RTL for module 'conv2D0_Pipeline_readImg' 
INFO: [HLS 200-10] ----------------------------------------------------------------
INFO: [RTGEN 206-100] Generating core module 'sparsemux_33_4_8_1_1': 1 instance(s).
INFO: [RTGEN 206-100] Finished creating RTL model for 'conv2D0_Pipeline_readImg'.
INFO: [HLS 200-111] Finished Creating RTL model: CPU user time: 0 seconds. CPU system time: 0 seconds. Elapsed time: 0.098 seconds; current allocated memory: 195.199 MB.
INFO: [HLS 200-10] ----------------------------------------------------------------
INFO: [HLS 200-10] -- Generating RTL for module 'conv2D0_Pipeline_readweights' 
INFO: [HLS 200-10] ----------------------------------------------------------------
INFO: [HLS 200-1030] Apply Unified Pipeline Control on module 'conv2D0_Pipeline_readweights' pipeline 'readweights' pipeline type 'loop pipeline'
INFO: [RTGEN 206-100] Generating core module 'sparsemux_11_3_8_1_1': 1 instance(s).
INFO: [RTGEN 206-100] Finished creating RTL model for 'conv2D0_Pipeline_readweights'.
INFO: [HLS 200-111] Finished Creating RTL model: CPU user time: 0 seconds. CPU system time: 0 seconds. Elapsed time: 0.238 seconds; current allocated memory: 198.348 MB.
INFO: [HLS 200-10] ----------------------------------------------------------------
INFO: [HLS 200-10] -- Generating RTL for module 'conv2D0_Pipeline_loop_orow_loop_ocol' 
INFO: [HLS 200-10] ----------------------------------------------------------------
INFO: [HLS 200-1030] Apply Unified Pipeline Control on module 'conv2D0_Pipeline_loop_orow_loop_ocol' pipeline 'loop_orow_loop_ocol' pipeline type 'loop pipeline'
INFO: [RTGEN 206-100] Generating core module 'mac_muladd_8s_8s_8ns_8_4_1': 5 instance(s).
INFO: [RTGEN 206-100] Generating core module 'mul_8s_8s_8_1_1': 4 instance(s).
INFO: [RTGEN 206-100] Generating core module 'sparsemux_13_3_8_1_1': 1 instance(s).
INFO: [RTGEN 206-100] Generating core module 'sparsemux_13_4_8_1_1': 2 instance(s).
INFO: [RTGEN 206-100] Generating core module 'sparsemux_9_3_8_1_1': 2 instance(s).
INFO: [RTGEN 206-100] Generating core module 'sparsemux_9_4_8_1_1': 4 instance(s).
INFO: [RTGEN 206-100] Finished creating RTL model for 'conv2D0_Pipeline_loop_orow_loop_ocol'.
INFO: [HLS 200-111] Finished Creating RTL model: CPU user time: 0 seconds. CPU system time: 0 seconds. Elapsed time: 0.484 seconds; current allocated memory: 201.559 MB.
INFO: [HLS 200-10] ----------------------------------------------------------------
INFO: [HLS 200-10] -- Generating RTL for module 'conv2D0_Pipeline_writeImg' 
INFO: [HLS 200-10] ----------------------------------------------------------------
INFO: [RTGEN 206-100] Generating core module 'sparsemux_9_2_8_1_1': 1 instance(s).
INFO: [RTGEN 206-100] Finished creating RTL model for 'conv2D0_Pipeline_writeImg'.
INFO: [HLS 200-111] Finished Creating RTL model: CPU user time: 0 seconds. CPU system time: 0 seconds. Elapsed time: 0.244 seconds; current allocated memory: 203.992 MB.
INFO: [HLS 200-10] ----------------------------------------------------------------
INFO: [HLS 200-10] -- Generating RTL for module 'conv2D0' 
INFO: [HLS 200-10] ----------------------------------------------------------------
INFO: [RTGEN 206-500] Setting interface mode on port 'conv2D0/img_in_0' to 'ap_none'.
INFO: [RTGEN 206-500] Setting interface mode on port 'conv2D0/img_in_1' to 'ap_none'.
INFO: [RTGEN 206-500] Setting interface mode on port 'conv2D0/img_in_2' to 'ap_none'.
INFO: [RTGEN 206-500] Setting interface mode on port 'conv2D0/img_in_3' to 'ap_none'.
INFO: [RTGEN 206-500] Setting interface mode on port 'conv2D0/img_in_4' to 'ap_none'.
INFO: [RTGEN 206-500] Setting interface mode on port 'conv2D0/img_in_5' to 'ap_none'.
INFO: [RTGEN 206-500] Setting interface mode on port 'conv2D0/img_in_6' to 'ap_none'.
INFO: [RTGEN 206-500] Setting interface mode on port 'conv2D0/img_in_7' to 'ap_none'.
INFO: [RTGEN 206-500] Setting interface mode on port 'conv2D0/img_in_8' to 'ap_none'.
INFO: [RTGEN 206-500] Setting interface mode on port 'conv2D0/img_in_9' to 'ap_none'.
INFO: [RTGEN 206-500] Setting interface mode on port 'conv2D0/img_in_10' to 'ap_none'.
INFO: [RTGEN 206-500] Setting interface mode on port 'conv2D0/img_in_11' to 'ap_none'.
INFO: [RTGEN 206-500] Setting interface mode on port 'conv2D0/img_in_12' to 'ap_none'.
INFO: [RTGEN 206-500] Setting interface mode on port 'conv2D0/img_in_13' to 'ap_none'.
INFO: [RTGEN 206-500] Setting interface mode on port 'conv2D0/img_in_14' to 'ap_none'.
INFO: [RTGEN 206-500] Setting interface mode on port 'conv2D0/img_in_15' to 'ap_none'.
INFO: [RTGEN 206-500] Setting interface mode on port 'conv2D0/img_out_0' to 'ap_vld'.
INFO: [RTGEN 206-500] Setting interface mode on port 'conv2D0/img_out_1' to 'ap_vld'.
INFO: [RTGEN 206-500] Setting interface mode on port 'conv2D0/img_out_2' to 'ap_vld'.
INFO: [RTGEN 206-500] Setting interface mode on port 'conv2D0/img_out_3' to 'ap_vld'.
INFO: [RTGEN 206-500] Setting interface mode on port 'conv2D0/weights_0' to 'ap_memory'.
INFO: [RTGEN 206-500] Setting interface mode on port 'conv2D0/weights_1' to 'ap_memory'.
INFO: [RTGEN 206-500] Setting interface mode on port 'conv2D0/weights_2' to 'ap_memory'.
INFO: [RTGEN 206-500] Setting interface mode on port 'conv2D0/weights_3' to 'ap_memory'.
INFO: [RTGEN 206-500] Setting interface mode on port 'conv2D0/weights_4' to 'ap_memory'.
INFO: [RTGEN 206-500] Setting interface mode on port 'conv2D0/weights_5' to 'ap_memory'.
INFO: [RTGEN 206-500] Setting interface mode on port 'conv2D0/weights_6' to 'ap_memory'.
INFO: [RTGEN 206-500] Setting interface mode on port 'conv2D0/weights_7' to 'ap_memory'.
INFO: [RTGEN 206-500] Setting interface mode on function 'conv2D0' to 'ap_ctrl_hs'.
WARNING: [RTGEN 206-101] Port 'conv2D0/weights_5_address0' has no fanin or fanout and is left dangling.
               Please use C simulation to confirm this function argument can be read from or written to.
WARNING: [RTGEN 206-101] Setting dangling out port 'conv2D0/weights_5_address0' to 0.
WARNING: [RTGEN 206-101] Port 'conv2D0/weights_5_ce0' has no fanin or fanout and is left dangling.
               Please use C simulation to confirm this function argument can be read from or written to.
WARNING: [RTGEN 206-101] Setting dangling out port 'conv2D0/weights_5_ce0' to 0.
WARNING: [RTGEN 206-101] Port 'conv2D0/weights_5_we0' has no fanin or fanout and is left dangling.
               Please use C simulation to confirm this function argument can be read from or written to.
WARNING: [RTGEN 206-101] Setting dangling out port 'conv2D0/weights_5_we0' to 0.
WARNING: [RTGEN 206-101] Port 'conv2D0/weights_5_d0' has no fanin or fanout and is left dangling.
               Please use C simulation to confirm this function argument can be read from or written to.
WARNING: [RTGEN 206-101] Setting dangling out port 'conv2D0/weights_5_d0' to 0.
WARNING: [RTGEN 206-101] Port 'conv2D0/weights_5_q0' has no fanin or fanout and is left dangling.
               Please use C simulation to confirm this function argument can be read from or written to.
WARNING: [RTGEN 206-101] Port 'conv2D0/weights_5_address1' has no fanin or fanout and is left dangling.
               Please use C simulation to confirm this function argument can be read from or written to.
WARNING: [RTGEN 206-101] Setting dangling out port 'conv2D0/weights_5_address1' to 0.
WARNING: [RTGEN 206-101] Port 'conv2D0/weights_5_ce1' has no fanin or fanout and is left dangling.
               Please use C simulation to confirm this function argument can be read from or written to.
WARNING: [RTGEN 206-101] Setting dangling out port 'conv2D0/weights_5_ce1' to 0.
WARNING: [RTGEN 206-101] Port 'conv2D0/weights_5_we1' has no fanin or fanout and is left dangling.
               Please use C simulation to confirm this function argument can be read from or written to.
WARNING: [RTGEN 206-101] Setting dangling out port 'conv2D0/weights_5_we1' to 0.
WARNING: [RTGEN 206-101] Port 'conv2D0/weights_5_d1' has no fanin or fanout and is left dangling.
               Please use C simulation to confirm this function argument can be read from or written to.
WARNING: [RTGEN 206-101] Setting dangling out port 'conv2D0/weights_5_d1' to 0.
WARNING: [RTGEN 206-101] Port 'conv2D0/weights_5_q1' has no fanin or fanout and is left dangling.
               Please use C simulation to confirm this function argument can be read from or written to.
WARNING: [RTGEN 206-101] Port 'conv2D0/weights_6_address0' has no fanin or fanout and is left dangling.
               Please use C simulation to confirm this function argument can be read from or written to.
WARNING: [RTGEN 206-101] Setting dangling out port 'conv2D0/weights_6_address0' to 0.
WARNING: [RTGEN 206-101] Port 'conv2D0/weights_6_ce0' has no fanin or fanout and is left dangling.
               Please use C simulation to confirm this function argument can be read from or written to.
WARNING: [RTGEN 206-101] Setting dangling out port 'conv2D0/weights_6_ce0' to 0.
WARNING: [RTGEN 206-101] Port 'conv2D0/weights_6_we0' has no fanin or fanout and is left dangling.
               Please use C simulation to confirm this function argument can be read from or written to.
WARNING: [RTGEN 206-101] Setting dangling out port 'conv2D0/weights_6_we0' to 0.
WARNING: [RTGEN 206-101] Port 'conv2D0/weights_6_d0' has no fanin or fanout and is left dangling.
               Please use C simulation to confirm this function argument can be read from or written to.
WARNING: [RTGEN 206-101] Setting dangling out port 'conv2D0/weights_6_d0' to 0.
WARNING: [RTGEN 206-101] Port 'conv2D0/weights_6_q0' has no fanin or fanout and is left dangling.
               Please use C simulation to confirm this function argument can be read from or written to.
WARNING: [RTGEN 206-101] Port 'conv2D0/weights_6_address1' has no fanin or fanout and is left dangling.
               Please use C simulation to confirm this function argument can be read from or written to.
WARNING: [RTGEN 206-101] Setting dangling out port 'conv2D0/weights_6_address1' to 0.
WARNING: [RTGEN 206-101] Port 'conv2D0/weights_6_ce1' has no fanin or fanout and is left dangling.
               Please use C simulation to confirm this function argument can be read from or written to.
WARNING: [RTGEN 206-101] Setting dangling out port 'conv2D0/weights_6_ce1' to 0.
WARNING: [RTGEN 206-101] Port 'conv2D0/weights_6_we1' has no fanin or fanout and is left dangling.
               Please use C simulation to confirm this function argument can be read from or written to.
WARNING: [RTGEN 206-101] Setting dangling out port 'conv2D0/weights_6_we1' to 0.
WARNING: [RTGEN 206-101] Port 'conv2D0/weights_6_d1' has no fanin or fanout and is left dangling.
               Please use C simulation to confirm this function argument can be read from or written to.
WARNING: [RTGEN 206-101] Setting dangling out port 'conv2D0/weights_6_d1' to 0.
WARNING: [RTGEN 206-101] Port 'conv2D0/weights_6_q1' has no fanin or fanout and is left dangling.
               Please use C simulation to confirm this function argument can be read from or written to.
WARNING: [RTGEN 206-101] Port 'conv2D0/weights_7_address0' has no fanin or fanout and is left dangling.
               Please use C simulation to confirm this function argument can be read from or written to.
WARNING: [RTGEN 206-101] Setting dangling out port 'conv2D0/weights_7_address0' to 0.
WARNING: [RTGEN 206-101] Port 'conv2D0/weights_7_ce0' has no fanin or fanout and is left dangling.
               Please use C simulation to confirm this function argument can be read from or written to.
WARNING: [RTGEN 206-101] Setting dangling out port 'conv2D0/weights_7_ce0' to 0.
WARNING: [RTGEN 206-101] Port 'conv2D0/weights_7_we0' has no fanin or fanout and is left dangling.
               Please use C simulation to confirm this function argument can be read from or written to.
WARNING: [RTGEN 206-101] Setting dangling out port 'conv2D0/weights_7_we0' to 0.
WARNING: [RTGEN 206-101] Port 'conv2D0/weights_7_d0' has no fanin or fanout and is left dangling.
               Please use C simulation to confirm this function argument can be read from or written to.
WARNING: [RTGEN 206-101] Setting dangling out port 'conv2D0/weights_7_d0' to 0.
WARNING: [RTGEN 206-101] Port 'conv2D0/weights_7_q0' has no fanin or fanout and is left dangling.
               Please use C simulation to confirm this function argument can be read from or written to.
WARNING: [RTGEN 206-101] Port 'conv2D0/weights_7_address1' has no fanin or fanout and is left dangling.
               Please use C simulation to confirm this function argument can be read from or written to.
WARNING: [RTGEN 206-101] Setting dangling out port 'conv2D0/weights_7_address1' to 0.
WARNING: [RTGEN 206-101] Port 'conv2D0/weights_7_ce1' has no fanin or fanout and is left dangling.
               Please use C simulation to confirm this function argument can be read from or written to.
WARNING: [RTGEN 206-101] Setting dangling out port 'conv2D0/weights_7_ce1' to 0.
WARNING: [RTGEN 206-101] Port 'conv2D0/weights_7_we1' has no fanin or fanout and is left dangling.
               Please use C simulation to confirm this function argument can be read from or written to.
WARNING: [RTGEN 206-101] Setting dangling out port 'conv2D0/weights_7_we1' to 0.
WARNING: [RTGEN 206-101] Port 'conv2D0/weights_7_d1' has no fanin or fanout and is left dangling.
               Please use C simulation to confirm this function argument can be read from or written to.
WARNING: [RTGEN 206-101] Setting dangling out port 'conv2D0/weights_7_d1' to 0.
WARNING: [RTGEN 206-101] Port 'conv2D0/weights_7_q1' has no fanin or fanout and is left dangling.
               Please use C simulation to confirm this function argument can be read from or written to.
INFO: [RTGEN 206-100] Finished creating RTL model for 'conv2D0'.
INFO: [HLS 200-111] Finished Creating RTL model: CPU user time: 0 seconds. CPU system time: 0 seconds. Elapsed time: 1.281 seconds; current allocated memory: 205.973 MB.
INFO: [HLS 200-111] Finished Generating all RTL models: CPU user time: 1 seconds. CPU system time: 0 seconds. Elapsed time: 0.626 seconds; current allocated memory: 210.605 MB.
INFO: [HLS 200-111] Finished Updating report files: CPU user time: 0 seconds. CPU system time: 0 seconds. Elapsed time: 1.349 seconds; current allocated memory: 218.242 MB.
INFO: [VHDL 208-304] Generating VHDL RTL for conv2D0.
INFO: [VLOG 209-307] Generating Verilog RTL for conv2D0.
INFO: [HLS 200-790] **** Loop Constraint Status: All loop constraints were satisfied.
INFO: [HLS 200-789] **** Estimated Fmax: 113.30 MHz
INFO: [HLS 200-111] Finished Command csynth_design CPU user time: 2 seconds. CPU system time: 0 seconds. Elapsed time: 15.51 seconds; current allocated memory: 102.035 MB.
