

================================================================
== Vitis HLS Report for 'functionDF'
================================================================
* Date:           Tue Mar 19 12:47:56 2024

* Version:        2023.2 (Build 4023990 on Oct 11 2023)
* Project:        lab4opt
* Solution:       solution3 (Vivado IP Flow Target)
* Product family: zynq
* Target device:  xc7z010i-clg225-1L


================================================================
== Performance Estimates
================================================================
+ Timing: 
    * Summary: 
    +--------+----------+----------+------------+
    |  Clock |  Target  | Estimated| Uncertainty|
    +--------+----------+----------+------------+
    |ap_clk  |  10.00 ns|  7.196 ns|     2.70 ns|
    +--------+----------+----------+------------+

+ Latency: 
    * Summary: 
    +---------+---------+----------+----------+-----+-----+----------+
    |  Latency (cycles) |  Latency (absolute) |  Interval | Pipeline |
    |   min   |   max   |    min   |    max   | min | max |   Type   |
    +---------+---------+----------+----------+-----+-----+----------+
    |       28|       28|  0.280 us|  0.280 us|   14|   14|  dataflow|
    +---------+---------+----------+----------+-----+-----+----------+

    + Detail: 
        * Instance: 
        N/A

        * Loop: 
        N/A

============================================================
+ Verbose Summary: Synthesis Manager
============================================================
InlineROM: 1
ExposeGlobal: 0
============================================================
+ Verbose Summary: CDFG Model
============================================================
IsTopModel: 1
ResetActiveHigh: 1
IsCombinational: 2
IsDatapathOnly: 0
HasWiredReturn: 1
HasMFsm: 0
HasVarLatency: 1
IsPipeline: 0
IsRtlPipelined: 0
IsInstanceOverlapped: 0
IsDontTouch: 0
HasImplIP: 0
IsGatedGlobalClock: 0


============================================================
+ Verbose Summary: Schedule
============================================================
* Number of FSM states : 6
* Pipeline : 0
* Dataflow Pipeline: 1
  DF-Pipeline-0: Size = 6, States = { 1 2 3 4 5 6 }

* FSM state transitions: 
1 --> 2 
2 --> 3 
3 --> 4 
4 --> 5 
5 --> 6 
6 --> 

* FSM state operations: 

State 1 <SV = 0> <Delay = 0.00>
ST_1 : Operation 7 [1/1] (0.00ns)   --->   "%c1 = alloca i64 1" [../../../labs/Lab4/Lab4/functionDF.cpp:43]   --->   Operation 7 'alloca' 'c1' <Predicate = true> <Delay = 0.00> <CoreInst = "FIFO_SRL">   --->   Core 81 'FIFO_SRL' <Latency = 0> <II = 1> <Delay = 3.61> <Storage> <Opcode : 'read' 'write' 'nbread' 'nbwrite'> <Ports = 0> <Width = 32> <Depth = 10> <FIFO>
ST_1 : Operation 8 [1/1] (0.00ns)   --->   "%c3 = alloca i64 1" [../../../labs/Lab4/Lab4/functionDF.cpp:43]   --->   Operation 8 'alloca' 'c3' <Predicate = true> <Delay = 0.00> <CoreInst = "FIFO_SRL">   --->   Core 81 'FIFO_SRL' <Latency = 0> <II = 1> <Delay = 3.61> <Storage> <Opcode : 'read' 'write' 'nbread' 'nbwrite'> <Ports = 0> <Width = 32> <Depth = 10> <FIFO>
ST_1 : Operation 9 [1/1] (0.00ns)   --->   "%c4 = alloca i64 1" [../../../labs/Lab4/Lab4/functionDF.cpp:43]   --->   Operation 9 'alloca' 'c4' <Predicate = true> <Delay = 0.00> <CoreInst = "FIFO_SRL">   --->   Core 81 'FIFO_SRL' <Latency = 0> <II = 1> <Delay = 3.61> <Storage> <Opcode : 'read' 'write' 'nbread' 'nbwrite'> <Ports = 0> <Width = 32> <Depth = 10> <FIFO>
ST_1 : Operation 10 [1/1] (0.00ns)   --->   "%c2 = alloca i64 1" [../../../labs/Lab4/Lab4/functionDF.cpp:43]   --->   Operation 10 'alloca' 'c2' <Predicate = true> <Delay = 0.00>
ST_1 : Operation 11 [2/2] (0.00ns)   --->   "%call_ln49 = call void @funcA, i32 %vecIn, i32 %c1, i31 %c2" [../../../labs/Lab4/Lab4/functionDF.cpp:49]   --->   Operation 11 'call' 'call_ln49' <Predicate = true> <Delay = 0.00> <CoreType = "Generic">   --->   Core 0 '' <Latency = 0> <II = 1> <Delay = 1.00> <Generic> <Opcode : >

State 2 <SV = 1> <Delay = 0.00>
ST_2 : Operation 12 [1/2] (0.00ns)   --->   "%call_ln49 = call void @funcA, i32 %vecIn, i32 %c1, i31 %c2" [../../../labs/Lab4/Lab4/functionDF.cpp:49]   --->   Operation 12 'call' 'call_ln49' <Predicate = true> <Delay = 0.00> <CoreType = "Generic">   --->   Core 0 '' <Latency = 0> <II = 1> <Delay = 1.00> <Generic> <Opcode : >

State 3 <SV = 2> <Delay = 0.00>
ST_3 : Operation 13 [2/2] (0.00ns)   --->   "%call_ln50 = call void @funcB, i32 %c1, i32 %c3" [../../../labs/Lab4/Lab4/functionDF.cpp:50]   --->   Operation 13 'call' 'call_ln50' <Predicate = true> <Delay = 0.00> <CoreType = "Generic">   --->   Core 0 '' <Latency = 0> <II = 1> <Delay = 1.00> <Generic> <Opcode : >
ST_3 : Operation 14 [2/2] (0.00ns)   --->   "%call_ln51 = call void @funcC, i31 %c2, i32 %c4" [../../../labs/Lab4/Lab4/functionDF.cpp:51]   --->   Operation 14 'call' 'call_ln51' <Predicate = true> <Delay = 0.00> <CoreType = "Generic">   --->   Core 0 '' <Latency = 0> <II = 1> <Delay = 1.00> <Generic> <Opcode : >

State 4 <SV = 3> <Delay = 0.00>
ST_4 : Operation 15 [1/2] (0.00ns)   --->   "%call_ln50 = call void @funcB, i32 %c1, i32 %c3" [../../../labs/Lab4/Lab4/functionDF.cpp:50]   --->   Operation 15 'call' 'call_ln50' <Predicate = true> <Delay = 0.00> <CoreType = "Generic">   --->   Core 0 '' <Latency = 0> <II = 1> <Delay = 1.00> <Generic> <Opcode : >
ST_4 : Operation 16 [1/2] (0.00ns)   --->   "%call_ln51 = call void @funcC, i31 %c2, i32 %c4" [../../../labs/Lab4/Lab4/functionDF.cpp:51]   --->   Operation 16 'call' 'call_ln51' <Predicate = true> <Delay = 0.00> <CoreType = "Generic">   --->   Core 0 '' <Latency = 0> <II = 1> <Delay = 1.00> <Generic> <Opcode : >

State 5 <SV = 4> <Delay = 0.00>
ST_5 : Operation 17 [2/2] (0.00ns)   --->   "%call_ln52 = call void @funcD, i32 %c3, i32 %c4, i32 %vecOut" [../../../labs/Lab4/Lab4/functionDF.cpp:52]   --->   Operation 17 'call' 'call_ln52' <Predicate = true> <Delay = 0.00> <CoreType = "Generic">   --->   Core 0 '' <Latency = 0> <II = 1> <Delay = 1.00> <Generic> <Opcode : >

State 6 <SV = 5> <Delay = 0.00>
ST_6 : Operation 18 [1/1] (0.00ns)   --->   "%specdataflowpipeline_ln48 = specdataflowpipeline void @_ssdm_op_SpecDataflowPipeline, i32 4294967295, i32 0, void @empty_0" [../../../labs/Lab4/Lab4/functionDF.cpp:48]   --->   Operation 18 'specdataflowpipeline' 'specdataflowpipeline_ln48' <Predicate = true> <Delay = 0.00>
ST_6 : Operation 19 [1/1] (0.00ns)   --->   "%spectopmodule_ln41 = spectopmodule void @_ssdm_op_SpecTopModule, void @empty_2" [../../../labs/Lab4/Lab4/functionDF.cpp:41]   --->   Operation 19 'spectopmodule' 'spectopmodule_ln41' <Predicate = true> <Delay = 0.00>
ST_6 : Operation 20 [1/1] (0.00ns)   --->   "%specinterface_ln0 = specinterface void @_ssdm_op_SpecInterface, i32 %vecIn, void @empty, i32 0, i32 0, void @empty_0, i32 4294967295, i32 0, void @empty_0, void @empty_0, void @empty_0, i32 0, i32 0, i32 0, i32 0, void @empty_0, void @empty_0, i32 4294967295, i32 0"   --->   Operation 20 'specinterface' 'specinterface_ln0' <Predicate = true> <Delay = 0.00>
ST_6 : Operation 21 [1/1] (0.00ns)   --->   "%specbitsmap_ln0 = specbitsmap void @_ssdm_op_SpecBitsMap, i32 %vecIn"   --->   Operation 21 'specbitsmap' 'specbitsmap_ln0' <Predicate = true> <Delay = 0.00>
ST_6 : Operation 22 [1/1] (0.00ns)   --->   "%specinterface_ln0 = specinterface void @_ssdm_op_SpecInterface, i32 %vecOut, void @empty, i32 0, i32 0, void @empty_0, i32 4294967295, i32 0, void @empty_0, void @empty_0, void @empty_0, i32 0, i32 0, i32 0, i32 0, void @empty_0, void @empty_0, i32 4294967295, i32 0"   --->   Operation 22 'specinterface' 'specinterface_ln0' <Predicate = true> <Delay = 0.00>
ST_6 : Operation 23 [1/1] (0.00ns)   --->   "%specbitsmap_ln0 = specbitsmap void @_ssdm_op_SpecBitsMap, i32 %vecOut"   --->   Operation 23 'specbitsmap' 'specbitsmap_ln0' <Predicate = true> <Delay = 0.00>
ST_6 : Operation 24 [1/1] (0.00ns)   --->   "%empty = specchannel i32 @_ssdm_op_SpecChannel, void @c1_str, i32 1, void @p_str, void @p_str, i32 10, i32 10, i32 %c1, i32 %c1"   --->   Operation 24 'specchannel' 'empty' <Predicate = true> <Delay = 0.00>
ST_6 : Operation 25 [1/1] (0.00ns)   --->   "%specinterface_ln0 = specinterface void @_ssdm_op_SpecInterface, i32 %c1, void @empty_1, i32 0, i32 0, void @empty_0, i32 0, i32 0, void @empty_0, void @empty_0, void @empty_0, i32 0, i32 0, i32 0, i32 0, void @empty_0, void @empty_0, i32 4294967295, i32 0"   --->   Operation 25 'specinterface' 'specinterface_ln0' <Predicate = true> <Delay = 0.00>
ST_6 : Operation 26 [1/1] (0.00ns)   --->   "%empty_8 = specchannel i32 @_ssdm_op_SpecChannel, void @c3_str, i32 1, void @p_str, void @p_str, i32 10, i32 10, i32 %c3, i32 %c3"   --->   Operation 26 'specchannel' 'empty_8' <Predicate = true> <Delay = 0.00>
ST_6 : Operation 27 [1/1] (0.00ns)   --->   "%specinterface_ln0 = specinterface void @_ssdm_op_SpecInterface, i32 %c3, void @empty_1, i32 0, i32 0, void @empty_0, i32 0, i32 0, void @empty_0, void @empty_0, void @empty_0, i32 0, i32 0, i32 0, i32 0, void @empty_0, void @empty_0, i32 4294967295, i32 0"   --->   Operation 27 'specinterface' 'specinterface_ln0' <Predicate = true> <Delay = 0.00>
ST_6 : Operation 28 [1/1] (0.00ns)   --->   "%empty_9 = specchannel i32 @_ssdm_op_SpecChannel, void @c4_str, i32 1, void @p_str, void @p_str, i32 10, i32 10, i32 %c4, i32 %c4"   --->   Operation 28 'specchannel' 'empty_9' <Predicate = true> <Delay = 0.00>
ST_6 : Operation 29 [1/1] (0.00ns)   --->   "%specinterface_ln0 = specinterface void @_ssdm_op_SpecInterface, i32 %c4, void @empty_1, i32 0, i32 0, void @empty_0, i32 0, i32 0, void @empty_0, void @empty_0, void @empty_0, i32 0, i32 0, i32 0, i32 0, void @empty_0, void @empty_0, i32 4294967295, i32 0"   --->   Operation 29 'specinterface' 'specinterface_ln0' <Predicate = true> <Delay = 0.00>
ST_6 : Operation 30 [1/2] (0.00ns)   --->   "%call_ln52 = call void @funcD, i32 %c3, i32 %c4, i32 %vecOut" [../../../labs/Lab4/Lab4/functionDF.cpp:52]   --->   Operation 30 'call' 'call_ln52' <Predicate = true> <Delay = 0.00> <CoreType = "Generic">   --->   Core 0 '' <Latency = 0> <II = 1> <Delay = 1.00> <Generic> <Opcode : >
ST_6 : Operation 31 [1/1] (0.00ns)   --->   "%ret_ln53 = ret" [../../../labs/Lab4/Lab4/functionDF.cpp:53]   --->   Operation 31 'ret' 'ret_ln53' <Predicate = true> <Delay = 0.00>


============================================================
+ Verbose Summary: Timing violations
============================================================
Target clock period: 10.000ns, clock uncertainty: 2.700ns.

 <State 1>: 0.000ns
The critical path consists of the following:

 <State 2>: 0.000ns
The critical path consists of the following:

 <State 3>: 0.000ns
The critical path consists of the following:

 <State 4>: 0.000ns
The critical path consists of the following:

 <State 5>: 0.000ns
The critical path consists of the following:

 <State 6>: 0.000ns
The critical path consists of the following:


============================================================
+ Verbose Summary: Binding
============================================================
N/A
* FSMD analyzer results:
  - Output states:
 - Input state : 
  - Chain level:
	State 1
	State 2
	State 3
	State 4
	State 5
	State 6


============================================================
+ Verbose Summary: Datapath Resource usage 
============================================================
N/A
