

================================================================
== Vitis HLS Report for 'functionDF'
================================================================
* Date:           Tue Mar 19 12:47:57 2024

* Version:        2023.2 (Build 4023990 on Oct 11 2023)
* Project:        lab4opt
* Solution:       solution3 (Vivado IP Flow Target)
* Product family: zynq
* Target device:  xc7z010i-clg225-1L


================================================================
== Performance Estimates
================================================================
+ Timing: 
    * Summary: 
    +--------+----------+----------+------------+
    |  Clock |  Target  | Estimated| Uncertainty|
    +--------+----------+----------+------------+
    |ap_clk  |  10.00 ns|  7.196 ns|     2.70 ns|
    +--------+----------+----------+------------+

+ Latency: 
    * Summary: 
    +---------+---------+----------+----------+-----+-----+----------+
    |  Latency (cycles) |  Latency (absolute) |  Interval | Pipeline |
    |   min   |   max   |    min   |    max   | min | max |   Type   |
    +---------+---------+----------+----------+-----+-----+----------+
    |       28|       28|  0.280 us|  0.280 us|   14|   14|  dataflow|
    +---------+---------+----------+----------+-----+-----+----------+

    + Detail: 
        * Instance: 
        +----------+-------+---------+---------+----------+----------+-----+-----+---------+
        |          |       |  Latency (cycles) |  Latency (absolute) |  Interval | Pipeline|
        | Instance | Module|   min   |   max   |    min   |    max   | min | max |   Type  |
        +----------+-------+---------+---------+----------+----------+-----+-----+---------+
        |funcA_U0  |funcA  |       13|       13|  0.130 us|  0.130 us|   13|   13|       no|
        |funcB_U0  |funcB  |       13|       13|  0.130 us|  0.130 us|   13|   13|       no|
        |funcC_U0  |funcC  |       12|       12|  0.120 us|  0.120 us|   12|   12|       no|
        |funcD_U0  |funcD  |       13|       13|  0.130 us|  0.130 us|   13|   13|       no|
        +----------+-------+---------+---------+----------+----------+-----+-----+---------+

        * Loop: 
        N/A



================================================================
== Utilization Estimates
================================================================
* Summary: 
+-----------------+---------+----+-------+-------+-----+
|       Name      | BRAM_18K| DSP|   FF  |  LUT  | URAM|
+-----------------+---------+----+-------+-------+-----+
|DSP              |        -|   -|      -|      -|    -|
|Expression       |        -|   -|      0|      2|    -|
|FIFO             |        -|   -|    297|    201|    -|
|Instance         |        -|   -|    144|    463|    -|
|Memory           |        0|   -|     31|     10|    0|
|Multiplexer      |        -|   -|      -|      -|    -|
|Register         |        -|   -|      -|      -|    -|
+-----------------+---------+----+-------+-------+-----+
|Total            |        0|   0|    472|    676|    0|
+-----------------+---------+----+-------+-------+-----+
|Available        |      120|  80|  35200|  17600|    0|
+-----------------+---------+----+-------+-------+-----+
|Utilization (%)  |        0|   0|      1|      3|    0|
+-----------------+---------+----+-------+-------+-----+

+ Detail: 
    * Instance: 
    +----------+-------+---------+----+----+-----+-----+
    | Instance | Module| BRAM_18K| DSP| FF | LUT | URAM|
    +----------+-------+---------+----+----+-----+-----+
    |funcA_U0  |funcA  |        0|   0|  46|  125|    0|
    |funcB_U0  |funcB  |        0|   0|  42|  134|    0|
    |funcC_U0  |funcC  |        0|   0|   7|   77|    0|
    |funcD_U0  |funcD  |        0|   0|  49|  127|    0|
    +----------+-------+---------+----+----+-----+-----+
    |Total     |       |        0|   0| 144|  463|    0|
    +----------+-------+---------+----+----+-----+-----+

    * DSP: 
    N/A

    * Memory: 
    +-------+------------------+---------+----+----+-----+------+-----+------+-------------+
    | Memory|      Module      | BRAM_18K| FF | LUT| URAM| Words| Bits| Banks| W*Bits*Banks|
    +-------+------------------+---------+----+----+-----+------+-----+------+-------------+
    |c2_U   |c2_RAM_AUTO_1R1W  |        0|  31|  10|    0|    10|   31|     1|          310|
    +-------+------------------+---------+----+----+-----+------+-----+------+-------------+
    |Total  |                  |        0|  31|  10|    0|    10|   31|     1|          310|
    +-------+------------------+---------+----+----+-----+------+-----+------+-------------+

    * FIFO: 
    +------+---------+----+----+-----+------+-----+---------+
    | Name | BRAM_18K| FF | LUT| URAM| Depth| Bits| Size:D*B|
    +------+---------+----+----+-----+------+-----+---------+
    |c1_U  |        0|  99|   0|    -|    10|   32|      320|
    |c3_U  |        0|  99|   0|    -|    10|   32|      320|
    |c4_U  |        0|  99|   0|    -|    10|   32|      320|
    +------+---------+----+----+-----+------+-----+---------+
    |Total |        0| 297|   0|    0|    30|   96|      960|
    +------+---------+----+----+-----+------+-----+---------+

    * Expression: 
    +--------------+----------+----+---+----+------------+------------+
    | Variable Name| Operation| DSP| FF| LUT| Bitwidth P0| Bitwidth P1|
    +--------------+----------+----+---+----+------------+------------+
    |ap_idle       |       and|   0|  0|   2|           1|           1|
    +--------------+----------+----+---+----+------------+------------+
    |Total         |          |   0|  0|   2|           1|           1|
    +--------------+----------+----+---+----+------------+------------+

    * Multiplexer: 
    N/A

    * Register: 
    N/A



================================================================
== Interface
================================================================
* Summary: 
+-----------------+-----+-----+------------+--------------+--------------+
|    RTL Ports    | Dir | Bits|  Protocol  | Source Object|    C Type    |
+-----------------+-----+-----+------------+--------------+--------------+
|ap_clk           |   in|    1|  ap_ctrl_hs|    functionDF|  return value|
|ap_rst           |   in|    1|  ap_ctrl_hs|    functionDF|  return value|
|ap_start         |   in|    1|  ap_ctrl_hs|    functionDF|  return value|
|ap_done          |  out|    1|  ap_ctrl_hs|    functionDF|  return value|
|ap_ready         |  out|    1|  ap_ctrl_hs|    functionDF|  return value|
|ap_idle          |  out|    1|  ap_ctrl_hs|    functionDF|  return value|
|vecIn_address0   |  out|    4|   ap_memory|         vecIn|         array|
|vecIn_ce0        |  out|    1|   ap_memory|         vecIn|         array|
|vecIn_d0         |  out|   32|   ap_memory|         vecIn|         array|
|vecIn_q0         |   in|   32|   ap_memory|         vecIn|         array|
|vecIn_we0        |  out|    1|   ap_memory|         vecIn|         array|
|vecIn_address1   |  out|    4|   ap_memory|         vecIn|         array|
|vecIn_ce1        |  out|    1|   ap_memory|         vecIn|         array|
|vecIn_d1         |  out|   32|   ap_memory|         vecIn|         array|
|vecIn_q1         |   in|   32|   ap_memory|         vecIn|         array|
|vecIn_we1        |  out|    1|   ap_memory|         vecIn|         array|
|vecOut_address0  |  out|    4|   ap_memory|        vecOut|         array|
|vecOut_ce0       |  out|    1|   ap_memory|        vecOut|         array|
|vecOut_d0        |  out|   32|   ap_memory|        vecOut|         array|
|vecOut_q0        |   in|   32|   ap_memory|        vecOut|         array|
|vecOut_we0       |  out|    1|   ap_memory|        vecOut|         array|
|vecOut_address1  |  out|    4|   ap_memory|        vecOut|         array|
|vecOut_ce1       |  out|    1|   ap_memory|        vecOut|         array|
|vecOut_d1        |  out|   32|   ap_memory|        vecOut|         array|
|vecOut_q1        |   in|   32|   ap_memory|        vecOut|         array|
|vecOut_we1       |  out|    1|   ap_memory|        vecOut|         array|
+-----------------+-----+-----+------------+--------------+--------------+

============================================================
+ Verbose Summary: Synthesis Manager
============================================================
InlineROM: 1
ExposeGlobal: 0
============================================================
+ Verbose Summary: CDFG Model
============================================================
IsTopModel: 1
ResetActiveHigh: 1
IsCombinational: 2
IsDatapathOnly: 2
HasWiredReturn: 1
HasMFsm: 0
HasVarLatency: 1
IsPipeline: 0
IsRtlPipelined: 0
IsInstanceOverlapped: 0
IsDontTouch: 0
HasImplIP: 0
IsGatedGlobalClock: 0


============================================================
+ Verbose Summary: Schedule
============================================================
* Number of FSM states : 6
* Pipeline : 0
* Dataflow Pipeline: 1
  DF-Pipeline-0: Size = 6, States = { 1 2 3 4 5 6 }

* FSM state transitions: 
1 --> 2 
2 --> 3 
3 --> 4 
4 --> 5 
5 --> 6 
6 --> 

* FSM state operations: 

State 1 <SV = 0> <Delay = 2.32>
ST_1 : Operation 7 [1/1] (0.00ns)   --->   "%c1 = alloca i64 1" [../../../labs/Lab4/Lab4/functionDF.cpp:43]   --->   Operation 7 'alloca' 'c1' <Predicate = true> <Delay = 0.00> <CoreInst = "FIFO_SRL">   --->   Core 81 'FIFO_SRL' <Latency = 0> <II = 1> <Delay = 3.61> <Storage> <Opcode : 'read' 'write' 'nbread' 'nbwrite'> <Ports = 0> <Width = 32> <Depth = 10> <FIFO>
ST_1 : Operation 8 [1/1] (0.00ns)   --->   "%c3 = alloca i64 1" [../../../labs/Lab4/Lab4/functionDF.cpp:43]   --->   Operation 8 'alloca' 'c3' <Predicate = true> <Delay = 0.00> <CoreInst = "FIFO_SRL">   --->   Core 81 'FIFO_SRL' <Latency = 0> <II = 1> <Delay = 3.61> <Storage> <Opcode : 'read' 'write' 'nbread' 'nbwrite'> <Ports = 0> <Width = 32> <Depth = 10> <FIFO>
ST_1 : Operation 9 [1/1] (0.00ns)   --->   "%c4 = alloca i64 1" [../../../labs/Lab4/Lab4/functionDF.cpp:43]   --->   Operation 9 'alloca' 'c4' <Predicate = true> <Delay = 0.00> <CoreInst = "FIFO_SRL">   --->   Core 81 'FIFO_SRL' <Latency = 0> <II = 1> <Delay = 3.61> <Storage> <Opcode : 'read' 'write' 'nbread' 'nbwrite'> <Ports = 0> <Width = 32> <Depth = 10> <FIFO>
ST_1 : Operation 10 [1/1] (2.32ns)   --->   "%c2 = alloca i64 1" [../../../labs/Lab4/Lab4/functionDF.cpp:43]   --->   Operation 10 'alloca' 'c2' <Predicate = true> <Delay = 2.32>
ST_1 : Operation 11 [2/2] (0.00ns)   --->   "%call_ln49 = call void @funcA, i32 %vecIn, i32 %c1, i31 %c2" [../../../labs/Lab4/Lab4/functionDF.cpp:49]   --->   Operation 11 'call' 'call_ln49' <Predicate = true> <Delay = 0.00> <CoreType = "Generic">   --->   Core 0 '' <Latency = 0> <II = 1> <Delay = 1.00> <Generic> <Opcode : >

State 2 <SV = 1> <Delay = 0.00>
ST_2 : Operation 12 [1/2] (0.00ns)   --->   "%call_ln49 = call void @funcA, i32 %vecIn, i32 %c1, i31 %c2" [../../../labs/Lab4/Lab4/functionDF.cpp:49]   --->   Operation 12 'call' 'call_ln49' <Predicate = true> <Delay = 0.00> <CoreType = "Generic">   --->   Core 0 '' <Latency = 0> <II = 1> <Delay = 1.00> <Generic> <Opcode : >

State 3 <SV = 2> <Delay = 0.00>
ST_3 : Operation 13 [2/2] (0.00ns)   --->   "%call_ln50 = call void @funcB, i32 %c1, i32 %c3" [../../../labs/Lab4/Lab4/functionDF.cpp:50]   --->   Operation 13 'call' 'call_ln50' <Predicate = true> <Delay = 0.00> <CoreType = "Generic">   --->   Core 0 '' <Latency = 0> <II = 1> <Delay = 1.00> <Generic> <Opcode : >
ST_3 : Operation 14 [2/2] (0.00ns)   --->   "%call_ln51 = call void @funcC, i31 %c2, i32 %c4" [../../../labs/Lab4/Lab4/functionDF.cpp:51]   --->   Operation 14 'call' 'call_ln51' <Predicate = true> <Delay = 0.00> <CoreType = "Generic">   --->   Core 0 '' <Latency = 0> <II = 1> <Delay = 1.00> <Generic> <Opcode : >

State 4 <SV = 3> <Delay = 0.00>
ST_4 : Operation 15 [1/2] (0.00ns)   --->   "%call_ln50 = call void @funcB, i32 %c1, i32 %c3" [../../../labs/Lab4/Lab4/functionDF.cpp:50]   --->   Operation 15 'call' 'call_ln50' <Predicate = true> <Delay = 0.00> <CoreType = "Generic">   --->   Core 0 '' <Latency = 0> <II = 1> <Delay = 1.00> <Generic> <Opcode : >
ST_4 : Operation 16 [1/2] (0.00ns)   --->   "%call_ln51 = call void @funcC, i31 %c2, i32 %c4" [../../../labs/Lab4/Lab4/functionDF.cpp:51]   --->   Operation 16 'call' 'call_ln51' <Predicate = true> <Delay = 0.00> <CoreType = "Generic">   --->   Core 0 '' <Latency = 0> <II = 1> <Delay = 1.00> <Generic> <Opcode : >

State 5 <SV = 4> <Delay = 0.00>
ST_5 : Operation 17 [2/2] (0.00ns)   --->   "%call_ln52 = call void @funcD, i32 %c3, i32 %c4, i32 %vecOut" [../../../labs/Lab4/Lab4/functionDF.cpp:52]   --->   Operation 17 'call' 'call_ln52' <Predicate = true> <Delay = 0.00> <CoreType = "Generic">   --->   Core 0 '' <Latency = 0> <II = 1> <Delay = 1.00> <Generic> <Opcode : >

State 6 <SV = 5> <Delay = 0.00>
ST_6 : Operation 18 [1/1] (0.00ns)   --->   "%specdataflowpipeline_ln48 = specdataflowpipeline void @_ssdm_op_SpecDataflowPipeline, i32 4294967295, i32 0, void @empty_0" [../../../labs/Lab4/Lab4/functionDF.cpp:48]   --->   Operation 18 'specdataflowpipeline' 'specdataflowpipeline_ln48' <Predicate = true> <Delay = 0.00>
ST_6 : Operation 19 [1/1] (0.00ns)   --->   "%spectopmodule_ln41 = spectopmodule void @_ssdm_op_SpecTopModule, void @empty_2" [../../../labs/Lab4/Lab4/functionDF.cpp:41]   --->   Operation 19 'spectopmodule' 'spectopmodule_ln41' <Predicate = true> <Delay = 0.00>
ST_6 : Operation 20 [1/1] (0.00ns)   --->   "%specinterface_ln0 = specinterface void @_ssdm_op_SpecInterface, i32 %vecIn, void @empty, i32 0, i32 0, void @empty_0, i32 4294967295, i32 0, void @empty_0, void @empty_0, void @empty_0, i32 0, i32 0, i32 0, i32 0, void @empty_0, void @empty_0, i32 4294967295, i32 0"   --->   Operation 20 'specinterface' 'specinterface_ln0' <Predicate = true> <Delay = 0.00>
ST_6 : Operation 21 [1/1] (0.00ns)   --->   "%specbitsmap_ln0 = specbitsmap void @_ssdm_op_SpecBitsMap, i32 %vecIn"   --->   Operation 21 'specbitsmap' 'specbitsmap_ln0' <Predicate = true> <Delay = 0.00>
ST_6 : Operation 22 [1/1] (0.00ns)   --->   "%specinterface_ln0 = specinterface void @_ssdm_op_SpecInterface, i32 %vecOut, void @empty, i32 0, i32 0, void @empty_0, i32 4294967295, i32 0, void @empty_0, void @empty_0, void @empty_0, i32 0, i32 0, i32 0, i32 0, void @empty_0, void @empty_0, i32 4294967295, i32 0"   --->   Operation 22 'specinterface' 'specinterface_ln0' <Predicate = true> <Delay = 0.00>
ST_6 : Operation 23 [1/1] (0.00ns)   --->   "%specbitsmap_ln0 = specbitsmap void @_ssdm_op_SpecBitsMap, i32 %vecOut"   --->   Operation 23 'specbitsmap' 'specbitsmap_ln0' <Predicate = true> <Delay = 0.00>
ST_6 : Operation 24 [1/1] (0.00ns)   --->   "%empty = specchannel i32 @_ssdm_op_SpecChannel, void @c1_str, i32 1, void @p_str, void @p_str, i32 10, i32 10, i32 %c1, i32 %c1"   --->   Operation 24 'specchannel' 'empty' <Predicate = true> <Delay = 0.00>
ST_6 : Operation 25 [1/1] (0.00ns)   --->   "%specinterface_ln0 = specinterface void @_ssdm_op_SpecInterface, i32 %c1, void @empty_1, i32 0, i32 0, void @empty_0, i32 0, i32 0, void @empty_0, void @empty_0, void @empty_0, i32 0, i32 0, i32 0, i32 0, void @empty_0, void @empty_0, i32 4294967295, i32 0"   --->   Operation 25 'specinterface' 'specinterface_ln0' <Predicate = true> <Delay = 0.00>
ST_6 : Operation 26 [1/1] (0.00ns)   --->   "%empty_8 = specchannel i32 @_ssdm_op_SpecChannel, void @c3_str, i32 1, void @p_str, void @p_str, i32 10, i32 10, i32 %c3, i32 %c3"   --->   Operation 26 'specchannel' 'empty_8' <Predicate = true> <Delay = 0.00>
ST_6 : Operation 27 [1/1] (0.00ns)   --->   "%specinterface_ln0 = specinterface void @_ssdm_op_SpecInterface, i32 %c3, void @empty_1, i32 0, i32 0, void @empty_0, i32 0, i32 0, void @empty_0, void @empty_0, void @empty_0, i32 0, i32 0, i32 0, i32 0, void @empty_0, void @empty_0, i32 4294967295, i32 0"   --->   Operation 27 'specinterface' 'specinterface_ln0' <Predicate = true> <Delay = 0.00>
ST_6 : Operation 28 [1/1] (0.00ns)   --->   "%empty_9 = specchannel i32 @_ssdm_op_SpecChannel, void @c4_str, i32 1, void @p_str, void @p_str, i32 10, i32 10, i32 %c4, i32 %c4"   --->   Operation 28 'specchannel' 'empty_9' <Predicate = true> <Delay = 0.00>
ST_6 : Operation 29 [1/1] (0.00ns)   --->   "%specinterface_ln0 = specinterface void @_ssdm_op_SpecInterface, i32 %c4, void @empty_1, i32 0, i32 0, void @empty_0, i32 0, i32 0, void @empty_0, void @empty_0, void @empty_0, i32 0, i32 0, i32 0, i32 0, void @empty_0, void @empty_0, i32 4294967295, i32 0"   --->   Operation 29 'specinterface' 'specinterface_ln0' <Predicate = true> <Delay = 0.00>
ST_6 : Operation 30 [1/2] (0.00ns)   --->   "%call_ln52 = call void @funcD, i32 %c3, i32 %c4, i32 %vecOut" [../../../labs/Lab4/Lab4/functionDF.cpp:52]   --->   Operation 30 'call' 'call_ln52' <Predicate = true> <Delay = 0.00> <CoreType = "Generic">   --->   Core 0 '' <Latency = 0> <II = 1> <Delay = 1.00> <Generic> <Opcode : >
ST_6 : Operation 31 [1/1] (0.00ns)   --->   "%ret_ln53 = ret" [../../../labs/Lab4/Lab4/functionDF.cpp:53]   --->   Operation 31 'ret' 'ret_ln53' <Predicate = true> <Delay = 0.00>


============================================================
+ Verbose Summary: Binding
============================================================
STG Binding: 
---------------- STG Properties BEGIN ----------------
- Is combinational: 0
- Is one-state seq: 0
- Is datapath-only: 0
- Is pipelined: 0
- Is top level: 1
Port [ Return ] is wired: 1; IO mode=ap_ctrl_hs:ce=0
Port [ vecIn]:  wired=1; compound=1; hidden=0; nouse=0; global=0; static=0; extern=0; dir=0; type=1; pingpong=0; private_global=0; MemPort=[13]; IO mode=ap_memory:ce=0
Port [ vecOut]:  wired=1; compound=1; hidden=0; nouse=0; global=0; static=0; extern=0; dir=1; type=1; pingpong=0; private_global=0; MemPort=[03]; IO mode=ap_memory:ce=0
---------------- STG Properties END ------------------

---------------- Datapath Model BEGIN ----------------

<LifeTime>
<method=bitvector/>
c1                        (alloca              ) [ 0111111]
c3                        (alloca              ) [ 0011111]
c4                        (alloca              ) [ 0011111]
c2                        (alloca              ) [ 0011100]
call_ln49                 (call                ) [ 0000000]
call_ln50                 (call                ) [ 0000000]
call_ln51                 (call                ) [ 0000000]
specdataflowpipeline_ln48 (specdataflowpipeline) [ 0000000]
spectopmodule_ln41        (spectopmodule       ) [ 0000000]
specinterface_ln0         (specinterface       ) [ 0000000]
specbitsmap_ln0           (specbitsmap         ) [ 0000000]
specinterface_ln0         (specinterface       ) [ 0000000]
specbitsmap_ln0           (specbitsmap         ) [ 0000000]
empty                     (specchannel         ) [ 0000000]
specinterface_ln0         (specinterface       ) [ 0000000]
empty_8                   (specchannel         ) [ 0000000]
specinterface_ln0         (specinterface       ) [ 0000000]
empty_9                   (specchannel         ) [ 0000000]
specinterface_ln0         (specinterface       ) [ 0000000]
call_ln52                 (call                ) [ 0000000]
ret_ln53                  (ret                 ) [ 0000000]
</LifeTime>

<model>

<comp_list>
<comp id="0" class="1000" name="vecIn">
<pin_list>
<pin id="1" dir="1" index="0" bw="1" slack="0"/>
</pin_list>
<bind>
<StgValue><ssdm name="vecIn"/><MemPortTyVec>1 3 </MemPortTyVec>
</StgValue>
</bind>
</comp>

<comp id="2" class="1000" name="vecOut">
<pin_list>
<pin id="3" dir="1" index="0" bw="1" slack="0"/>
</pin_list>
<bind>
<StgValue><ssdm name="vecOut"/><MemPortTyVec>0 3 </MemPortTyVec>
</StgValue>
</bind>
</comp>

<comp id="4" class="1001" name="const_4">
<pin_list>
<pin id="5" dir="1" index="0" bw="1" slack="0"/>
</pin_list>
<bind>
<StgValue><ssdm name=""/></StgValue>
</bind>
</comp>

<comp id="6" class="1001" name="const_6">
<pin_list>
<pin id="7" dir="1" index="0" bw="1" slack="0"/>
</pin_list>
<bind>
<StgValue><ssdm name="funcA"/></StgValue>
</bind>
</comp>

<comp id="8" class="1001" name="const_8">
<pin_list>
<pin id="9" dir="1" index="0" bw="1" slack="0"/>
</pin_list>
<bind>
<StgValue><ssdm name="funcB"/></StgValue>
</bind>
</comp>

<comp id="10" class="1001" name="const_10">
<pin_list>
<pin id="11" dir="1" index="0" bw="1" slack="0"/>
</pin_list>
<bind>
<StgValue><ssdm name="funcC"/></StgValue>
</bind>
</comp>

<comp id="12" class="1001" name="const_12">
<pin_list>
<pin id="13" dir="1" index="0" bw="1" slack="0"/>
</pin_list>
<bind>
<StgValue><ssdm name="funcD"/></StgValue>
</bind>
</comp>

<comp id="14" class="1001" name="const_14">
<pin_list>
<pin id="15" dir="1" index="0" bw="1" slack="2147483647"/>
</pin_list>
<bind>
<StgValue><ssdm name="_ssdm_op_SpecDataflowPipeline"/></StgValue>
</bind>
</comp>

<comp id="16" class="1001" name="const_16">
<pin_list>
<pin id="17" dir="1" index="0" bw="1" slack="2147483647"/>
</pin_list>
<bind>
<StgValue><ssdm name=""/></StgValue>
</bind>
</comp>

<comp id="18" class="1001" name="const_18">
<pin_list>
<pin id="19" dir="1" index="0" bw="1" slack="2147483647"/>
</pin_list>
<bind>
<StgValue><ssdm name=""/></StgValue>
</bind>
</comp>

<comp id="20" class="1001" name="const_20">
<pin_list>
<pin id="21" dir="1" index="0" bw="1" slack="2147483647"/>
</pin_list>
<bind>
<StgValue><ssdm name="empty_0"/></StgValue>
</bind>
</comp>

<comp id="22" class="1001" name="const_22">
<pin_list>
<pin id="23" dir="1" index="0" bw="1" slack="2147483647"/>
</pin_list>
<bind>
<StgValue><ssdm name="_ssdm_op_SpecTopModule"/></StgValue>
</bind>
</comp>

<comp id="24" class="1001" name="const_24">
<pin_list>
<pin id="25" dir="1" index="0" bw="1" slack="2147483647"/>
</pin_list>
<bind>
<StgValue><ssdm name="empty_2"/></StgValue>
</bind>
</comp>

<comp id="26" class="1001" name="const_26">
<pin_list>
<pin id="27" dir="1" index="0" bw="1" slack="2147483647"/>
</pin_list>
<bind>
<StgValue><ssdm name="_ssdm_op_SpecInterface"/></StgValue>
</bind>
</comp>

<comp id="28" class="1001" name="const_28">
<pin_list>
<pin id="29" dir="1" index="0" bw="1" slack="2147483647"/>
</pin_list>
<bind>
<StgValue><ssdm name="empty"/></StgValue>
</bind>
</comp>

<comp id="30" class="1001" name="const_30">
<pin_list>
<pin id="31" dir="1" index="0" bw="1" slack="2147483647"/>
</pin_list>
<bind>
<StgValue><ssdm name="_ssdm_op_SpecBitsMap"/></StgValue>
</bind>
</comp>

<comp id="32" class="1001" name="const_32">
<pin_list>
<pin id="33" dir="1" index="0" bw="1" slack="2147483647"/>
</pin_list>
<bind>
<StgValue><ssdm name="_ssdm_op_SpecChannel"/></StgValue>
</bind>
</comp>

<comp id="34" class="1001" name="const_34">
<pin_list>
<pin id="35" dir="1" index="0" bw="1" slack="2147483647"/>
</pin_list>
<bind>
<StgValue><ssdm name="c1_str"/></StgValue>
</bind>
</comp>

<comp id="36" class="1001" name="const_36">
<pin_list>
<pin id="37" dir="1" index="0" bw="1" slack="2147483647"/>
</pin_list>
<bind>
<StgValue><ssdm name=""/></StgValue>
</bind>
</comp>

<comp id="38" class="1001" name="const_38">
<pin_list>
<pin id="39" dir="1" index="0" bw="1" slack="2147483647"/>
</pin_list>
<bind>
<StgValue><ssdm name="p_str"/></StgValue>
</bind>
</comp>

<comp id="40" class="1001" name="const_40">
<pin_list>
<pin id="41" dir="1" index="0" bw="1" slack="2147483647"/>
</pin_list>
<bind>
<StgValue><ssdm name=""/></StgValue>
</bind>
</comp>

<comp id="42" class="1001" name="const_42">
<pin_list>
<pin id="43" dir="1" index="0" bw="1" slack="2147483647"/>
</pin_list>
<bind>
<StgValue><ssdm name="empty_1"/></StgValue>
</bind>
</comp>

<comp id="44" class="1001" name="const_44">
<pin_list>
<pin id="45" dir="1" index="0" bw="1" slack="2147483647"/>
</pin_list>
<bind>
<StgValue><ssdm name="c3_str"/></StgValue>
</bind>
</comp>

<comp id="46" class="1001" name="const_46">
<pin_list>
<pin id="47" dir="1" index="0" bw="1" slack="2147483647"/>
</pin_list>
<bind>
<StgValue><ssdm name="c4_str"/></StgValue>
</bind>
</comp>

<comp id="48" class="1004" name="c1_fu_48">
<pin_list>
<pin id="49" dir="0" index="0" bw="1" slack="0"/>
<pin id="50" dir="1" index="1" bw="32" slack="0"/>
</pin_list>
<bind>
<opcode="alloca(26) " fcode="alloca"/>
<opset="c1/1 "/>
</bind>
</comp>

<comp id="52" class="1004" name="c3_fu_52">
<pin_list>
<pin id="53" dir="0" index="0" bw="1" slack="0"/>
<pin id="54" dir="1" index="1" bw="32" slack="2"/>
</pin_list>
<bind>
<opcode="alloca(26) " fcode="alloca"/>
<opset="c3/1 "/>
</bind>
</comp>

<comp id="56" class="1004" name="c4_fu_56">
<pin_list>
<pin id="57" dir="0" index="0" bw="1" slack="0"/>
<pin id="58" dir="1" index="1" bw="32" slack="2"/>
</pin_list>
<bind>
<opcode="alloca(26) " fcode="alloca"/>
<opset="c4/1 "/>
</bind>
</comp>

<comp id="60" class="1004" name="c2_alloca_fu_60">
<pin_list>
<pin id="61" dir="0" index="0" bw="1" slack="0"/>
<pin id="62" dir="1" index="1" bw="31" slack="0"/>
</pin_list>
<bind>
<opcode="alloca(26) " fcode="alloca"/>
<opset="c2/1 "/>
</bind>
</comp>

<comp id="64" class="1004" name="grp_funcA_fu_64">
<pin_list>
<pin id="65" dir="0" index="0" bw="0" slack="0"/>
<pin id="66" dir="0" index="1" bw="32" slack="0"/>
<pin id="67" dir="0" index="2" bw="32" slack="0"/>
<pin id="68" dir="0" index="3" bw="31" slack="0"/>
<pin id="69" dir="1" index="4" bw="0" slack="2147483647"/>
</pin_list>
<bind>
<opcode="call(48) " fcode="call"/>
<opset="call_ln49/1 "/>
</bind>
</comp>

<comp id="73" class="1004" name="grp_funcB_fu_73">
<pin_list>
<pin id="74" dir="0" index="0" bw="0" slack="0"/>
<pin id="75" dir="0" index="1" bw="32" slack="2"/>
<pin id="76" dir="0" index="2" bw="32" slack="2"/>
<pin id="77" dir="1" index="3" bw="0" slack="2147483647"/>
</pin_list>
<bind>
<opcode="call(48) " fcode="call"/>
<opset="call_ln50/3 "/>
</bind>
</comp>

<comp id="79" class="1004" name="grp_funcC_fu_79">
<pin_list>
<pin id="80" dir="0" index="0" bw="0" slack="0"/>
<pin id="81" dir="0" index="1" bw="31" slack="2147483647"/>
<pin id="82" dir="0" index="2" bw="32" slack="2"/>
<pin id="83" dir="1" index="3" bw="0" slack="2147483647"/>
</pin_list>
<bind>
<opcode="call(48) " fcode="call"/>
<opset="call_ln51/3 "/>
</bind>
</comp>

<comp id="85" class="1004" name="grp_funcD_fu_85">
<pin_list>
<pin id="86" dir="0" index="0" bw="0" slack="0"/>
<pin id="87" dir="0" index="1" bw="32" slack="4"/>
<pin id="88" dir="0" index="2" bw="32" slack="4"/>
<pin id="89" dir="0" index="3" bw="32" slack="0"/>
<pin id="90" dir="1" index="4" bw="0" slack="2147483647"/>
</pin_list>
<bind>
<opcode="call(48) " fcode="call"/>
<opset="call_ln52/5 "/>
</bind>
</comp>

<comp id="93" class="1005" name="c1_reg_93">
<pin_list>
<pin id="94" dir="0" index="0" bw="32" slack="0"/>
<pin id="95" dir="1" index="1" bw="32" slack="0"/>
</pin_list>
<bind>
<opset="c1 "/>
</bind>
</comp>

<comp id="99" class="1005" name="c3_reg_99">
<pin_list>
<pin id="100" dir="0" index="0" bw="32" slack="2"/>
<pin id="101" dir="1" index="1" bw="32" slack="2"/>
</pin_list>
<bind>
<opset="c3 "/>
</bind>
</comp>

<comp id="105" class="1005" name="c4_reg_105">
<pin_list>
<pin id="106" dir="0" index="0" bw="32" slack="2"/>
<pin id="107" dir="1" index="1" bw="32" slack="2"/>
</pin_list>
<bind>
<opset="c4 "/>
</bind>
</comp>

</comp_list>

<net_list>
<net id="51"><net_src comp="4" pin="0"/><net_sink comp="48" pin=0"/></net>

<net id="55"><net_src comp="4" pin="0"/><net_sink comp="52" pin=0"/></net>

<net id="59"><net_src comp="4" pin="0"/><net_sink comp="56" pin=0"/></net>

<net id="63"><net_src comp="4" pin="0"/><net_sink comp="60" pin=0"/></net>

<net id="70"><net_src comp="6" pin="0"/><net_sink comp="64" pin=0"/></net>

<net id="71"><net_src comp="0" pin="0"/><net_sink comp="64" pin=1"/></net>

<net id="72"><net_src comp="60" pin="1"/><net_sink comp="64" pin=3"/></net>

<net id="78"><net_src comp="8" pin="0"/><net_sink comp="73" pin=0"/></net>

<net id="84"><net_src comp="10" pin="0"/><net_sink comp="79" pin=0"/></net>

<net id="91"><net_src comp="12" pin="0"/><net_sink comp="85" pin=0"/></net>

<net id="92"><net_src comp="2" pin="0"/><net_sink comp="85" pin=3"/></net>

<net id="96"><net_src comp="48" pin="1"/><net_sink comp="93" pin=0"/></net>

<net id="97"><net_src comp="93" pin="1"/><net_sink comp="64" pin=2"/></net>

<net id="98"><net_src comp="93" pin="1"/><net_sink comp="73" pin=1"/></net>

<net id="102"><net_src comp="52" pin="1"/><net_sink comp="99" pin=0"/></net>

<net id="103"><net_src comp="99" pin="1"/><net_sink comp="73" pin=2"/></net>

<net id="104"><net_src comp="99" pin="1"/><net_sink comp="85" pin=1"/></net>

<net id="108"><net_src comp="56" pin="1"/><net_sink comp="105" pin=0"/></net>

<net id="109"><net_src comp="105" pin="1"/><net_sink comp="79" pin=2"/></net>

<net id="110"><net_src comp="105" pin="1"/><net_sink comp="85" pin=2"/></net>

</net_list>

</model> 
---------------- Datapath Model END ------------------

* FSMD analyzer results:
  - Output states:
	Port: vecOut | {5 6 }
 - Input state : 
	Port: functionDF : vecIn | {1 2 }
  - Chain level:
	State 1
		call_ln49 : 1
	State 2
	State 3
	State 4
	State 5
	State 6


============================================================
+ Verbose Summary: Datapath Resource usage 
============================================================

* Functional unit list:
|----------|-----------------|---------|---------|---------|
| Operation| Functional Unit |  Delay  |    FF   |   LUT   |
|----------|-----------------|---------|---------|---------|
|          | grp_funcA_fu_64 |  1.588  |   105   |    74   |
|   call   | grp_funcB_fu_73 |    0    |    37   |    65   |
|          | grp_funcC_fu_79 |  1.588  |    8    |    35   |
|          | grp_funcD_fu_85 |    0    |    41   |    65   |
|----------|-----------------|---------|---------|---------|
|   Total  |                 |  3.176  |   191   |   239   |
|----------|-----------------|---------|---------|---------|

Memories:
+----+--------+--------+--------+--------+
|    |  BRAM  |   FF   |   LUT  |  URAM  |
+----+--------+--------+--------+--------+
| c2 |    0   |   31   |   10   |    0   |
+----+--------+--------+--------+--------+
|Total|    0   |   31   |   10   |    0   |
+----+--------+--------+--------+--------+

* Register list:
+----------+--------+
|          |   FF   |
+----------+--------+
| c1_reg_93|   32   |
| c3_reg_99|   32   |
|c4_reg_105|   32   |
+----------+--------+
|   Total  |   96   |
+----------+--------+

* Multiplexer (MUX) list: 
|--------|------|------|------|--------|
|  Comp  |  Pin | Size |  BW  | S x BW |
|--------|------|------|------|--------|
|  Total |      |      |      |    0   |
|--------|------|------|------|--------|



* Summary:
+-----------+--------+--------+--------+--------+--------+
|           |  BRAM  |  Delay |   FF   |   LUT  |  URAM  |
+-----------+--------+--------+--------+--------+--------+
|  Function |    -   |    3   |   191  |   239  |    -   |
|   Memory  |    0   |    -   |   31   |   10   |    0   |
|Multiplexer|    -   |    -   |    -   |    -   |    -   |
|  Register |    -   |    -   |   96   |    -   |    -   |
+-----------+--------+--------+--------+--------+--------+
|   Total   |    0   |    3   |   318  |   249  |    0   |
+-----------+--------+--------+--------+--------+--------+
