

================================================================
== Vitis HLS Report for 'funcB'
================================================================
* Date:           Tue Mar 19 12:47:56 2024

* Version:        2023.2 (Build 4023990 on Oct 11 2023)
* Project:        lab4opt
* Solution:       solution3 (Vivado IP Flow Target)
* Product family: zynq
* Target device:  xc7z010i-clg225-1L


================================================================
== Performance Estimates
================================================================
+ Timing: 
    * Summary: 
    +--------+----------+----------+------------+
    |  Clock |  Target  | Estimated| Uncertainty|
    +--------+----------+----------+------------+
    |ap_clk  |  10.00 ns|  6.165 ns|     2.70 ns|
    +--------+----------+----------+------------+

+ Latency: 
    * Summary: 
    +---------+---------+----------+----------+-----+-----+---------+
    |  Latency (cycles) |  Latency (absolute) |  Interval | Pipeline|
    |   min   |   max   |    min   |    max   | min | max |   Type  |
    +---------+---------+----------+----------+-----+-----+---------+
    |       13|       13|  0.130 us|  0.130 us|   13|   13|       no|
    +---------+---------+----------+----------+-----+-----+---------+

    + Detail: 
        * Instance: 
        N/A

        * Loop: 
        +----------+---------+---------+----------+-----------+-----------+------+----------+
        |          |  Latency (cycles) | Iteration|  Initiation Interval  | Trip |          |
        | Loop Name|   min   |   max   |  Latency |  achieved |   target  | Count| Pipelined|
        +----------+---------+---------+----------+-----------+-----------+------+----------+
        |- Loop0   |       11|       11|         3|          1|          1|    10|       yes|
        +----------+---------+---------+----------+-----------+-----------+------+----------+

============================================================
+ Verbose Summary: Synthesis Manager
============================================================
InlineROM: 1
ExposeGlobal: 0
============================================================
+ Verbose Summary: CDFG Model
============================================================
IsTopModel: 0
ResetActiveHigh: 1
IsCombinational: 2
IsDatapathOnly: 0
HasWiredReturn: 1
HasMFsm: 2
HasVarLatency: 1
IsPipeline: 0
IsRtlPipelined: 0
IsInstanceOverlapped: 0
IsDontTouch: 0
HasImplIP: 0
IsGatedGlobalClock: 0

+ Individual pipeline summary: 
  * Pipeline-0: initiation interval (II) = 1, depth = 3


============================================================
+ Verbose Summary: Schedule
============================================================
* Number of FSM states : 3
* Pipeline : 1
  Pipeline-0 : II = 1, D = 3, States = { 1 2 3 }
* Dataflow Pipeline: 0

* FSM state transitions: 
1 --> 2 
2 --> 3 
3 --> 

* FSM state operations: 

State 1 <SV = 0> <Delay = 4.91>
ST_1 : Operation 6 [1/1] (0.00ns)   --->   "%i = alloca i32 1" [../../../labs/Lab4/Lab4/functionDF.cpp:17]   --->   Operation 6 'alloca' 'i' <Predicate = true> <Delay = 0.00>
ST_1 : Operation 7 [1/1] (0.00ns)   --->   "%specinterface_ln0 = specinterface void @_ssdm_op_SpecInterface, i32 %c3, void @empty_1, i32 0, i32 0, void @empty_0, i32 0, i32 0, void @empty_0, void @empty_0, void @empty_0, i32 0, i32 0, i32 0, i32 0, void @empty_0, void @empty_0, i32 4294967295, i32 0"   --->   Operation 7 'specinterface' 'specinterface_ln0' <Predicate = true> <Delay = 0.00>
ST_1 : Operation 8 [1/1] (0.00ns)   --->   "%specinterface_ln0 = specinterface void @_ssdm_op_SpecInterface, i32 %c1, void @empty_1, i32 0, i32 0, void @empty_0, i32 0, i32 0, void @empty_0, void @empty_0, void @empty_0, i32 0, i32 0, i32 0, i32 0, void @empty_0, void @empty_0, i32 4294967295, i32 0"   --->   Operation 8 'specinterface' 'specinterface_ln0' <Predicate = true> <Delay = 0.00>
ST_1 : Operation 9 [1/1] (1.58ns)   --->   "%store_ln17 = store i4 0, i4 %i" [../../../labs/Lab4/Lab4/functionDF.cpp:17]   --->   Operation 9 'store' 'store_ln17' <Predicate = true> <Delay = 1.58>
ST_1 : Operation 10 [1/1] (0.00ns)   --->   "%br_ln17 = br void %for.inc" [../../../labs/Lab4/Lab4/functionDF.cpp:17]   --->   Operation 10 'br' 'br_ln17' <Predicate = true> <Delay = 0.00>
ST_1 : Operation 11 [1/1] (0.00ns)   --->   "%i_3 = load i4 %i" [../../../labs/Lab4/Lab4/functionDF.cpp:17]   --->   Operation 11 'load' 'i_3' <Predicate = true> <Delay = 0.00>
ST_1 : Operation 12 [1/1] (1.73ns)   --->   "%icmp_ln17 = icmp_eq  i4 %i_3, i4 10" [../../../labs/Lab4/Lab4/functionDF.cpp:17]   --->   Operation 12 'icmp' 'icmp_ln17' <Predicate = true> <Delay = 1.73> <CoreInst = "Cmp">   --->   Core 9 'Cmp' <Latency = 0> <II = 1> <Delay = 1.73> <FuncUnit> <Opcode : 'icmp'> <InPorts = 2> <OutPorts = 1>
ST_1 : Operation 13 [1/1] (1.73ns)   --->   "%add_ln17 = add i4 %i_3, i4 1" [../../../labs/Lab4/Lab4/functionDF.cpp:17]   --->   Operation 13 'add' 'add_ln17' <Predicate = true> <Delay = 1.73> <CoreInst = "Adder">   --->   Core 1 'Adder' <Latency = 0> <II = 1> <Delay = 1.73> <FuncUnit> <Opcode : 'add' 'sub'> <InPorts = 2> <OutPorts = 1>
ST_1 : Operation 14 [1/1] (0.00ns)   --->   "%br_ln17 = br i1 %icmp_ln17, void %for.inc.split, void %for.end" [../../../labs/Lab4/Lab4/functionDF.cpp:17]   --->   Operation 14 'br' 'br_ln17' <Predicate = true> <Delay = 0.00>
ST_1 : Operation 15 [1/1] (1.58ns)   --->   "%store_ln17 = store i4 %add_ln17, i4 %i" [../../../labs/Lab4/Lab4/functionDF.cpp:17]   --->   Operation 15 'store' 'store_ln17' <Predicate = (!icmp_ln17)> <Delay = 1.58>

State 2 <SV = 1> <Delay = 3.61>
ST_2 : Operation 16 [1/1] (3.61ns)   --->   "%c1_read = read i32 @_ssdm_op_Read.ap_fifo.volatile.i32P0A, i32 %c1" [../../../labs/Lab4/Lab4/functionDF.cpp:19]   --->   Operation 16 'read' 'c1_read' <Predicate = true> <Delay = 3.61> <CoreInst = "FIFO_SRL">   --->   Core 81 'FIFO_SRL' <Latency = 0> <II = 1> <Delay = 3.61> <Storage> <Opcode : 'read' 'write' 'nbread' 'nbwrite'> <Ports = 0> <Width = 32> <Depth = 10> <FIFO>
ST_2 : Operation 23 [1/1] (0.00ns)   --->   "%ret_ln21 = ret" [../../../labs/Lab4/Lab4/functionDF.cpp:21]   --->   Operation 23 'ret' 'ret_ln21' <Predicate = (icmp_ln17)> <Delay = 0.00>

State 3 <SV = 2> <Delay = 6.16>
ST_3 : Operation 17 [1/1] (0.00ns)   --->   "%specpipeline_ln17 = specpipeline void @_ssdm_op_SpecPipeline, i32 4294967295, i32 0, i32 0, i32 0, void @empty_0" [../../../labs/Lab4/Lab4/functionDF.cpp:17]   --->   Operation 17 'specpipeline' 'specpipeline_ln17' <Predicate = true> <Delay = 0.00>
ST_3 : Operation 18 [1/1] (0.00ns)   --->   "%speclooptripcount_ln17 = speclooptripcount void @_ssdm_op_SpecLoopTripCount, i64 10, i64 10, i64 10" [../../../labs/Lab4/Lab4/functionDF.cpp:17]   --->   Operation 18 'speclooptripcount' 'speclooptripcount_ln17' <Predicate = true> <Delay = 0.00>
ST_3 : Operation 19 [1/1] (0.00ns)   --->   "%specloopname_ln17 = specloopname void @_ssdm_op_SpecLoopName, void @empty_3" [../../../labs/Lab4/Lab4/functionDF.cpp:17]   --->   Operation 19 'specloopname' 'specloopname_ln17' <Predicate = true> <Delay = 0.00>
ST_3 : Operation 20 [1/1] (2.55ns)   --->   "%add_ln19 = add i32 %c1_read, i32 25" [../../../labs/Lab4/Lab4/functionDF.cpp:19]   --->   Operation 20 'add' 'add_ln19' <Predicate = true> <Delay = 2.55> <CoreInst = "Adder">   --->   Core 1 'Adder' <Latency = 0> <II = 1> <Delay = 2.55> <FuncUnit> <Opcode : 'add' 'sub'> <InPorts = 2> <OutPorts = 1>
ST_3 : Operation 21 [1/1] (3.61ns)   --->   "%write_ln19 = write void @_ssdm_op_Write.ap_fifo.volatile.i32P0A, i32 %c3, i32 %add_ln19" [../../../labs/Lab4/Lab4/functionDF.cpp:19]   --->   Operation 21 'write' 'write_ln19' <Predicate = true> <Delay = 3.61> <CoreInst = "FIFO_SRL">   --->   Core 81 'FIFO_SRL' <Latency = 0> <II = 1> <Delay = 3.61> <Storage> <Opcode : 'read' 'write' 'nbread' 'nbwrite'> <Ports = 0> <Width = 32> <Depth = 10> <FIFO>
ST_3 : Operation 22 [1/1] (0.00ns)   --->   "%br_ln17 = br void %for.inc" [../../../labs/Lab4/Lab4/functionDF.cpp:17]   --->   Operation 22 'br' 'br_ln17' <Predicate = true> <Delay = 0.00>


============================================================
+ Verbose Summary: Timing violations
============================================================
Target clock period: 10.000ns, clock uncertainty: 2.700ns.

 <State 1>: 4.911ns
The critical path consists of the following:
	'store' operation 0 bit ('store_ln17', ../../../labs/Lab4/Lab4/functionDF.cpp:17) of constant 0 on local variable 'i', ../../../labs/Lab4/Lab4/functionDF.cpp:17 [6]  (1.588 ns)
	'load' operation 4 bit ('i', ../../../labs/Lab4/Lab4/functionDF.cpp:17) on local variable 'i', ../../../labs/Lab4/Lab4/functionDF.cpp:17 [9]  (0.000 ns)
	'icmp' operation 1 bit ('icmp_ln17', ../../../labs/Lab4/Lab4/functionDF.cpp:17) [10]  (1.735 ns)
	'store' operation 0 bit ('store_ln17', ../../../labs/Lab4/Lab4/functionDF.cpp:17) of variable 'add_ln17', ../../../labs/Lab4/Lab4/functionDF.cpp:17 on local variable 'i', ../../../labs/Lab4/Lab4/functionDF.cpp:17 [20]  (1.588 ns)

 <State 2>: 3.612ns
The critical path consists of the following:
	fifo read operation ('c1_read', ../../../labs/Lab4/Lab4/functionDF.cpp:19) on port 'c1' (../../../labs/Lab4/Lab4/functionDF.cpp:19) [17]  (3.612 ns)

 <State 3>: 6.165ns
The critical path consists of the following:
	'add' operation 32 bit ('add_ln19', ../../../labs/Lab4/Lab4/functionDF.cpp:19) [18]  (2.552 ns)
	fifo write operation ('write_ln19', ../../../labs/Lab4/Lab4/functionDF.cpp:19) on port 'c3' (../../../labs/Lab4/Lab4/functionDF.cpp:19) [19]  (3.612 ns)


============================================================
+ Verbose Summary: Binding
============================================================
N/A
* FSMD analyzer results:
  - Output states:
 - Input state : 
  - Chain level:
	State 1
	State 2
	State 3


============================================================
+ Verbose Summary: Datapath Resource usage 
============================================================
N/A
