

================================================================
== Vitis HLS Report for 'funcA'
================================================================
* Date:           Tue Mar 19 12:47:56 2024

* Version:        2023.2 (Build 4023990 on Oct 11 2023)
* Project:        lab4opt
* Solution:       solution3 (Vivado IP Flow Target)
* Product family: zynq
* Target device:  xc7z010i-clg225-1L


================================================================
== Performance Estimates
================================================================
+ Timing: 
    * Summary: 
    +--------+----------+----------+------------+
    |  Clock |  Target  | Estimated| Uncertainty|
    +--------+----------+----------+------------+
    |ap_clk  |  10.00 ns|  7.196 ns|     2.70 ns|
    +--------+----------+----------+------------+

+ Latency: 
    * Summary: 
    +---------+---------+----------+----------+-----+-----+---------+
    |  Latency (cycles) |  Latency (absolute) |  Interval | Pipeline|
    |   min   |   max   |    min   |    max   | min | max |   Type  |
    +---------+---------+----------+----------+-----+-----+---------+
    |       13|       13|  0.130 us|  0.130 us|   13|   13|       no|
    +---------+---------+----------+----------+-----+-----+---------+

    + Detail: 
        * Instance: 
        N/A

        * Loop: 
        +----------+---------+---------+----------+-----------+-----------+------+----------+
        |          |  Latency (cycles) | Iteration|  Initiation Interval  | Trip |          |
        | Loop Name|   min   |   max   |  Latency |  achieved |   target  | Count| Pipelined|
        +----------+---------+---------+----------+-----------+-----------+------+----------+
        |- Loop0   |       11|       11|         3|          1|          1|    10|       yes|
        +----------+---------+---------+----------+-----------+-----------+------+----------+

============================================================
+ Verbose Summary: Synthesis Manager
============================================================
InlineROM: 1
ExposeGlobal: 0
============================================================
+ Verbose Summary: CDFG Model
============================================================
IsTopModel: 0
ResetActiveHigh: 1
IsCombinational: 2
IsDatapathOnly: 0
HasWiredReturn: 1
HasMFsm: 2
HasVarLatency: 1
IsPipeline: 0
IsRtlPipelined: 0
IsInstanceOverlapped: 0
IsDontTouch: 0
HasImplIP: 0
IsGatedGlobalClock: 0

+ Individual pipeline summary: 
  * Pipeline-0: initiation interval (II) = 1, depth = 3


============================================================
+ Verbose Summary: Schedule
============================================================
* Number of FSM states : 3
* Pipeline : 1
  Pipeline-0 : II = 1, D = 3, States = { 1 2 3 }
* Dataflow Pipeline: 0

* FSM state transitions: 
1 --> 2 
2 --> 3 
3 --> 

* FSM state operations: 

State 1 <SV = 0> <Delay = 4.91>
ST_1 : Operation 6 [1/1] (0.00ns)   --->   "%i = alloca i32 1" [../../../labs/Lab4/Lab4/functionDF.cpp:6]   --->   Operation 6 'alloca' 'i' <Predicate = true> <Delay = 0.00>
ST_1 : Operation 7 [1/1] (0.00ns)   --->   "%specinterface_ln0 = specinterface void @_ssdm_op_SpecInterface, i32 %c1, void @empty_1, i32 0, i32 0, void @empty_0, i32 0, i32 0, void @empty_0, void @empty_0, void @empty_0, i32 0, i32 0, i32 0, i32 0, void @empty_0, void @empty_0, i32 4294967295, i32 0"   --->   Operation 7 'specinterface' 'specinterface_ln0' <Predicate = true> <Delay = 0.00>
ST_1 : Operation 8 [1/1] (0.00ns)   --->   "%specinterface_ln0 = specinterface void @_ssdm_op_SpecInterface, i32 %vecIn, void @empty, i32 0, i32 0, void @empty_0, i32 4294967295, i32 0, void @empty_0, void @empty_0, void @empty_0, i32 0, i32 0, i32 0, i32 0, void @empty_0, void @empty_0, i32 4294967295, i32 0"   --->   Operation 8 'specinterface' 'specinterface_ln0' <Predicate = true> <Delay = 0.00>
ST_1 : Operation 9 [1/1] (1.58ns)   --->   "%store_ln6 = store i4 0, i4 %i" [../../../labs/Lab4/Lab4/functionDF.cpp:6]   --->   Operation 9 'store' 'store_ln6' <Predicate = true> <Delay = 1.58>
ST_1 : Operation 10 [1/1] (0.00ns)   --->   "%br_ln6 = br void %for.inc" [../../../labs/Lab4/Lab4/functionDF.cpp:6]   --->   Operation 10 'br' 'br_ln6' <Predicate = true> <Delay = 0.00>
ST_1 : Operation 11 [1/1] (0.00ns)   --->   "%i_4 = load i4 %i" [../../../labs/Lab4/Lab4/functionDF.cpp:6]   --->   Operation 11 'load' 'i_4' <Predicate = true> <Delay = 0.00>
ST_1 : Operation 12 [1/1] (1.73ns)   --->   "%icmp_ln6 = icmp_eq  i4 %i_4, i4 10" [../../../labs/Lab4/Lab4/functionDF.cpp:6]   --->   Operation 12 'icmp' 'icmp_ln6' <Predicate = true> <Delay = 1.73> <CoreInst = "Cmp">   --->   Core 9 'Cmp' <Latency = 0> <II = 1> <Delay = 1.73> <FuncUnit> <Opcode : 'icmp'> <InPorts = 2> <OutPorts = 1>
ST_1 : Operation 13 [1/1] (1.73ns)   --->   "%add_ln6 = add i4 %i_4, i4 1" [../../../labs/Lab4/Lab4/functionDF.cpp:6]   --->   Operation 13 'add' 'add_ln6' <Predicate = true> <Delay = 1.73> <CoreInst = "Adder">   --->   Core 1 'Adder' <Latency = 0> <II = 1> <Delay = 1.73> <FuncUnit> <Opcode : 'add' 'sub'> <InPorts = 2> <OutPorts = 1>
ST_1 : Operation 14 [1/1] (0.00ns)   --->   "%br_ln6 = br i1 %icmp_ln6, void %for.inc.split, void %for.end" [../../../labs/Lab4/Lab4/functionDF.cpp:6]   --->   Operation 14 'br' 'br_ln6' <Predicate = true> <Delay = 0.00>
ST_1 : Operation 15 [1/1] (0.00ns)   --->   "%zext_ln6 = zext i4 %i_4" [../../../labs/Lab4/Lab4/functionDF.cpp:6]   --->   Operation 15 'zext' 'zext_ln6' <Predicate = (!icmp_ln6)> <Delay = 0.00>
ST_1 : Operation 16 [1/1] (0.00ns)   --->   "%vecIn_addr = getelementptr i32 %vecIn, i64 0, i64 %zext_ln6" [../../../labs/Lab4/Lab4/functionDF.cpp:8]   --->   Operation 16 'getelementptr' 'vecIn_addr' <Predicate = (!icmp_ln6)> <Delay = 0.00>
ST_1 : Operation 17 [2/2] (2.32ns)   --->   "%vecIn_load = load i4 %vecIn_addr" [../../../labs/Lab4/Lab4/functionDF.cpp:8]   --->   Operation 17 'load' 'vecIn_load' <Predicate = (!icmp_ln6)> <Delay = 2.32> <CoreInst = "RAM">   --->   Core 82 'RAM' <Latency = 1> <II = 1> <Delay = 2.32> <Storage> <Opcode : 'load' 'store'> <Ports = 2> <Width = 32> <Depth = 10> <RAM>
ST_1 : Operation 18 [1/1] (1.58ns)   --->   "%store_ln6 = store i4 %add_ln6, i4 %i" [../../../labs/Lab4/Lab4/functionDF.cpp:6]   --->   Operation 18 'store' 'store_ln6' <Predicate = (!icmp_ln6)> <Delay = 1.58>

State 2 <SV = 1> <Delay = 7.19>
ST_2 : Operation 19 [1/2] (2.32ns)   --->   "%vecIn_load = load i4 %vecIn_addr" [../../../labs/Lab4/Lab4/functionDF.cpp:8]   --->   Operation 19 'load' 'vecIn_load' <Predicate = true> <Delay = 2.32> <CoreInst = "RAM">   --->   Core 82 'RAM' <Latency = 1> <II = 1> <Delay = 2.32> <Storage> <Opcode : 'load' 'store'> <Ports = 2> <Width = 32> <Depth = 10> <RAM>
ST_2 : Operation 20 [1/1] (0.00ns) (grouped into LUT with out node t)   --->   "%shl_ln8 = shl i32 %vecIn_load, i32 2" [../../../labs/Lab4/Lab4/functionDF.cpp:8]   --->   Operation 20 'shl' 'shl_ln8' <Predicate = true> <Delay = 0.00>
ST_2 : Operation 21 [1/1] (2.55ns) (out node of the LUT)   --->   "%t = sub i32 %shl_ln8, i32 %vecIn_load" [../../../labs/Lab4/Lab4/functionDF.cpp:8]   --->   Operation 21 'sub' 't' <Predicate = true> <Delay = 2.55> <CoreInst = "Adder">   --->   Core 1 'Adder' <Latency = 0> <II = 1> <Delay = 2.55> <FuncUnit> <Opcode : 'add' 'sub'> <InPorts = 2> <OutPorts = 1>
ST_2 : Operation 22 [1/1] (0.00ns)   --->   "%trunc_ln8 = trunc i32 %t" [../../../labs/Lab4/Lab4/functionDF.cpp:8]   --->   Operation 22 'trunc' 'trunc_ln8' <Predicate = true> <Delay = 0.00>
ST_2 : Operation 23 [1/1] (0.00ns)   --->   "%out2_addr = getelementptr i31 %out2, i64 0, i64 %zext_ln6" [../../../labs/Lab4/Lab4/functionDF.cpp:10]   --->   Operation 23 'getelementptr' 'out2_addr' <Predicate = true> <Delay = 0.00>
ST_2 : Operation 24 [1/1] (2.32ns)   --->   "%store_ln10 = store i31 %trunc_ln8, i4 %out2_addr" [../../../labs/Lab4/Lab4/functionDF.cpp:10]   --->   Operation 24 'store' 'store_ln10' <Predicate = true> <Delay = 2.32> <CoreInst = "RAM">   --->   Core 82 'RAM' <Latency = 1> <II = 1> <Delay = 2.32> <Storage> <Opcode : 'load' 'store'> <Ports = 2> <Width = 31> <Depth = 10> <RAM>
ST_2 : Operation 30 [1/1] (0.00ns)   --->   "%ret_ln12 = ret" [../../../labs/Lab4/Lab4/functionDF.cpp:12]   --->   Operation 30 'ret' 'ret_ln12' <Predicate = (icmp_ln6)> <Delay = 0.00>

State 3 <SV = 2> <Delay = 3.61>
ST_3 : Operation 25 [1/1] (0.00ns)   --->   "%specpipeline_ln6 = specpipeline void @_ssdm_op_SpecPipeline, i32 4294967295, i32 0, i32 0, i32 0, void @empty_0" [../../../labs/Lab4/Lab4/functionDF.cpp:6]   --->   Operation 25 'specpipeline' 'specpipeline_ln6' <Predicate = true> <Delay = 0.00>
ST_3 : Operation 26 [1/1] (0.00ns)   --->   "%speclooptripcount_ln6 = speclooptripcount void @_ssdm_op_SpecLoopTripCount, i64 10, i64 10, i64 10" [../../../labs/Lab4/Lab4/functionDF.cpp:6]   --->   Operation 26 'speclooptripcount' 'speclooptripcount_ln6' <Predicate = true> <Delay = 0.00>
ST_3 : Operation 27 [1/1] (0.00ns)   --->   "%specloopname_ln6 = specloopname void @_ssdm_op_SpecLoopName, void @empty_3" [../../../labs/Lab4/Lab4/functionDF.cpp:6]   --->   Operation 27 'specloopname' 'specloopname_ln6' <Predicate = true> <Delay = 0.00>
ST_3 : Operation 28 [1/1] (3.61ns)   --->   "%write_ln9 = write void @_ssdm_op_Write.ap_fifo.volatile.i32P0A, i32 %c1, i32 %t" [../../../labs/Lab4/Lab4/functionDF.cpp:9]   --->   Operation 28 'write' 'write_ln9' <Predicate = true> <Delay = 3.61> <CoreInst = "FIFO_SRL">   --->   Core 81 'FIFO_SRL' <Latency = 0> <II = 1> <Delay = 3.61> <Storage> <Opcode : 'read' 'write' 'nbread' 'nbwrite'> <Ports = 0> <Width = 32> <Depth = 10> <FIFO>
ST_3 : Operation 29 [1/1] (0.00ns)   --->   "%br_ln6 = br void %for.inc" [../../../labs/Lab4/Lab4/functionDF.cpp:6]   --->   Operation 29 'br' 'br_ln6' <Predicate = true> <Delay = 0.00>


============================================================
+ Verbose Summary: Timing violations
============================================================
Target clock period: 10.000ns, clock uncertainty: 2.700ns.

 <State 1>: 4.911ns
The critical path consists of the following:
	'store' operation 0 bit ('store_ln6', ../../../labs/Lab4/Lab4/functionDF.cpp:6) of constant 0 on local variable 'i', ../../../labs/Lab4/Lab4/functionDF.cpp:6 [7]  (1.588 ns)
	'load' operation 4 bit ('i', ../../../labs/Lab4/Lab4/functionDF.cpp:6) on local variable 'i', ../../../labs/Lab4/Lab4/functionDF.cpp:6 [10]  (0.000 ns)
	'add' operation 4 bit ('add_ln6', ../../../labs/Lab4/Lab4/functionDF.cpp:6) [12]  (1.735 ns)
	'store' operation 0 bit ('store_ln6', ../../../labs/Lab4/Lab4/functionDF.cpp:6) of variable 'add_ln6', ../../../labs/Lab4/Lab4/functionDF.cpp:6 on local variable 'i', ../../../labs/Lab4/Lab4/functionDF.cpp:6 [27]  (1.588 ns)

 <State 2>: 7.196ns
The critical path consists of the following:
	'load' operation 32 bit ('vecIn_load', ../../../labs/Lab4/Lab4/functionDF.cpp:8) on array 'vecIn' [20]  (2.322 ns)
	'sub' operation 32 bit ('t', ../../../labs/Lab4/Lab4/functionDF.cpp:8) [22]  (2.552 ns)
	'store' operation 0 bit ('store_ln10', ../../../labs/Lab4/Lab4/functionDF.cpp:10) of variable 'trunc_ln8', ../../../labs/Lab4/Lab4/functionDF.cpp:8 on array 'out2' [26]  (2.322 ns)

 <State 3>: 3.612ns
The critical path consists of the following:
	fifo write operation ('write_ln9', ../../../labs/Lab4/Lab4/functionDF.cpp:9) on port 'c1' (../../../labs/Lab4/Lab4/functionDF.cpp:9) [24]  (3.612 ns)


============================================================
+ Verbose Summary: Binding
============================================================
N/A
* FSMD analyzer results:
  - Output states:
 - Input state : 
  - Chain level:
	State 1
	State 2
	State 3


============================================================
+ Verbose Summary: Datapath Resource usage 
============================================================
N/A
