

================================================================
== Vitis HLS Report for 'funcA'
================================================================
* Date:           Tue Mar 19 12:47:56 2024

* Version:        2023.2 (Build 4023990 on Oct 11 2023)
* Project:        lab4opt
* Solution:       solution3 (Vivado IP Flow Target)
* Product family: zynq
* Target device:  xc7z010i-clg225-1L


================================================================
== Performance Estimates
================================================================
+ Timing: 
    * Summary: 
    +--------+----------+----------+------------+
    |  Clock |  Target  | Estimated| Uncertainty|
    +--------+----------+----------+------------+
    |ap_clk  |  10.00 ns|  7.196 ns|     2.70 ns|
    +--------+----------+----------+------------+

+ Latency: 
    * Summary: 
    +---------+---------+----------+----------+-----+-----+---------+
    |  Latency (cycles) |  Latency (absolute) |  Interval | Pipeline|
    |   min   |   max   |    min   |    max   | min | max |   Type  |
    +---------+---------+----------+----------+-----+-----+---------+
    |       13|       13|  0.130 us|  0.130 us|   13|   13|       no|
    +---------+---------+----------+----------+-----+-----+---------+

    + Detail: 
        * Instance: 
        N/A

        * Loop: 
        +----------+---------+---------+----------+-----------+-----------+------+----------+
        |          |  Latency (cycles) | Iteration|  Initiation Interval  | Trip |          |
        | Loop Name|   min   |   max   |  Latency |  achieved |   target  | Count| Pipelined|
        +----------+---------+---------+----------+-----------+-----------+------+----------+
        |- Loop0   |       11|       11|         3|          1|          1|    10|       yes|
        +----------+---------+---------+----------+-----------+-----------+------+----------+

============================================================
+ Verbose Summary: Synthesis Manager
============================================================
InlineROM: 1
ExposeGlobal: 0
============================================================
+ Verbose Summary: CDFG Model
============================================================
IsTopModel: 0
ResetActiveHigh: 1
IsCombinational: 2
IsDatapathOnly: 0
HasWiredReturn: 1
HasMFsm: 2
HasVarLatency: 1
IsPipeline: 0
IsRtlPipelined: 0
IsInstanceOverlapped: 0
IsDontTouch: 0
HasImplIP: 0
IsGatedGlobalClock: 0

+ Individual pipeline summary: 
  * Pipeline-0: initiation interval (II) = 1, depth = 3


============================================================
+ Verbose Summary: Schedule
============================================================
* Number of FSM states : 3
* Pipeline : 1
  Pipeline-0 : II = 1, D = 3, States = { 1 2 3 }
* Dataflow Pipeline: 0

* FSM state transitions: 
1 --> 2 
2 --> 3 
3 --> 

* FSM state operations: 

State 1 <SV = 0> <Delay = 4.91>
ST_1 : Operation 6 [1/1] (0.00ns)   --->   "%i = alloca i32 1" [../../../labs/Lab4/Lab4/functionDF.cpp:6]   --->   Operation 6 'alloca' 'i' <Predicate = true> <Delay = 0.00>
ST_1 : Operation 7 [1/1] (0.00ns)   --->   "%specinterface_ln0 = specinterface void @_ssdm_op_SpecInterface, i32 %c1, void @empty_1, i32 0, i32 0, void @empty_0, i32 0, i32 0, void @empty_0, void @empty_0, void @empty_0, i32 0, i32 0, i32 0, i32 0, void @empty_0, void @empty_0, i32 4294967295, i32 0"   --->   Operation 7 'specinterface' 'specinterface_ln0' <Predicate = true> <Delay = 0.00>
ST_1 : Operation 8 [1/1] (0.00ns)   --->   "%specinterface_ln0 = specinterface void @_ssdm_op_SpecInterface, i32 %vecIn, void @empty, i32 0, i32 0, void @empty_0, i32 4294967295, i32 0, void @empty_0, void @empty_0, void @empty_0, i32 0, i32 0, i32 0, i32 0, void @empty_0, void @empty_0, i32 4294967295, i32 0"   --->   Operation 8 'specinterface' 'specinterface_ln0' <Predicate = true> <Delay = 0.00>
ST_1 : Operation 9 [1/1] (1.58ns)   --->   "%store_ln6 = store i4 0, i4 %i" [../../../labs/Lab4/Lab4/functionDF.cpp:6]   --->   Operation 9 'store' 'store_ln6' <Predicate = true> <Delay = 1.58>
ST_1 : Operation 10 [1/1] (0.00ns)   --->   "%br_ln6 = br void %for.inc" [../../../labs/Lab4/Lab4/functionDF.cpp:6]   --->   Operation 10 'br' 'br_ln6' <Predicate = true> <Delay = 0.00>
ST_1 : Operation 11 [1/1] (0.00ns)   --->   "%i_4 = load i4 %i" [../../../labs/Lab4/Lab4/functionDF.cpp:6]   --->   Operation 11 'load' 'i_4' <Predicate = true> <Delay = 0.00>
ST_1 : Operation 12 [1/1] (1.73ns)   --->   "%icmp_ln6 = icmp_eq  i4 %i_4, i4 10" [../../../labs/Lab4/Lab4/functionDF.cpp:6]   --->   Operation 12 'icmp' 'icmp_ln6' <Predicate = true> <Delay = 1.73> <CoreInst = "Cmp">   --->   Core 9 'Cmp' <Latency = 0> <II = 1> <Delay = 1.73> <FuncUnit> <Opcode : 'icmp'> <InPorts = 2> <OutPorts = 1>
ST_1 : Operation 13 [1/1] (1.73ns)   --->   "%add_ln6 = add i4 %i_4, i4 1" [../../../labs/Lab4/Lab4/functionDF.cpp:6]   --->   Operation 13 'add' 'add_ln6' <Predicate = true> <Delay = 1.73> <CoreInst = "Adder">   --->   Core 1 'Adder' <Latency = 0> <II = 1> <Delay = 1.73> <FuncUnit> <Opcode : 'add' 'sub'> <InPorts = 2> <OutPorts = 1>
ST_1 : Operation 14 [1/1] (0.00ns)   --->   "%br_ln6 = br i1 %icmp_ln6, void %for.inc.split, void %for.end" [../../../labs/Lab4/Lab4/functionDF.cpp:6]   --->   Operation 14 'br' 'br_ln6' <Predicate = true> <Delay = 0.00>
ST_1 : Operation 15 [1/1] (0.00ns)   --->   "%zext_ln6 = zext i4 %i_4" [../../../labs/Lab4/Lab4/functionDF.cpp:6]   --->   Operation 15 'zext' 'zext_ln6' <Predicate = (!icmp_ln6)> <Delay = 0.00>
ST_1 : Operation 16 [1/1] (0.00ns)   --->   "%vecIn_addr = getelementptr i32 %vecIn, i64 0, i64 %zext_ln6" [../../../labs/Lab4/Lab4/functionDF.cpp:8]   --->   Operation 16 'getelementptr' 'vecIn_addr' <Predicate = (!icmp_ln6)> <Delay = 0.00>
ST_1 : Operation 17 [2/2] (2.32ns)   --->   "%vecIn_load = load i4 %vecIn_addr" [../../../labs/Lab4/Lab4/functionDF.cpp:8]   --->   Operation 17 'load' 'vecIn_load' <Predicate = (!icmp_ln6)> <Delay = 2.32> <CoreInst = "RAM">   --->   Core 82 'RAM' <Latency = 1> <II = 1> <Delay = 2.32> <Storage> <Opcode : 'load' 'store'> <Ports = 2> <Width = 32> <Depth = 10> <RAM>
ST_1 : Operation 18 [1/1] (1.58ns)   --->   "%store_ln6 = store i4 %add_ln6, i4 %i" [../../../labs/Lab4/Lab4/functionDF.cpp:6]   --->   Operation 18 'store' 'store_ln6' <Predicate = (!icmp_ln6)> <Delay = 1.58>

State 2 <SV = 1> <Delay = 7.19>
ST_2 : Operation 19 [1/2] (2.32ns)   --->   "%vecIn_load = load i4 %vecIn_addr" [../../../labs/Lab4/Lab4/functionDF.cpp:8]   --->   Operation 19 'load' 'vecIn_load' <Predicate = true> <Delay = 2.32> <CoreInst = "RAM">   --->   Core 82 'RAM' <Latency = 1> <II = 1> <Delay = 2.32> <Storage> <Opcode : 'load' 'store'> <Ports = 2> <Width = 32> <Depth = 10> <RAM>
ST_2 : Operation 20 [1/1] (0.00ns) (grouped into LUT with out node t)   --->   "%shl_ln8 = shl i32 %vecIn_load, i32 2" [../../../labs/Lab4/Lab4/functionDF.cpp:8]   --->   Operation 20 'shl' 'shl_ln8' <Predicate = true> <Delay = 0.00>
ST_2 : Operation 21 [1/1] (2.55ns) (out node of the LUT)   --->   "%t = sub i32 %shl_ln8, i32 %vecIn_load" [../../../labs/Lab4/Lab4/functionDF.cpp:8]   --->   Operation 21 'sub' 't' <Predicate = true> <Delay = 2.55> <CoreInst = "Adder">   --->   Core 1 'Adder' <Latency = 0> <II = 1> <Delay = 2.55> <FuncUnit> <Opcode : 'add' 'sub'> <InPorts = 2> <OutPorts = 1>
ST_2 : Operation 22 [1/1] (0.00ns)   --->   "%trunc_ln8 = trunc i32 %t" [../../../labs/Lab4/Lab4/functionDF.cpp:8]   --->   Operation 22 'trunc' 'trunc_ln8' <Predicate = true> <Delay = 0.00>
ST_2 : Operation 23 [1/1] (0.00ns)   --->   "%out2_addr = getelementptr i31 %out2, i64 0, i64 %zext_ln6" [../../../labs/Lab4/Lab4/functionDF.cpp:10]   --->   Operation 23 'getelementptr' 'out2_addr' <Predicate = true> <Delay = 0.00>
ST_2 : Operation 24 [1/1] (2.32ns)   --->   "%store_ln10 = store i31 %trunc_ln8, i4 %out2_addr" [../../../labs/Lab4/Lab4/functionDF.cpp:10]   --->   Operation 24 'store' 'store_ln10' <Predicate = true> <Delay = 2.32> <CoreInst = "RAM">   --->   Core 82 'RAM' <Latency = 1> <II = 1> <Delay = 2.32> <Storage> <Opcode : 'load' 'store'> <Ports = 2> <Width = 31> <Depth = 10> <RAM>
ST_2 : Operation 30 [1/1] (0.00ns)   --->   "%ret_ln12 = ret" [../../../labs/Lab4/Lab4/functionDF.cpp:12]   --->   Operation 30 'ret' 'ret_ln12' <Predicate = (icmp_ln6)> <Delay = 0.00>

State 3 <SV = 2> <Delay = 3.61>
ST_3 : Operation 25 [1/1] (0.00ns)   --->   "%specpipeline_ln6 = specpipeline void @_ssdm_op_SpecPipeline, i32 4294967295, i32 0, i32 0, i32 0, void @empty_0" [../../../labs/Lab4/Lab4/functionDF.cpp:6]   --->   Operation 25 'specpipeline' 'specpipeline_ln6' <Predicate = true> <Delay = 0.00>
ST_3 : Operation 26 [1/1] (0.00ns)   --->   "%speclooptripcount_ln6 = speclooptripcount void @_ssdm_op_SpecLoopTripCount, i64 10, i64 10, i64 10" [../../../labs/Lab4/Lab4/functionDF.cpp:6]   --->   Operation 26 'speclooptripcount' 'speclooptripcount_ln6' <Predicate = true> <Delay = 0.00>
ST_3 : Operation 27 [1/1] (0.00ns)   --->   "%specloopname_ln6 = specloopname void @_ssdm_op_SpecLoopName, void @empty_3" [../../../labs/Lab4/Lab4/functionDF.cpp:6]   --->   Operation 27 'specloopname' 'specloopname_ln6' <Predicate = true> <Delay = 0.00>
ST_3 : Operation 28 [1/1] (3.61ns)   --->   "%write_ln9 = write void @_ssdm_op_Write.ap_fifo.volatile.i32P0A, i32 %c1, i32 %t" [../../../labs/Lab4/Lab4/functionDF.cpp:9]   --->   Operation 28 'write' 'write_ln9' <Predicate = true> <Delay = 3.61> <CoreInst = "FIFO_SRL">   --->   Core 81 'FIFO_SRL' <Latency = 0> <II = 1> <Delay = 3.61> <Storage> <Opcode : 'read' 'write' 'nbread' 'nbwrite'> <Ports = 0> <Width = 32> <Depth = 10> <FIFO>
ST_3 : Operation 29 [1/1] (0.00ns)   --->   "%br_ln6 = br void %for.inc" [../../../labs/Lab4/Lab4/functionDF.cpp:6]   --->   Operation 29 'br' 'br_ln6' <Predicate = true> <Delay = 0.00>


============================================================
+ Verbose Summary: Binding
============================================================
STG Binding: 
---------------- STG Properties BEGIN ----------------
- Is combinational: 0
- Is one-state seq: 0
- Is datapath-only: 0
- Is pipelined: 0
- Is top level: 0
Port [ Return ] is wired: 1; IO mode=ap_ctrl_hs:ce=0
Port [ vecIn]:  wired=1; compound=1; hidden=0; nouse=0; global=0; static=0; extern=0; dir=0; type=1; pingpong=0; private_global=0; MemPort=[13]; IO mode=ap_memory:ce=0
Port [ c1]:  wired=1; compound=1; hidden=0; nouse=0; global=0; static=0; extern=0; dir=1; type=3; pingpong=0; private_global=0; IO mode=ap_fifo:ce=0
Port [ out2]:  wired=1; compound=1; hidden=0; nouse=0; global=0; static=0; extern=0; dir=1; type=1; pingpong=1; private_global=0; MemPort=[03]; IO mode=ap_memory:ce=0
---------------- STG Properties END ------------------

---------------- Datapath Model BEGIN ----------------

<LifeTime>
<method=bitvector/>
i                     (alloca           ) [ 0100]
specinterface_ln0     (specinterface    ) [ 0000]
specinterface_ln0     (specinterface    ) [ 0000]
store_ln6             (store            ) [ 0000]
br_ln6                (br               ) [ 0000]
i_4                   (load             ) [ 0000]
icmp_ln6              (icmp             ) [ 0110]
add_ln6               (add              ) [ 0000]
br_ln6                (br               ) [ 0000]
zext_ln6              (zext             ) [ 0110]
vecIn_addr            (getelementptr    ) [ 0110]
store_ln6             (store            ) [ 0000]
vecIn_load            (load             ) [ 0000]
shl_ln8               (shl              ) [ 0000]
t                     (sub              ) [ 0101]
trunc_ln8             (trunc            ) [ 0000]
out2_addr             (getelementptr    ) [ 0000]
store_ln10            (store            ) [ 0000]
specpipeline_ln6      (specpipeline     ) [ 0000]
speclooptripcount_ln6 (speclooptripcount) [ 0000]
specloopname_ln6      (specloopname     ) [ 0000]
write_ln9             (write            ) [ 0000]
br_ln6                (br               ) [ 0000]
ret_ln12              (ret              ) [ 0000]
</LifeTime>

<model>

<comp_list>
<comp id="0" class="1000" name="vecIn">
<pin_list>
<pin id="1" dir="1" index="0" bw="1" slack="0"/>
</pin_list>
<bind>
<StgValue><ssdm name="vecIn"/><MemPortTyVec>1 3 </MemPortTyVec>
</StgValue>
</bind>
</comp>

<comp id="2" class="1000" name="c1">
<pin_list>
<pin id="3" dir="1" index="0" bw="1" slack="0"/>
</pin_list>
<bind>
<StgValue><ssdm name="c1"/></StgValue>
</bind>
</comp>

<comp id="4" class="1000" name="out2">
<pin_list>
<pin id="5" dir="1" index="0" bw="1" slack="0"/>
</pin_list>
<bind>
<StgValue><ssdm name="out2"/><MemPortTyVec>0 3 </MemPortTyVec>
</StgValue>
</bind>
</comp>

<comp id="6" class="1001" name="const_6">
<pin_list>
<pin id="7" dir="1" index="0" bw="1" slack="0"/>
</pin_list>
<bind>
<StgValue><ssdm name=""/></StgValue>
</bind>
</comp>

<comp id="8" class="1001" name="const_8">
<pin_list>
<pin id="9" dir="1" index="0" bw="1" slack="2147483647"/>
</pin_list>
<bind>
<StgValue><ssdm name="_ssdm_op_SpecInterface"/></StgValue>
</bind>
</comp>

<comp id="10" class="1001" name="const_10">
<pin_list>
<pin id="11" dir="1" index="0" bw="1" slack="2147483647"/>
</pin_list>
<bind>
<StgValue><ssdm name="empty_1"/></StgValue>
</bind>
</comp>

<comp id="12" class="1001" name="const_12">
<pin_list>
<pin id="13" dir="1" index="0" bw="1" slack="2147483647"/>
</pin_list>
<bind>
<StgValue><ssdm name=""/></StgValue>
</bind>
</comp>

<comp id="14" class="1001" name="const_14">
<pin_list>
<pin id="15" dir="1" index="0" bw="1" slack="2147483647"/>
</pin_list>
<bind>
<StgValue><ssdm name="empty_0"/></StgValue>
</bind>
</comp>

<comp id="16" class="1001" name="const_16">
<pin_list>
<pin id="17" dir="1" index="0" bw="1" slack="2147483647"/>
</pin_list>
<bind>
<StgValue><ssdm name=""/></StgValue>
</bind>
</comp>

<comp id="18" class="1001" name="const_18">
<pin_list>
<pin id="19" dir="1" index="0" bw="1" slack="2147483647"/>
</pin_list>
<bind>
<StgValue><ssdm name="empty"/></StgValue>
</bind>
</comp>

<comp id="20" class="1001" name="const_20">
<pin_list>
<pin id="21" dir="1" index="0" bw="1" slack="0"/>
</pin_list>
<bind>
<StgValue><ssdm name=""/></StgValue>
</bind>
</comp>

<comp id="22" class="1001" name="const_22">
<pin_list>
<pin id="23" dir="1" index="0" bw="1" slack="0"/>
</pin_list>
<bind>
<StgValue><ssdm name=""/></StgValue>
</bind>
</comp>

<comp id="24" class="1001" name="const_24">
<pin_list>
<pin id="25" dir="1" index="0" bw="1" slack="0"/>
</pin_list>
<bind>
<StgValue><ssdm name=""/></StgValue>
</bind>
</comp>

<comp id="26" class="1001" name="const_26">
<pin_list>
<pin id="27" dir="1" index="0" bw="1" slack="0"/>
</pin_list>
<bind>
<StgValue><ssdm name=""/></StgValue>
</bind>
</comp>

<comp id="28" class="1001" name="const_28">
<pin_list>
<pin id="29" dir="1" index="0" bw="1" slack="0"/>
</pin_list>
<bind>
<StgValue><ssdm name=""/></StgValue>
</bind>
</comp>

<comp id="30" class="1001" name="const_30">
<pin_list>
<pin id="31" dir="1" index="0" bw="1" slack="2147483647"/>
</pin_list>
<bind>
<StgValue><ssdm name="_ssdm_op_SpecPipeline"/></StgValue>
</bind>
</comp>

<comp id="32" class="1001" name="const_32">
<pin_list>
<pin id="33" dir="1" index="0" bw="1" slack="2147483647"/>
</pin_list>
<bind>
<StgValue><ssdm name="_ssdm_op_SpecLoopTripCount"/></StgValue>
</bind>
</comp>

<comp id="34" class="1001" name="const_34">
<pin_list>
<pin id="35" dir="1" index="0" bw="1" slack="2147483647"/>
</pin_list>
<bind>
<StgValue><ssdm name=""/></StgValue>
</bind>
</comp>

<comp id="36" class="1001" name="const_36">
<pin_list>
<pin id="37" dir="1" index="0" bw="1" slack="2147483647"/>
</pin_list>
<bind>
<StgValue><ssdm name="_ssdm_op_SpecLoopName"/></StgValue>
</bind>
</comp>

<comp id="38" class="1001" name="const_38">
<pin_list>
<pin id="39" dir="1" index="0" bw="1" slack="2147483647"/>
</pin_list>
<bind>
<StgValue><ssdm name="empty_3"/></StgValue>
</bind>
</comp>

<comp id="40" class="1001" name="const_40">
<pin_list>
<pin id="41" dir="1" index="0" bw="1" slack="0"/>
</pin_list>
<bind>
<StgValue><ssdm name="_ssdm_op_Write.ap_fifo.volatile.i32P0A"/></StgValue>
</bind>
</comp>

<comp id="42" class="1004" name="i_fu_42">
<pin_list>
<pin id="43" dir="0" index="0" bw="1" slack="0"/>
<pin id="44" dir="1" index="1" bw="4" slack="0"/>
</pin_list>
<bind>
<opcode="alloca(26) " fcode="alloca"/>
<opset="i/1 "/>
</bind>
</comp>

<comp id="46" class="1004" name="write_ln9_write_fu_46">
<pin_list>
<pin id="47" dir="0" index="0" bw="0" slack="0"/>
<pin id="48" dir="0" index="1" bw="32" slack="0"/>
<pin id="49" dir="0" index="2" bw="32" slack="1"/>
<pin id="50" dir="1" index="3" bw="0" slack="2147483647"/>
</pin_list>
<bind>
<opcode="write(1151) " fcode="write"/>
<opset="write_ln9/3 "/>
</bind>
</comp>

<comp id="53" class="1004" name="vecIn_addr_gep_fu_53">
<pin_list>
<pin id="54" dir="0" index="0" bw="32" slack="0"/>
<pin id="55" dir="0" index="1" bw="1" slack="0"/>
<pin id="56" dir="0" index="2" bw="4" slack="0"/>
<pin id="57" dir="1" index="3" bw="4" slack="0"/>
</pin_list>
<bind>
<opcode="getelementptr(29) " fcode="getelementptr"/>
<opset="vecIn_addr/1 "/>
</bind>
</comp>

<comp id="60" class="1004" name="grp_access_fu_60">
<pin_list>
<pin id="61" dir="0" index="0" bw="4" slack="0"/>
<pin id="62" dir="0" index="1" bw="32" slack="2147483647"/>
<pin id="63" dir="0" index="2" bw="0" slack="2147483647"/>
<pin id="64" dir="1" index="3" bw="32" slack="0"/>
</pin_list>
<bind>
<opcode="load(27) " fcode="load"/>
<opset="vecIn_load/1 "/>
</bind>
</comp>

<comp id="66" class="1004" name="out2_addr_gep_fu_66">
<pin_list>
<pin id="67" dir="0" index="0" bw="31" slack="0"/>
<pin id="68" dir="0" index="1" bw="1" slack="0"/>
<pin id="69" dir="0" index="2" bw="4" slack="1"/>
<pin id="70" dir="1" index="3" bw="4" slack="0"/>
</pin_list>
<bind>
<opcode="getelementptr(29) " fcode="getelementptr"/>
<opset="out2_addr/2 "/>
</bind>
</comp>

<comp id="73" class="1004" name="store_ln10_access_fu_73">
<pin_list>
<pin id="74" dir="0" index="0" bw="4" slack="0"/>
<pin id="75" dir="0" index="1" bw="31" slack="0"/>
<pin id="76" dir="0" index="2" bw="0" slack="2147483647"/>
<pin id="77" dir="1" index="3" bw="31" slack="2147483647"/>
</pin_list>
<bind>
<opcode="store(28) " fcode="store"/>
<opset="store_ln10/2 "/>
</bind>
</comp>

<comp id="79" class="1004" name="store_ln6_store_fu_79">
<pin_list>
<pin id="80" dir="0" index="0" bw="1" slack="0"/>
<pin id="81" dir="0" index="1" bw="4" slack="0"/>
<pin id="82" dir="1" index="2" bw="0" slack="2147483647"/>
</pin_list>
<bind>
<opcode="store(28) " fcode="store"/>
<opset="store_ln6/1 "/>
</bind>
</comp>

<comp id="84" class="1004" name="i_4_load_fu_84">
<pin_list>
<pin id="85" dir="0" index="0" bw="4" slack="0"/>
<pin id="86" dir="1" index="1" bw="4" slack="0"/>
</pin_list>
<bind>
<opcode="load(27) " fcode="load"/>
<opset="i_4/1 "/>
</bind>
</comp>

<comp id="87" class="1004" name="icmp_ln6_fu_87">
<pin_list>
<pin id="88" dir="0" index="0" bw="4" slack="0"/>
<pin id="89" dir="0" index="1" bw="4" slack="0"/>
<pin id="90" dir="1" index="2" bw="1" slack="1"/>
</pin_list>
<bind>
<opcode="icmp(45) " fcode="icmp"/>
<opset="icmp_ln6/1 "/>
</bind>
</comp>

<comp id="93" class="1004" name="add_ln6_fu_93">
<pin_list>
<pin id="94" dir="0" index="0" bw="4" slack="0"/>
<pin id="95" dir="0" index="1" bw="1" slack="0"/>
<pin id="96" dir="1" index="2" bw="4" slack="0"/>
</pin_list>
<bind>
<opcode="add(8) " fcode="add"/>
<opset="add_ln6/1 "/>
</bind>
</comp>

<comp id="99" class="1004" name="zext_ln6_fu_99">
<pin_list>
<pin id="100" dir="0" index="0" bw="4" slack="0"/>
<pin id="101" dir="1" index="1" bw="64" slack="0"/>
</pin_list>
<bind>
<opcode="zext(34) " fcode="zext"/>
<opset="zext_ln6/1 "/>
</bind>
</comp>

<comp id="104" class="1004" name="store_ln6_store_fu_104">
<pin_list>
<pin id="105" dir="0" index="0" bw="4" slack="0"/>
<pin id="106" dir="0" index="1" bw="4" slack="0"/>
<pin id="107" dir="1" index="2" bw="0" slack="2147483647"/>
</pin_list>
<bind>
<opcode="store(28) " fcode="store"/>
<opset="store_ln6/1 "/>
</bind>
</comp>

<comp id="109" class="1004" name="shl_ln8_fu_109">
<pin_list>
<pin id="110" dir="0" index="0" bw="32" slack="0"/>
<pin id="111" dir="0" index="1" bw="3" slack="0"/>
<pin id="112" dir="1" index="2" bw="32" slack="0"/>
</pin_list>
<bind>
<opcode="shl(20) " fcode="shl"/>
<opset="shl_ln8/2 "/>
</bind>
</comp>

<comp id="115" class="1004" name="t_fu_115">
<pin_list>
<pin id="116" dir="0" index="0" bw="32" slack="0"/>
<pin id="117" dir="0" index="1" bw="32" slack="0"/>
<pin id="118" dir="1" index="2" bw="32" slack="0"/>
</pin_list>
<bind>
<opcode="sub(10) " fcode="sub"/>
<opset="t/2 "/>
</bind>
</comp>

<comp id="121" class="1004" name="trunc_ln8_fu_121">
<pin_list>
<pin id="122" dir="0" index="0" bw="32" slack="0"/>
<pin id="123" dir="1" index="1" bw="31" slack="0"/>
</pin_list>
<bind>
<opcode="trunc(33) " fcode="trunc"/>
<opset="trunc_ln8/2 "/>
</bind>
</comp>

<comp id="126" class="1005" name="i_reg_126">
<pin_list>
<pin id="127" dir="0" index="0" bw="4" slack="0"/>
<pin id="128" dir="1" index="1" bw="4" slack="0"/>
</pin_list>
<bind>
<opset="i "/>
</bind>
</comp>

<comp id="133" class="1005" name="icmp_ln6_reg_133">
<pin_list>
<pin id="134" dir="0" index="0" bw="1" slack="1"/>
<pin id="135" dir="1" index="1" bw="1" slack="2147483647"/>
</pin_list>
<bind>
<opset="icmp_ln6 "/>
</bind>
</comp>

<comp id="137" class="1005" name="zext_ln6_reg_137">
<pin_list>
<pin id="138" dir="0" index="0" bw="64" slack="1"/>
<pin id="139" dir="1" index="1" bw="64" slack="1"/>
</pin_list>
<bind>
<opset="zext_ln6 "/>
</bind>
</comp>

<comp id="142" class="1005" name="vecIn_addr_reg_142">
<pin_list>
<pin id="143" dir="0" index="0" bw="4" slack="1"/>
<pin id="144" dir="1" index="1" bw="4" slack="1"/>
</pin_list>
<bind>
<opset="vecIn_addr "/>
</bind>
</comp>

<comp id="147" class="1005" name="t_reg_147">
<pin_list>
<pin id="148" dir="0" index="0" bw="32" slack="1"/>
<pin id="149" dir="1" index="1" bw="32" slack="1"/>
</pin_list>
<bind>
<opset="t "/>
</bind>
</comp>

</comp_list>

<net_list>
<net id="45"><net_src comp="6" pin="0"/><net_sink comp="42" pin=0"/></net>

<net id="51"><net_src comp="40" pin="0"/><net_sink comp="46" pin=0"/></net>

<net id="52"><net_src comp="2" pin="0"/><net_sink comp="46" pin=1"/></net>

<net id="58"><net_src comp="0" pin="0"/><net_sink comp="53" pin=0"/></net>

<net id="59"><net_src comp="26" pin="0"/><net_sink comp="53" pin=1"/></net>

<net id="65"><net_src comp="53" pin="3"/><net_sink comp="60" pin=0"/></net>

<net id="71"><net_src comp="4" pin="0"/><net_sink comp="66" pin=0"/></net>

<net id="72"><net_src comp="26" pin="0"/><net_sink comp="66" pin=1"/></net>

<net id="78"><net_src comp="66" pin="3"/><net_sink comp="73" pin=0"/></net>

<net id="83"><net_src comp="20" pin="0"/><net_sink comp="79" pin=0"/></net>

<net id="91"><net_src comp="84" pin="1"/><net_sink comp="87" pin=0"/></net>

<net id="92"><net_src comp="22" pin="0"/><net_sink comp="87" pin=1"/></net>

<net id="97"><net_src comp="84" pin="1"/><net_sink comp="93" pin=0"/></net>

<net id="98"><net_src comp="24" pin="0"/><net_sink comp="93" pin=1"/></net>

<net id="102"><net_src comp="84" pin="1"/><net_sink comp="99" pin=0"/></net>

<net id="103"><net_src comp="99" pin="1"/><net_sink comp="53" pin=2"/></net>

<net id="108"><net_src comp="93" pin="2"/><net_sink comp="104" pin=0"/></net>

<net id="113"><net_src comp="60" pin="3"/><net_sink comp="109" pin=0"/></net>

<net id="114"><net_src comp="28" pin="0"/><net_sink comp="109" pin=1"/></net>

<net id="119"><net_src comp="109" pin="2"/><net_sink comp="115" pin=0"/></net>

<net id="120"><net_src comp="60" pin="3"/><net_sink comp="115" pin=1"/></net>

<net id="124"><net_src comp="115" pin="2"/><net_sink comp="121" pin=0"/></net>

<net id="125"><net_src comp="121" pin="1"/><net_sink comp="73" pin=1"/></net>

<net id="129"><net_src comp="42" pin="1"/><net_sink comp="126" pin=0"/></net>

<net id="130"><net_src comp="126" pin="1"/><net_sink comp="79" pin=1"/></net>

<net id="131"><net_src comp="126" pin="1"/><net_sink comp="84" pin=0"/></net>

<net id="132"><net_src comp="126" pin="1"/><net_sink comp="104" pin=1"/></net>

<net id="136"><net_src comp="87" pin="2"/><net_sink comp="133" pin=0"/></net>

<net id="140"><net_src comp="99" pin="1"/><net_sink comp="137" pin=0"/></net>

<net id="141"><net_src comp="137" pin="1"/><net_sink comp="66" pin=2"/></net>

<net id="145"><net_src comp="53" pin="3"/><net_sink comp="142" pin=0"/></net>

<net id="146"><net_src comp="142" pin="1"/><net_sink comp="60" pin=0"/></net>

<net id="150"><net_src comp="115" pin="2"/><net_sink comp="147" pin=0"/></net>

<net id="151"><net_src comp="147" pin="1"/><net_sink comp="46" pin=2"/></net>

</net_list>

</model> 
---------------- Datapath Model END ------------------

* FSMD analyzer results:
  - Output states:
	Port: c1 | {3 }
	Port: out2 | {2 }
 - Input state : 
	Port: funcA : vecIn | {1 2 }
  - Chain level:
	State 1
		store_ln6 : 1
		i_4 : 1
		icmp_ln6 : 2
		add_ln6 : 2
		br_ln6 : 3
		zext_ln6 : 2
		vecIn_addr : 3
		vecIn_load : 4
		store_ln6 : 3
	State 2
		shl_ln8 : 1
		t : 1
		trunc_ln8 : 2
		store_ln10 : 3
	State 3


============================================================
+ Verbose Summary: Datapath Resource usage 
============================================================

* Functional unit list:
|----------|-----------------------|---------|---------|
| Operation|    Functional Unit    |    FF   |   LUT   |
|----------|-----------------------|---------|---------|
|    sub   |        t_fu_115       |    0    |    39   |
|----------|-----------------------|---------|---------|
|   icmp   |     icmp_ln6_fu_87    |    0    |    13   |
|----------|-----------------------|---------|---------|
|    add   |     add_ln6_fu_93     |    0    |    13   |
|----------|-----------------------|---------|---------|
|   write  | write_ln9_write_fu_46 |    0    |    0    |
|----------|-----------------------|---------|---------|
|   zext   |     zext_ln6_fu_99    |    0    |    0    |
|----------|-----------------------|---------|---------|
|    shl   |     shl_ln8_fu_109    |    0    |    0    |
|----------|-----------------------|---------|---------|
|   trunc  |    trunc_ln8_fu_121   |    0    |    0    |
|----------|-----------------------|---------|---------|
|   Total  |                       |    0    |    65   |
|----------|-----------------------|---------|---------|

Memories:
N/A

* Register list:
+------------------+--------+
|                  |   FF   |
+------------------+--------+
|     i_reg_126    |    4   |
| icmp_ln6_reg_133 |    1   |
|     t_reg_147    |   32   |
|vecIn_addr_reg_142|    4   |
| zext_ln6_reg_137 |   64   |
+------------------+--------+
|       Total      |   105  |
+------------------+--------+

* Multiplexer (MUX) list: 
|------------------|------|------|------|--------||---------||---------|
|       Comp       |  Pin | Size |  BW  | S x BW ||  Delay  ||   LUT   |
|------------------|------|------|------|--------||---------||---------|
| grp_access_fu_60 |  p0  |   2  |   4  |    8   ||    9    |
|------------------|------|------|------|--------||---------||---------|
|       Total      |      |      |      |    8   ||  1.588  ||    9    |
|------------------|------|------|------|--------||---------||---------|



* Summary:
+-----------+--------+--------+--------+
|           |  Delay |   FF   |   LUT  |
+-----------+--------+--------+--------+
|  Function |    -   |    0   |   65   |
|   Memory  |    -   |    -   |    -   |
|Multiplexer|    1   |    -   |    9   |
|  Register |    -   |   105  |    -   |
+-----------+--------+--------+--------+
|   Total   |    1   |   105  |   74   |
+-----------+--------+--------+--------+
