

================================================================
== Vitis HLS Report for 'conv2D0_Pipeline_loop_orow_loop_ocol'
================================================================
* Date:           Thu Apr 11 18:50:44 2024

* Version:        2023.2 (Build 4023990 on Oct 11 2023)
* Project:        Project1
* Solution:       partition_block_best_values (Vivado IP Flow Target)
* Product family: zynq
* Target device:  xc7z010i-clg225-1L


================================================================
== Performance Estimates
================================================================
+ Timing: 
    * Summary: 
    +--------+----------+----------+------------+
    |  Clock |  Target  | Estimated| Uncertainty|
    +--------+----------+----------+------------+
    |ap_clk  |  10.00 ns|  8.826 ns|     2.70 ns|
    +--------+----------+----------+------------+

+ Latency: 
    * Summary: 
    +---------+---------+----------+----------+-----+-----+---------+
    |  Latency (cycles) |  Latency (absolute) |  Interval | Pipeline|
    |   min   |   max   |    min   |    max   | min | max |   Type  |
    +---------+---------+----------+----------+-----+-----+---------+
    |       10|       10|  0.100 us|  0.100 us|   10|   10|       no|
    +---------+---------+----------+----------+-----+-----+---------+

    + Detail: 
        * Instance: 
        N/A

        * Loop: 
        +-----------------------+---------+---------+----------+-----------+-----------+------+----------+
        |                       |  Latency (cycles) | Iteration|  Initiation Interval  | Trip |          |
        |       Loop Name       |   min   |   max   |  Latency |  achieved |   target  | Count| Pipelined|
        +-----------------------+---------+---------+----------+-----------+-----------+------+----------+
        |- loop_orow_loop_ocol  |        8|        8|         6|          1|          1|     4|       yes|
        +-----------------------+---------+---------+----------+-----------+-----------+------+----------+

============================================================
+ Verbose Summary: Synthesis Manager
============================================================
InlineROM: 1
ExposeGlobal: 0
============================================================
+ Verbose Summary: CDFG Model
============================================================
IsTopModel: 0
ResetActiveHigh: 1
IsCombinational: 0
IsDatapathOnly: 0
HasWiredReturn: 1
HasMFsm: 2
HasVarLatency: 1
IsPipeline: 0
IsRtlPipelined: 0
IsInstanceOverlapped: 0
IsDontTouch: 0
HasImplIP: 0
IsGatedGlobalClock: 0

+ Individual pipeline summary: 
  * Pipeline-0: initiation interval (II) = 1, depth = 6


============================================================
+ Verbose Summary: Schedule
============================================================
* Number of FSM states : 6
* Pipeline : 1
  Pipeline-0 : II = 1, D = 6, States = { 1 2 3 4 5 6 }
* Dataflow Pipeline: 0

* FSM state transitions: 
1 --> 2 
2 --> 3 
3 --> 4 
4 --> 5 
5 --> 6 
6 --> 

* FSM state operations: 

State 1 <SV = 0> <Delay = 8.82>
ST_1 : Operation 9 [1/1] (0.00ns)   --->   "%ocol = alloca i32 1" [conv2D0.cpp:27]   --->   Operation 9 'alloca' 'ocol' <Predicate = true> <Delay = 0.00>
ST_1 : Operation 10 [1/1] (0.00ns)   --->   "%orow = alloca i32 1" [conv2D0.cpp:26]   --->   Operation 10 'alloca' 'orow' <Predicate = true> <Delay = 0.00>
ST_1 : Operation 11 [1/1] (0.00ns)   --->   "%indvar_flatten = alloca i32 1"   --->   Operation 11 'alloca' 'indvar_flatten' <Predicate = true> <Delay = 0.00>
ST_1 : Operation 12 [1/1] (0.00ns)   --->   "%img_outT = alloca i32 1" [conv2D0.cpp:14]   --->   Operation 12 'alloca' 'img_outT' <Predicate = true> <Delay = 0.00>
ST_1 : Operation 13 [1/1] (0.00ns)   --->   "%img_outT_1 = alloca i32 1" [conv2D0.cpp:14]   --->   Operation 13 'alloca' 'img_outT_1' <Predicate = true> <Delay = 0.00>
ST_1 : Operation 14 [1/1] (0.00ns)   --->   "%img_outT_2 = alloca i32 1" [conv2D0.cpp:14]   --->   Operation 14 'alloca' 'img_outT_2' <Predicate = true> <Delay = 0.00>
ST_1 : Operation 15 [1/1] (0.00ns)   --->   "%img_outT_3 = alloca i32 1" [conv2D0.cpp:14]   --->   Operation 15 'alloca' 'img_outT_3' <Predicate = true> <Delay = 0.00>
ST_1 : Operation 16 [1/1] (0.00ns)   --->   "%weightsT_0_4_load_reload_read = read i8 @_ssdm_op_Read.ap_auto.i8, i8 %weightsT_0_4_load_reload"   --->   Operation 16 'read' 'weightsT_0_4_load_reload_read' <Predicate = true> <Delay = 0.00>
ST_1 : Operation 17 [1/1] (0.00ns)   --->   "%img_inT_15_reload_read = read i8 @_ssdm_op_Read.ap_auto.i8, i8 %img_inT_15_reload"   --->   Operation 17 'read' 'img_inT_15_reload_read' <Predicate = true> <Delay = 0.00>
ST_1 : Operation 18 [1/1] (0.00ns)   --->   "%weightsT_1_3_load_reload_read = read i8 @_ssdm_op_Read.ap_auto.i8, i8 %weightsT_1_3_load_reload"   --->   Operation 18 'read' 'weightsT_1_3_load_reload_read' <Predicate = true> <Delay = 0.00>
ST_1 : Operation 19 [1/1] (0.00ns)   --->   "%img_inT_14_reload_read = read i8 @_ssdm_op_Read.ap_auto.i8, i8 %img_inT_14_reload"   --->   Operation 19 'read' 'img_inT_14_reload_read' <Predicate = true> <Delay = 0.00>
ST_1 : Operation 20 [1/1] (0.00ns)   --->   "%weightsT_0_3_load_reload_read = read i8 @_ssdm_op_Read.ap_auto.i8, i8 %weightsT_0_3_load_reload"   --->   Operation 20 'read' 'weightsT_0_3_load_reload_read' <Predicate = true> <Delay = 0.00>
ST_1 : Operation 21 [1/1] (0.00ns)   --->   "%img_inT_13_reload_read = read i8 @_ssdm_op_Read.ap_auto.i8, i8 %img_inT_13_reload"   --->   Operation 21 'read' 'img_inT_13_reload_read' <Predicate = true> <Delay = 0.00>
ST_1 : Operation 22 [1/1] (0.00ns)   --->   "%img_inT_12_reload_read = read i8 @_ssdm_op_Read.ap_auto.i8, i8 %img_inT_12_reload"   --->   Operation 22 'read' 'img_inT_12_reload_read' <Predicate = true> <Delay = 0.00>
ST_1 : Operation 23 [1/1] (0.00ns)   --->   "%weightsT_1_2_load_reload_read = read i8 @_ssdm_op_Read.ap_auto.i8, i8 %weightsT_1_2_load_reload"   --->   Operation 23 'read' 'weightsT_1_2_load_reload_read' <Predicate = true> <Delay = 0.00>
ST_1 : Operation 24 [1/1] (0.00ns)   --->   "%img_inT_11_reload_read = read i8 @_ssdm_op_Read.ap_auto.i8, i8 %img_inT_11_reload"   --->   Operation 24 'read' 'img_inT_11_reload_read' <Predicate = true> <Delay = 0.00>
ST_1 : Operation 25 [1/1] (0.00ns)   --->   "%weightsT_0_2_load_reload_read = read i8 @_ssdm_op_Read.ap_auto.i8, i8 %weightsT_0_2_load_reload"   --->   Operation 25 'read' 'weightsT_0_2_load_reload_read' <Predicate = true> <Delay = 0.00>
ST_1 : Operation 26 [1/1] (0.00ns)   --->   "%img_inT_10_reload_read = read i8 @_ssdm_op_Read.ap_auto.i8, i8 %img_inT_10_reload"   --->   Operation 26 'read' 'img_inT_10_reload_read' <Predicate = true> <Delay = 0.00>
ST_1 : Operation 27 [1/1] (0.00ns)   --->   "%weightsT_1_1_load_reload_read = read i8 @_ssdm_op_Read.ap_auto.i8, i8 %weightsT_1_1_load_reload"   --->   Operation 27 'read' 'weightsT_1_1_load_reload_read' <Predicate = true> <Delay = 0.00>
ST_1 : Operation 28 [1/1] (0.00ns)   --->   "%img_inT_9_reload_read = read i8 @_ssdm_op_Read.ap_auto.i8, i8 %img_inT_9_reload"   --->   Operation 28 'read' 'img_inT_9_reload_read' <Predicate = true> <Delay = 0.00>
ST_1 : Operation 29 [1/1] (0.00ns)   --->   "%img_inT_8_reload_read = read i8 @_ssdm_op_Read.ap_auto.i8, i8 %img_inT_8_reload"   --->   Operation 29 'read' 'img_inT_8_reload_read' <Predicate = true> <Delay = 0.00>
ST_1 : Operation 30 [1/1] (0.00ns)   --->   "%weightsT_0_1_load_reload_read = read i8 @_ssdm_op_Read.ap_auto.i8, i8 %weightsT_0_1_load_reload"   --->   Operation 30 'read' 'weightsT_0_1_load_reload_read' <Predicate = true> <Delay = 0.00>
ST_1 : Operation 31 [1/1] (0.00ns)   --->   "%img_inT_7_reload_read = read i8 @_ssdm_op_Read.ap_auto.i8, i8 %img_inT_7_reload"   --->   Operation 31 'read' 'img_inT_7_reload_read' <Predicate = true> <Delay = 0.00>
ST_1 : Operation 32 [1/1] (0.00ns)   --->   "%weightsT_1_load_reload_read = read i8 @_ssdm_op_Read.ap_auto.i8, i8 %weightsT_1_load_reload"   --->   Operation 32 'read' 'weightsT_1_load_reload_read' <Predicate = true> <Delay = 0.00>
ST_1 : Operation 33 [1/1] (0.00ns)   --->   "%img_inT_6_reload_read = read i8 @_ssdm_op_Read.ap_auto.i8, i8 %img_inT_6_reload"   --->   Operation 33 'read' 'img_inT_6_reload_read' <Predicate = true> <Delay = 0.00>
ST_1 : Operation 34 [1/1] (0.00ns)   --->   "%img_inT_3_reload_read = read i8 @_ssdm_op_Read.ap_auto.i8, i8 %img_inT_3_reload"   --->   Operation 34 'read' 'img_inT_3_reload_read' <Predicate = true> <Delay = 0.00>
ST_1 : Operation 35 [1/1] (0.00ns)   --->   "%img_inT_2_reload_read = read i8 @_ssdm_op_Read.ap_auto.i8, i8 %img_inT_2_reload"   --->   Operation 35 'read' 'img_inT_2_reload_read' <Predicate = true> <Delay = 0.00>
ST_1 : Operation 36 [1/1] (0.00ns)   --->   "%weightsT_0_load_reload_read = read i8 @_ssdm_op_Read.ap_auto.i8, i8 %weightsT_0_load_reload"   --->   Operation 36 'read' 'weightsT_0_load_reload_read' <Predicate = true> <Delay = 0.00>
ST_1 : Operation 37 [1/1] (0.00ns)   --->   "%img_inT_5_reload_read = read i8 @_ssdm_op_Read.ap_auto.i8, i8 %img_inT_5_reload"   --->   Operation 37 'read' 'img_inT_5_reload_read' <Predicate = true> <Delay = 0.00>
ST_1 : Operation 38 [1/1] (0.00ns)   --->   "%img_inT_4_reload_read = read i8 @_ssdm_op_Read.ap_auto.i8, i8 %img_inT_4_reload"   --->   Operation 38 'read' 'img_inT_4_reload_read' <Predicate = true> <Delay = 0.00>
ST_1 : Operation 39 [1/1] (0.00ns)   --->   "%img_inT_1_reload_read = read i8 @_ssdm_op_Read.ap_auto.i8, i8 %img_inT_1_reload"   --->   Operation 39 'read' 'img_inT_1_reload_read' <Predicate = true> <Delay = 0.00>
ST_1 : Operation 40 [1/1] (0.00ns)   --->   "%img_inT_reload_read = read i8 @_ssdm_op_Read.ap_auto.i8, i8 %img_inT_reload"   --->   Operation 40 'read' 'img_inT_reload_read' <Predicate = true> <Delay = 0.00>
ST_1 : Operation 41 [1/1] (1.58ns)   --->   "%store_ln0 = store i3 0, i3 %indvar_flatten"   --->   Operation 41 'store' 'store_ln0' <Predicate = true> <Delay = 1.58>
ST_1 : Operation 42 [1/1] (1.58ns)   --->   "%store_ln26 = store i2 0, i2 %orow" [conv2D0.cpp:26]   --->   Operation 42 'store' 'store_ln26' <Predicate = true> <Delay = 1.58>
ST_1 : Operation 43 [1/1] (1.58ns)   --->   "%store_ln27 = store i2 0, i2 %ocol" [conv2D0.cpp:27]   --->   Operation 43 'store' 'store_ln27' <Predicate = true> <Delay = 1.58>
ST_1 : Operation 44 [1/1] (0.00ns)   --->   "%br_ln0 = br void %loop_k1"   --->   Operation 44 'br' 'br_ln0' <Predicate = true> <Delay = 0.00>
ST_1 : Operation 45 [1/1] (0.00ns)   --->   "%indvar_flatten_load = load i3 %indvar_flatten" [conv2D0.cpp:26]   --->   Operation 45 'load' 'indvar_flatten_load' <Predicate = true> <Delay = 0.00>
ST_1 : Operation 46 [1/1] (1.65ns)   --->   "%icmp_ln26 = icmp_eq  i3 %indvar_flatten_load, i3 4" [conv2D0.cpp:26]   --->   Operation 46 'icmp' 'icmp_ln26' <Predicate = true> <Delay = 1.65> <CoreInst = "Cmp">   --->   Core 9 'Cmp' <Latency = 0> <II = 1> <Delay = 1.65> <FuncUnit> <Opcode : 'icmp'> <InPorts = 2> <OutPorts = 1>
ST_1 : Operation 47 [1/1] (1.65ns)   --->   "%add_ln26 = add i3 %indvar_flatten_load, i3 1" [conv2D0.cpp:26]   --->   Operation 47 'add' 'add_ln26' <Predicate = true> <Delay = 1.65> <CoreInst = "Adder">   --->   Core 1 'Adder' <Latency = 0> <II = 1> <Delay = 1.65> <FuncUnit> <Opcode : 'add' 'sub'> <InPorts = 2> <OutPorts = 1>
ST_1 : Operation 48 [1/1] (0.00ns)   --->   "%br_ln26 = br i1 %icmp_ln26, void %for.inc57, void %for.inc69.preheader.exitStub" [conv2D0.cpp:26]   --->   Operation 48 'br' 'br_ln26' <Predicate = true> <Delay = 0.00>
ST_1 : Operation 49 [1/1] (0.00ns)   --->   "%ocol_load = load i2 %ocol" [conv2D0.cpp:27]   --->   Operation 49 'load' 'ocol_load' <Predicate = (!icmp_ln26)> <Delay = 0.00>
ST_1 : Operation 50 [1/1] (0.00ns)   --->   "%orow_load = load i2 %orow" [conv2D0.cpp:26]   --->   Operation 50 'load' 'orow_load' <Predicate = (!icmp_ln26)> <Delay = 0.00>
ST_1 : Operation 51 [1/1] (1.56ns)   --->   "%icmp_ln27 = icmp_eq  i2 %ocol_load, i2 2" [conv2D0.cpp:27]   --->   Operation 51 'icmp' 'icmp_ln27' <Predicate = (!icmp_ln26)> <Delay = 1.56> <CoreInst = "Cmp">   --->   Core 9 'Cmp' <Latency = 0> <II = 1> <Delay = 1.56> <FuncUnit> <Opcode : 'icmp'> <InPorts = 2> <OutPorts = 1>
ST_1 : Operation 52 [1/1] (0.99ns)   --->   "%select_ln14 = select i1 %icmp_ln27, i2 0, i2 %ocol_load" [conv2D0.cpp:14]   --->   Operation 52 'select' 'select_ln14' <Predicate = (!icmp_ln26)> <Delay = 0.99> <CoreInst = "Sel">   --->   Core 73 'Sel' <Latency = 0> <II = 1> <Delay = 0.99> <FuncUnit> <Opcode : 'select'> <InPorts = 3> <OutPorts = 1>
ST_1 : Operation 53 [1/1] (1.56ns)   --->   "%add_ln26_1 = add i2 %orow_load, i2 1" [conv2D0.cpp:26]   --->   Operation 53 'add' 'add_ln26_1' <Predicate = (!icmp_ln26)> <Delay = 1.56> <CoreInst = "Adder">   --->   Core 1 'Adder' <Latency = 0> <II = 1> <Delay = 1.56> <FuncUnit> <Opcode : 'add' 'sub'> <InPorts = 2> <OutPorts = 1>
ST_1 : Operation 54 [1/1] (0.99ns)   --->   "%select_ln26 = select i1 %icmp_ln27, i2 %add_ln26_1, i2 %orow_load" [conv2D0.cpp:26]   --->   Operation 54 'select' 'select_ln26' <Predicate = (!icmp_ln26)> <Delay = 0.99> <CoreInst = "Sel">   --->   Core 73 'Sel' <Latency = 0> <II = 1> <Delay = 0.99> <FuncUnit> <Opcode : 'select'> <InPorts = 3> <OutPorts = 1>
ST_1 : Operation 55 [1/1] (0.00ns)   --->   "%empty = trunc i2 %select_ln26" [conv2D0.cpp:26]   --->   Operation 55 'trunc' 'empty' <Predicate = (!icmp_ln26)> <Delay = 0.00>
ST_1 : Operation 56 [1/1] (0.00ns)   --->   "%trunc_ln32 = trunc i2 %select_ln14" [conv2D0.cpp:32]   --->   Operation 56 'trunc' 'trunc_ln32' <Predicate = (!icmp_ln26)> <Delay = 0.00>
ST_1 : Operation 57 [1/1] (1.56ns)   --->   "%add_ln32 = add i2 %select_ln14, i2 1" [conv2D0.cpp:32]   --->   Operation 57 'add' 'add_ln32' <Predicate = (!icmp_ln26)> <Delay = 1.56> <CoreInst = "Adder">   --->   Core 1 'Adder' <Latency = 0> <II = 1> <Delay = 1.56> <FuncUnit> <Opcode : 'add' 'sub'> <InPorts = 2> <OutPorts = 1>
ST_1 : Operation 58 [1/1] (0.00ns)   --->   "%add_ln33_8 = bitconcatenate i3 @_ssdm_op_BitConcatenate.i3.i1.i2, i1 %empty, i2 %add_ln32" [conv2D0.cpp:33]   --->   Operation 58 'bitconcatenate' 'add_ln33_8' <Predicate = (!icmp_ln26)> <Delay = 0.00>
ST_1 : Operation 59 [1/1] (2.06ns)   --->   "%tmp_3 = sparsemux i8 @_ssdm_op_SparseMux.ap_auto.6i8.i8.i3, i3 1, i8 %img_inT_1_reload_read, i3 2, i8 %img_inT_2_reload_read, i3 3, i8 %img_inT_3_reload_read, i3 4, i8 %img_inT_4_reload_read, i3 5, i8 %img_inT_5_reload_read, i3 6, i8 %img_inT_6_reload_read, i8 0, i3 %add_ln33_8" [conv2D0.cpp:33]   --->   Operation 59 'sparsemux' 'tmp_3' <Predicate = (!icmp_ln26)> <Delay = 2.06> <CoreInst = "SparseMux">   --->   Core 135 'SparseMux' <Latency = 0> <II = 1> <Delay = 2.06> <FuncUnit> <Opcode : 'sparsemux'> <InPorts = 2> <OutPorts = 1>
ST_1 : Operation 60 [3/3] (1.05ns) (grouped into DSP with root node add_ln33_11)   --->   "%mul_ln33 = mul i8 %tmp_3, i8 %weightsT_1_load_reload_read" [conv2D0.cpp:33]   --->   Operation 60 'mul' 'mul_ln33' <Predicate = (!icmp_ln26)> <Delay = 1.05> <CoreInst = "DSP48">   --->   Core 119 'DSP48' <Latency = 3> <II = 1> <Delay = 2.15> <IPBlock> <Opcode : '' 'add' 'sub' 'mul' 'select'> <InPorts = 0> <OutPorts = 1> <Sync> <CReg>
ST_1 : Operation 61 [1/1] (0.00ns)   --->   "%add_ln33_4 = bitconcatenate i4 @_ssdm_op_BitConcatenate.i4.i1.i1.i2, i1 1, i1 %empty, i2 %add_ln32" [conv2D0.cpp:33]   --->   Operation 61 'bitconcatenate' 'add_ln33_4' <Predicate = (!icmp_ln26)> <Delay = 0.00>
ST_1 : Operation 62 [1/1] (2.06ns)   --->   "%tmp_9 = sparsemux i8 @_ssdm_op_SparseMux.ap_auto.6i8.i8.i4, i4 9, i8 %img_inT_9_reload_read, i4 10, i8 %img_inT_10_reload_read, i4 11, i8 %img_inT_11_reload_read, i4 12, i8 %img_inT_12_reload_read, i4 13, i8 %img_inT_13_reload_read, i4 14, i8 %img_inT_14_reload_read, i8 0, i4 %add_ln33_4" [conv2D0.cpp:33]   --->   Operation 62 'sparsemux' 'tmp_9' <Predicate = (!icmp_ln26)> <Delay = 2.06> <CoreInst = "SparseMux">   --->   Core 135 'SparseMux' <Latency = 0> <II = 1> <Delay = 2.06> <FuncUnit> <Opcode : 'sparsemux'> <InPorts = 2> <OutPorts = 1>
ST_1 : Operation 63 [3/3] (1.05ns) (grouped into DSP with root node add_ln33)   --->   "%mul_ln33_6 = mul i8 %tmp_9, i8 %weightsT_1_3_load_reload_read" [conv2D0.cpp:33]   --->   Operation 63 'mul' 'mul_ln33_6' <Predicate = (!icmp_ln26)> <Delay = 1.05> <CoreInst = "DSP48">   --->   Core 119 'DSP48' <Latency = 3> <II = 1> <Delay = 2.15> <IPBlock> <Opcode : '' 'add' 'sub' 'mul' 'select'> <InPorts = 0> <OutPorts = 1> <Sync> <CReg>
ST_1 : Operation 64 [1/1] (0.00ns)   --->   "%add_ln33_5 = bitconcatenate i4 @_ssdm_op_BitConcatenate.i4.i1.i1.i1.i1, i1 1, i1 %empty, i1 1, i1 %trunc_ln32" [conv2D0.cpp:33]   --->   Operation 64 'bitconcatenate' 'add_ln33_5' <Predicate = (!icmp_ln26)> <Delay = 0.00>
ST_1 : Operation 65 [1/1] (1.82ns)   --->   "%tmp_s = sparsemux i8 @_ssdm_op_SparseMux.ap_auto.4i8.i8.i4, i4 10, i8 %img_inT_10_reload_read, i4 11, i8 %img_inT_11_reload_read, i4 14, i8 %img_inT_14_reload_read, i4 15, i8 %img_inT_15_reload_read, i8 0, i4 %add_ln33_5" [conv2D0.cpp:33]   --->   Operation 65 'sparsemux' 'tmp_s' <Predicate = (!icmp_ln26)> <Delay = 1.82> <CoreInst = "SparseMux">   --->   Core 135 'SparseMux' <Latency = 0> <II = 1> <Delay = 1.82> <FuncUnit> <Opcode : 'sparsemux'> <InPorts = 2> <OutPorts = 1>
ST_1 : Operation 66 [3/3] (1.05ns) (grouped into DSP with root node add_ln33_12)   --->   "%mul_ln33_7 = mul i8 %tmp_s, i8 %weightsT_0_4_load_reload_read" [conv2D0.cpp:33]   --->   Operation 66 'mul' 'mul_ln33_7' <Predicate = (!icmp_ln26)> <Delay = 1.05> <CoreInst = "DSP48">   --->   Core 119 'DSP48' <Latency = 3> <II = 1> <Delay = 2.15> <IPBlock> <Opcode : '' 'add' 'sub' 'mul' 'select'> <InPorts = 0> <OutPorts = 1> <Sync> <CReg>
ST_1 : Operation 67 [1/1] (0.00ns)   --->   "%add_ln = bitconcatenate i2 @_ssdm_op_BitConcatenate.i2.i1.i1, i1 %empty, i1 %trunc_ln32" [conv2D0.cpp:36]   --->   Operation 67 'bitconcatenate' 'add_ln' <Predicate = (!icmp_ln26)> <Delay = 0.00>
ST_1 : Operation 68 [1/1] (1.86ns)   --->   "%switch_ln36 = switch i2 %add_ln, void %arrayidx53.case.3, i2 0, void %for.inc57.arrayidx53.exit_crit_edge28, i2 1, void %arrayidx53.case.1, i2 2, void %for.inc57.arrayidx53.exit_crit_edge" [conv2D0.cpp:36]   --->   Operation 68 'switch' 'switch_ln36' <Predicate = (!icmp_ln26)> <Delay = 1.86>
ST_1 : Operation 69 [1/1] (1.58ns)   --->   "%store_ln26 = store i3 %add_ln26, i3 %indvar_flatten" [conv2D0.cpp:26]   --->   Operation 69 'store' 'store_ln26' <Predicate = (!icmp_ln26)> <Delay = 1.58>
ST_1 : Operation 70 [1/1] (1.58ns)   --->   "%store_ln26 = store i2 %select_ln26, i2 %orow" [conv2D0.cpp:26]   --->   Operation 70 'store' 'store_ln26' <Predicate = (!icmp_ln26)> <Delay = 1.58>
ST_1 : Operation 71 [1/1] (1.58ns)   --->   "%store_ln27 = store i2 %add_ln32, i2 %ocol" [conv2D0.cpp:27]   --->   Operation 71 'store' 'store_ln27' <Predicate = (!icmp_ln26)> <Delay = 1.58>
ST_1 : Operation 72 [1/1] (0.00ns)   --->   "%br_ln27 = br void %loop_k1" [conv2D0.cpp:27]   --->   Operation 72 'br' 'br_ln27' <Predicate = (!icmp_ln26)> <Delay = 0.00>

State 2 <SV = 1> <Delay = 5.99>
ST_2 : Operation 73 [1/1] (0.00ns)   --->   "%shl_ln = bitconcatenate i3 @_ssdm_op_BitConcatenate.i3.i1.i2, i1 %empty, i2 0" [conv2D0.cpp:32]   --->   Operation 73 'bitconcatenate' 'shl_ln' <Predicate = true> <Delay = 0.00>
ST_2 : Operation 74 [1/1] (0.00ns)   --->   "%zext_ln32 = zext i3 %shl_ln" [conv2D0.cpp:32]   --->   Operation 74 'zext' 'zext_ln32' <Predicate = true> <Delay = 0.00>
ST_2 : Operation 75 [1/1] (0.00ns)   --->   "%add_ln33_7 = bitconcatenate i3 @_ssdm_op_BitConcatenate.i3.i1.i1.i1, i1 %empty, i1 0, i1 %trunc_ln32" [conv2D0.cpp:33]   --->   Operation 75 'bitconcatenate' 'add_ln33_7' <Predicate = true> <Delay = 0.00>
ST_2 : Operation 76 [1/1] (1.82ns)   --->   "%tmp_2 = sparsemux i8 @_ssdm_op_SparseMux.ap_auto.4i8.i8.i3, i3 0, i8 %img_inT_reload_read, i3 1, i8 %img_inT_1_reload_read, i3 4, i8 %img_inT_4_reload_read, i3 5, i8 %img_inT_5_reload_read, i8 0, i3 %add_ln33_7" [conv2D0.cpp:33]   --->   Operation 76 'sparsemux' 'tmp_2' <Predicate = true> <Delay = 1.82> <CoreInst = "SparseMux">   --->   Core 135 'SparseMux' <Latency = 0> <II = 1> <Delay = 1.82> <FuncUnit> <Opcode : 'sparsemux'> <InPorts = 2> <OutPorts = 1>
ST_2 : Operation 77 [1/1] (4.17ns)   --->   "%img_outT_5 = mul i8 %tmp_2, i8 %weightsT_0_load_reload_read" [conv2D0.cpp:33]   --->   Operation 77 'mul' 'img_outT_5' <Predicate = true> <Delay = 4.17> <CoreInst = "Multiplier">   --->   Core 3 'Multiplier' <Latency = 0> <II = 1> <Delay = 4.17> <FuncUnit> <Opcode : 'mul'> <InPorts = 2> <OutPorts = 1>
ST_2 : Operation 78 [2/3] (1.05ns) (grouped into DSP with root node add_ln33_11)   --->   "%mul_ln33 = mul i8 %tmp_3, i8 %weightsT_1_load_reload_read" [conv2D0.cpp:33]   --->   Operation 78 'mul' 'mul_ln33' <Predicate = true> <Delay = 1.05> <CoreInst = "DSP48">   --->   Core 119 'DSP48' <Latency = 3> <II = 1> <Delay = 2.15> <IPBlock> <Opcode : '' 'add' 'sub' 'mul' 'select'> <InPorts = 0> <OutPorts = 1> <Sync> <CReg>
ST_2 : Operation 79 [1/1] (0.00ns)   --->   "%add_ln33_9 = bitconcatenate i3 @_ssdm_op_BitConcatenate.i3.i1.i1.i1, i1 %empty, i1 1, i1 %trunc_ln32" [conv2D0.cpp:33]   --->   Operation 79 'bitconcatenate' 'add_ln33_9' <Predicate = true> <Delay = 0.00>
ST_2 : Operation 80 [1/1] (1.82ns)   --->   "%tmp_4 = sparsemux i8 @_ssdm_op_SparseMux.ap_auto.4i8.i8.i3, i3 2, i8 %img_inT_2_reload_read, i3 3, i8 %img_inT_3_reload_read, i3 6, i8 %img_inT_6_reload_read, i3 7, i8 %img_inT_7_reload_read, i8 0, i3 %add_ln33_9" [conv2D0.cpp:33]   --->   Operation 80 'sparsemux' 'tmp_4' <Predicate = true> <Delay = 1.82> <CoreInst = "SparseMux">   --->   Core 135 'SparseMux' <Latency = 0> <II = 1> <Delay = 1.82> <FuncUnit> <Opcode : 'sparsemux'> <InPorts = 2> <OutPorts = 1>
ST_2 : Operation 81 [1/1] (4.17ns)   --->   "%mul_ln33_1 = mul i8 %tmp_4, i8 %weightsT_0_1_load_reload_read" [conv2D0.cpp:33]   --->   Operation 81 'mul' 'mul_ln33_1' <Predicate = true> <Delay = 4.17> <CoreInst = "Multiplier">   --->   Core 3 'Multiplier' <Latency = 0> <II = 1> <Delay = 4.17> <FuncUnit> <Opcode : 'mul'> <InPorts = 2> <OutPorts = 1>
ST_2 : Operation 82 [1/1] (1.73ns)   --->   "%add_ln32_1 = add i4 %zext_ln32, i4 4" [conv2D0.cpp:32]   --->   Operation 82 'add' 'add_ln32_1' <Predicate = true> <Delay = 1.73> <CoreInst = "Adder">   --->   Core 1 'Adder' <Latency = 0> <II = 1> <Delay = 1.73> <FuncUnit> <Opcode : 'add' 'sub'> <InPorts = 2> <OutPorts = 1>
ST_2 : Operation 83 [1/1] (0.00ns)   --->   "%tmp = partselect i3 @_ssdm_op_PartSelect.i3.i4.i32.i32, i4 %add_ln32_1, i32 1, i32 3" [conv2D0.cpp:33]   --->   Operation 83 'partselect' 'tmp' <Predicate = true> <Delay = 0.00>
ST_2 : Operation 84 [1/1] (0.00ns)   --->   "%add_ln33_s = bitconcatenate i4 @_ssdm_op_BitConcatenate.i4.i3.i1, i3 %tmp, i1 %trunc_ln32" [conv2D0.cpp:33]   --->   Operation 84 'bitconcatenate' 'add_ln33_s' <Predicate = true> <Delay = 0.00>
ST_2 : Operation 85 [1/1] (1.82ns)   --->   "%tmp_5 = sparsemux i8 @_ssdm_op_SparseMux.ap_auto.4i8.i8.i4, i4 4, i8 %img_inT_4_reload_read, i4 5, i8 %img_inT_5_reload_read, i4 8, i8 %img_inT_8_reload_read, i4 9, i8 %img_inT_9_reload_read, i8 0, i4 %add_ln33_s" [conv2D0.cpp:33]   --->   Operation 85 'sparsemux' 'tmp_5' <Predicate = true> <Delay = 1.82> <CoreInst = "SparseMux">   --->   Core 135 'SparseMux' <Latency = 0> <II = 1> <Delay = 1.82> <FuncUnit> <Opcode : 'sparsemux'> <InPorts = 2> <OutPorts = 1>
ST_2 : Operation 86 [3/3] (1.05ns) (grouped into DSP with root node add_ln33_13)   --->   "%mul_ln33_2 = mul i8 %tmp_5, i8 %weightsT_1_1_load_reload_read" [conv2D0.cpp:33]   --->   Operation 86 'mul' 'mul_ln33_2' <Predicate = true> <Delay = 1.05> <CoreInst = "DSP48">   --->   Core 119 'DSP48' <Latency = 3> <II = 1> <Delay = 2.15> <IPBlock> <Opcode : '' 'add' 'sub' 'mul' 'select'> <InPorts = 0> <OutPorts = 1> <Sync> <CReg>
ST_2 : Operation 87 [1/1] (0.00ns)   --->   "%tmp_1 = partselect i2 @_ssdm_op_PartSelect.i2.i4.i32.i32, i4 %add_ln32_1, i32 2, i32 3" [conv2D0.cpp:33]   --->   Operation 87 'partselect' 'tmp_1' <Predicate = true> <Delay = 0.00>
ST_2 : Operation 88 [1/1] (0.00ns)   --->   "%add_ln33_1 = bitconcatenate i4 @_ssdm_op_BitConcatenate.i4.i2.i2, i2 %tmp_1, i2 %add_ln32" [conv2D0.cpp:33]   --->   Operation 88 'bitconcatenate' 'add_ln33_1' <Predicate = true> <Delay = 0.00>
ST_2 : Operation 89 [1/1] (2.06ns)   --->   "%tmp_6 = sparsemux i8 @_ssdm_op_SparseMux.ap_auto.6i8.i8.i4, i4 5, i8 %img_inT_5_reload_read, i4 6, i8 %img_inT_6_reload_read, i4 7, i8 %img_inT_7_reload_read, i4 8, i8 %img_inT_8_reload_read, i4 9, i8 %img_inT_9_reload_read, i4 10, i8 %img_inT_10_reload_read, i8 0, i4 %add_ln33_1" [conv2D0.cpp:33]   --->   Operation 89 'sparsemux' 'tmp_6' <Predicate = true> <Delay = 2.06> <CoreInst = "SparseMux">   --->   Core 135 'SparseMux' <Latency = 0> <II = 1> <Delay = 2.06> <FuncUnit> <Opcode : 'sparsemux'> <InPorts = 2> <OutPorts = 1>
ST_2 : Operation 90 [3/3] (1.05ns) (grouped into DSP with root node add_ln33_6)   --->   "%mul_ln33_3 = mul i8 %tmp_6, i8 %weightsT_0_2_load_reload_read" [conv2D0.cpp:33]   --->   Operation 90 'mul' 'mul_ln33_3' <Predicate = true> <Delay = 1.05> <CoreInst = "DSP48">   --->   Core 119 'DSP48' <Latency = 3> <II = 1> <Delay = 2.15> <IPBlock> <Opcode : '' 'add' 'sub' 'mul' 'select'> <InPorts = 0> <OutPorts = 1> <Sync> <CReg>
ST_2 : Operation 91 [1/1] (0.00ns)   --->   "%add_ln33_2 = bitconcatenate i4 @_ssdm_op_BitConcatenate.i4.i2.i1.i1, i2 %tmp_1, i1 1, i1 %trunc_ln32" [conv2D0.cpp:33]   --->   Operation 91 'bitconcatenate' 'add_ln33_2' <Predicate = true> <Delay = 0.00>
ST_2 : Operation 92 [1/1] (1.82ns)   --->   "%tmp_7 = sparsemux i8 @_ssdm_op_SparseMux.ap_auto.4i8.i8.i4, i4 6, i8 %img_inT_6_reload_read, i4 7, i8 %img_inT_7_reload_read, i4 10, i8 %img_inT_10_reload_read, i4 11, i8 %img_inT_11_reload_read, i8 0, i4 %add_ln33_2" [conv2D0.cpp:33]   --->   Operation 92 'sparsemux' 'tmp_7' <Predicate = true> <Delay = 1.82> <CoreInst = "SparseMux">   --->   Core 135 'SparseMux' <Latency = 0> <II = 1> <Delay = 1.82> <FuncUnit> <Opcode : 'sparsemux'> <InPorts = 2> <OutPorts = 1>
ST_2 : Operation 93 [1/1] (0.00ns)   --->   "%add_ln33_3 = bitconcatenate i4 @_ssdm_op_BitConcatenate.i4.i1.i1.i1.i1, i1 1, i1 %empty, i1 0, i1 %trunc_ln32" [conv2D0.cpp:33]   --->   Operation 93 'bitconcatenate' 'add_ln33_3' <Predicate = true> <Delay = 0.00>
ST_2 : Operation 94 [1/1] (1.82ns)   --->   "%tmp_8 = sparsemux i8 @_ssdm_op_SparseMux.ap_auto.4i8.i8.i4, i4 8, i8 %img_inT_8_reload_read, i4 9, i8 %img_inT_9_reload_read, i4 12, i8 %img_inT_12_reload_read, i4 13, i8 %img_inT_13_reload_read, i8 0, i4 %add_ln33_3" [conv2D0.cpp:33]   --->   Operation 94 'sparsemux' 'tmp_8' <Predicate = true> <Delay = 1.82> <CoreInst = "SparseMux">   --->   Core 135 'SparseMux' <Latency = 0> <II = 1> <Delay = 1.82> <FuncUnit> <Opcode : 'sparsemux'> <InPorts = 2> <OutPorts = 1>
ST_2 : Operation 95 [1/1] (4.17ns)   --->   "%mul_ln33_5 = mul i8 %tmp_8, i8 %weightsT_0_3_load_reload_read" [conv2D0.cpp:33]   --->   Operation 95 'mul' 'mul_ln33_5' <Predicate = true> <Delay = 4.17> <CoreInst = "Multiplier">   --->   Core 3 'Multiplier' <Latency = 0> <II = 1> <Delay = 4.17> <FuncUnit> <Opcode : 'mul'> <InPorts = 2> <OutPorts = 1>
ST_2 : Operation 96 [2/3] (1.05ns) (grouped into DSP with root node add_ln33)   --->   "%mul_ln33_6 = mul i8 %tmp_9, i8 %weightsT_1_3_load_reload_read" [conv2D0.cpp:33]   --->   Operation 96 'mul' 'mul_ln33_6' <Predicate = true> <Delay = 1.05> <CoreInst = "DSP48">   --->   Core 119 'DSP48' <Latency = 3> <II = 1> <Delay = 2.15> <IPBlock> <Opcode : '' 'add' 'sub' 'mul' 'select'> <InPorts = 0> <OutPorts = 1> <Sync> <CReg>
ST_2 : Operation 97 [2/3] (1.05ns) (grouped into DSP with root node add_ln33_12)   --->   "%mul_ln33_7 = mul i8 %tmp_s, i8 %weightsT_0_4_load_reload_read" [conv2D0.cpp:33]   --->   Operation 97 'mul' 'mul_ln33_7' <Predicate = true> <Delay = 1.05> <CoreInst = "DSP48">   --->   Core 119 'DSP48' <Latency = 3> <II = 1> <Delay = 2.15> <IPBlock> <Opcode : '' 'add' 'sub' 'mul' 'select'> <InPorts = 0> <OutPorts = 1> <Sync> <CReg>

State 3 <SV = 2> <Delay = 4.17>
ST_3 : Operation 98 [1/3] (0.00ns) (grouped into DSP with root node add_ln33_11)   --->   "%mul_ln33 = mul i8 %tmp_3, i8 %weightsT_1_load_reload_read" [conv2D0.cpp:33]   --->   Operation 98 'mul' 'mul_ln33' <Predicate = true> <Delay = 0.00> <CoreInst = "DSP48">   --->   Core 119 'DSP48' <Latency = 3> <II = 1> <Delay = 2.15> <IPBlock> <Opcode : '' 'add' 'sub' 'mul' 'select'> <InPorts = 0> <OutPorts = 1> <Sync> <CReg>
ST_3 : Operation 99 [2/3] (1.05ns) (grouped into DSP with root node add_ln33_13)   --->   "%mul_ln33_2 = mul i8 %tmp_5, i8 %weightsT_1_1_load_reload_read" [conv2D0.cpp:33]   --->   Operation 99 'mul' 'mul_ln33_2' <Predicate = true> <Delay = 1.05> <CoreInst = "DSP48">   --->   Core 119 'DSP48' <Latency = 3> <II = 1> <Delay = 2.15> <IPBlock> <Opcode : '' 'add' 'sub' 'mul' 'select'> <InPorts = 0> <OutPorts = 1> <Sync> <CReg>
ST_3 : Operation 100 [2/3] (1.05ns) (grouped into DSP with root node add_ln33_6)   --->   "%mul_ln33_3 = mul i8 %tmp_6, i8 %weightsT_0_2_load_reload_read" [conv2D0.cpp:33]   --->   Operation 100 'mul' 'mul_ln33_3' <Predicate = true> <Delay = 1.05> <CoreInst = "DSP48">   --->   Core 119 'DSP48' <Latency = 3> <II = 1> <Delay = 2.15> <IPBlock> <Opcode : '' 'add' 'sub' 'mul' 'select'> <InPorts = 0> <OutPorts = 1> <Sync> <CReg>
ST_3 : Operation 101 [1/1] (4.17ns)   --->   "%mul_ln33_4 = mul i8 %tmp_7, i8 %weightsT_1_2_load_reload_read" [conv2D0.cpp:33]   --->   Operation 101 'mul' 'mul_ln33_4' <Predicate = true> <Delay = 4.17> <CoreInst = "Multiplier">   --->   Core 3 'Multiplier' <Latency = 0> <II = 1> <Delay = 4.17> <FuncUnit> <Opcode : 'mul'> <InPorts = 2> <OutPorts = 1>
ST_3 : Operation 102 [1/3] (0.00ns) (grouped into DSP with root node add_ln33)   --->   "%mul_ln33_6 = mul i8 %tmp_9, i8 %weightsT_1_3_load_reload_read" [conv2D0.cpp:33]   --->   Operation 102 'mul' 'mul_ln33_6' <Predicate = true> <Delay = 0.00> <CoreInst = "DSP48">   --->   Core 119 'DSP48' <Latency = 3> <II = 1> <Delay = 2.15> <IPBlock> <Opcode : '' 'add' 'sub' 'mul' 'select'> <InPorts = 0> <OutPorts = 1> <Sync> <CReg>
ST_3 : Operation 103 [1/3] (0.00ns) (grouped into DSP with root node add_ln33_12)   --->   "%mul_ln33_7 = mul i8 %tmp_s, i8 %weightsT_0_4_load_reload_read" [conv2D0.cpp:33]   --->   Operation 103 'mul' 'mul_ln33_7' <Predicate = true> <Delay = 0.00> <CoreInst = "DSP48">   --->   Core 119 'DSP48' <Latency = 3> <II = 1> <Delay = 2.15> <IPBlock> <Opcode : '' 'add' 'sub' 'mul' 'select'> <InPorts = 0> <OutPorts = 1> <Sync> <CReg>
ST_3 : Operation 104 [2/2] (2.10ns) (root node of the DSP)   --->   "%add_ln33 = add i8 %mul_ln33_5, i8 %mul_ln33_6" [conv2D0.cpp:33]   --->   Operation 104 'add' 'add_ln33' <Predicate = true> <Delay = 2.10> <CoreInst = "DSP48">   --->   Core 119 'DSP48' <Latency = 3> <II = 1> <Delay = 2.15> <IPBlock> <Opcode : '' 'add' 'sub' 'mul' 'select'> <InPorts = 0> <OutPorts = 1> <Sync> <CReg>
ST_3 : Operation 105 [2/2] (2.10ns) (root node of the DSP)   --->   "%add_ln33_11 = add i8 %img_outT_5, i8 %mul_ln33" [conv2D0.cpp:33]   --->   Operation 105 'add' 'add_ln33_11' <Predicate = true> <Delay = 2.10> <CoreInst = "DSP48">   --->   Core 119 'DSP48' <Latency = 3> <II = 1> <Delay = 2.15> <IPBlock> <Opcode : '' 'add' 'sub' 'mul' 'select'> <InPorts = 0> <OutPorts = 1> <Sync> <CReg>
ST_3 : Operation 106 [2/2] (2.10ns) (root node of the DSP)   --->   "%add_ln33_12 = add i8 %mul_ln33_1, i8 %mul_ln33_7" [conv2D0.cpp:33]   --->   Operation 106 'add' 'add_ln33_12' <Predicate = true> <Delay = 2.10> <CoreInst = "DSP48">   --->   Core 119 'DSP48' <Latency = 3> <II = 1> <Delay = 2.15> <IPBlock> <Opcode : '' 'add' 'sub' 'mul' 'select'> <InPorts = 0> <OutPorts = 1> <Sync> <CReg>

State 4 <SV = 3> <Delay = 4.20>
ST_4 : Operation 107 [1/3] (0.00ns) (grouped into DSP with root node add_ln33_13)   --->   "%mul_ln33_2 = mul i8 %tmp_5, i8 %weightsT_1_1_load_reload_read" [conv2D0.cpp:33]   --->   Operation 107 'mul' 'mul_ln33_2' <Predicate = true> <Delay = 0.00> <CoreInst = "DSP48">   --->   Core 119 'DSP48' <Latency = 3> <II = 1> <Delay = 2.15> <IPBlock> <Opcode : '' 'add' 'sub' 'mul' 'select'> <InPorts = 0> <OutPorts = 1> <Sync> <CReg>
ST_4 : Operation 108 [1/3] (0.00ns) (grouped into DSP with root node add_ln33_6)   --->   "%mul_ln33_3 = mul i8 %tmp_6, i8 %weightsT_0_2_load_reload_read" [conv2D0.cpp:33]   --->   Operation 108 'mul' 'mul_ln33_3' <Predicate = true> <Delay = 0.00> <CoreInst = "DSP48">   --->   Core 119 'DSP48' <Latency = 3> <II = 1> <Delay = 2.15> <IPBlock> <Opcode : '' 'add' 'sub' 'mul' 'select'> <InPorts = 0> <OutPorts = 1> <Sync> <CReg>
ST_4 : Operation 109 [1/2] (2.10ns) (root node of the DSP)   --->   "%add_ln33 = add i8 %mul_ln33_5, i8 %mul_ln33_6" [conv2D0.cpp:33]   --->   Operation 109 'add' 'add_ln33' <Predicate = true> <Delay = 2.10> <CoreInst = "DSP48">   --->   Core 119 'DSP48' <Latency = 3> <II = 1> <Delay = 2.15> <IPBlock> <Opcode : '' 'add' 'sub' 'mul' 'select'> <InPorts = 0> <OutPorts = 1> <Sync> <CReg>
ST_4 : Operation 110 [2/2] (2.10ns) (root node of the DSP)   --->   "%add_ln33_6 = add i8 %mul_ln33_4, i8 %mul_ln33_3" [conv2D0.cpp:33]   --->   Operation 110 'add' 'add_ln33_6' <Predicate = true> <Delay = 2.10> <CoreInst = "DSP48">   --->   Core 119 'DSP48' <Latency = 3> <II = 1> <Delay = 2.15> <IPBlock> <Opcode : '' 'add' 'sub' 'mul' 'select'> <InPorts = 0> <OutPorts = 1> <Sync> <CReg>
ST_4 : Operation 111 [1/2] (2.10ns) (root node of the DSP)   --->   "%add_ln33_11 = add i8 %img_outT_5, i8 %mul_ln33" [conv2D0.cpp:33]   --->   Operation 111 'add' 'add_ln33_11' <Predicate = true> <Delay = 2.10> <CoreInst = "DSP48">   --->   Core 119 'DSP48' <Latency = 3> <II = 1> <Delay = 2.15> <IPBlock> <Opcode : '' 'add' 'sub' 'mul' 'select'> <InPorts = 0> <OutPorts = 1> <Sync> <CReg>
ST_4 : Operation 112 [1/2] (2.10ns) (root node of the DSP)   --->   "%add_ln33_12 = add i8 %mul_ln33_1, i8 %mul_ln33_7" [conv2D0.cpp:33]   --->   Operation 112 'add' 'add_ln33_12' <Predicate = true> <Delay = 2.10> <CoreInst = "DSP48">   --->   Core 119 'DSP48' <Latency = 3> <II = 1> <Delay = 2.15> <IPBlock> <Opcode : '' 'add' 'sub' 'mul' 'select'> <InPorts = 0> <OutPorts = 1> <Sync> <CReg>
ST_4 : Operation 113 [2/2] (2.10ns) (root node of the DSP)   --->   "%add_ln33_13 = add i8 %add_ln33_12, i8 %mul_ln33_2" [conv2D0.cpp:33]   --->   Operation 113 'add' 'add_ln33_13' <Predicate = true> <Delay = 2.10> <CoreInst = "DSP48">   --->   Core 119 'DSP48' <Latency = 3> <II = 1> <Delay = 2.15> <IPBlock> <Opcode : '' 'add' 'sub' 'mul' 'select'> <InPorts = 0> <OutPorts = 1> <Sync> <CReg>

State 5 <SV = 4> <Delay = 4.01>
ST_5 : Operation 114 [1/2] (2.10ns) (root node of the DSP)   --->   "%add_ln33_6 = add i8 %mul_ln33_4, i8 %mul_ln33_3" [conv2D0.cpp:33]   --->   Operation 114 'add' 'add_ln33_6' <Predicate = true> <Delay = 2.10> <CoreInst = "DSP48">   --->   Core 119 'DSP48' <Latency = 3> <II = 1> <Delay = 2.15> <IPBlock> <Opcode : '' 'add' 'sub' 'mul' 'select'> <InPorts = 0> <OutPorts = 1> <Sync> <CReg>
ST_5 : Operation 115 [1/2] (2.10ns) (root node of the DSP)   --->   "%add_ln33_13 = add i8 %add_ln33_12, i8 %mul_ln33_2" [conv2D0.cpp:33]   --->   Operation 115 'add' 'add_ln33_13' <Predicate = true> <Delay = 2.10> <CoreInst = "DSP48">   --->   Core 119 'DSP48' <Latency = 3> <II = 1> <Delay = 2.15> <IPBlock> <Opcode : '' 'add' 'sub' 'mul' 'select'> <InPorts = 0> <OutPorts = 1> <Sync> <CReg>
ST_5 : Operation 116 [1/1] (1.91ns)   --->   "%add_ln33_14 = add i8 %add_ln33_13, i8 %add_ln33_11" [conv2D0.cpp:33]   --->   Operation 116 'add' 'add_ln33_14' <Predicate = true> <Delay = 1.91> <CoreInst = "Adder">   --->   Core 1 'Adder' <Latency = 0> <II = 1> <Delay = 1.91> <FuncUnit> <Opcode : 'add' 'sub'> <InPorts = 2> <OutPorts = 1>
ST_5 : Operation 130 [1/1] (0.00ns)   --->   "%img_outT_load = load i8 %img_outT"   --->   Operation 130 'load' 'img_outT_load' <Predicate = (icmp_ln26)> <Delay = 0.00>
ST_5 : Operation 131 [1/1] (0.00ns)   --->   "%img_outT_1_load = load i8 %img_outT_1"   --->   Operation 131 'load' 'img_outT_1_load' <Predicate = (icmp_ln26)> <Delay = 0.00>
ST_5 : Operation 132 [1/1] (0.00ns)   --->   "%img_outT_2_load = load i8 %img_outT_2"   --->   Operation 132 'load' 'img_outT_2_load' <Predicate = (icmp_ln26)> <Delay = 0.00>
ST_5 : Operation 133 [1/1] (0.00ns)   --->   "%img_outT_3_load = load i8 %img_outT_3"   --->   Operation 133 'load' 'img_outT_3_load' <Predicate = (icmp_ln26)> <Delay = 0.00>
ST_5 : Operation 134 [1/1] (0.00ns)   --->   "%write_ln0 = write void @_ssdm_op_Write.ap_auto.i8P0A, i8 %img_outT_3_out, i8 %img_outT_3_load"   --->   Operation 134 'write' 'write_ln0' <Predicate = (icmp_ln26)> <Delay = 0.00>
ST_5 : Operation 135 [1/1] (0.00ns)   --->   "%write_ln0 = write void @_ssdm_op_Write.ap_auto.i8P0A, i8 %img_outT_2_out, i8 %img_outT_2_load"   --->   Operation 135 'write' 'write_ln0' <Predicate = (icmp_ln26)> <Delay = 0.00>
ST_5 : Operation 136 [1/1] (0.00ns)   --->   "%write_ln0 = write void @_ssdm_op_Write.ap_auto.i8P0A, i8 %img_outT_1_out, i8 %img_outT_1_load"   --->   Operation 136 'write' 'write_ln0' <Predicate = (icmp_ln26)> <Delay = 0.00>
ST_5 : Operation 137 [1/1] (0.00ns)   --->   "%write_ln0 = write void @_ssdm_op_Write.ap_auto.i8P0A, i8 %img_outT_out, i8 %img_outT_load"   --->   Operation 137 'write' 'write_ln0' <Predicate = (icmp_ln26)> <Delay = 0.00>
ST_5 : Operation 138 [1/1] (0.00ns)   --->   "%ret_ln0 = ret"   --->   Operation 138 'ret' 'ret_ln0' <Predicate = (icmp_ln26)> <Delay = 0.00>

State 6 <SV = 5> <Delay = 3.66>
ST_6 : Operation 117 [1/1] (0.00ns)   --->   "%specloopname_ln0 = specloopname void @_ssdm_op_SpecLoopName, void @loop_orow_loop_ocol_str"   --->   Operation 117 'specloopname' 'specloopname_ln0' <Predicate = true> <Delay = 0.00>
ST_6 : Operation 118 [1/1] (0.00ns)   --->   "%speclooptripcount_ln0 = speclooptripcount void @_ssdm_op_SpecLoopTripCount, i64 4, i64 4, i64 4"   --->   Operation 118 'speclooptripcount' 'speclooptripcount_ln0' <Predicate = true> <Delay = 0.00>
ST_6 : Operation 119 [1/1] (0.00ns)   --->   "%specpipeline_ln14 = specpipeline void @_ssdm_op_SpecPipeline, i32 4294967295, i32 0, i32 0, i32 0, void @empty_0" [conv2D0.cpp:14]   --->   Operation 119 'specpipeline' 'specpipeline_ln14' <Predicate = true> <Delay = 0.00>
ST_6 : Operation 120 [1/1] (0.00ns) (grouped into TernaryAdder)   --->   "%add_ln33_10 = add i8 %add_ln33_6, i8 %add_ln33" [conv2D0.cpp:33]   --->   Operation 120 'add' 'add_ln33_10' <Predicate = true> <Delay = 0.00> <CoreInst = "TAddSub">   --->   Core 10 'TAddSub' <Latency = 0> <II = 1> <Delay = 1.83> <IPBlock> <Opcode : '' 'add' 'sub'> <InPorts = 3> <OutPorts = 1> <Sync> <CReg>
ST_6 : Operation 121 [1/1] (3.66ns) (root node of TernaryAdder)   --->   "%acc_1 = add i8 %add_ln33_14, i8 %add_ln33_10" [conv2D0.cpp:33]   --->   Operation 121 'add' 'acc_1' <Predicate = true> <Delay = 3.66> <CoreInst = "TAddSub">   --->   Core 10 'TAddSub' <Latency = 0> <II = 1> <Delay = 1.83> <IPBlock> <Opcode : '' 'add' 'sub'> <InPorts = 3> <OutPorts = 1> <Sync> <CReg>
ST_6 : Operation 122 [1/1] (0.00ns)   --->   "%store_ln14 = store i8 %acc_1, i8 %img_outT_2" [conv2D0.cpp:14]   --->   Operation 122 'store' 'store_ln14' <Predicate = (add_ln == 2)> <Delay = 0.00>
ST_6 : Operation 123 [1/1] (0.00ns)   --->   "%br_ln36 = br void %arrayidx53.exit" [conv2D0.cpp:36]   --->   Operation 123 'br' 'br_ln36' <Predicate = (add_ln == 2)> <Delay = 0.00>
ST_6 : Operation 124 [1/1] (0.00ns)   --->   "%store_ln14 = store i8 %acc_1, i8 %img_outT_1" [conv2D0.cpp:14]   --->   Operation 124 'store' 'store_ln14' <Predicate = (add_ln == 1)> <Delay = 0.00>
ST_6 : Operation 125 [1/1] (0.00ns)   --->   "%br_ln36 = br void %arrayidx53.exit" [conv2D0.cpp:36]   --->   Operation 125 'br' 'br_ln36' <Predicate = (add_ln == 1)> <Delay = 0.00>
ST_6 : Operation 126 [1/1] (0.00ns)   --->   "%store_ln14 = store i8 %acc_1, i8 %img_outT" [conv2D0.cpp:14]   --->   Operation 126 'store' 'store_ln14' <Predicate = (add_ln == 0)> <Delay = 0.00>
ST_6 : Operation 127 [1/1] (0.00ns)   --->   "%br_ln36 = br void %arrayidx53.exit" [conv2D0.cpp:36]   --->   Operation 127 'br' 'br_ln36' <Predicate = (add_ln == 0)> <Delay = 0.00>
ST_6 : Operation 128 [1/1] (0.00ns)   --->   "%store_ln14 = store i8 %acc_1, i8 %img_outT_3" [conv2D0.cpp:14]   --->   Operation 128 'store' 'store_ln14' <Predicate = (add_ln == 3)> <Delay = 0.00>
ST_6 : Operation 129 [1/1] (0.00ns)   --->   "%br_ln36 = br void %arrayidx53.exit" [conv2D0.cpp:36]   --->   Operation 129 'br' 'br_ln36' <Predicate = (add_ln == 3)> <Delay = 0.00>


============================================================
+ Verbose Summary: Timing violations
============================================================
Target clock period: 10.000ns, clock uncertainty: 2.700ns.

 <State 1>: 8.826ns
The critical path consists of the following:
	'store' operation 0 bit ('store_ln27', conv2D0.cpp:27) of constant 0 on local variable 'ocol', conv2D0.cpp:27 [64]  (1.588 ns)
	'load' operation 2 bit ('ocol_load', conv2D0.cpp:27) on local variable 'ocol', conv2D0.cpp:27 [72]  (0.000 ns)
	'icmp' operation 1 bit ('icmp_ln27', conv2D0.cpp:27) [76]  (1.565 ns)
	'select' operation 2 bit ('select_ln14', conv2D0.cpp:14) [77]  (0.993 ns)
	'add' operation 2 bit ('add_ln32', conv2D0.cpp:32) [88]  (1.565 ns)
	'sparsemux' operation 8 bit ('tmp_3', conv2D0.cpp:33) [90]  (2.065 ns)
	'mul' operation 8 bit of DSP[119] ('mul_ln33', conv2D0.cpp:33) [91]  (1.050 ns)

 <State 2>: 5.997ns
The critical path consists of the following:
	'sparsemux' operation 8 bit ('tmp_2', conv2D0.cpp:33) [86]  (1.827 ns)
	'mul' operation 8 bit ('img_outT', conv2D0.cpp:33) [87]  (4.170 ns)

 <State 3>: 4.170ns
The critical path consists of the following:
	'mul' operation 8 bit ('mul_ln33_4', conv2D0.cpp:33) [106]  (4.170 ns)

 <State 4>: 4.200ns
The critical path consists of the following:
	'add' operation 8 bit of DSP[120] ('add_ln33_12', conv2D0.cpp:33) [120]  (2.100 ns)
	'add' operation 8 bit of DSP[121] ('add_ln33_13', conv2D0.cpp:33) [121]  (2.100 ns)

 <State 5>: 4.015ns
The critical path consists of the following:
	'add' operation 8 bit of DSP[121] ('add_ln33_13', conv2D0.cpp:33) [121]  (2.100 ns)
	'add' operation 8 bit ('add_ln33_14', conv2D0.cpp:33) [122]  (1.915 ns)

 <State 6>: 3.669ns
The critical path consists of the following:
	'add' operation 8 bit ('add_ln33_10', conv2D0.cpp:33) [118]  (0.000 ns)
	'add' operation 8 bit ('acc', conv2D0.cpp:33) [123]  (3.669 ns)
	'store' operation 0 bit ('store_ln14', conv2D0.cpp:14) of variable 'acc', conv2D0.cpp:33 on local variable 'img_outT', conv2D0.cpp:14 [130]  (0.000 ns)


============================================================
+ Verbose Summary: Binding
============================================================
N/A
* FSMD analyzer results:
  - Output states:
 - Input state : 
  - Chain level:
	State 1
	State 2
	State 3
	State 4
	State 5
	State 6


============================================================
+ Verbose Summary: Datapath Resource usage 
============================================================
N/A
