==============================================================
Vitis HLS - High-Level Synthesis from C, C++ and OpenCL v2023.2 (64-bit)
Tool Version Limit: 2023.10
Copyright 1986-2022 Xilinx, Inc. All Rights Reserved.
Copyright 2022-2023 Advanced Micro Devices, Inc. All Rights Reserved.

==============================================================
INFO: [SYN 201-201] Setting up clock 'default' with a period of 10ns.
INFO: [HLS 200-1611] Setting target device to 'xc7z010i-clg225-1L'
INFO: [HLS 200-1505] Using flow_target 'vivado'
INFO: [HLS 200-1464] Running solution command: config_cosim -tool=xsim
INFO: [HLS 200-1464] Running solution command: config_cosim -trace_level=all
INFO: [HLS 200-1510] Running: set_part xc7z010iclg225-1L 
INFO: [HLS 200-1510] Running: create_clock -period 10 -name default 
INFO: [HLS 200-1510] Running: config_cosim -tool xsim -trace_level all 
INFO: [HLS 200-1510] Running: csynth_design 
INFO: [HLS 200-111] Finished File checks and directory preparation: CPU user time: 0 seconds. CPU system time: 0 seconds. Elapsed time: 0.126 seconds; current allocated memory: 109.625 MB.
INFO: [HLS 200-10] Analyzing design file '../../../labs/Lab4/Lab4/functionDF.cpp' ... 
INFO: [HLS 200-111] Finished Source Code Analysis and Preprocessing: CPU user time: 0 seconds. CPU system time: 0 seconds. Elapsed time: 0.998 seconds; current allocated memory: 111.223 MB.
INFO: [HLS 200-777] Using interface defaults for 'Vivado' flow target.
INFO: [HLS 200-1995] There were 118 instructions in the design after the 'Compile/Link' phase of compilation. See the Design Size Report for more details: D:/Cadeiras/AAC/aac/lab4/lab4opt/lab4opt/solution2/syn/report/csynth_design_size.rpt
INFO: [HLS 200-1995] There were 94 instructions in the design after the 'Unroll/Inline (step 1)' phase of compilation. See the Design Size Report for more details: D:/Cadeiras/AAC/aac/lab4/lab4opt/lab4opt/solution2/syn/report/csynth_design_size.rpt
INFO: [HLS 200-1995] There were 76 instructions in the design after the 'Unroll/Inline (step 2)' phase of compilation. See the Design Size Report for more details: D:/Cadeiras/AAC/aac/lab4/lab4opt/lab4opt/solution2/syn/report/csynth_design_size.rpt
INFO: [HLS 200-1995] There were 72 instructions in the design after the 'Unroll/Inline (step 3)' phase of compilation. See the Design Size Report for more details: D:/Cadeiras/AAC/aac/lab4/lab4opt/lab4opt/solution2/syn/report/csynth_design_size.rpt
INFO: [HLS 200-1995] There were 72 instructions in the design after the 'Unroll/Inline (step 4)' phase of compilation. See the Design Size Report for more details: D:/Cadeiras/AAC/aac/lab4/lab4opt/lab4opt/solution2/syn/report/csynth_design_size.rpt
INFO: [HLS 200-1995] There were 58 instructions in the design after the 'Array/Struct (step 1)' phase of compilation. See the Design Size Report for more details: D:/Cadeiras/AAC/aac/lab4/lab4opt/lab4opt/solution2/syn/report/csynth_design_size.rpt
INFO: [HLS 200-1995] There were 58 instructions in the design after the 'Array/Struct (step 2)' phase of compilation. See the Design Size Report for more details: D:/Cadeiras/AAC/aac/lab4/lab4opt/lab4opt/solution2/syn/report/csynth_design_size.rpt
INFO: [HLS 200-1995] There were 58 instructions in the design after the 'Array/Struct (step 3)' phase of compilation. See the Design Size Report for more details: D:/Cadeiras/AAC/aac/lab4/lab4opt/lab4opt/solution2/syn/report/csynth_design_size.rpt
INFO: [HLS 200-1995] There were 58 instructions in the design after the 'Array/Struct (step 4)' phase of compilation. See the Design Size Report for more details: D:/Cadeiras/AAC/aac/lab4/lab4opt/lab4opt/solution2/syn/report/csynth_design_size.rpt
INFO: [HLS 200-1995] There were 58 instructions in the design after the 'Array/Struct (step 5)' phase of compilation. See the Design Size Report for more details: D:/Cadeiras/AAC/aac/lab4/lab4opt/lab4opt/solution2/syn/report/csynth_design_size.rpt
INFO: [HLS 200-1995] There were 58 instructions in the design after the 'Performance (step 1)' phase of compilation. See the Design Size Report for more details: D:/Cadeiras/AAC/aac/lab4/lab4opt/lab4opt/solution2/syn/report/csynth_design_size.rpt
INFO: [HLS 200-1995] There were 58 instructions in the design after the 'Performance (step 2)' phase of compilation. See the Design Size Report for more details: D:/Cadeiras/AAC/aac/lab4/lab4opt/lab4opt/solution2/syn/report/csynth_design_size.rpt
INFO: [HLS 200-1995] There were 58 instructions in the design after the 'Performance (step 3)' phase of compilation. See the Design Size Report for more details: D:/Cadeiras/AAC/aac/lab4/lab4opt/lab4opt/solution2/syn/report/csynth_design_size.rpt
INFO: [HLS 200-1995] There were 58 instructions in the design after the 'Performance (step 4)' phase of compilation. See the Design Size Report for more details: D:/Cadeiras/AAC/aac/lab4/lab4opt/lab4opt/solution2/syn/report/csynth_design_size.rpt
INFO: [HLS 200-1995] There were 62 instructions in the design after the 'HW Transforms (step 1)' phase of compilation. See the Design Size Report for more details: D:/Cadeiras/AAC/aac/lab4/lab4opt/lab4opt/solution2/syn/report/csynth_design_size.rpt
INFO: [HLS 200-1995] There were 81 instructions in the design after the 'HW Transforms (step 2)' phase of compilation. See the Design Size Report for more details: D:/Cadeiras/AAC/aac/lab4/lab4opt/lab4opt/solution2/syn/report/csynth_design_size.rpt
INFO: [HLS 214-376] automatically set the pipeline for Loop< Loop0> at ../../../labs/Lab4/Lab4/functionDF.cpp:35:3 
INFO: [HLS 214-376] automatically set the pipeline for Loop< Loop0> at ../../../labs/Lab4/Lab4/functionDF.cpp:26:3 
INFO: [HLS 214-376] automatically set the pipeline for Loop< Loop0> at ../../../labs/Lab4/Lab4/functionDF.cpp:17:3 
INFO: [HLS 214-376] automatically set the pipeline for Loop< Loop0> at ../../../labs/Lab4/Lab4/functionDF.cpp:6:3 
INFO: [HLS 200-111] Finished Compiling Optimization and Transform: CPU user time: 0 seconds. CPU system time: 0 seconds. Elapsed time: 8.11 seconds; current allocated memory: 113.527 MB.
INFO: [HLS 200-111] Finished Checking Pragmas: CPU user time: 0 seconds. CPU system time: 0 seconds. Elapsed time: 0.005 seconds; current allocated memory: 113.527 MB.
INFO: [HLS 200-10] Starting code transformations ...
INFO: [HLS 200-111] Finished Standard Transforms: CPU user time: 0 seconds. CPU system time: 0 seconds. Elapsed time: 0.028 seconds; current allocated memory: 118.238 MB.
INFO: [HLS 200-10] Checking synthesizability ...
INFO: [HLS 200-111] Finished Checking Synthesizability: CPU user time: 0 seconds. CPU system time: 0 seconds. Elapsed time: 0.027 seconds; current allocated memory: 119.633 MB.
INFO: [XFORM 203-712] Applying dataflow to function 'functionDF' (../../../labs/Lab4/Lab4/functionDF.cpp:41:1), detected/extracted 4 process function(s): 
	 'funcA'
	 'funcB'
	 'funcC'
	 'funcD'.
INFO: [HLS 200-111] Finished Loop, function and other optimizations: CPU user time: 0 seconds. CPU system time: 0 seconds. Elapsed time: 0.093 seconds; current allocated memory: 141.992 MB.
INFO: [HLS 200-111] Finished Architecture Synthesis: CPU user time: 0 seconds. CPU system time: 0 seconds. Elapsed time: 0.057 seconds; current allocated memory: 170.406 MB.
INFO: [HLS 200-10] Starting hardware synthesis ...
INFO: [HLS 200-10] Synthesizing 'functionDF' ...
INFO: [HLS 200-10] ----------------------------------------------------------------
INFO: [HLS 200-42] -- Implementing module 'funcA' 
INFO: [HLS 200-10] ----------------------------------------------------------------
INFO: [SCHED 204-11] Starting scheduling ...
INFO: [SCHED 204-61] Pipelining loop 'Loop0'.
INFO: [HLS 200-1470] Pipelining result : Target II = NA, Final II = 1, Depth = 2, loop 'Loop0'
INFO: [SCHED 204-11] Finished scheduling.
INFO: [HLS 200-111] Finished Scheduling: CPU user time: 0 seconds. CPU system time: 0 seconds. Elapsed time: 0.162 seconds; current allocated memory: 174.523 MB.
INFO: [BIND 205-100] Starting micro-architecture generation ...
INFO: [BIND 205-101] Performing variable lifetime analysis.
INFO: [BIND 205-101] Exploring resource sharing.
INFO: [BIND 205-101] Binding ...
INFO: [BIND 205-100] Finished micro-architecture generation.
INFO: [HLS 200-111] Finished Binding: CPU user time: 0 seconds. CPU system time: 0 seconds. Elapsed time: 0.046 seconds; current allocated memory: 175.801 MB.
INFO: [HLS 200-10] ----------------------------------------------------------------
INFO: [HLS 200-42] -- Implementing module 'funcB' 
INFO: [HLS 200-10] ----------------------------------------------------------------
INFO: [SCHED 204-11] Starting scheduling ...
INFO: [SCHED 204-61] Pipelining loop 'Loop0'.
INFO: [HLS 200-1470] Pipelining result : Target II = NA, Final II = 1, Depth = 2, loop 'Loop0'
INFO: [SCHED 204-11] Finished scheduling.
INFO: [HLS 200-111] Finished Scheduling: CPU user time: 0 seconds. CPU system time: 0 seconds. Elapsed time: 0.064 seconds; current allocated memory: 176.223 MB.
INFO: [BIND 205-100] Starting micro-architecture generation ...
INFO: [BIND 205-101] Performing variable lifetime analysis.
INFO: [BIND 205-101] Exploring resource sharing.
INFO: [BIND 205-101] Binding ...
INFO: [BIND 205-100] Finished micro-architecture generation.
INFO: [HLS 200-111] Finished Binding: CPU user time: 0 seconds. CPU system time: 0 seconds. Elapsed time: 0.048 seconds; current allocated memory: 176.285 MB.
INFO: [HLS 200-10] ----------------------------------------------------------------
INFO: [HLS 200-42] -- Implementing module 'funcC' 
INFO: [HLS 200-10] ----------------------------------------------------------------
INFO: [SCHED 204-11] Starting scheduling ...
INFO: [SCHED 204-61] Pipelining loop 'Loop0'.
INFO: [HLS 200-1470] Pipelining result : Target II = NA, Final II = 1, Depth = 2, loop 'Loop0'
INFO: [SCHED 204-11] Finished scheduling.
INFO: [HLS 200-111] Finished Scheduling: CPU user time: 0 seconds. CPU system time: 0 seconds. Elapsed time: 0.063 seconds; current allocated memory: 176.586 MB.
INFO: [BIND 205-100] Starting micro-architecture generation ...
INFO: [BIND 205-101] Performing variable lifetime analysis.
INFO: [BIND 205-101] Exploring resource sharing.
INFO: [BIND 205-101] Binding ...
INFO: [BIND 205-100] Finished micro-architecture generation.
INFO: [HLS 200-111] Finished Binding: CPU user time: 0 seconds. CPU system time: 0 seconds. Elapsed time: 0.064 seconds; current allocated memory: 176.645 MB.
INFO: [HLS 200-10] ----------------------------------------------------------------
INFO: [HLS 200-42] -- Implementing module 'funcD' 
INFO: [HLS 200-10] ----------------------------------------------------------------
INFO: [SCHED 204-11] Starting scheduling ...
INFO: [SCHED 204-61] Pipelining loop 'Loop0'.
INFO: [HLS 200-1470] Pipelining result : Target II = NA, Final II = 1, Depth = 2, loop 'Loop0'
INFO: [SCHED 204-11] Finished scheduling.
INFO: [HLS 200-111] Finished Scheduling: CPU user time: 0 seconds. CPU system time: 0 seconds. Elapsed time: 0.064 seconds; current allocated memory: 176.965 MB.
INFO: [BIND 205-100] Starting micro-architecture generation ...
INFO: [BIND 205-101] Performing variable lifetime analysis.
INFO: [BIND 205-101] Exploring resource sharing.
INFO: [BIND 205-101] Binding ...
INFO: [BIND 205-100] Finished micro-architecture generation.
INFO: [HLS 200-111] Finished Binding: CPU user time: 0 seconds. CPU system time: 0 seconds. Elapsed time: 0.054 seconds; current allocated memory: 177.090 MB.
INFO: [HLS 200-10] ----------------------------------------------------------------
INFO: [HLS 200-42] -- Implementing module 'functionDF' 
INFO: [HLS 200-10] ----------------------------------------------------------------
INFO: [SCHED 204-11] Starting scheduling ...
INFO: [SCHED 204-11] Finished scheduling.
INFO: [HLS 200-111] Finished Scheduling: CPU user time: 0 seconds. CPU system time: 0 seconds. Elapsed time: 0.06 seconds; current allocated memory: 177.480 MB.
INFO: [BIND 205-100] Starting micro-architecture generation ...
INFO: [BIND 205-101] Performing variable lifetime analysis.
INFO: [BIND 205-101] Exploring resource sharing.
INFO: [BIND 205-101] Binding ...
INFO: [BIND 205-100] Finished micro-architecture generation.
INFO: [HLS 200-111] Finished Binding: CPU user time: 0 seconds. CPU system time: 0 seconds. Elapsed time: 0.048 seconds; current allocated memory: 177.516 MB.
INFO: [HLS 200-10] ----------------------------------------------------------------
INFO: [HLS 200-10] -- Generating RTL for module 'funcA' 
INFO: [HLS 200-10] ----------------------------------------------------------------
INFO: [HLS 200-1030] Apply Unified Pipeline Control on module 'funcA' pipeline 'Loop0' pipeline type 'loop pipeline'
INFO: [RTGEN 206-100] Finished creating RTL model for 'funcA'.
INFO: [HLS 200-111] Finished Creating RTL model: CPU user time: 0 seconds. CPU system time: 0 seconds. Elapsed time: 0.078 seconds; current allocated memory: 179.285 MB.
INFO: [HLS 200-10] ----------------------------------------------------------------
INFO: [HLS 200-10] -- Generating RTL for module 'funcB' 
INFO: [HLS 200-10] ----------------------------------------------------------------
INFO: [HLS 200-1030] Apply Unified Pipeline Control on module 'funcB' pipeline 'Loop0' pipeline type 'loop pipeline'
INFO: [RTGEN 206-100] Finished creating RTL model for 'funcB'.
INFO: [HLS 200-111] Finished Creating RTL model: CPU user time: 0 seconds. CPU system time: 0 seconds. Elapsed time: 0.124 seconds; current allocated memory: 181.035 MB.
INFO: [HLS 200-10] ----------------------------------------------------------------
INFO: [HLS 200-10] -- Generating RTL for module 'funcC' 
INFO: [HLS 200-10] ----------------------------------------------------------------
INFO: [HLS 200-1030] Apply Unified Pipeline Control on module 'funcC' pipeline 'Loop0' pipeline type 'loop pipeline'
INFO: [RTGEN 206-100] Finished creating RTL model for 'funcC'.
INFO: [HLS 200-111] Finished Creating RTL model: CPU user time: 0 seconds. CPU system time: 0 seconds. Elapsed time: 0.153 seconds; current allocated memory: 181.824 MB.
INFO: [HLS 200-10] ----------------------------------------------------------------
INFO: [HLS 200-10] -- Generating RTL for module 'funcD' 
INFO: [HLS 200-10] ----------------------------------------------------------------
INFO: [HLS 200-1030] Apply Unified Pipeline Control on module 'funcD' pipeline 'Loop0' pipeline type 'loop pipeline'
INFO: [RTGEN 206-100] Finished creating RTL model for 'funcD'.
INFO: [HLS 200-111] Finished Creating RTL model: CPU user time: 0 seconds. CPU system time: 0 seconds. Elapsed time: 0.106 seconds; current allocated memory: 182.578 MB.
INFO: [HLS 200-10] ----------------------------------------------------------------
INFO: [HLS 200-10] -- Generating RTL for module 'functionDF' 
INFO: [HLS 200-10] ----------------------------------------------------------------
INFO: [RTGEN 206-500] Setting interface mode on port 'functionDF/vecIn' to 'ap_memory'.
INFO: [RTGEN 206-500] Setting interface mode on port 'functionDF/vecOut' to 'ap_memory'.
INFO: [RTGEN 206-500] Setting interface mode on function 'functionDF' to 'ap_ctrl_hs'.
WARNING: [HLS 200-656] Deadlocks can occur since process funcA is instantiated in a dataflow region with ap_ctrl_none or without start propagation and contains an auto-rewind pipeline.
INFO: [RTGEN 206-100] Finished creating RTL model for 'functionDF'.
INFO: [HLS 200-741] Implementing PIPO functionDF_c1_RAM_AUTO_1R1W using a single memory for all blocks
INFO: [RTMG 210-278] Implementing memory 'functionDF_c1_RAM_AUTO_1R1W_memcore' using auto RAMs.
INFO: [HLS 200-741] Implementing PIPO functionDF_c2_RAM_AUTO_1R1W using a single memory for all blocks
INFO: [RTMG 210-278] Implementing memory 'functionDF_c2_RAM_AUTO_1R1W_memcore' using auto RAMs.
INFO: [HLS 200-741] Implementing PIPO functionDF_c4_RAM_AUTO_1R1W using a single memory for all blocks
INFO: [RTMG 210-278] Implementing memory 'functionDF_c4_RAM_AUTO_1R1W_memcore' using auto RAMs.
INFO: [HLS 200-111] Finished Creating RTL model: CPU user time: 0 seconds. CPU system time: 0 seconds. Elapsed time: 0.209 seconds; current allocated memory: 184.172 MB.
INFO: [HLS 200-111] Finished Generating all RTL models: CPU user time: 0 seconds. CPU system time: 0 seconds. Elapsed time: 0.414 seconds; current allocated memory: 188.129 MB.
INFO: [HLS 200-111] Finished Updating report files: CPU user time: 1 seconds. CPU system time: 0 seconds. Elapsed time: 0.801 seconds; current allocated memory: 193.590 MB.
INFO: [VHDL 208-304] Generating VHDL RTL for functionDF.
INFO: [VLOG 209-307] Generating Verilog RTL for functionDF.
INFO: [HLS 200-790] **** Loop Constraint Status: All loop constraints were satisfied.
INFO: [HLS 200-789] **** Estimated Fmax: 138.97 MHz
INFO: [HLS 200-111] Finished Command csynth_design CPU user time: 1 seconds. CPU system time: 0 seconds. Elapsed time: 12.169 seconds; current allocated memory: 84.352 MB.
