

================================================================
== Synthesis Summary Report of 'functionDF'
================================================================
+ General Information: 
    * Date:           Tue Mar 19 12:32:12 2024
    * Version:        2023.2 (Build 4023990 on Oct 11 2023)
    * Project:        lab4opt
    * Solution:       solution2 (Vivado IP Flow Target)
    * Product family: zynq
    * Target device:  xc7z010i-clg225-1L
    

+ Performance & Resource Estimates: 
    
    PS: '+' for module; 'o' for loop; '*' for dataflow
    +---------------+------+------+---------+---------+----------+---------+------+----------+------+----+-----------+-----------+-----+
    |    Modules    | Issue|      | Latency | Latency | Iteration|         | Trip |          |      |    |           |           |     |
    |    & Loops    | Type | Slack| (cycles)|   (ns)  |  Latency | Interval| Count| Pipelined| BRAM | DSP|     FF    |    LUT    | URAM|
    +---------------+------+------+---------+---------+----------+---------+------+----------+------+----+-----------+-----------+-----+
    |+ functionDF*  |     -|  0.10|       38|  380.000|         -|       13|     -|  dataflow|     -|   -|  171 (~0%)|   461 (2%)|    -|
    | + funcA       |     -|  0.10|       12|  120.000|         -|       12|     -|        no|     -|   -|   11 (~0%)|  107 (~0%)|    -|
    |  o Loop0      |     -|  7.30|       10|  100.000|         2|        1|    10|       yes|     -|   -|          -|          -|    -|
    | + funcB       |     -|  0.10|       12|  120.000|         -|       12|     -|        no|     -|   -|   11 (~0%)|  107 (~0%)|    -|
    |  o Loop0      |     -|  7.30|       10|  100.000|         2|        1|    10|       yes|     -|   -|          -|          -|    -|
    | + funcC       |     -|  2.39|       12|  120.000|         -|       12|     -|        no|     -|   -|   11 (~0%)|   68 (~0%)|    -|
    |  o Loop0      |     -|  7.30|       10|  100.000|         2|        1|    10|       yes|     -|   -|          -|          -|    -|
    | + funcD       |     -|  0.10|       12|  120.000|         -|       12|     -|        no|     -|   -|   11 (~0%)|  107 (~0%)|    -|
    |  o Loop0      |     -|  7.30|       10|  100.000|         2|        1|    10|       yes|     -|   -|          -|          -|    -|
    +---------------+------+------+---------+---------+----------+---------+------+----------+------+----+-----------+-----------+-----+


================================================================
== HW Interfaces
================================================================
* AP_MEMORY
+-----------------+-----------+----------+
| Port            | Direction | Bitwidth |
+-----------------+-----------+----------+
| vecIn_address0  | out       | 4        |
| vecIn_address1  | out       | 4        |
| vecIn_d0        | out       | 32       |
| vecIn_d1        | out       | 32       |
| vecIn_q0        | in        | 32       |
| vecIn_q1        | in        | 32       |
| vecOut_address0 | out       | 4        |
| vecOut_address1 | out       | 4        |
| vecOut_d0       | out       | 32       |
| vecOut_d1       | out       | 32       |
| vecOut_q0       | in        | 32       |
| vecOut_q1       | in        | 32       |
+-----------------+-----------+----------+

* TOP LEVEL CONTROL
+-----------+------------+-----------------------------------+
| Interface | Type       | Ports                             |
+-----------+------------+-----------------------------------+
| ap_clk    | clock      | ap_clk                            |
| ap_rst    | reset      | ap_rst                            |
| ap_ctrl   | ap_ctrl_hs | ap_done ap_idle ap_ready ap_start |
+-----------+------------+-----------------------------------+


================================================================
== SW I/O Information
================================================================
* Top Function Arguments
+----------+-----------+----------+
| Argument | Direction | Datatype |
+----------+-----------+----------+
| vecIn    | in        | int*     |
| vecOut   | out       | int*     |
+----------+-----------+----------+

* SW-to-HW Mapping
+----------+-----------------+---------+----------+
| Argument | HW Interface    | HW Type | HW Usage |
+----------+-----------------+---------+----------+
| vecIn    | vecIn_address0  | port    | offset   |
| vecIn    | vecIn_ce0       | port    |          |
| vecIn    | vecIn_d0        | port    |          |
| vecIn    | vecIn_q0        | port    |          |
| vecIn    | vecIn_we0       | port    |          |
| vecIn    | vecIn_address1  | port    | offset   |
| vecIn    | vecIn_ce1       | port    |          |
| vecIn    | vecIn_d1        | port    |          |
| vecIn    | vecIn_q1        | port    |          |
| vecIn    | vecIn_we1       | port    |          |
| vecOut   | vecOut_address0 | port    | offset   |
| vecOut   | vecOut_ce0      | port    |          |
| vecOut   | vecOut_d0       | port    |          |
| vecOut   | vecOut_q0       | port    |          |
| vecOut   | vecOut_we0      | port    |          |
| vecOut   | vecOut_address1 | port    | offset   |
| vecOut   | vecOut_ce1      | port    |          |
| vecOut   | vecOut_d1       | port    |          |
| vecOut   | vecOut_q1       | port    |          |
| vecOut   | vecOut_we1      | port    |          |
+----------+-----------------+---------+----------+


================================================================
== Bind Op Report
================================================================
+----------------------+-----+--------+----------+-----+--------+---------+
| Name                 | DSP | Pragma | Variable | Op  | Impl   | Latency |
+----------------------+-----+--------+----------+-----+--------+---------+
| + functionDF         | 0   |        |          |     |        |         |
|  + funcA             | 0   |        |          |     |        |         |
|    add_ln6_fu_95_p2  |     |        | add_ln6  | add | fabric | 0       |
|    t_fu_117_p2       |     |        | t        | sub | fabric | 0       |
|  + funcB             | 0   |        |          |     |        |         |
|    add_ln17_fu_76_p2 |     |        | add_ln17 | add | fabric | 0       |
|    out_r_d0          |     |        | add_ln19 | add | fabric | 0       |
|  + funcC             | 0   |        |          |     |        |         |
|    add_ln26_fu_78_p2 |     |        | add_ln26 | add | fabric | 0       |
|  + funcD             | 0   |        |          |     |        |         |
|    add_ln35_fu_97_p2 |     |        | add_ln35 | add | fabric | 0       |
|    vecOut_d0         |     |        | add_ln37 | add | fabric | 0       |
+----------------------+-----+--------+----------+-----+--------+---------+


================================================================
== Storage Report
================================================================
+--------------+----------------+------+------+------+--------+----------+------+---------+------------------+
| Name         | Usage          | Type | BRAM | URAM | Pragma | Variable | Impl | Latency | Bitwidth, Depth, |
|              |                |      |      |      |        |          |      |         | Banks            |
+--------------+----------------+------+------+------+--------+----------+------+---------+------------------+
| + functionDF |                |      | 0    | 0    |        |          |      |         |                  |
|   c1_U       | ram_1p channel | pipo |      |      |        | c1       | auto | 1       | 32, 10, 2        |
|   c2_U       | ram_1p channel | pipo |      |      |        | c2       | auto | 1       | 30, 10, 2        |
|   c3_U       | ram_1p channel | pipo |      |      |        | c3       | auto | 1       | 32, 10, 2        |
|   c4_U       | ram_1p channel | pipo |      |      |        | c4       | auto | 1       | 31, 10, 2        |
+--------------+----------------+------+------+------+--------+----------+------+---------+------------------+


================================================================
== Pragma Report
================================================================
* Valid Pragma Syntax
+----------+---------+---------------------------------------------------------+
| Type     | Options | Location                                                |
+----------+---------+---------------------------------------------------------+
| dataflow |         | ../../../labs/Lab4/Lab4/functionDF.cpp:45 in functiondf |
+----------+---------+---------------------------------------------------------+


