

================================================================
== Vitis HLS Report for 'funcD'
================================================================
* Date:           Tue Mar 19 12:32:12 2024

* Version:        2023.2 (Build 4023990 on Oct 11 2023)
* Project:        lab4opt
* Solution:       solution2 (Vivado IP Flow Target)
* Product family: zynq
* Target device:  xc7z010i-clg225-1L


================================================================
== Performance Estimates
================================================================
+ Timing: 
    * Summary: 
    +--------+----------+----------+------------+
    |  Clock |  Target  | Estimated| Uncertainty|
    +--------+----------+----------+------------+
    |ap_clk  |  10.00 ns|  7.196 ns|     2.70 ns|
    +--------+----------+----------+------------+

+ Latency: 
    * Summary: 
    +---------+---------+----------+----------+-----+-----+---------+
    |  Latency (cycles) |  Latency (absolute) |  Interval | Pipeline|
    |   min   |   max   |    min   |    max   | min | max |   Type  |
    +---------+---------+----------+----------+-----+-----+---------+
    |       12|       12|  0.120 us|  0.120 us|   12|   12|       no|
    +---------+---------+----------+----------+-----+-----+---------+

    + Detail: 
        * Instance: 
        N/A

        * Loop: 
        +----------+---------+---------+----------+-----------+-----------+------+----------+
        |          |  Latency (cycles) | Iteration|  Initiation Interval  | Trip |          |
        | Loop Name|   min   |   max   |  Latency |  achieved |   target  | Count| Pipelined|
        +----------+---------+---------+----------+-----------+-----------+------+----------+
        |- Loop0   |       10|       10|         2|          1|          1|    10|       yes|
        +----------+---------+---------+----------+-----------+-----------+------+----------+



================================================================
== Utilization Estimates
================================================================
* Summary: 
+-----------------+---------+----+-------+-------+-----+
|       Name      | BRAM_18K| DSP|   FF  |  LUT  | URAM|
+-----------------+---------+----+-------+-------+-----+
|DSP              |        -|   -|      -|      -|    -|
|Expression       |        -|   -|      0|     71|    -|
|FIFO             |        -|   -|      -|      -|    -|
|Instance         |        -|   -|      -|      -|    -|
|Memory           |        -|   -|      -|      -|    -|
|Multiplexer      |        -|   -|      -|     36|    -|
|Register         |        -|   -|     11|      -|    -|
+-----------------+---------+----+-------+-------+-----+
|Total            |        0|   0|     11|    107|    0|
+-----------------+---------+----+-------+-------+-----+
|Available        |      120|  80|  35200|  17600|    0|
+-----------------+---------+----+-------+-------+-----+
|Utilization (%)  |        0|   0|     ~0|     ~0|    0|
+-----------------+---------+----+-------+-------+-----+

+ Detail: 
    * Instance: 
    N/A

    * DSP: 
    N/A

    * Memory: 
    N/A

    * FIFO: 
    N/A

    * Expression: 
    +---------------------------+----------+----+---+----+------------+------------+
    |       Variable Name       | Operation| DSP| FF| LUT| Bitwidth P0| Bitwidth P1|
    +---------------------------+----------+----+---+----+------------+------------+
    |add_ln35_fu_97_p2          |         +|   0|  0|  13|           4|           1|
    |vecOut_d0                  |         +|   0|  0|  39|          32|          32|
    |ap_condition_99            |       and|   0|  0|   2|           1|           1|
    |icmp_ln35_fu_91_p2         |      icmp|   0|  0|  13|           4|           4|
    |ap_block_pp0_stage0_11001  |        or|   0|  0|   2|           1|           1|
    |ap_enable_pp0              |       xor|   0|  0|   2|           1|           2|
    +---------------------------+----------+----+---+----+------------+------------+
    |Total                      |          |   0|  0|  71|          43|          41|
    +---------------------------+----------+----+---+----+------------+------------+

    * Multiplexer: 
    +-------------------------+----+-----------+-----+-----------+
    |           Name          | LUT| Input Size| Bits| Total Bits|
    +-------------------------+----+-----------+-----+-----------+
    |ap_done_int              |   9|          2|    1|          2|
    |ap_enable_reg_pp0_iter1  |   9|          2|    1|          2|
    |ap_sig_allocacmp_i_1     |   9|          2|    4|          8|
    |i_fu_40                  |   9|          2|    4|          8|
    +-------------------------+----+-----------+-----+-----------+
    |Total                    |  36|          8|   10|         20|
    +-------------------------+----+-----------+-----+-----------+

    * Register: 
    +-------------------------+---+----+-----+-----------+
    |           Name          | FF| LUT| Bits| Const Bits|
    +-------------------------+---+----+-----+-----------+
    |ap_CS_fsm                |  1|   0|    1|          0|
    |ap_done_reg              |  1|   0|    1|          0|
    |ap_enable_reg_pp0_iter1  |  1|   0|    1|          0|
    |i_fu_40                  |  4|   0|    4|          0|
    |zext_ln35_reg_139        |  4|   0|   64|         60|
    +-------------------------+---+----+-----+-----------+
    |Total                    | 11|   0|   71|         60|
    +-------------------------+---+----+-----+-----------+



================================================================
== Interface
================================================================
* Summary: 
+-----------------+-----+-----+------------+--------------+--------------+
|    RTL Ports    | Dir | Bits|  Protocol  | Source Object|    C Type    |
+-----------------+-----+-----+------------+--------------+--------------+
|ap_clk           |   in|    1|  ap_ctrl_hs|         funcD|  return value|
|ap_rst           |   in|    1|  ap_ctrl_hs|         funcD|  return value|
|ap_start         |   in|    1|  ap_ctrl_hs|         funcD|  return value|
|ap_done          |  out|    1|  ap_ctrl_hs|         funcD|  return value|
|ap_continue      |   in|    1|  ap_ctrl_hs|         funcD|  return value|
|ap_idle          |  out|    1|  ap_ctrl_hs|         funcD|  return value|
|ap_ready         |  out|    1|  ap_ctrl_hs|         funcD|  return value|
|in1_address0     |  out|    4|   ap_memory|           in1|         array|
|in1_ce0          |  out|    1|   ap_memory|           in1|         array|
|in1_q0           |   in|   32|   ap_memory|           in1|         array|
|in2_address0     |  out|    4|   ap_memory|           in2|         array|
|in2_ce0          |  out|    1|   ap_memory|           in2|         array|
|in2_q0           |   in|   31|   ap_memory|           in2|         array|
|vecOut_address0  |  out|    4|   ap_memory|        vecOut|         array|
|vecOut_ce0       |  out|    1|   ap_memory|        vecOut|         array|
|vecOut_we0       |  out|    1|   ap_memory|        vecOut|         array|
|vecOut_d0        |  out|   32|   ap_memory|        vecOut|         array|
+-----------------+-----+-----+------------+--------------+--------------+

