

================================================================
== Vitis HLS Report for 'conv2D0_Pipeline_readweights'
================================================================
* Date:           Thu Apr 11 18:25:19 2024

* Version:        2023.2 (Build 4023990 on Oct 11 2023)
* Project:        Project1
* Solution:       pipeline_unroll_4 (Vivado IP Flow Target)
* Product family: zynq
* Target device:  xc7z010i-clg225-1L


================================================================
== Performance Estimates
================================================================
+ Timing: 
    * Summary: 
    +--------+----------+----------+------------+
    |  Clock |  Target  | Estimated| Uncertainty|
    +--------+----------+----------+------------+
    |ap_clk  |  10.00 ns|  4.301 ns|     2.70 ns|
    +--------+----------+----------+------------+

+ Latency: 
    * Summary: 
    +---------+---------+-----------+----------+-----+-----+---------+
    |  Latency (cycles) |  Latency (absolute)  |  Interval | Pipeline|
    |   min   |   max   |    min    |    max   | min | max |   Type  |
    +---------+---------+-----------+----------+-----+-----+---------+
    |        9|       10|  90.000 ns|  0.100 us|    9|   10|       no|
    +---------+---------+-----------+----------+-----+-----+---------+

    + Detail: 
        * Instance: 
        N/A

        * Loop: 
        +---------------+---------+---------+----------+-----------+-----------+------+----------+
        |               |  Latency (cycles) | Iteration|  Initiation Interval  | Trip |          |
        |   Loop Name   |   min   |   max   |  Latency |  achieved |   target  | Count| Pipelined|
        +---------------+---------+---------+----------+-----------+-----------+------+----------+
        |- readweights  |        7|        7|         3|          2|          1|     3|       yes|
        +---------------+---------+---------+----------+-----------+-----------+------+----------+



================================================================
== Utilization Estimates
================================================================
* Summary: 
+-----------------+---------+----+-------+-------+-----+
|       Name      | BRAM_18K| DSP|   FF  |  LUT  | URAM|
+-----------------+---------+----+-------+-------+-----+
|DSP              |        -|   -|      -|      -|    -|
|Expression       |        -|   -|      0|    157|    -|
|FIFO             |        -|   -|      -|      -|    -|
|Instance         |        -|   -|      -|      -|    -|
|Memory           |        -|   -|      -|      -|    -|
|Multiplexer      |        -|   -|      -|    142|    -|
|Register         |        -|   -|    140|      -|    -|
+-----------------+---------+----+-------+-------+-----+
|Total            |        0|   0|    140|    299|    0|
+-----------------+---------+----+-------+-------+-----+
|Available        |      120|  80|  35200|  17600|    0|
+-----------------+---------+----+-------+-------+-----+
|Utilization (%)  |        0|   0|     ~0|      1|    0|
+-----------------+---------+----+-------+-------+-----+

+ Detail: 
    * Instance: 
    N/A

    * DSP: 
    N/A

    * Memory: 
    N/A

    * FIFO: 
    N/A

    * Expression: 
    +------------------------------+----------+----+---+----+------------+------------+
    |         Variable Name        | Operation| DSP| FF| LUT| Bitwidth P0| Bitwidth P1|
    +------------------------------+----------+----+---+----+------------+------------+
    |add_ln16_fu_305_p2            |         +|   0|  0|  13|           4|           3|
    |ap_predicate_tran3to5_state3  |       and|   0|  0|   2|           1|           1|
    |icmp_ln16_1_fu_299_p2         |      icmp|   0|  0|  13|           4|           4|
    |icmp_ln16_fu_277_p2           |      icmp|   0|  0|  13|           4|           4|
    |icmp_ln19_1_fu_330_p2         |      icmp|   0|  0|  13|           4|           3|
    |icmp_ln19_fu_325_p2           |      icmp|   0|  0|  13|           4|           1|
    |or_ln16_1_fu_371_p2           |        or|   0|  0|   4|           4|           2|
    |or_ln16_2_fu_381_p2           |        or|   0|  0|   4|           4|           2|
    |or_ln16_fu_288_p2             |        or|   0|  0|   4|           4|           1|
    |or_ln19_fu_335_p2             |        or|   0|  0|   2|           1|           1|
    |weightsT_10_fu_341_p3         |    select|   0|  0|   8|           1|           8|
    |weightsT_11_fu_349_p3         |    select|   0|  0|   8|           1|           8|
    |weightsT_12_fu_357_p3         |    select|   0|  0|   8|           1|           8|
    |weightsT_16_fu_399_p3         |    select|   0|  0|   8|           1|           8|
    |weightsT_17_fu_465_p3         |    select|   0|  0|   8|           1|           8|
    |weightsT_18_fu_458_p3         |    select|   0|  0|   8|           1|           8|
    |weightsT_19_fu_391_p3         |    select|   0|  0|   8|           1|           8|
    |weightsT_20_fu_451_p3         |    select|   0|  0|   8|           1|           8|
    |weightsT_21_fu_444_p3         |    select|   0|  0|   8|           1|           8|
    |ap_enable_pp0                 |       xor|   0|  0|   2|           1|           2|
    |ap_enable_reg_pp0_iter1       |       xor|   0|  0|   2|           2|           1|
    +------------------------------+----------+----+---+----+------------+------------+
    |Total                         |          |   0|  0| 157|          46|          97|
    +------------------------------+----------+----+---+----+------------+------------+

    * Multiplexer: 
    +----------------------------------------+----+-----------+-----+-----------+
    |                  Name                  | LUT| Input Size| Bits| Total Bits|
    +----------------------------------------+----+-----------+-----+-----------+
    |ap_NS_fsm                               |  31|          6|    1|          6|
    |ap_enable_reg_pp0_iter1                 |  14|          3|    1|          3|
    |ap_phi_mux_UnifiedRetVal_phi_fu_237_p4  |   9|          2|    1|          2|
    |ap_return                               |   9|          2|    1|          2|
    |i_1_fu_68                               |   9|          2|    4|          8|
    |weightsT_4_out                          |  14|          3|    8|         24|
    |weightsT_8_out                          |  14|          3|    8|         24|
    |weightsT_out                            |  14|          3|    8|         24|
    |weights_address0                        |  14|          3|    4|         12|
    |weights_address1                        |  14|          3|    4|         12|
    +----------------------------------------+----+-----------+-----+-----------+
    |Total                                   | 142|         30|   40|        117|
    +----------------------------------------+----+-----------+-----+-----------+

    * Register: 
    +---------------------------+---+----+-----+-----------+
    |            Name           | FF| LUT| Bits| Const Bits|
    +---------------------------+---+----+-----+-----------+
    |UnifiedRetVal_reg_233      |  1|   0|    1|          0|
    |ap_CS_fsm                  |  5|   0|    5|          0|
    |ap_enable_reg_pp0_iter0    |  1|   0|    1|          0|
    |ap_enable_reg_pp0_iter1    |  1|   0|    1|          0|
    |ap_return_preg             |  1|   0|    1|          0|
    |i_1_fu_68                  |  4|   0|    4|          0|
    |i_reg_574                  |  4|   0|    4|          0|
    |icmp_ln16_1_reg_591        |  1|   0|    1|          0|
    |icmp_ln16_reg_582          |  1|   0|    1|          0|
    |icmp_ln19_reg_615          |  1|   0|    1|          0|
    |weightsT_10_reg_623        |  8|   0|    8|          0|
    |weightsT_11_reg_628        |  8|   0|    8|          0|
    |weightsT_12_reg_633        |  8|   0|    8|          0|
    |weightsT_1_fu_76           |  8|   0|    8|          0|
    |weightsT_2_fu_80           |  8|   0|    8|          0|
    |weightsT_3_fu_84           |  8|   0|    8|          0|
    |weightsT_4_fu_88           |  8|   0|    8|          0|
    |weightsT_4_load_1_reg_605  |  8|   0|    8|          0|
    |weightsT_5_fu_92           |  8|   0|    8|          0|
    |weightsT_6_fu_96           |  8|   0|    8|          0|
    |weightsT_7_fu_100          |  8|   0|    8|          0|
    |weightsT_8_fu_104          |  8|   0|    8|          0|
    |weightsT_8_load_1_reg_610  |  8|   0|    8|          0|
    |weightsT_fu_72             |  8|   0|    8|          0|
    |weightsT_load_1_reg_600    |  8|   0|    8|          0|
    +---------------------------+---+----+-----+-----------+
    |Total                      |140|   0|  140|          0|
    +---------------------------+---+----+-----+-----------+



================================================================
== Interface
================================================================
* Summary: 
+------------------------+-----+-----+------------+------------------------------+--------------+
|        RTL Ports       | Dir | Bits|  Protocol  |         Source Object        |    C Type    |
+------------------------+-----+-----+------------+------------------------------+--------------+
|ap_clk                  |   in|    1|  ap_ctrl_hs|  conv2D0_Pipeline_readweights|  return value|
|ap_rst                  |   in|    1|  ap_ctrl_hs|  conv2D0_Pipeline_readweights|  return value|
|ap_start                |   in|    1|  ap_ctrl_hs|  conv2D0_Pipeline_readweights|  return value|
|ap_done                 |  out|    1|  ap_ctrl_hs|  conv2D0_Pipeline_readweights|  return value|
|ap_idle                 |  out|    1|  ap_ctrl_hs|  conv2D0_Pipeline_readweights|  return value|
|ap_ready                |  out|    1|  ap_ctrl_hs|  conv2D0_Pipeline_readweights|  return value|
|ap_return               |  out|    1|  ap_ctrl_hs|  conv2D0_Pipeline_readweights|  return value|
|weights_address0        |  out|    4|   ap_memory|                       weights|         array|
|weights_ce0             |  out|    1|   ap_memory|                       weights|         array|
|weights_q0              |   in|    8|   ap_memory|                       weights|         array|
|weights_address1        |  out|    4|   ap_memory|                       weights|         array|
|weights_ce1             |  out|    1|   ap_memory|                       weights|         array|
|weights_q1              |   in|    8|   ap_memory|                       weights|         array|
|weightsT_8_out          |  out|    8|      ap_vld|                weightsT_8_out|       pointer|
|weightsT_8_out_ap_vld   |  out|    1|      ap_vld|                weightsT_8_out|       pointer|
|weightsT_7_out          |  out|    8|      ap_vld|                weightsT_7_out|       pointer|
|weightsT_7_out_ap_vld   |  out|    1|      ap_vld|                weightsT_7_out|       pointer|
|weightsT_6_out          |  out|    8|      ap_vld|                weightsT_6_out|       pointer|
|weightsT_6_out_ap_vld   |  out|    1|      ap_vld|                weightsT_6_out|       pointer|
|weightsT_5_out          |  out|    8|      ap_vld|                weightsT_5_out|       pointer|
|weightsT_5_out_ap_vld   |  out|    1|      ap_vld|                weightsT_5_out|       pointer|
|weightsT_4_out          |  out|    8|      ap_vld|                weightsT_4_out|       pointer|
|weightsT_4_out_ap_vld   |  out|    1|      ap_vld|                weightsT_4_out|       pointer|
|weightsT_3_out          |  out|    8|      ap_vld|                weightsT_3_out|       pointer|
|weightsT_3_out_ap_vld   |  out|    1|      ap_vld|                weightsT_3_out|       pointer|
|weightsT_2_out          |  out|    8|      ap_vld|                weightsT_2_out|       pointer|
|weightsT_2_out_ap_vld   |  out|    1|      ap_vld|                weightsT_2_out|       pointer|
|weightsT_1_out          |  out|    8|      ap_vld|                weightsT_1_out|       pointer|
|weightsT_1_out_ap_vld   |  out|    1|      ap_vld|                weightsT_1_out|       pointer|
|weightsT_out            |  out|    8|      ap_vld|                  weightsT_out|       pointer|
|weightsT_out_ap_vld     |  out|    1|      ap_vld|                  weightsT_out|       pointer|
|weightsT_10_out         |  out|    8|      ap_vld|               weightsT_10_out|       pointer|
|weightsT_10_out_ap_vld  |  out|    1|      ap_vld|               weightsT_10_out|       pointer|
|weightsT_11_out         |  out|    8|      ap_vld|               weightsT_11_out|       pointer|
|weightsT_11_out_ap_vld  |  out|    1|      ap_vld|               weightsT_11_out|       pointer|
|weightsT_12_out         |  out|    8|      ap_vld|               weightsT_12_out|       pointer|
|weightsT_12_out_ap_vld  |  out|    1|      ap_vld|               weightsT_12_out|       pointer|
+------------------------+-----+-----+------------+------------------------------+--------------+

