INFO-FLOW: Workspace D:/Cadeiras/AAC/aac/lab4/lab4/solution432 opened at Tue Mar 19 11:51:21 +0000 2024
Execute     ap_set_clock -name default -period 10 -default=false 
INFO: [SYN 201-201] Setting up clock 'default' with a period of 10ns.
Execute     set_part xc7z010iclg225-1L 
Execute       create_platform xc7z010iclg225-1L -board  
DBG:HLSDevice: Trying to load device library: D:/Cadeiras/AAC/xilinx/Vitis_HLS/2023.2\lib\win64.o\xv_hlsvwrap.dll
DBG:HLSDevice: first parts/arch.xml in RDI_DATADIR: D:/Cadeiras/AAC/xilinx/Vivado/2023.2/data/parts/arch.xml
DBG:HLSDevice: init success
INFO: [HLS 200-1611] Setting target device to 'xc7z010i-clg225-1L'
Command       create_platform done; 0.403 sec.
Execute       source D:/Cadeiras/AAC/xilinx/Vitis_HLS/2023.2/common/technology/xilinx/common/xilinx.gen 
Execute         source D:/Cadeiras/AAC/xilinx/Vitis_HLS/2023.2/common/technology/xilinx/interface/plb46.gen 
Execute         source D:/Cadeiras/AAC/xilinx/Vitis_HLS/2023.2/common/technology/xilinx/interface/axi4.gen 
Execute         source D:/Cadeiras/AAC/xilinx/Vitis_HLS/2023.2/common/technology/xilinx/interface/nativeAXI4.gen 
Execute           source D:/Cadeiras/AAC/xilinx/Vitis_HLS/2023.2/common/technology/xilinx/interface/saxilite.gen 
Execute         source D:/Cadeiras/AAC/xilinx/Vitis_HLS/2023.2/common/technology/xilinx/scripts/xilinxcoregen.gen 
Execute         source D:/Cadeiras/AAC/xilinx/Vitis_HLS/2023.2/common/technology/xilinx/interface/XilEDKCoreGen.gen 
Execute         source D:/Cadeiras/AAC/xilinx/Vitis_HLS/2023.2/common/technology/xilinx/ip/dds_compiler.gen 
Execute         source D:/Cadeiras/AAC/xilinx/Vitis_HLS/2023.2/common/technology/xilinx/ip/util.gen 
Execute         source D:/Cadeiras/AAC/xilinx/Vitis_HLS/2023.2/common/technology/xilinx/ip/xfft.gen 
Execute         source D:/Cadeiras/AAC/xilinx/Vitis_HLS/2023.2/common/technology/xilinx/ip/xfir.gen 
Execute         source D:/Cadeiras/AAC/xilinx/Vitis_HLS/2023.2/common/technology/xilinx/DSP48/dsp48.gen 
Command       ap_source done; 0.11 sec.
Execute       ap_part_info -name xc7z010i-clg225-1L -data info 
Execute       config_compile -quiet -complex-mul-dsp=0 
Command     set_part done; 0.527 sec.
Execute     send_msg_by_id INFO @200-1505@%s%s  vivado 
INFO: [HLS 200-1505] Using flow_target 'vivado'
Command   open_solution done; 0.686 sec.
Execute   set_part xc7z010iclg225-1L 
INFO: [HLS 200-1510] Running: set_part xc7z010iclg225-1L 
Execute     create_platform xc7z010iclg225-1L -board  
Execute     source D:/Cadeiras/AAC/xilinx/Vitis_HLS/2023.2/common/technology/xilinx/common/xilinx.gen 
Execute       source D:/Cadeiras/AAC/xilinx/Vitis_HLS/2023.2/common/technology/xilinx/interface/plb46.gen 
Execute       source D:/Cadeiras/AAC/xilinx/Vitis_HLS/2023.2/common/technology/xilinx/interface/axi4.gen 
Execute       source D:/Cadeiras/AAC/xilinx/Vitis_HLS/2023.2/common/technology/xilinx/interface/nativeAXI4.gen 
Execute         source D:/Cadeiras/AAC/xilinx/Vitis_HLS/2023.2/common/technology/xilinx/interface/saxilite.gen 
Execute       source D:/Cadeiras/AAC/xilinx/Vitis_HLS/2023.2/common/technology/xilinx/scripts/xilinxcoregen.gen 
Execute       source D:/Cadeiras/AAC/xilinx/Vitis_HLS/2023.2/common/technology/xilinx/interface/XilEDKCoreGen.gen 
Execute       source D:/Cadeiras/AAC/xilinx/Vitis_HLS/2023.2/common/technology/xilinx/ip/dds_compiler.gen 
Execute       source D:/Cadeiras/AAC/xilinx/Vitis_HLS/2023.2/common/technology/xilinx/ip/util.gen 
Execute       source D:/Cadeiras/AAC/xilinx/Vitis_HLS/2023.2/common/technology/xilinx/ip/xfft.gen 
Execute       source D:/Cadeiras/AAC/xilinx/Vitis_HLS/2023.2/common/technology/xilinx/ip/xfir.gen 
Execute       source D:/Cadeiras/AAC/xilinx/Vitis_HLS/2023.2/common/technology/xilinx/DSP48/dsp48.gen 
Command     ap_source done; 0.101 sec.
Execute     ap_part_info -name xc7z010i-clg225-1L -data info 
Execute     config_compile -quiet -complex-mul-dsp=0 
Command   set_part done; 0.197 sec.
Execute   create_clock -period 10 -name default 
INFO: [HLS 200-1510] Running: create_clock -period 10 -name default 
Execute   csynth_design 
INFO: [HLS 200-1510] Running: csynth_design 
INFO-FLOW: Running SLX 'csynth' proc: ::SLX::run_csynth
Execute     elaborate -effort=medium -skip_syncheck=0 -keep_printf=0 -skip_cdt=0 -skip_transform=0 -ng=0 -g=0 -opt_fp=0 -from_csynth_design=1 
INFO: [HLS 200-111] Finished File checks and directory preparation: CPU user time: 0 seconds. CPU system time: 0 seconds. Elapsed time: 0.141 seconds; current allocated memory: 110.094 MB.
Execute       set_directive_top vectorProduct -name=vectorProduct 
Execute       source D:/Cadeiras/AAC/xilinx/Vitis_HLS/2023.2/tps/tcl/tcllib1.11.1/yaml/huddle.tcl 
Execute       source D:/Cadeiras/AAC/xilinx/Vitis_HLS/2023.2/tps/tcl/tcllib1.11.1/yaml/json2huddle.tcl 
Execute         source D:/Cadeiras/AAC/xilinx/Vitis_HLS/2023.2/tps/tcl/tcllib1.11.1/try/try.tcl 
INFO: [HLS 200-10] Analyzing design file '../../labs/Lab4/Lab4/vectorProduct.cpp' ... 
INFO-FLOW: Compiling one TU...
INFO-FLOW: Handling ../../labs/Lab4/Lab4/vectorProduct.cpp as C++
Execute       ap_part_info -name xc7z010i-clg225-1L -data info 
INFO-FLOW: Running: GCC PP 39
INFO-FLOW: Source preprocessing
INFO-FLOW: run_clang exec: D:/Cadeiras/AAC/xilinx/Vitis_HLS/2023.2/win64/tools/clang-3.9-csynth/bin/clang ../../labs/Lab4/Lab4/vectorProduct.cpp -foptimization-record-file=D:/Cadeiras/AAC/aac/lab4/lab4/solution432/.autopilot/db/vectorProduct.cpp.clang.diag.yml -mllvm -pass-remarks-missed=reflow|pasta|unroll -mllvm -pass-remarks=reflow|pasta|unroll|inline -fno-limit-debug-info --sysroot D:/Cadeiras/AAC/xilinx/Vitis_HLS/2023.2/tps/mingw/8.3.0/win64.o/nt -fhls -fno-exceptions -insert-hls-directive=D:/Cadeiras/AAC/aac/lab4/lab4/solution432/.autopilot/db/all.directive.json -E -fno-math-errno -c -emit-llvm -mllvm -disable-llvm-optzns -Werror=implicit-function-declaration -Werror=implicit-hls-streams -Werror=return-type -Wpragmas -Wunused-parameter -Wdump-hls-pragmas -Wno-error=dump-hls-pragmas -hls-clock-period=10 -fno-threadsafe-statics -fno-use-cxa-atexit -std=gnu++14 -target fpga64-xilinx-mingw32 -fno-threadsafe-statics -fno-use-cxa-atexit -D__VITIS_HLS__ -DAESL_SYN -D__SYNTHESIS__ -D__HLS_SYN__ -I D:/Cadeiras/AAC/xilinx/Vitis_HLS/2023.2/common/technology/autopilot -I D:/Cadeiras/AAC/xilinx/Vitis_HLS/2023.2/common/technology/autopilot/ap_sysc -include etc/autopilot_ssdm_op.h -D__DSP48E1__ -I /usr/include/x86_64-linux-gnu -o D:/Cadeiras/AAC/aac/lab4/lab4/solution432/.autopilot/db/vectorProduct.pp.0.cpp {-hls-platform-db-name=D:/Cadeiras/AAC/xilinx/Vitis_HLS/2023.2\common/technology\xilinx/common/platform.db} -hls-platform-name=zynq_slow -device-resource-info=BRAM_120.000000_DSP_80.000000_FF_35200.000000_LUT_17600.000000_SLICE_4400.000000_URAM_0.000000 -device-name-info=xc7z010iclg225-1L > D:/Cadeiras/AAC/aac/lab4/lab4/solution432/.autopilot/db/vectorProduct.cpp.clang.out.log 2> D:/Cadeiras/AAC/aac/lab4/lab4/solution432/.autopilot/db/vectorProduct.cpp.clang.err.log
INFO-FLOW: Done: GCC PP 39 time: 0.2 seconds per iteration
INFO-FLOW: Source syntax check for synthesis
INFO-FLOW: run_clang exec: D:/Cadeiras/AAC/xilinx/Vitis_HLS/2023.2/win64/tools/clang-3.9-csynth/bin/clang -foptimization-record-file=D:/Cadeiras/AAC/aac/lab4/lab4/solution432/.autopilot/db/clang.diag.yml -mllvm -pass-remarks-missed=reflow|pasta|unroll -mllvm -pass-remarks=reflow|pasta|unroll|inline -fsyntax-only -fhls -target fpga64-xilinx-linux-gnu D:/Cadeiras/AAC/aac/lab4/lab4/solution432/.autopilot/db/vectorProduct.pp.0.cpp {-hls-platform-db-name=D:/Cadeiras/AAC/xilinx/Vitis_HLS/2023.2\common/technology\xilinx/common/platform.db} -hls-platform-name=zynq_slow -device-resource-info=BRAM_120.000000_DSP_80.000000_FF_35200.000000_LUT_17600.000000_SLICE_4400.000000_URAM_0.000000 -device-name-info=xc7z010iclg225-1L > D:/Cadeiras/AAC/aac/lab4/lab4/solution432/.autopilot/db/clang.out.log 2> D:/Cadeiras/AAC/aac/lab4/lab4/solution432/.autopilot/db/clang.err.log
Execute       clang_tidy xilinx-systemc-detector -desc systemc-detector D:/Cadeiras/AAC/aac/lab4/lab4/solution432/.autopilot/db/vectorProduct.pp.0.cpp std=gnu++14 -target fpga  -directive=D:/Cadeiras/AAC/aac/lab4/lab4/solution432/.autopilot/db/.systemc_flag 
INFO-FLOW: exec D:/Cadeiras/AAC/xilinx/Vitis_HLS/2023.2/win64/tools/clang-3.9-csynth/bin/clang-tidy -header-filter=.* --checks=-*,xilinx-systemc-detector -import-directive=D:/Cadeiras/AAC/aac/lab4/lab4/solution432/.autopilot/db/.systemc_flag -fix-errors D:/Cadeiras/AAC/aac/lab4/lab4/solution432/.autopilot/db/vectorProduct.pp.0.cpp -- -std=gnu++14 -target fpga -fhls -ferror-limit=0
INFO-FLOW: Running: clang-tidy CDT preprocess 39
Execute       clang_tidy xilinx-directive2pragma -desc directive2pragma D:/Cadeiras/AAC/aac/lab4/lab4/solution432/.autopilot/db/vectorProduct.pp.0.cpp std=gnu++14 -target fpga  -directive=D:/Cadeiras/AAC/aac/lab4/lab4/solution432/.autopilot/db/all.directive.json 
INFO-FLOW: exec D:/Cadeiras/AAC/xilinx/Vitis_HLS/2023.2/win64/tools/clang-3.9-csynth/bin/clang-tidy -header-filter=.* --checks=-*,xilinx-directive2pragma -import-directive=D:/Cadeiras/AAC/aac/lab4/lab4/solution432/.autopilot/db/all.directive.json -fix-errors D:/Cadeiras/AAC/aac/lab4/lab4/solution432/.autopilot/db/vectorProduct.pp.0.cpp -- -std=gnu++14 -target fpga -fhls -ferror-limit=0
INFO-FLOW: Done: clang-tidy CDT preprocess 39 time: 0.1 seconds per iteration
INFO-FLOW: Calling xilinx-label-all-loops ... 
INFO-FLOW: Calling xilinx-aggregate-on-hls-vector ... 
Execute       clang_tidy -errorcheck -desc loop-label xilinx-label-all-loops,xilinx-aggregate-on-hls-vector,,xilinx-warn-mayneed-no-ctor-attribute D:/Cadeiras/AAC/aac/lab4/lab4/solution432/.autopilot/db/vectorProduct.pp.0.cpp std=gnu++14 -target fpga  
INFO-FLOW: run_clang exec: D:/Cadeiras/AAC/xilinx/Vitis_HLS/2023.2/win64/tools/clang-3.9-csynth/bin/clang-tidy -export-fixes=D:/Cadeiras/AAC/aac/lab4/lab4/solution432/.autopilot/db/vectorProduct.pp.0.cpp.clang-tidy.loop-label.diag.yml -header-filter=.* --checks=-*,xilinx-label-all-loops,xilinx-aggregate-on-hls-vector,,xilinx-warn-mayneed-no-ctor-attribute -fix-errors D:/Cadeiras/AAC/aac/lab4/lab4/solution432/.autopilot/db/vectorProduct.pp.0.cpp -- -std=gnu++14 -target fpga -fhls -ferror-limit=0 > D:/Cadeiras/AAC/aac/lab4/lab4/solution432/.autopilot/db/vectorProduct.pp.0.cpp.clang-tidy.loop-label.out.log 2> D:/Cadeiras/AAC/aac/lab4/lab4/solution432/.autopilot/db/vectorProduct.pp.0.cpp.clang-tidy.loop-label.err.log
INFO-FLOW: run_clang exec: D:/Cadeiras/AAC/xilinx/Vitis_HLS/2023.2/win64/tools/clang-3.9-csynth/bin/xilinx-dataflow-lawyer -export-fixes=D:/Cadeiras/AAC/aac/lab4/lab4/solution432/.autopilot/db/vectorProduct.pp.0.cpp.xilinx-dataflow-lawyer.diag.yml D:/Cadeiras/AAC/aac/lab4/lab4/solution432/.autopilot/db/vectorProduct.pp.0.cpp -- -std=gnu++14 -target fpga -fhls -ferror-limit=0 -fstrict-dataflow > D:/Cadeiras/AAC/aac/lab4/lab4/solution432/.autopilot/db/vectorProduct.pp.0.cpp.xilinx-dataflow-lawyer.out.log 2> D:/Cadeiras/AAC/aac/lab4/lab4/solution432/.autopilot/db/vectorProduct.pp.0.cpp.xilinx-dataflow-lawyer.err.log
Execute       ap_part_info -name xc7z010i-clg225-1L -data info 
INFO-FLOW: compiling source code to llvm bc
INFO-FLOW: run_clang exec: D:/Cadeiras/AAC/xilinx/Vitis_HLS/2023.2/win64/tools/clang-3.9-csynth/bin/clang -foptimization-record-file=D:/Cadeiras/AAC/aac/lab4/lab4/solution432/.autopilot/db/vectorProduct.pp.0.cpp.clang.diag.yml -mllvm -pass-remarks-missed=reflow|pasta|unroll -mllvm -pass-remarks=reflow|pasta|unroll|inline -fno-limit-debug-info -fhls -flto -fno-exceptions -Wno-error=c++11-narrowing -hls-emit-hint-scope D:/Cadeiras/AAC/aac/lab4/lab4/solution432/.autopilot/db/vectorProduct.pp.0.cpp -fno-math-errno -c -emit-llvm -mllvm -disable-llvm-optzns -Werror=implicit-function-declaration -Werror=implicit-hls-streams -Werror=return-type -Wpragmas -Wunused-parameter -Wdump-hls-pragmas -Wno-error=dump-hls-pragmas -hls-clock-period=10 -fno-threadsafe-statics -fno-use-cxa-atexit -std=gnu++14 -target fpga64-xilinx-linux-gnu -D__VITIS_HLS__ -DAESL_SYN -D__SYNTHESIS__ -D__HLS_SYN__ -I D:/Cadeiras/AAC/xilinx/Vitis_HLS/2023.2/common/technology/autopilot -I D:/Cadeiras/AAC/xilinx/Vitis_HLS/2023.2/common/technology/autopilot/ap_sysc -include etc/autopilot_ssdm_op.h -D__DSP48E1__ -g -o D:/Cadeiras/AAC/aac/lab4/lab4/solution432/.autopilot/db/vectorProduct.bc {-hls-platform-db-name=D:/Cadeiras/AAC/xilinx/Vitis_HLS/2023.2\common/technology\xilinx/common/platform.db} -hls-platform-name=zynq_slow -device-resource-info=BRAM_120.000000_DSP_80.000000_FF_35200.000000_LUT_17600.000000_SLICE_4400.000000_URAM_0.000000 -device-name-info=xc7z010iclg225-1L > D:/Cadeiras/AAC/aac/lab4/lab4/solution432/.autopilot/db/vectorProduct.pp.0.cpp.clang.out.log 2> D:/Cadeiras/AAC/aac/lab4/lab4/solution432/.autopilot/db/vectorProduct.pp.0.cpp.clang.err.log
INFO: [HLS 200-111] Finished Source Code Analysis and Preprocessing: CPU user time: 0 seconds. CPU system time: 0 seconds. Elapsed time: 0.908 seconds; current allocated memory: 111.375 MB.
INFO-FLOW: Linking Debug ...
INFO-FLOW: Linking dut bc code.
Execute       run_link_or_opt -out D:/Cadeiras/AAC/aac/lab4/lab4/solution432/.autopilot/db/a.g.ld.0.bc -args  "D:/Cadeiras/AAC/aac/lab4/lab4/solution432/.autopilot/db/vectorProduct.g.bc"  
INFO-FLOW: run_clang exec: D:/Cadeiras/AAC/xilinx/Vitis_HLS/2023.2/win64/tools/clang-3.9-csynth/bin/llvm-link D:/Cadeiras/AAC/aac/lab4/lab4/solution432/.autopilot/db/vectorProduct.g.bc -o D:/Cadeiras/AAC/aac/lab4/lab4/solution432/.autopilot/db/a.g.ld.0.bc > D:/Cadeiras/AAC/aac/lab4/lab4/solution432/.autopilot/db/a.g.ld.0.bc.llvm-link.out.log 2> D:/Cadeiras/AAC/aac/lab4/lab4/solution432/.autopilot/db/a.g.ld.0.bc.llvm-link.err.log
INFO-FLOW: 
Execute       run_link_or_opt -opt -out D:/Cadeiras/AAC/aac/lab4/lab4/solution432/.autopilot/db/a.g.ld.1.lower.bc -args D:/Cadeiras/AAC/aac/lab4/lab4/solution432/.autopilot/db/a.g.ld.0.bc -reflow-lower-math-intrinsics 
INFO-FLOW: run_clang exec: D:/Cadeiras/AAC/xilinx/Vitis_HLS/2023.2/win64/tools/clang-3.9-csynth/bin/opt -pass-remarks-missed=reflow|pasta|unroll -pass-remarks=reflow|pasta|unroll|inline -pass-remarks-output=D:/Cadeiras/AAC/aac/lab4/lab4/solution432/.autopilot/db/a.g.ld.1.lower.bc.opt.diag.yml D:/Cadeiras/AAC/aac/lab4/lab4/solution432/.autopilot/db/a.g.ld.0.bc -reflow-lower-math-intrinsics -o D:/Cadeiras/AAC/aac/lab4/lab4/solution432/.autopilot/db/a.g.ld.1.lower.bc > D:/Cadeiras/AAC/aac/lab4/lab4/solution432/.autopilot/db/a.g.ld.1.lower.bc.opt.out.log 2> D:/Cadeiras/AAC/aac/lab4/lab4/solution432/.autopilot/db/a.g.ld.1.lower.bc.opt.err.log
INFO-FLOW: 
INFO-FLOW: Running: gen_design_size_report post-opt
INFO-FLOW: Done: gen_design_size_report post-opt time: 0 seconds per iteration
INFO-FLOW: Linking math bc lib
Execute       run_link_or_opt -out D:/Cadeiras/AAC/aac/lab4/lab4/solution432/.autopilot/db/a.g.ld.2.m1.bc -args D:/Cadeiras/AAC/aac/lab4/lab4/solution432/.autopilot/db/a.g.ld.1.lower.bc -only-needed D:/Cadeiras/AAC/xilinx/Vitis_HLS/2023.2/win64/lib/libhlsm_39.bc D:/Cadeiras/AAC/xilinx/Vitis_HLS/2023.2/win64/lib/libhlsmc++_39.bc 
INFO-FLOW: run_clang exec: D:/Cadeiras/AAC/xilinx/Vitis_HLS/2023.2/win64/tools/clang-3.9-csynth/bin/llvm-link D:/Cadeiras/AAC/aac/lab4/lab4/solution432/.autopilot/db/a.g.ld.1.lower.bc -only-needed D:/Cadeiras/AAC/xilinx/Vitis_HLS/2023.2/win64/lib/libhlsm_39.bc D:/Cadeiras/AAC/xilinx/Vitis_HLS/2023.2/win64/lib/libhlsmc++_39.bc -o D:/Cadeiras/AAC/aac/lab4/lab4/solution432/.autopilot/db/a.g.ld.2.m1.bc > D:/Cadeiras/AAC/aac/lab4/lab4/solution432/.autopilot/db/a.g.ld.2.m1.bc.llvm-link.out.log 2> D:/Cadeiras/AAC/aac/lab4/lab4/solution432/.autopilot/db/a.g.ld.2.m1.bc.llvm-link.err.log
INFO-FLOW: 
Command       run_link_or_opt done; 1.774 sec.
Execute       run_link_or_opt -opt -out D:/Cadeiras/AAC/aac/lab4/lab4/solution432/.autopilot/db/a.g.ld.3.fpc.bc -args D:/Cadeiras/AAC/aac/lab4/lab4/solution432/.autopilot/db/a.g.ld.2.m1.bc -reflow-globaldce -hls-top-function-name=vectorProduct -reflow-float-conversion 
INFO-FLOW: run_clang exec: D:/Cadeiras/AAC/xilinx/Vitis_HLS/2023.2/win64/tools/clang-3.9-csynth/bin/opt -pass-remarks-missed=reflow|pasta|unroll -pass-remarks=reflow|pasta|unroll|inline -pass-remarks-output=D:/Cadeiras/AAC/aac/lab4/lab4/solution432/.autopilot/db/a.g.ld.3.fpc.bc.opt.diag.yml D:/Cadeiras/AAC/aac/lab4/lab4/solution432/.autopilot/db/a.g.ld.2.m1.bc -reflow-globaldce -hls-top-function-name=vectorProduct -reflow-float-conversion -o D:/Cadeiras/AAC/aac/lab4/lab4/solution432/.autopilot/db/a.g.ld.3.fpc.bc > D:/Cadeiras/AAC/aac/lab4/lab4/solution432/.autopilot/db/a.g.ld.3.fpc.bc.opt.out.log 2> D:/Cadeiras/AAC/aac/lab4/lab4/solution432/.autopilot/db/a.g.ld.3.fpc.bc.opt.err.log
INFO-FLOW: 
INFO-FLOW: Running: gen_design_size_report post-opt
INFO-FLOW: Done: gen_design_size_report post-opt time: 0 seconds per iteration
Command       run_link_or_opt done; 0.76 sec.
Execute       run_link_or_opt -out D:/Cadeiras/AAC/aac/lab4/lab4/solution432/.autopilot/db/a.g.ld.4.m2.bc -args D:/Cadeiras/AAC/aac/lab4/lab4/solution432/.autopilot/db/a.g.ld.3.fpc.bc -only-needed D:/Cadeiras/AAC/xilinx/Vitis_HLS/2023.2/win64/lib/libfloatconversion_39.bc 
INFO-FLOW: run_clang exec: D:/Cadeiras/AAC/xilinx/Vitis_HLS/2023.2/win64/tools/clang-3.9-csynth/bin/llvm-link D:/Cadeiras/AAC/aac/lab4/lab4/solution432/.autopilot/db/a.g.ld.3.fpc.bc -only-needed D:/Cadeiras/AAC/xilinx/Vitis_HLS/2023.2/win64/lib/libfloatconversion_39.bc -o D:/Cadeiras/AAC/aac/lab4/lab4/solution432/.autopilot/db/a.g.ld.4.m2.bc > D:/Cadeiras/AAC/aac/lab4/lab4/solution432/.autopilot/db/a.g.ld.4.m2.bc.llvm-link.out.log 2> D:/Cadeiras/AAC/aac/lab4/lab4/solution432/.autopilot/db/a.g.ld.4.m2.bc.llvm-link.err.log
INFO-FLOW: 
Execute       run_link_or_opt -opt -out D:/Cadeiras/AAC/aac/lab4/lab4/solution432/.autopilot/db/a.g.ld.5.gdce.bc -args D:/Cadeiras/AAC/aac/lab4/lab4/solution432/.autopilot/db/a.g.ld.4.m2.bc -reflow-globaldce -hls-top-function-name=vectorProduct 
INFO-FLOW: run_clang exec: D:/Cadeiras/AAC/xilinx/Vitis_HLS/2023.2/win64/tools/clang-3.9-csynth/bin/opt -pass-remarks-missed=reflow|pasta|unroll -pass-remarks=reflow|pasta|unroll|inline -pass-remarks-output=D:/Cadeiras/AAC/aac/lab4/lab4/solution432/.autopilot/db/a.g.ld.5.gdce.bc.opt.diag.yml D:/Cadeiras/AAC/aac/lab4/lab4/solution432/.autopilot/db/a.g.ld.4.m2.bc -reflow-globaldce -hls-top-function-name=vectorProduct -o D:/Cadeiras/AAC/aac/lab4/lab4/solution432/.autopilot/db/a.g.ld.5.gdce.bc > D:/Cadeiras/AAC/aac/lab4/lab4/solution432/.autopilot/db/a.g.ld.5.gdce.bc.opt.out.log 2> D:/Cadeiras/AAC/aac/lab4/lab4/solution432/.autopilot/db/a.g.ld.5.gdce.bc.opt.err.log
INFO-FLOW: 
INFO-FLOW: Running: gen_design_size_report post-opt
INFO-FLOW: Done: gen_design_size_report post-opt time: 0 seconds per iteration
Execute       send_msg_by_id INFO @200-777@%s Vivado 
INFO: [HLS 200-777] Using interface defaults for 'Vivado' flow target.
Execute       is_m_axi_addr64 
INFO-FLOW: Doing LTO.
INFO-FLOW: run_clang (background poll_ms 5000) exec: D:/Cadeiras/AAC/xilinx/Vitis_HLS/2023.2/win64/tools/clang-3.9-csynth/bin/clang -foptimization-record-file=D:/Cadeiras/AAC/aac/lab4/lab4/solution432/.autopilot/db/a.g.ld.0.bc.clang.reflow.diag.yml -mllvm -pass-remarks-missed=reflow|pasta|unroll -mllvm -pass-remarks=reflow|pasta|unroll|inline -fhls -mllvm -hls-top-function-name=vectorProduct -mllvm -hls-db-dir -mllvm D:/Cadeiras/AAC/aac/lab4/lab4/solution432/.autopilot/db -emit-llvm -c -target fpga64-xilinx-none -mllvm -xcl-xmlinfo=D:/Cadeiras/AAC/aac/lab4/lab4/solution432/.autopilot/db/kernel.internal.xml -mllvm -top-io-mapping-info=D:/Cadeiras/AAC/aac/lab4/lab4/solution432/.autopilot/db/top-io-fe.xml -mllvm -hls-bitcode-version=3.1 -mllvm -reflow-enable-slave-interface-default-setting=true -mllvm -gen-kernel-xml=false -mllvm -default-maxi-offset=slave -mllvm -maxi-latency=0 -mllvm -hls-maxi-data-size-in-bits=8 -mllvm -hls-maxi-max-data-size-in-bits=1024 -mllvm -hls-max-widen-size-in-bits=0 -mllvm -xcl-kernel-max-mem-ports=0 -mllvm -maxi-read-trans=16 -mllvm -maxi-write-trans=16 -mllvm -maxi-read-burst-len=16 -mllvm -maxi-write-burst-len=16 -mllvm -reflow-enable-saxi-64bits=0 -mllvm -reflow-basic-block-instr-threshold=200000 -mllvm -reflow-auto-pipeline-threshold=64 -mllvm -reflow-enable-maxi-auto-id-channel=0 -mllvm -enable-fp-thr=0 -mllvm -reflow-bdd-simplify-threshold=1048576 -mllvm -reflow-fanout-threshold=16 -mllvm -assume-maxi-align=1 -mllvm -reflow-pipeline-style-llvm-setting=2 -mllvm -reflow-enable-dataflow-strict-mode-checking=1 -ftime-report -mllvm -time-passes -mllvm -reflow-auto-array-partition-mode=default -mllvm -reflow-enable-auto-array-partition=true -mllvm -reflow-enable-auto-parallel-performance-driven=true -mllvm -reflow-enable-partition-for-automation=true -mllvm -reflow-aggregate-bitwidth-threshold=4096 -mllvm -reflow-reserved-saxilite-registers=0 -mllvm -enable-reflow-auto-loop-pipeline -mllvm -reflow-max-unroll-threshold=409600 -mllvm -reflow-assume-no-address-wrap=true -mllvm -reflow-enable-occurrence-inference=true -mllvm -reflow-emit-hint-scope=true -mllvm -hls -mllvm -disable-inlined-alloca-merging=true -mllvm -default-clock-period=10 -x ir D:/Cadeiras/AAC/aac/lab4/lab4/solution432/.autopilot/db/a.g.ld.5.gdce.bc -o D:/Cadeiras/AAC/aac/lab4/lab4/solution432/.autopilot/db/a.g.lto.bc {-hls-platform-db-name=D:/Cadeiras/AAC/xilinx/Vitis_HLS/2023.2\common/technology\xilinx/common/platform.db} -hls-platform-name=zynq_slow -device-resource-info=BRAM_120.000000_DSP_80.000000_FF_35200.000000_LUT_17600.000000_SLICE_4400.000000_URAM_0.000000 -device-name-info=xc7z010iclg225-1L 2> D:/Cadeiras/AAC/aac/lab4/lab4/solution432/.autopilot/db/a.g.ld.0.bc.clang.reflow.err.log bg_poll_cmd: ::AP::poll_clang_39_closed_source
Execute       send_msg_by_id INFO @200-1995@%s%s%s 18 Compile/Link D:/Cadeiras/AAC/aac/lab4/lab4/solution432/syn/report/csynth_design_size.rpt 
INFO: [HLS 200-1995] There were 18 instructions in the design after the 'Compile/Link' phase of compilation. See the Design Size Report for more details: D:/Cadeiras/AAC/aac/lab4/lab4/solution432/syn/report/csynth_design_size.rpt
Execute       send_msg_by_id INFO @200-1995@%s%s%s 44 Unroll/Inline (step 1) D:/Cadeiras/AAC/aac/lab4/lab4/solution432/syn/report/csynth_design_size.rpt 
INFO: [HLS 200-1995] There were 44 instructions in the design after the 'Unroll/Inline (step 1)' phase of compilation. See the Design Size Report for more details: D:/Cadeiras/AAC/aac/lab4/lab4/solution432/syn/report/csynth_design_size.rpt
Execute       send_msg_by_id INFO @200-1995@%s%s%s 38 Unroll/Inline (step 2) D:/Cadeiras/AAC/aac/lab4/lab4/solution432/syn/report/csynth_design_size.rpt 
INFO: [HLS 200-1995] There were 38 instructions in the design after the 'Unroll/Inline (step 2)' phase of compilation. See the Design Size Report for more details: D:/Cadeiras/AAC/aac/lab4/lab4/solution432/syn/report/csynth_design_size.rpt
Execute       send_msg_by_id INFO @200-1995@%s%s%s 34 Unroll/Inline (step 3) D:/Cadeiras/AAC/aac/lab4/lab4/solution432/syn/report/csynth_design_size.rpt 
INFO: [HLS 200-1995] There were 34 instructions in the design after the 'Unroll/Inline (step 3)' phase of compilation. See the Design Size Report for more details: D:/Cadeiras/AAC/aac/lab4/lab4/solution432/syn/report/csynth_design_size.rpt
Execute       send_msg_by_id INFO @200-1995@%s%s%s 34 Unroll/Inline (step 4) D:/Cadeiras/AAC/aac/lab4/lab4/solution432/syn/report/csynth_design_size.rpt 
INFO: [HLS 200-1995] There were 34 instructions in the design after the 'Unroll/Inline (step 4)' phase of compilation. See the Design Size Report for more details: D:/Cadeiras/AAC/aac/lab4/lab4/solution432/syn/report/csynth_design_size.rpt
Execute       send_msg_by_id INFO @200-1995@%s%s%s 34 Array/Struct (step 1) D:/Cadeiras/AAC/aac/lab4/lab4/solution432/syn/report/csynth_design_size.rpt 
INFO: [HLS 200-1995] There were 34 instructions in the design after the 'Array/Struct (step 1)' phase of compilation. See the Design Size Report for more details: D:/Cadeiras/AAC/aac/lab4/lab4/solution432/syn/report/csynth_design_size.rpt
Execute       send_msg_by_id INFO @200-1995@%s%s%s 34 Array/Struct (step 2) D:/Cadeiras/AAC/aac/lab4/lab4/solution432/syn/report/csynth_design_size.rpt 
INFO: [HLS 200-1995] There were 34 instructions in the design after the 'Array/Struct (step 2)' phase of compilation. See the Design Size Report for more details: D:/Cadeiras/AAC/aac/lab4/lab4/solution432/syn/report/csynth_design_size.rpt
Execute       send_msg_by_id INFO @200-1995@%s%s%s 34 Array/Struct (step 3) D:/Cadeiras/AAC/aac/lab4/lab4/solution432/syn/report/csynth_design_size.rpt 
INFO: [HLS 200-1995] There were 34 instructions in the design after the 'Array/Struct (step 3)' phase of compilation. See the Design Size Report for more details: D:/Cadeiras/AAC/aac/lab4/lab4/solution432/syn/report/csynth_design_size.rpt
Execute       send_msg_by_id INFO @200-1995@%s%s%s 34 Array/Struct (step 4) D:/Cadeiras/AAC/aac/lab4/lab4/solution432/syn/report/csynth_design_size.rpt 
INFO: [HLS 200-1995] There were 34 instructions in the design after the 'Array/Struct (step 4)' phase of compilation. See the Design Size Report for more details: D:/Cadeiras/AAC/aac/lab4/lab4/solution432/syn/report/csynth_design_size.rpt
Execute       send_msg_by_id INFO @200-1995@%s%s%s 35 Array/Struct (step 5) D:/Cadeiras/AAC/aac/lab4/lab4/solution432/syn/report/csynth_design_size.rpt 
INFO: [HLS 200-1995] There were 35 instructions in the design after the 'Array/Struct (step 5)' phase of compilation. See the Design Size Report for more details: D:/Cadeiras/AAC/aac/lab4/lab4/solution432/syn/report/csynth_design_size.rpt
Execute       send_msg_by_id INFO @200-1995@%s%s%s 34 Performance (step 1) D:/Cadeiras/AAC/aac/lab4/lab4/solution432/syn/report/csynth_design_size.rpt 
INFO: [HLS 200-1995] There were 34 instructions in the design after the 'Performance (step 1)' phase of compilation. See the Design Size Report for more details: D:/Cadeiras/AAC/aac/lab4/lab4/solution432/syn/report/csynth_design_size.rpt
Execute       send_msg_by_id INFO @200-1995@%s%s%s 34 Performance (step 2) D:/Cadeiras/AAC/aac/lab4/lab4/solution432/syn/report/csynth_design_size.rpt 
INFO: [HLS 200-1995] There were 34 instructions in the design after the 'Performance (step 2)' phase of compilation. See the Design Size Report for more details: D:/Cadeiras/AAC/aac/lab4/lab4/solution432/syn/report/csynth_design_size.rpt
Execute       send_msg_by_id INFO @200-1995@%s%s%s 34 Performance (step 3) D:/Cadeiras/AAC/aac/lab4/lab4/solution432/syn/report/csynth_design_size.rpt 
INFO: [HLS 200-1995] There were 34 instructions in the design after the 'Performance (step 3)' phase of compilation. See the Design Size Report for more details: D:/Cadeiras/AAC/aac/lab4/lab4/solution432/syn/report/csynth_design_size.rpt
Execute       send_msg_by_id INFO @200-1995@%s%s%s 34 Performance (step 4) D:/Cadeiras/AAC/aac/lab4/lab4/solution432/syn/report/csynth_design_size.rpt 
INFO: [HLS 200-1995] There were 34 instructions in the design after the 'Performance (step 4)' phase of compilation. See the Design Size Report for more details: D:/Cadeiras/AAC/aac/lab4/lab4/solution432/syn/report/csynth_design_size.rpt
Execute       send_msg_by_id INFO @200-1995@%s%s%s 38 HW Transforms (step 1) D:/Cadeiras/AAC/aac/lab4/lab4/solution432/syn/report/csynth_design_size.rpt 
INFO: [HLS 200-1995] There were 38 instructions in the design after the 'HW Transforms (step 1)' phase of compilation. See the Design Size Report for more details: D:/Cadeiras/AAC/aac/lab4/lab4/solution432/syn/report/csynth_design_size.rpt
Execute       send_msg_by_id INFO @200-1995@%s%s%s 44 HW Transforms (step 2) D:/Cadeiras/AAC/aac/lab4/lab4/solution432/syn/report/csynth_design_size.rpt 
INFO: [HLS 200-1995] There were 44 instructions in the design after the 'HW Transforms (step 2)' phase of compilation. See the Design Size Report for more details: D:/Cadeiras/AAC/aac/lab4/lab4/solution432/syn/report/csynth_design_size.rpt
Execute       source D:/Cadeiras/AAC/xilinx/Vitis_HLS/2023.2/tps/tcl/tcllib1.11.1/yaml/yaml.tcl 
INFO: [HLS 214-188] Unrolling loop 'repete' (../../labs/Lab4/Lab4/vectorProduct.cpp:7:11) in function 'vectorProduct' partially with a factor of 4 (../../labs/Lab4/Lab4/vectorProduct.cpp:1:0)
INFO: [HLS 214-376] automatically set the pipeline for Loop< repete> at ../../labs/Lab4/Lab4/vectorProduct.cpp:7:11 
INFO-FLOW: DBG:PUTS: copy_raw_kernel_xml ap_link_39: kernel.xml not generated: D:/Cadeiras/AAC/aac/lab4/lab4/solution432/.autopilot/db/kernel.internal.xml
INFO: [HLS 200-111] Finished Compiling Optimization and Transform: CPU user time: 0 seconds. CPU system time: 0 seconds. Elapsed time: 7.904 seconds; current allocated memory: 113.922 MB.
INFO: [HLS 200-111] Finished Checking Pragmas: CPU user time: 0 seconds. CPU system time: 0 seconds. Elapsed time: 0.004 seconds; current allocated memory: 113.922 MB.
Execute       opt_and_import_c a -opt_level=2 -skip_syncheck=0 -ng=0 -keep_printf=0 
Execute         cleanup_all_models 
INFO: [HLS 200-10] Starting code transformations ...
INFO-FLOW: Running Standard Transforms...
Execute         transform -hls -share-std-xform -demangle-name -inline-byval-memcpy -always-inline -promote-dbg-pointer -interface-preproc -mem2reg -scalarrepl -mem2reg -keep-read-access -instcombine -dce -promote-dbg-pointer -bitop-raise -loop-simplify -indvarspre -indvars -loop-simplify -xunroll -constprop -instcombine -simplifycfg -indvars -simplifycfg -dce -globaldce -basicaa -simplifycfg -mem2reg -globalopt -global-constprop -deadargelim -instcombine -simplifycfg -scalarrepl -instcombine -reassociate -licm -simplifycfg -loop-simplify -indvars -instcombine -simplifycfg -mem2reg -loop-simplify -indvars -instcombine -gvn -gvn -instcombine -adce -break-crit-edges -simplifycfg -loop-delete -global-array-opt -dce -dse -adce -find-syn-modules -top vectorProduct -deadargelim -mem2reg -instcombine -dce -presyn-prepare -interface-preproc -syn-check -check-rec-only -find-region -simplifycfg -func-extr -function-inline -globaldce -mem2reg -instcombine -dce -gvn -globaldce -adce -adse -constprop -instcombine -bit-constprop -instcombine -dce -simplifycfg -bitop-raise -simplifycfg -dce -loop-delete -reassociate -globalopt -global-privatize -mem2reg -dce -global-constprop -pointer-simplify -constprop -dce -auto-shift-reg-idiom -promote-dbg-pointer -norm-name D:/Cadeiras/AAC/aac/lab4/lab4/solution432/.autopilot/db/a.g.0.bc -o D:/Cadeiras/AAC/aac/lab4/lab4/solution432/.autopilot/db/a.g.1.bc -f -phase std-opt 
INFO: [HLS 200-111] Finished Standard Transforms: CPU user time: 0 seconds. CPU system time: 0 seconds. Elapsed time: 0.023 seconds; current allocated memory: 118.898 MB.
INFO: [HLS 200-10] Checking synthesizability ...
INFO-FLOW: Checking Synthesizability 1/2..
Execute         transform -hls -syn-check -check-rec-only -scalarrepl -norm-name -dce -mem2reg -instcombine -directive-preproc -mem2reg -dse -dce -dce -pag -array-normalize -instcombine -dce -array-seg-normalize -instcombine -dce -data-pack -instcombine -dce -inst-simplify -array-flatten -instcombine -dce -array-burst -dce -deadargelim -promote-global-argument -simplifycfg -mem2reg -globaldce -dce -deadargelim -dce -instcombine -function-inline -globaldce -dce -doublePtrSimplify -doublePtrElim -dce -doublePtrSimplify -promote-dbg-pointer -dce -scalarrepl -dse -adse -instcombine -ptrLegalization -simplifycfg -dce -instcombine -pointer-simplify -ptrArgReplace -dce -instcombine -resolve-double-ptr -scalarrepl -norm-name -dce -mem2reg -instcombine -ptrLegalization -simplifycfg -deadargelim -instcombine -dce -inst-simplify -directive-preproc -mem2reg -dse -dce -globaldce D:/Cadeiras/AAC/aac/lab4/lab4/solution432/.autopilot/db/a.g.1.bc -o D:/Cadeiras/AAC/aac/lab4/lab4/solution432/.autopilot/db/a.g.2.prechk.bc -f 
INFO-FLOW: Checking Synthesizability 2/2..
Execute         transform -syn-check D:/Cadeiras/AAC/aac/lab4/lab4/solution432/.autopilot/db/a.g.2.prechk.bc -o D:/Cadeiras/AAC/aac/lab4/lab4/solution432/.autopilot/db/a.g.2.bc -f -phase syn-check 
INFO: [HLS 200-111] Finished Checking Synthesizability: CPU user time: 0 seconds. CPU system time: 0 seconds. Elapsed time: 0.02 seconds; current allocated memory: 119.977 MB.
INFO-FLOW: Compiler optimizing ...
INFO-FLOW: Share syncheck's 1.bc for syn flow: copy D:/Cadeiras/AAC/aac/lab4/lab4/solution432/.autopilot/db/a.g.1.bc to D:/Cadeiras/AAC/aac/lab4/lab4/solution432/.autopilot/db/a.o.1.bc
INFO-FLOW: Presyn 1...
Execute         transform -hls -tmp D:/Cadeiras/AAC/aac/lab4/lab4/solution432/.autopilot/db -interface-port-rename -directive-preproc -mem2reg -dse -dce -scalarrepl -norm-name -deadargelim -mem2reg -instcombine -dce -simplifycfg -dce -resource-proc -clib-intrinsic-prepare -dce -func-buffer -dce -pag -array-normalize -func-legal -instcombine -gvn -constprop -dce -simplifycfg -mem2reg -globaldce -resolve-double-ptr -dce -deadargelim -dce -instcombine -ptrArgReplace -mem2reg -dce -array-seg-normalize -deadargelim -instcombine -dce -directive-preproc -mem2reg -dse -dce -pointer-simplify -dce -port-alignment -dce -interface-preproc -data-pack -instcombine -dce -basicaa -aggr-aa -aggrmodref-aa -aggr-aa -gvn -gvn -basicaa -aggr-aa -aggrmodref-aa -aggr-aa -dse -adse -adce -loop-simplify -indvars -instcombine -gvn -loop-simplify -mem2reg -dce -find-region -instcombine -inst-simplify -interface-preproc -cfgopt -instcombine -indvars -auto-loop-unroll -loop-simplify -loop-bound -xunroll -constprop -instcombine -simplifycfg -indvars -simplifycfg -dce -globaldce -clean-region -attach-range -gvn -inst-simplify -constprop -simplifycfg -dce -pointer-simplify -dce -globalopt -constprop -dce -array-promote -scalar-auto-dep-elim -constprop -dce -ptrArgReplace -mem2reg -simplifycfg -dce -instcombine -dce -array-transform-check -array-reshape -instcombine -simplifycfg -dce -ptrArgReplace -deadargelim -mem2reg -instcombine -simplifycfg -dce -indvars -loop-simplify -loop-bound -xunroll -constprop -instcombine -simplifycfg -indvars -simplifycfg -dce -globaldce -basicaa -aggr-aa -aggrmodref-aa -aggr-aa -dse -duplicate-dataflow-processes -globaldce -instcombine -array-partition -prepare-dynamic-array-partition -instcombine -simplifycfg -dce -ptrArgReplace -global-constprop -deadargelim -mem2reg -func-legal -dce -global-constprop -deadargelim -mem2reg -simplifycfg -dce -merge-param -deadargelim -globalopt -constprop -dce -array-promote -scalar-auto-dep-elim -constprop -dce -ptrArgReplace -mem2reg -simplifycfg -dce -mem-intrinsic-preproc -dce -global-internalize -global-privatize -mem2reg -globaldce -promote-global-argument -ptrArgReplace -mem2reg -dce -globalopt -mergereturn -simplify-global-access -mem2reg -dce -pointer-simplify -dce -functionattrs -basicaa -aggr-aa -aggrmodref-aa -aggr-aa -gvn -gvn -basicaa -aggr-aa -aggrmodref-aa -aggr-aa -dse -adse -adce -dce -norm-name -basicaa -aggr-aa -aggrmodref-aa -aggr-aa -accesses-merge -function-inline -complex-op-raise -inst-simplify -globaldce -func-legal -dce -loop-bound -arraycheck -bitwidthmin2 -bitwidthmin2 -on-by-dataflow -loop-delete -instcombine -simplifycfg -globaldce -dce -gvn -deadargelim -dce -loop-simplify -clean-region -simplifycfg -propagate-stable-arguments -loop-stream -instcombine -simplifycfg -dce -globaldce -duplicate-dataflow-processes -stream-intrinsic-preproc -dce -check-ap-stream -loop-simplify -eliminate-keepreads -extract-dataflow-in-loop -loop-simplify -dce -gvn -deadargelim -dse -duplicate-dataflow-processes -check-dataflow-syntax -legalize-stream-variable -globaldce -legalize-global -extract-subproc -dce -dead-channel-elimination -canonicalize-gep -globaldce -dce -gvn -hls-dead-arg-elim -deadargelim -directive-preproc -canonicalize-dataflow -dce -globaldce -scalar-preprocessing -scalar-propagation2 -scalar-stream -deadargelim -globaldce -mem2reg -check-dataflow-channels -function-stream -dce -globaldce -prop-fifo-spec -internal-stream-gen -canonicalize-gep -globaldce -dce -gvn -deadargelim -mergereturn -indvars -loop-simplify -instcombine -array-stream -array-seg-normalize -array-partition -clean-array-spec -func-legal -instcombine -simplifycfg -dce -bundle-memfifo-ops -deadargelim -directive-preproc -mem2reg -dse -dce -group-axi-access -licm -simplifycfg -dce -loop-delete -hls-display -norm-name D:/Cadeiras/AAC/aac/lab4/lab4/solution432/.autopilot/db/a.o.1.bc -o D:/Cadeiras/AAC/aac/lab4/lab4/solution432/.autopilot/db/a.o.1.tmp.bc -f 
INFO-FLOW: Presyn 2...
Execute         transform -hls -keep-callgraph -scalarrepl -mem2reg -port-alignment -attach-range -dce -pipe-mux-gen -indvars -loop-bound -inst-simplify -instcombine -dce -merge-array-access -mem2reg -dce -clean-region -mergereturn -if-conv -instcombine -dce -constprop -basicaa -aggr-aa -aggrmodref-aa -aggr-aa -gvn -gvn -basicaa -aggr-aa -aggrmodref-aa -aggr-aa -dse -adse -adce -scalarrepl -mem2reg -global-constprop -deadargelim -deadargelim -instcombine -dce -simplifycfg -ptrArgReplace -mem2reg -function-inline -globaldce -mem2reg -instcombine -dce -expr-balance -instcombine -dce -bitwidthmin2 -bitwidthmin2 -interface-preproc -directive-preproc -inst-rectify -instcombine -dce -functionattrs -constprop -instcombine -bit-constprop -simplify-global-access -globalopt -globaldce -inst-simplify -instcombine -elimdeaddata -dce -loop-delete -simplifycfg -loop-simplify -barrier -norm-name D:/Cadeiras/AAC/aac/lab4/lab4/solution432/.autopilot/db/a.o.1.tmp.bc -o D:/Cadeiras/AAC/aac/lab4/lab4/solution432/.autopilot/db/a.o.2.bc -f -phase presyn 
INFO: [XFORM 203-11] Balancing expressions in function 'vectorProduct' (../../labs/Lab4/Lab4/vectorProduct.cpp:1:3)...4 expression(s) balanced.
INFO: [HLS 200-111] Finished Loop, function and other optimizations: CPU user time: 0 seconds. CPU system time: 0 seconds. Elapsed time: 0.045 seconds; current allocated memory: 140.863 MB.
INFO-FLOW: Building ssdm...
Execute         transform -hls -auto-function-inline -globaldce -ptrArgReplace -mem2reg -dce -reset-lda -loop-simplify -indvars -aggr-aa -licm -loop-dep -loop-bound -licm -loop-simplify -loop-sink-hoist -flattenloopnest -array-flatten -gvn -instcombine -dce -array-map -dce -func-legal -gvn -adce -instcombine -cfgopt -simplifycfg-lite -loop-simplify -array-burst -promote-global-argument -dce -array-seg-normalize -basicaa -aggrmodref-aa -globalsmodref-aa -aggr-aa -gvn -gvn -basicaa -aggrmodref-aa -globalsmodref-aa -aggr-aa -dse -adse -adce -licm -inst-simplify -dce -globaldce -instcombine -array-stream -eliminate-keepreads -instcombine -dce -deadargelim -doublePtrSimplify -doublePtrElim -dce -doublePtrSimplify -promote-dbg-pointer -dce -scalarrepl -mem2reg -norm-name -mem2reg -instcombine -dse -adse -adce -ptrLegalization -dce -array-flatten -dce -instcombine -check-doubleptr -loop-rot -constprop -cfgopt -simplifycfg-lite -loop-simplify -indvars -pointer-simplify -dce -loop-bound -loop-simplify -loop-preproc -constprop -global-constprop -gvn -mem2reg -instcombine -dce -loop-bound -loop-merge -dce -deadargelim -dce -canonicalize-dataflow -dce -deadargelim -globaldce -mem2reg -bram-byte-enable -inst-simplify -inst-rectify -instcombine -adce -deadargelim -load-elim -read-loop-dep -loop-simplify -loop-extract-inner -directive-preproc -bitwidthmin2 -bitwidthmin2 -read-loop-dep -interface-preproc -directive-preproc -interface-gen -bram-byte-enable-spec-prop -deadargelim -inst-simplify -dce -mem2reg -instcombine -gvn -dce -adse -loop-bound -instcombine -cfgopt -simplifycfg-lite -loop-simplify -clean-region -io-protocol -find-region -mem2reg -bitop-raise -complex-op-raise -inst-simplify -inst-rectify -instcombine -adce -deadargelim -float-op-raise -loop-simplify -phi-opt -bitop-raise -cfgopt -simplifycfg-lite -strip-dead-prototypes -interface-lower -bitop-lower -intrinsic-lower -auto-function-inline -basicaa -aggrmodref-aa -globalsmodref-aa -aggr-aa -inst-simplify -simplifycfg-lite -loop-simplify -mergereturn -inst-simplify -inst-rectify -globaldce -dce -load-elim -bitop-lower -float-op-raise -fma-raise -loop-rewind -pointer-simplify -dce -cfgopt -dce -loop-bound -loop-dep -read-loop-dep -dce -dyn-mem-reuse -dce -recurrence-min -dce -share-scalar-alloca -deadargelim -dce -check-stream -norm-name -legalize -validate-dataflow -inst-clarity -bitwidth -dce -dump-loop-dep-to-ir -check-all-ssdm -dump-complexity-metric -cdfg-build D:/Cadeiras/AAC/aac/lab4/lab4/solution432/.autopilot/db/a.o.2.bc -o D:/Cadeiras/AAC/aac/lab4/lab4/solution432/.autopilot/db/a.o.3.bc -f -phase build-ssdm 
Execute           auto_get_db
INFO: [HLS 200-111] Finished Architecture Synthesis: CPU user time: 0 seconds. CPU system time: 0 seconds. Elapsed time: 0.024 seconds; current allocated memory: 140.871 MB.
INFO-FLOW: Finish building internal data model.
Command       opt_and_import_c done; 0.122 sec.
Command     elaborate done; 8.967 sec.
Execute     ap_eval exec zip -j D:/Cadeiras/AAC/aac/lab4/lab4/solution432/.autopilot/db/dut.hcp $dbDir/a.o.3.bc $dbDir/${topname}.rtl_wrap.cfg.tcl $dbDir/apatb_${topname}.cpp $dbDir/apatb_${topname}_util.cpp $dbDir/apatb_${topname}_ir.ll $dbDir/mapper_${topname}.cpp $dbDir/top-io-fe.xml $dbDir/kernel.internal.xml $workdir/../hls.app 
Execute     autosyn -from_csynth_design=1 
INFO: [HLS 200-10] Starting hardware synthesis ...
INFO-FLOW: Synthesizing C/C++ design ...
INFO: [HLS 200-10] Synthesizing 'vectorProduct' ...
Execute       ap_set_top_model vectorProduct 
Execute       get_model_list vectorProduct -filter all-wo-channel -topdown 
Execute       preproc_iomode -model vectorProduct 
Execute       get_model_list vectorProduct -filter all-wo-channel 
INFO-FLOW: Model list for configure: vectorProduct
INFO-FLOW: Configuring Module : vectorProduct ...
Execute       set_default_model vectorProduct 
Execute       apply_spec_resource_limit vectorProduct 
INFO-FLOW: Model list for preprocess: vectorProduct
INFO-FLOW: Preprocessing Module: vectorProduct ...
Execute       set_default_model vectorProduct 
Execute       cdfg_preprocess -model vectorProduct 
Execute       rtl_gen_preprocess vectorProduct 
INFO-FLOW: Model list for synthesis: vectorProduct
INFO: [HLS 200-10] ----------------------------------------------------------------
INFO: [HLS 200-42] -- Implementing module 'vectorProduct' 
INFO: [HLS 200-10] ----------------------------------------------------------------
Execute       set_default_model vectorProduct 
Execute       schedule -model vectorProduct 
INFO: [SCHED 204-11] Starting scheduling ...
INFO: [SCHED 204-61] Pipelining loop 'repete'.
WARNING: [HLS 200-885] The II Violation in module 'vectorProduct' (loop 'repete'): Unable to schedule 'load' operation 32 bit ('va_load_1', ../../labs/Lab4/Lab4/vectorProduct.cpp:9) on array 'va' due to limited memory ports (II = 1). Please consider using a memory core with more ports or partitioning the array 'va'.
INFO: [HLS 200-1470] Pipelining result : Target II = NA, Final II = 2, Depth = 7, loop 'repete'
INFO: [SCHED 204-11] Finished scheduling.
INFO: [HLS 200-111] Finished Scheduling: CPU user time: 0 seconds. CPU system time: 0 seconds. Elapsed time: 0.209 seconds; current allocated memory: 140.871 MB.
Execute       syn_report -verbosereport -o D:/Cadeiras/AAC/aac/lab4/lab4/solution432/.autopilot/db/vectorProduct.verbose.sched.rpt 
Execute         list_part -family xc7z010i-clg225-1L 
Execute           ap_family_info -name xc7z010i-clg225-1L -data names 
Execute           ap_part_info -quiet -name xc7z010i-clg225-1L -data family 
Execute       db_write -o D:/Cadeiras/AAC/aac/lab4/lab4/solution432/.autopilot/db/vectorProduct.sched.adb -f 
INFO-FLOW: Finish scheduling vectorProduct.
Execute       set_default_model vectorProduct 
Execute       bind -model vectorProduct 
INFO: [BIND 205-100] Starting micro-architecture generation ...
INFO: [BIND 205-101] Performing variable lifetime analysis.
INFO: [BIND 205-101] Exploring resource sharing.
INFO: [BIND 205-101] Binding ...
INFO: [BIND 205-100] Finished micro-architecture generation.
INFO: [HLS 200-111] Finished Binding: CPU user time: 0 seconds. CPU system time: 0 seconds. Elapsed time: 0.058 seconds; current allocated memory: 140.934 MB.
Execute       syn_report -verbosereport -o D:/Cadeiras/AAC/aac/lab4/lab4/solution432/.autopilot/db/vectorProduct.verbose.bind.rpt 
Execute         list_part -family xc7z010i-clg225-1L 
Execute           ap_family_info -name xc7z010i-clg225-1L -data names 
Execute           ap_part_info -quiet -name xc7z010i-clg225-1L -data family 
Execute       db_write -o D:/Cadeiras/AAC/aac/lab4/lab4/solution432/.autopilot/db/vectorProduct.bind.adb -f 
INFO-FLOW: Finish binding vectorProduct.
Execute       get_model_list vectorProduct -filter all-wo-channel 
INFO-FLOW: Preprocessing for RTLGen ...
Execute       rtl_gen_preprocess vectorProduct 
INFO-FLOW: Model list for RTL generation: vectorProduct
INFO: [HLS 200-10] ----------------------------------------------------------------
INFO: [HLS 200-10] -- Generating RTL for module 'vectorProduct' 
INFO: [HLS 200-10] ----------------------------------------------------------------
Execute       create_rtl_model vectorProduct -top_prefix  -sub_prefix vectorProduct_ -mg_file D:/Cadeiras/AAC/aac/lab4/lab4/solution432/.autopilot/db/vectorProduct.compgen.tcl 
INFO: [RTGEN 206-500] Setting interface mode on port 'vectorProduct/va' to 'ap_memory'.
INFO: [RTGEN 206-500] Setting interface mode on port 'vectorProduct/vb' to 'ap_memory'.
INFO: [RTGEN 206-500] Setting interface mode on function 'vectorProduct' to 'ap_ctrl_hs'.
INFO: [HLS 200-1030] Apply Unified Pipeline Control on module 'vectorProduct' pipeline 'repete' pipeline type 'loop pipeline'
INFO: [RTGEN 206-100] Generating core module 'mul_32s_32s_32_2_1': 2 instance(s).
INFO: [RTGEN 206-100] Finished creating RTL model for 'vectorProduct'.
INFO: [HLS 200-111] Finished Creating RTL model: CPU user time: 0 seconds. CPU system time: 0 seconds. Elapsed time: 0.091 seconds; current allocated memory: 143.387 MB.
Execute       source D:/Cadeiras/AAC/aac/lab4/lab4/solution432/.autopilot/db/vectorProduct.rtl_wrap.cfg.tcl 
Execute       gen_rtl vectorProduct -istop -style xilinx -f -lang vhdl -o D:/Cadeiras/AAC/aac/lab4/lab4/solution432/syn/vhdl/vectorProduct 
Execute       gen_rtl vectorProduct -istop -style xilinx -f -lang vlog -o D:/Cadeiras/AAC/aac/lab4/lab4/solution432/syn/verilog/vectorProduct 
Execute       syn_report -csynth -model vectorProduct -o D:/Cadeiras/AAC/aac/lab4/lab4/solution432/syn/report/vectorProduct_csynth.rpt 
Execute         list_part -family xc7z010i-clg225-1L 
Execute           ap_family_info -name xc7z010i-clg225-1L -data names 
Execute           ap_part_info -quiet -name xc7z010i-clg225-1L -data family 
Execute       syn_report -rtlxml -model vectorProduct -o D:/Cadeiras/AAC/aac/lab4/lab4/solution432/syn/report/vectorProduct_csynth.xml 
Execute         list_part -family xc7z010i-clg225-1L 
Execute           ap_family_info -name xc7z010i-clg225-1L -data names 
Execute           ap_part_info -quiet -name xc7z010i-clg225-1L -data family 
Execute       syn_report -verbosereport -model vectorProduct -o D:/Cadeiras/AAC/aac/lab4/lab4/solution432/.autopilot/db/vectorProduct.verbose.rpt 
Execute         list_part -family xc7z010i-clg225-1L 
Execute           ap_family_info -name xc7z010i-clg225-1L -data names 
Execute           ap_part_info -quiet -name xc7z010i-clg225-1L -data family 
Execute       db_write -model vectorProduct -f -o D:/Cadeiras/AAC/aac/lab4/lab4/solution432/.autopilot/db/vectorProduct.adb 
Execute       db_write -model vectorProduct -bindview -o D:/Cadeiras/AAC/aac/lab4/lab4/solution432/.autopilot/db/design.bindinfo.xml 
Execute       gen_tb_info vectorProduct -p D:/Cadeiras/AAC/aac/lab4/lab4/solution432/.autopilot/db -o D:/Cadeiras/AAC/aac/lab4/lab4/solution432/.autopilot/db/vectorProduct 
Execute       export_constraint_db -f -tool general -o D:/Cadeiras/AAC/aac/lab4/lab4/solution432/.autopilot/db/vectorProduct.constraint.tcl 
Execute       syn_report -designview -model vectorProduct -o D:/Cadeiras/AAC/aac/lab4/lab4/solution432/.autopilot/db/vectorProduct.design.xml 
Execute       syn_report -csynthDesign -model vectorProduct -o D:/Cadeiras/AAC/aac/lab4/lab4/solution432/syn/report/csynth.rpt -MHOut D:/Cadeiras/AAC/aac/lab4/lab4/solution432/.autopilot/db/kernel_module_hierarchy.tcl 
Execute         list_part -family xc7z010i-clg225-1L 
Execute           ap_family_info -name xc7z010i-clg225-1L -data names 
Execute           ap_part_info -quiet -name xc7z010i-clg225-1L -data family 
Execute       syn_report -wcfg -model vectorProduct -o D:/Cadeiras/AAC/aac/lab4/lab4/solution432/.autopilot/db/vectorProduct_dataflow_ana.wcfg 
Execute       syn_report -protoinst -model vectorProduct -o D:/Cadeiras/AAC/aac/lab4/lab4/solution432/.autopilot/db/vectorProduct.protoinst 
Execute       sc_get_clocks vectorProduct 
Execute       sc_get_portdomain vectorProduct 
INFO-FLOW: Model list for RTL component generation: vectorProduct
INFO-FLOW: Handling components in module [vectorProduct] ... 
Execute       source D:/Cadeiras/AAC/aac/lab4/lab4/solution432/.autopilot/db/vectorProduct.compgen.tcl 
INFO-FLOW: Found component vectorProduct_mul_32s_32s_32_2_1.
INFO-FLOW: Append model vectorProduct_mul_32s_32s_32_2_1
INFO-FLOW: Found component vectorProduct_flow_control_loop_pipe.
INFO-FLOW: Append model vectorProduct_flow_control_loop_pipe
INFO-FLOW: Append model vectorProduct
INFO-FLOW: Generating RTL model list ...
INFO-FLOW: All models in this session: vectorProduct_mul_32s_32s_32_2_1 vectorProduct_flow_control_loop_pipe vectorProduct
INFO-FLOW: Generating D:/Cadeiras/AAC/aac/lab4/lab4/solution432/.autopilot/db/autopilot.rtl.models.txt file...
INFO-FLOW: To file: write model vectorProduct_mul_32s_32s_32_2_1
INFO-FLOW: To file: write model vectorProduct_flow_control_loop_pipe
INFO-FLOW: To file: write model vectorProduct
INFO-FLOW: Generating D:/Cadeiras/AAC/aac/lab4/lab4/solution432/.autopilot/db/autopilot.rtl.models.tcl file...
INFO-FLOW: Finished generating RTL model list.


INFO-FLOW: RTL Generation done.
INFO-FLOW: CAS Generation done.
INFO-FLOW: CBC Generation done.
INFO-FLOW: DBG:PROC: ::AESL_AUTOMG::auto_generate_csynth_design
INFO-FLOW: DBG:PUTS: read_platform_lib D:/Cadeiras/AAC/aac/lab4/lab4/solution432/.autopilot/db/global.setting.tcl
Execute       source D:/Cadeiras/AAC/xilinx/Vitis_HLS/2023.2/common/technology/generic/autopilot/common.gen 
Execute         source D:/Cadeiras/AAC/xilinx/Vitis_HLS/2023.2/common/technology/generic/autopilot/APCoreGen.gen 
Execute       source D:/Cadeiras/AAC/xilinx/Vitis_HLS/2023.2/common/technology/generic/autopilot/op.gen 
Execute       source D:/Cadeiras/AAC/xilinx/Vitis_HLS/2023.2/common/technology/generic/autopilot/op_simcore.gen 
Execute       source D:/Cadeiras/AAC/xilinx/Vitis_HLS/2023.2/common/technology/generic/autopilot/interface.gen 
Execute       source D:/Cadeiras/AAC/aac/lab4/lab4/solution432/.autopilot/db/global.setting.tcl 
Execute       source D:/Cadeiras/AAC/xilinx/Vitis_HLS/2023.2/common/technology/xilinx/common/xilinx.gen 
Execute         source D:/Cadeiras/AAC/xilinx/Vitis_HLS/2023.2/common/technology/xilinx/interface/plb46.gen 
Execute         source D:/Cadeiras/AAC/xilinx/Vitis_HLS/2023.2/common/technology/xilinx/interface/axi4.gen 
Execute         source D:/Cadeiras/AAC/xilinx/Vitis_HLS/2023.2/common/technology/xilinx/interface/nativeAXI4.gen 
Execute           source D:/Cadeiras/AAC/xilinx/Vitis_HLS/2023.2/common/technology/xilinx/interface/saxilite.gen 
Execute         source D:/Cadeiras/AAC/xilinx/Vitis_HLS/2023.2/common/technology/xilinx/scripts/xilinxcoregen.gen 
Execute         source D:/Cadeiras/AAC/xilinx/Vitis_HLS/2023.2/common/technology/xilinx/interface/XilEDKCoreGen.gen 
Execute         source D:/Cadeiras/AAC/xilinx/Vitis_HLS/2023.2/common/technology/xilinx/ip/dds_compiler.gen 
Execute         source D:/Cadeiras/AAC/xilinx/Vitis_HLS/2023.2/common/technology/xilinx/ip/util.gen 
Execute         source D:/Cadeiras/AAC/xilinx/Vitis_HLS/2023.2/common/technology/xilinx/ip/xfft.gen 
Execute         source D:/Cadeiras/AAC/xilinx/Vitis_HLS/2023.2/common/technology/xilinx/ip/xfir.gen 
Execute         source D:/Cadeiras/AAC/xilinx/Vitis_HLS/2023.2/common/technology/xilinx/DSP48/dsp48.gen 
INFO-FLOW: DBG:PUTS:   using AESL_AUTOCG::g_clock_period=10.000 (was NA)
INFO-FLOW: DBG:PROC: ::AESL_AUTOMG::generate_ip_cores gen_sim_model='1' gen_fp_models='0' gen_for_export='0' dstSCDir='' dstVhdlDir='D:/Cadeiras/AAC/aac/lab4/lab4/solution432/.autopilot/db/vhdl' dstVlogDir='D:/Cadeiras/AAC/aac/lab4/lab4/solution432/.autopilot/db/vlog' tclDir='D:/Cadeiras/AAC/aac/lab4/lab4/solution432/.autopilot/db' modelList='vectorProduct_mul_32s_32s_32_2_1
vectorProduct_flow_control_loop_pipe
vectorProduct
' expOnly='0'
Execute       source D:/Cadeiras/AAC/aac/lab4/lab4/solution432/.autopilot/db/global.setting.tcl 
Execute       ap_part_info -name xc7z010i-clg225-1L -data names -quiet 
Execute       ap_part_info -name xc7z010i-clg225-1L -data info -quiet 
Execute       source D:/Cadeiras/AAC/aac/lab4/lab4/solution432/.autopilot/db/global.setting.tcl 
Execute       source D:/Cadeiras/AAC/aac/lab4/lab4/solution432/.autopilot/db/global.setting.tcl 
Execute       source D:/Cadeiras/AAC/aac/lab4/lab4/solution432/.autopilot/db/vectorProduct.compgen.tcl 
INFO: [HLS 200-111] Finished Generating all RTL models: CPU user time: 0 seconds. CPU system time: 0 seconds. Elapsed time: 0.31 seconds; current allocated memory: 148.621 MB.
INFO-FLOW: DBG:PROC: ::HLSREPORTS::create_csynth_xml bind_info_var='bind_info' RtlSubPrefix='vectorProduct_' outfile=''
INFO-FLOW: Running: create_csynth_xml read xml data
INFO-FLOW: Done: create_csynth_xml read xml data time: 0 seconds per iteration
INFO-FLOW: Running: create_csynth_xml bind info
INFO-FLOW: Done: create_csynth_xml bind info time: 0 seconds per iteration
INFO-FLOW: Running: create_csynth_xml config info
INFO-FLOW: Done: create_csynth_xml config info time: 0.3 seconds per iteration
INFO-FLOW: Running: create_csynth_xml write xml
INFO-FLOW: Done: create_csynth_xml write xml time: 0 seconds per iteration
INFO-FLOW: DBG:PUTS:      create_csynth_xml wrote csynth_xml=D:/Cadeiras/AAC/aac/lab4/lab4/solution432/syn/report/csynth.xml
INFO-FLOW: DBG:PROC: ::AP::DESIGN_DATA::generate_json generate_bd_files='0' generate_xo_files='0' modelList='vectorProduct_mul_32s_32s_32_2_1
vectorProduct_flow_control_loop_pipe
vectorProduct
' rtl_lang='both' bootstrap_tcl='false' outdir='' outfilename=''
Execute       source D:/Cadeiras/AAC/aac/lab4/lab4/solution432/.autopilot/db/global.setting.tcl 
Execute       source D:/Cadeiras/AAC/aac/lab4/lab4/solution432/.autopilot/db/global.setting.tcl 
Execute       source D:/Cadeiras/AAC/aac/lab4/lab4/solution432/.autopilot/db/top-io-be.tcl 
Execute       source D:/Cadeiras/AAC/aac/lab4/lab4/solution432/.autopilot/db/vectorProduct.tbgen.tcl 
Execute       source D:/Cadeiras/AAC/aac/lab4/lab4/solution432/.autopilot/db/vectorProduct.rtl_wrap.cfg.tcl 
Execute       source D:/Cadeiras/AAC/aac/lab4/lab4/solution432/.autopilot/db/vectorProduct.compgen.dataonly.tcl 
Execute       source D:/Cadeiras/AAC/aac/lab4/lab4/solution432/.autopilot/db/vectorProduct.tbgen.tcl 
Execute       source D:/Cadeiras/AAC/aac/lab4/lab4/solution432/.autopilot/db/global.setting.tcl 
Execute       ap_part_info -name xc7z010i-clg225-1L -data names -quiet 
Execute       ap_part_info -name xc7z010i-clg225-1L -data info -quiet 
Execute       source D:/Cadeiras/AAC/aac/lab4/lab4/solution432/.autopilot/db/vectorProduct.constraint.tcl 
Execute       sc_get_clocks vectorProduct 
Execute       source D:/Cadeiras/AAC/aac/lab4/lab4/solution432/.autopilot/db/global.setting.tcl 
INFO-FLOW: DBG:PROC: ::HLSREPORTS::add_csynth_report_sections bind_info_dict='adapter_nodes {} report_dict {TOPINST vectorProduct MODULE2INSTS {vectorProduct vectorProduct} INST2MODULE {vectorProduct vectorProduct} INSTDATA {vectorProduct {DEPTH 1 CHILDREN {}}} MODULEDATA {vectorProduct {BINDINFO {{BINDTYPE op ID {} IMPL auto LATENCY 1 OPTYPE mul PRAGMA {} RTLNAME mul_32s_32s_32_2_1_U1 SOURCE ../../labs/Lab4/Lab4/vectorProduct.cpp:9 VARIABLE mul_ln9 LOOP repete BUNDLEDNAME {} DSP 3 BRAM 0 URAM 0 STORAGESUBTYPE {} DISPNAME {bind_op mul}} {BINDTYPE op ID {} IMPL auto LATENCY 1 OPTYPE mul PRAGMA {} RTLNAME mul_32s_32s_32_2_1_U1 SOURCE ../../labs/Lab4/Lab4/vectorProduct.cpp:9 VARIABLE mul_ln9_1 LOOP repete BUNDLEDNAME {} DSP 3 BRAM 0 URAM 0 STORAGESUBTYPE {} DISPNAME {bind_op mul}} {BINDTYPE op ID {} IMPL auto LATENCY 1 OPTYPE mul PRAGMA {} RTLNAME mul_32s_32s_32_2_1_U2 SOURCE ../../labs/Lab4/Lab4/vectorProduct.cpp:9 VARIABLE mul_ln9_2 LOOP repete BUNDLEDNAME {} DSP 3 BRAM 0 URAM 0 STORAGESUBTYPE {} DISPNAME {bind_op mul}} {BINDTYPE op ID {} IMPL auto LATENCY 1 OPTYPE mul PRAGMA {} RTLNAME mul_32s_32s_32_2_1_U2 SOURCE ../../labs/Lab4/Lab4/vectorProduct.cpp:9 VARIABLE mul_ln9_3 LOOP repete BUNDLEDNAME {} DSP 3 BRAM 0 URAM 0 STORAGESUBTYPE {} DISPNAME {bind_op mul}} {BINDTYPE op ID {} IMPL fabric LATENCY 0 OPTYPE add PRAGMA {} RTLNAME grp_fu_152_p2 SOURCE ../../labs/Lab4/Lab4/vectorProduct.cpp:9 VARIABLE add_ln9 LOOP repete BUNDLEDNAME {} DSP 0 BRAM 0 URAM 0 STORAGESUBTYPE {} DISPNAME {bind_op add}} {BINDTYPE op ID {} IMPL fabric LATENCY 0 OPTYPE add PRAGMA {} RTLNAME grp_fu_152_p2 SOURCE ../../labs/Lab4/Lab4/vectorProduct.cpp:9 VARIABLE add_ln9_1 LOOP repete BUNDLEDNAME {} DSP 0 BRAM 0 URAM 0 STORAGESUBTYPE {} DISPNAME {bind_op add}} {BINDTYPE op ID {} IMPL fabric LATENCY 0 OPTYPE add PRAGMA {} RTLNAME add_ln7_fu_195_p2 SOURCE ../../labs/Lab4/Lab4/vectorProduct.cpp:7 VARIABLE add_ln7 LOOP repete BUNDLEDNAME {} DSP 0 BRAM 0 URAM 0 STORAGESUBTYPE {} DISPNAME {bind_op add}}} AREA {DSP 6 BRAM 0 URAM 0}}}}'
INFO-FLOW: DBG:PUTS:      update_csynth_reports json2rpt_hw_sw_interfaces
INFO-FLOW: Running: gen_csynth_sec_pragma
INFO-FLOW: Done: gen_csynth_sec_pragma time: 0 seconds per iteration
INFO-FLOW: DBG:PUTS:      update_csynth_reports wrote xml
INFO-FLOW: DBG:PUTS:      update_csynth_reports appended to csynth rpt file
INFO: [HLS 200-111] Finished Updating report files: CPU user time: 0 seconds. CPU system time: 0 seconds. Elapsed time: 0.589 seconds; current allocated memory: 153.043 MB.
INFO: [VHDL 208-304] Generating VHDL RTL for vectorProduct.
INFO: [VLOG 209-307] Generating Verilog RTL for vectorProduct.
Execute       syn_report -model vectorProduct -printsummary 
INFO: [HLS 200-790] **** Loop Constraint Status: All loop constraints were NOT satisfied.
INFO: [HLS 200-789] **** Estimated Fmax: 144.68 MHz
Command     autosyn done; 1.224 sec.
Command   csynth_design done; 10.402 sec.
INFO: [HLS 200-111] Finished Command csynth_design CPU user time: 0 seconds. CPU system time: 0 seconds. Elapsed time: 10.402 seconds; current allocated memory: 43.227 MB.
Command ap_source done; 11.342 sec.
Execute cleanup_all 
