

================================================================
== Vitis HLS Report for 'conv2D0_Pipeline_writeImg'
================================================================
* Date:           Thu Apr 11 18:43:51 2024

* Version:        2023.2 (Build 4023990 on Oct 11 2023)
* Project:        Project1
* Solution:       partition_cyclic_2 (Vivado IP Flow Target)
* Product family: zynq
* Target device:  xc7z010i-clg225-1L


================================================================
== Performance Estimates
================================================================
+ Timing: 
    * Summary: 
    +--------+----------+----------+------------+
    |  Clock |  Target  | Estimated| Uncertainty|
    +--------+----------+----------+------------+
    |ap_clk  |  10.00 ns|  6.406 ns|     2.70 ns|
    +--------+----------+----------+------------+

+ Latency: 
    * Summary: 
    +---------+---------+-----------+-----------+-----+-----+---------+
    |  Latency (cycles) |   Latency (absolute)  |  Interval | Pipeline|
    |   min   |   max   |    min    |    max    | min | max |   Type  |
    +---------+---------+-----------+-----------+-----+-----+---------+
    |        6|        6|  60.000 ns|  60.000 ns|    6|    6|       no|
    +---------+---------+-----------+-----------+-----+-----+---------+

    + Detail: 
        * Instance: 
        N/A

        * Loop: 
        +------------+---------+---------+----------+-----------+-----------+------+----------+
        |            |  Latency (cycles) | Iteration|  Initiation Interval  | Trip |          |
        |  Loop Name |   min   |   max   |  Latency |  achieved |   target  | Count| Pipelined|
        +------------+---------+---------+----------+-----------+-----------+------+----------+
        |- writeImg  |        4|        4|         1|          1|          1|     4|       yes|
        +------------+---------+---------+----------+-----------+-----------+------+----------+



================================================================
== Utilization Estimates
================================================================
* Summary: 
+-----------------+---------+----+-------+-------+-----+
|       Name      | BRAM_18K| DSP|   FF  |  LUT  | URAM|
+-----------------+---------+----+-------+-------+-----+
|DSP              |        -|   -|      -|      -|    -|
|Expression       |        -|   -|      0|     48|    -|
|FIFO             |        -|   -|      -|      -|    -|
|Instance         |        -|   -|      -|      -|    -|
|Memory           |        -|   -|      -|      -|    -|
|Multiplexer      |        -|   -|      -|     27|    -|
|Register         |        -|   -|      5|      -|    -|
+-----------------+---------+----+-------+-------+-----+
|Total            |        0|   0|      5|     75|    0|
+-----------------+---------+----+-------+-------+-----+
|Available        |      120|  80|  35200|  17600|    0|
+-----------------+---------+----+-------+-------+-----+
|Utilization (%)  |        0|   0|     ~0|     ~0|    0|
+-----------------+---------+----+-------+-------+-----+

+ Detail: 
    * Instance: 
    N/A

    * DSP: 
    N/A

    * Memory: 
    N/A

    * FIFO: 
    N/A

    * Expression: 
    +-------------------------+----------+----+---+----+------------+------------+
    |      Variable Name      | Operation| DSP| FF| LUT| Bitwidth P0| Bitwidth P1|
    +-------------------------+----------+----+---+----+------------+------------+
    |add_ln40_fu_114_p2       |         +|   0|  0|  11|           3|           1|
    |icmp_ln40_fu_108_p2      |      icmp|   0|  0|  13|           3|           4|
    |select_ln41_1_fu_138_p3  |    select|   0|  0|   8|           1|           8|
    |select_ln41_2_fu_146_p3  |    select|   0|  0|   8|           1|           8|
    |select_ln41_fu_154_p3    |    select|   0|  0|   8|           1|           8|
    +-------------------------+----------+----+---+----+------------+------------+
    |Total                    |          |   0|  0|  48|           9|          29|
    +-------------------------+----------+----+---+----+------------+------------+

    * Multiplexer: 
    +----------------------+----+-----------+-----+-----------+
    |         Name         | LUT| Input Size| Bits| Total Bits|
    +----------------------+----+-----------+-----+-----------+
    |ap_done_int           |   9|          2|    1|          2|
    |ap_sig_allocacmp_i_1  |   9|          2|    3|          6|
    |i_fu_46               |   9|          2|    3|          6|
    +----------------------+----+-----------+-----+-----------+
    |Total                 |  27|          6|    7|         14|
    +----------------------+----+-----------+-----+-----------+

    * Register: 
    +-------------+---+----+-----+-----------+
    |     Name    | FF| LUT| Bits| Const Bits|
    +-------------+---+----+-----+-----------+
    |ap_CS_fsm    |  1|   0|    1|          0|
    |ap_done_reg  |  1|   0|    1|          0|
    |i_fu_46      |  3|   0|    3|          0|
    +-------------+---+----+-----+-----------+
    |Total        |  5|   0|    5|          0|
    +-------------+---+----+-----+-----------+



================================================================
== Interface
================================================================
* Summary: 
+----------------------------+-----+-----+------------+----------------------------+--------------+
|          RTL Ports         | Dir | Bits|  Protocol  |        Source Object       |    C Type    |
+----------------------------+-----+-----+------------+----------------------------+--------------+
|ap_clk                      |   in|    1|  ap_ctrl_hs|   conv2D0_Pipeline_writeImg|  return value|
|ap_rst                      |   in|    1|  ap_ctrl_hs|   conv2D0_Pipeline_writeImg|  return value|
|ap_start                    |   in|    1|  ap_ctrl_hs|   conv2D0_Pipeline_writeImg|  return value|
|ap_done                     |  out|    1|  ap_ctrl_hs|   conv2D0_Pipeline_writeImg|  return value|
|ap_idle                     |  out|    1|  ap_ctrl_hs|   conv2D0_Pipeline_writeImg|  return value|
|ap_ready                    |  out|    1|  ap_ctrl_hs|   conv2D0_Pipeline_writeImg|  return value|
|img_out_0_address0          |  out|    1|   ap_memory|                   img_out_0|         array|
|img_out_0_ce0               |  out|    1|   ap_memory|                   img_out_0|         array|
|img_out_0_we0               |  out|    1|   ap_memory|                   img_out_0|         array|
|img_out_0_d0                |  out|    8|   ap_memory|                   img_out_0|         array|
|img_out_1_address0          |  out|    1|   ap_memory|                   img_out_1|         array|
|img_out_1_ce0               |  out|    1|   ap_memory|                   img_out_1|         array|
|img_out_1_we0               |  out|    1|   ap_memory|                   img_out_1|         array|
|img_out_1_d0                |  out|    8|   ap_memory|                   img_out_1|         array|
|img_outT_1_load7_reload     |   in|    8|     ap_none|     img_outT_1_load7_reload|        scalar|
|img_outT_0_load3_reload     |   in|    8|     ap_none|     img_outT_0_load3_reload|        scalar|
|img_outT_1_1_load15_reload  |   in|    8|     ap_none|  img_outT_1_1_load15_reload|        scalar|
|img_outT_0_1_load11_reload  |   in|    8|     ap_none|  img_outT_0_1_load11_reload|        scalar|
+----------------------------+-----+-----+------------+----------------------------+--------------+

