

================================================================
== Vitis HLS Report for 'conv2D0'
================================================================
* Date:           Thu Apr 11 18:25:18 2024

* Version:        2023.2 (Build 4023990 on Oct 11 2023)
* Project:        Project1
* Solution:       pipeline_unroll_4 (Vivado IP Flow Target)
* Product family: zynq
* Target device:  xc7z010i-clg225-1L


================================================================
== Performance Estimates
================================================================
+ Timing: 
    * Summary: 
    +--------+----------+----------+------------+
    |  Clock |  Target  | Estimated| Uncertainty|
    +--------+----------+----------+------------+
    |ap_clk  |  10.00 ns|  7.571 ns|     2.70 ns|
    +--------+----------+----------+------------+

+ Latency: 
    * Summary: 
    +---------+---------+----------+----------+-----+-----+---------+
    |  Latency (cycles) |  Latency (absolute) |  Interval | Pipeline|
    |   min   |   max   |    min   |    max   | min | max |   Type  |
    +---------+---------+----------+----------+-----+-----+---------+
    |       31|       31|  0.310 us|  0.310 us|   32|   32|       no|
    +---------+---------+----------+----------+-----+-----+---------+

    + Detail: 
        * Instance: 
        +-------------------------------------------------+--------------------------------------+---------+---------+-----------+-----------+-----+-----+---------+
        |                                                 |                                      |  Latency (cycles) |   Latency (absolute)  |  Interval | Pipeline|
        |                     Instance                    |                Module                |   min   |   max   |    min    |    max    | min | max |   Type  |
        +-------------------------------------------------+--------------------------------------+---------+---------+-----------+-----------+-----+-----+---------+
        |grp_conv2D0_Pipeline_readImg_fu_160              |conv2D0_Pipeline_readImg              |       10|       10|   0.100 us|   0.100 us|   10|   10|       no|
        |grp_conv2D0_Pipeline_readweights_fu_182          |conv2D0_Pipeline_readweights          |        9|       10|  90.000 ns|   0.100 us|    9|   10|       no|
        |grp_conv2D0_Pipeline_loop_orow_loop_ocol_fu_200  |conv2D0_Pipeline_loop_orow_loop_ocol  |       10|       10|   0.100 us|   0.100 us|   10|   10|       no|
        |grp_conv2D0_Pipeline_writeImg_fu_233             |conv2D0_Pipeline_writeImg             |        6|        6|  60.000 ns|  60.000 ns|    6|    6|       no|
        +-------------------------------------------------+--------------------------------------+---------+---------+-----------+-----------+-----+-----+---------+

        * Loop: 
        N/A

============================================================
+ Verbose Summary: Synthesis Manager
============================================================
InlineROM: 1
ExposeGlobal: 0
============================================================
+ Verbose Summary: CDFG Model
============================================================
IsTopModel: 1
ResetActiveHigh: 1
IsCombinational: 0
IsDatapathOnly: 0
HasWiredReturn: 1
HasMFsm: 0
HasVarLatency: 1
IsPipeline: 0
IsRtlPipelined: 0
IsInstanceOverlapped: 0
IsDontTouch: 0
HasImplIP: 0
IsGatedGlobalClock: 0


============================================================
+ Verbose Summary: Schedule
============================================================
* Number of FSM states : 6
* Pipeline : 0
* Dataflow Pipeline: 0

* FSM state transitions: 
1 --> 2 
2 --> 3 
3 --> 4 
4 --> 5 
5 --> 6 
6 --> 

* FSM state operations: 

State 1 <SV = 0> <Delay = 0.00>
ST_1 : Operation 7 [1/1] (0.00ns)   --->   "%img_outT_0_1_loc = alloca i64 1"   --->   Operation 7 'alloca' 'img_outT_0_1_loc' <Predicate = true> <Delay = 0.00>
ST_1 : Operation 8 [1/1] (0.00ns)   --->   "%img_outT_1_1_loc = alloca i64 1"   --->   Operation 8 'alloca' 'img_outT_1_1_loc' <Predicate = true> <Delay = 0.00>
ST_1 : Operation 9 [1/1] (0.00ns)   --->   "%img_outT_2_1_loc = alloca i64 1"   --->   Operation 9 'alloca' 'img_outT_2_1_loc' <Predicate = true> <Delay = 0.00>
ST_1 : Operation 10 [1/1] (0.00ns)   --->   "%img_outT_3_1_loc = alloca i64 1"   --->   Operation 10 'alloca' 'img_outT_3_1_loc' <Predicate = true> <Delay = 0.00>
ST_1 : Operation 11 [1/1] (0.00ns)   --->   "%weightsT_12_loc = alloca i64 1"   --->   Operation 11 'alloca' 'weightsT_12_loc' <Predicate = true> <Delay = 0.00>
ST_1 : Operation 12 [1/1] (0.00ns)   --->   "%weightsT_11_loc = alloca i64 1"   --->   Operation 12 'alloca' 'weightsT_11_loc' <Predicate = true> <Delay = 0.00>
ST_1 : Operation 13 [1/1] (0.00ns)   --->   "%weightsT_10_loc = alloca i64 1"   --->   Operation 13 'alloca' 'weightsT_10_loc' <Predicate = true> <Delay = 0.00>
ST_1 : Operation 14 [1/1] (0.00ns)   --->   "%weightsT_loc = alloca i64 1"   --->   Operation 14 'alloca' 'weightsT_loc' <Predicate = true> <Delay = 0.00>
ST_1 : Operation 15 [1/1] (0.00ns)   --->   "%weightsT_1_loc = alloca i64 1"   --->   Operation 15 'alloca' 'weightsT_1_loc' <Predicate = true> <Delay = 0.00>
ST_1 : Operation 16 [1/1] (0.00ns)   --->   "%weightsT_2_loc = alloca i64 1"   --->   Operation 16 'alloca' 'weightsT_2_loc' <Predicate = true> <Delay = 0.00>
ST_1 : Operation 17 [1/1] (0.00ns)   --->   "%weightsT_3_loc = alloca i64 1"   --->   Operation 17 'alloca' 'weightsT_3_loc' <Predicate = true> <Delay = 0.00>
ST_1 : Operation 18 [1/1] (0.00ns)   --->   "%weightsT_4_loc = alloca i64 1"   --->   Operation 18 'alloca' 'weightsT_4_loc' <Predicate = true> <Delay = 0.00>
ST_1 : Operation 19 [1/1] (0.00ns)   --->   "%weightsT_5_loc = alloca i64 1"   --->   Operation 19 'alloca' 'weightsT_5_loc' <Predicate = true> <Delay = 0.00>
ST_1 : Operation 20 [1/1] (0.00ns)   --->   "%weightsT_6_loc = alloca i64 1"   --->   Operation 20 'alloca' 'weightsT_6_loc' <Predicate = true> <Delay = 0.00>
ST_1 : Operation 21 [1/1] (0.00ns)   --->   "%weightsT_7_loc = alloca i64 1"   --->   Operation 21 'alloca' 'weightsT_7_loc' <Predicate = true> <Delay = 0.00>
ST_1 : Operation 22 [1/1] (0.00ns)   --->   "%weightsT_8_loc = alloca i64 1"   --->   Operation 22 'alloca' 'weightsT_8_loc' <Predicate = true> <Delay = 0.00>
ST_1 : Operation 23 [1/1] (0.00ns)   --->   "%img_inT_loc = alloca i64 1"   --->   Operation 23 'alloca' 'img_inT_loc' <Predicate = true> <Delay = 0.00>
ST_1 : Operation 24 [1/1] (0.00ns)   --->   "%img_inT_1_loc = alloca i64 1"   --->   Operation 24 'alloca' 'img_inT_1_loc' <Predicate = true> <Delay = 0.00>
ST_1 : Operation 25 [1/1] (0.00ns)   --->   "%img_inT_2_loc = alloca i64 1"   --->   Operation 25 'alloca' 'img_inT_2_loc' <Predicate = true> <Delay = 0.00>
ST_1 : Operation 26 [1/1] (0.00ns)   --->   "%img_inT_3_loc = alloca i64 1"   --->   Operation 26 'alloca' 'img_inT_3_loc' <Predicate = true> <Delay = 0.00>
ST_1 : Operation 27 [1/1] (0.00ns)   --->   "%img_inT_4_loc = alloca i64 1"   --->   Operation 27 'alloca' 'img_inT_4_loc' <Predicate = true> <Delay = 0.00>
ST_1 : Operation 28 [1/1] (0.00ns)   --->   "%img_inT_5_loc = alloca i64 1"   --->   Operation 28 'alloca' 'img_inT_5_loc' <Predicate = true> <Delay = 0.00>
ST_1 : Operation 29 [1/1] (0.00ns)   --->   "%img_inT_6_loc = alloca i64 1"   --->   Operation 29 'alloca' 'img_inT_6_loc' <Predicate = true> <Delay = 0.00>
ST_1 : Operation 30 [1/1] (0.00ns)   --->   "%img_inT_7_loc = alloca i64 1"   --->   Operation 30 'alloca' 'img_inT_7_loc' <Predicate = true> <Delay = 0.00>
ST_1 : Operation 31 [1/1] (0.00ns)   --->   "%img_inT_8_loc = alloca i64 1"   --->   Operation 31 'alloca' 'img_inT_8_loc' <Predicate = true> <Delay = 0.00>
ST_1 : Operation 32 [1/1] (0.00ns)   --->   "%img_inT_9_loc = alloca i64 1"   --->   Operation 32 'alloca' 'img_inT_9_loc' <Predicate = true> <Delay = 0.00>
ST_1 : Operation 33 [1/1] (0.00ns)   --->   "%img_inT_10_loc = alloca i64 1"   --->   Operation 33 'alloca' 'img_inT_10_loc' <Predicate = true> <Delay = 0.00>
ST_1 : Operation 34 [1/1] (0.00ns)   --->   "%img_inT_11_loc = alloca i64 1"   --->   Operation 34 'alloca' 'img_inT_11_loc' <Predicate = true> <Delay = 0.00>
ST_1 : Operation 35 [1/1] (0.00ns)   --->   "%img_inT_12_loc = alloca i64 1"   --->   Operation 35 'alloca' 'img_inT_12_loc' <Predicate = true> <Delay = 0.00>
ST_1 : Operation 36 [1/1] (0.00ns)   --->   "%img_inT_13_loc = alloca i64 1"   --->   Operation 36 'alloca' 'img_inT_13_loc' <Predicate = true> <Delay = 0.00>
ST_1 : Operation 37 [1/1] (0.00ns)   --->   "%img_inT_14_loc = alloca i64 1"   --->   Operation 37 'alloca' 'img_inT_14_loc' <Predicate = true> <Delay = 0.00>
ST_1 : Operation 38 [1/1] (0.00ns)   --->   "%img_inT_15_loc = alloca i64 1"   --->   Operation 38 'alloca' 'img_inT_15_loc' <Predicate = true> <Delay = 0.00>
ST_1 : Operation 39 [2/2] (0.00ns)   --->   "%call_ln0 = call void @conv2D0_Pipeline_readImg, i8 %img_in, i8 %img_inT_15_loc, i8 %img_inT_14_loc, i8 %img_inT_13_loc, i8 %img_inT_12_loc, i8 %img_inT_11_loc, i8 %img_inT_10_loc, i8 %img_inT_9_loc, i8 %img_inT_8_loc, i8 %img_inT_7_loc, i8 %img_inT_6_loc, i8 %img_inT_5_loc, i8 %img_inT_4_loc, i8 %img_inT_3_loc, i8 %img_inT_2_loc, i8 %img_inT_1_loc, i8 %img_inT_loc"   --->   Operation 39 'call' 'call_ln0' <Predicate = true> <Delay = 0.00> <CoreType = "Generic">   --->   Core 0 '' <Latency = 0> <II = 1> <Delay = 1.00> <Generic> <Opcode : >
ST_1 : Operation 40 [2/2] (0.00ns)   --->   "%targetBlock = call i1 @conv2D0_Pipeline_readweights, i8 %weights, i8 %weightsT_8_loc, i8 %weightsT_7_loc, i8 %weightsT_6_loc, i8 %weightsT_5_loc, i8 %weightsT_4_loc, i8 %weightsT_3_loc, i8 %weightsT_2_loc, i8 %weightsT_1_loc, i8 %weightsT_loc, i8 %weightsT_10_loc, i8 %weightsT_11_loc, i8 %weightsT_12_loc"   --->   Operation 40 'call' 'targetBlock' <Predicate = true> <Delay = 0.00> <CoreType = "Generic">   --->   Core 0 '' <Latency = 0> <II = 1> <Delay = 1.00> <Generic> <Opcode : >

State 2 <SV = 1> <Delay = 1.58>
ST_2 : Operation 41 [1/2] (1.58ns)   --->   "%call_ln0 = call void @conv2D0_Pipeline_readImg, i8 %img_in, i8 %img_inT_15_loc, i8 %img_inT_14_loc, i8 %img_inT_13_loc, i8 %img_inT_12_loc, i8 %img_inT_11_loc, i8 %img_inT_10_loc, i8 %img_inT_9_loc, i8 %img_inT_8_loc, i8 %img_inT_7_loc, i8 %img_inT_6_loc, i8 %img_inT_5_loc, i8 %img_inT_4_loc, i8 %img_inT_3_loc, i8 %img_inT_2_loc, i8 %img_inT_1_loc, i8 %img_inT_loc"   --->   Operation 41 'call' 'call_ln0' <Predicate = true> <Delay = 1.58> <CoreType = "Generic">   --->   Core 0 '' <Latency = 0> <II = 1> <Delay = 1.00> <Generic> <Opcode : >
ST_2 : Operation 42 [1/2] (1.58ns)   --->   "%targetBlock = call i1 @conv2D0_Pipeline_readweights, i8 %weights, i8 %weightsT_8_loc, i8 %weightsT_7_loc, i8 %weightsT_6_loc, i8 %weightsT_5_loc, i8 %weightsT_4_loc, i8 %weightsT_3_loc, i8 %weightsT_2_loc, i8 %weightsT_1_loc, i8 %weightsT_loc, i8 %weightsT_10_loc, i8 %weightsT_11_loc, i8 %weightsT_12_loc"   --->   Operation 42 'call' 'targetBlock' <Predicate = true> <Delay = 1.58> <CoreType = "Generic">   --->   Core 0 '' <Latency = 0> <II = 1> <Delay = 1.00> <Generic> <Opcode : >

State 3 <SV = 2> <Delay = 4.36>
ST_3 : Operation 43 [1/1] (0.00ns)   --->   "%img_inT_15_loc_load = load i8 %img_inT_15_loc"   --->   Operation 43 'load' 'img_inT_15_loc_load' <Predicate = true> <Delay = 0.00>
ST_3 : Operation 44 [1/1] (0.00ns)   --->   "%img_inT_14_loc_load = load i8 %img_inT_14_loc"   --->   Operation 44 'load' 'img_inT_14_loc_load' <Predicate = true> <Delay = 0.00>
ST_3 : Operation 45 [1/1] (0.00ns)   --->   "%img_inT_13_loc_load = load i8 %img_inT_13_loc"   --->   Operation 45 'load' 'img_inT_13_loc_load' <Predicate = true> <Delay = 0.00>
ST_3 : Operation 46 [1/1] (0.00ns)   --->   "%img_inT_12_loc_load = load i8 %img_inT_12_loc"   --->   Operation 46 'load' 'img_inT_12_loc_load' <Predicate = true> <Delay = 0.00>
ST_3 : Operation 47 [1/1] (0.00ns)   --->   "%img_inT_11_loc_load = load i8 %img_inT_11_loc"   --->   Operation 47 'load' 'img_inT_11_loc_load' <Predicate = true> <Delay = 0.00>
ST_3 : Operation 48 [1/1] (0.00ns)   --->   "%img_inT_10_loc_load = load i8 %img_inT_10_loc"   --->   Operation 48 'load' 'img_inT_10_loc_load' <Predicate = true> <Delay = 0.00>
ST_3 : Operation 49 [1/1] (0.00ns)   --->   "%img_inT_9_loc_load = load i8 %img_inT_9_loc"   --->   Operation 49 'load' 'img_inT_9_loc_load' <Predicate = true> <Delay = 0.00>
ST_3 : Operation 50 [1/1] (0.00ns)   --->   "%img_inT_8_loc_load = load i8 %img_inT_8_loc"   --->   Operation 50 'load' 'img_inT_8_loc_load' <Predicate = true> <Delay = 0.00>
ST_3 : Operation 51 [1/1] (0.00ns)   --->   "%img_inT_7_loc_load = load i8 %img_inT_7_loc"   --->   Operation 51 'load' 'img_inT_7_loc_load' <Predicate = true> <Delay = 0.00>
ST_3 : Operation 52 [1/1] (0.00ns)   --->   "%img_inT_6_loc_load = load i8 %img_inT_6_loc"   --->   Operation 52 'load' 'img_inT_6_loc_load' <Predicate = true> <Delay = 0.00>
ST_3 : Operation 53 [1/1] (0.00ns)   --->   "%img_inT_5_loc_load = load i8 %img_inT_5_loc"   --->   Operation 53 'load' 'img_inT_5_loc_load' <Predicate = true> <Delay = 0.00>
ST_3 : Operation 54 [1/1] (0.00ns)   --->   "%img_inT_4_loc_load = load i8 %img_inT_4_loc"   --->   Operation 54 'load' 'img_inT_4_loc_load' <Predicate = true> <Delay = 0.00>
ST_3 : Operation 55 [1/1] (0.00ns)   --->   "%img_inT_3_loc_load = load i8 %img_inT_3_loc"   --->   Operation 55 'load' 'img_inT_3_loc_load' <Predicate = true> <Delay = 0.00>
ST_3 : Operation 56 [1/1] (0.00ns)   --->   "%img_inT_2_loc_load = load i8 %img_inT_2_loc"   --->   Operation 56 'load' 'img_inT_2_loc_load' <Predicate = true> <Delay = 0.00>
ST_3 : Operation 57 [1/1] (0.00ns)   --->   "%img_inT_1_loc_load = load i8 %img_inT_1_loc"   --->   Operation 57 'load' 'img_inT_1_loc_load' <Predicate = true> <Delay = 0.00>
ST_3 : Operation 58 [1/1] (0.00ns)   --->   "%img_inT_loc_load = load i8 %img_inT_loc"   --->   Operation 58 'load' 'img_inT_loc_load' <Predicate = true> <Delay = 0.00>
ST_3 : Operation 59 [1/1] (0.00ns)   --->   "%weightsT_8_loc_load = load i8 %weightsT_8_loc"   --->   Operation 59 'load' 'weightsT_8_loc_load' <Predicate = (targetBlock)> <Delay = 0.00>
ST_3 : Operation 60 [1/1] (0.00ns)   --->   "%weightsT_7_loc_load = load i8 %weightsT_7_loc"   --->   Operation 60 'load' 'weightsT_7_loc_load' <Predicate = true> <Delay = 0.00>
ST_3 : Operation 61 [1/1] (0.00ns)   --->   "%weightsT_6_loc_load = load i8 %weightsT_6_loc"   --->   Operation 61 'load' 'weightsT_6_loc_load' <Predicate = true> <Delay = 0.00>
ST_3 : Operation 62 [1/1] (0.00ns)   --->   "%weightsT_5_loc_load = load i8 %weightsT_5_loc"   --->   Operation 62 'load' 'weightsT_5_loc_load' <Predicate = true> <Delay = 0.00>
ST_3 : Operation 63 [1/1] (0.00ns)   --->   "%weightsT_4_loc_load = load i8 %weightsT_4_loc"   --->   Operation 63 'load' 'weightsT_4_loc_load' <Predicate = (targetBlock)> <Delay = 0.00>
ST_3 : Operation 64 [1/1] (0.00ns)   --->   "%weightsT_3_loc_load = load i8 %weightsT_3_loc"   --->   Operation 64 'load' 'weightsT_3_loc_load' <Predicate = true> <Delay = 0.00>
ST_3 : Operation 65 [1/1] (0.00ns)   --->   "%weightsT_2_loc_load = load i8 %weightsT_2_loc"   --->   Operation 65 'load' 'weightsT_2_loc_load' <Predicate = true> <Delay = 0.00>
ST_3 : Operation 66 [1/1] (0.00ns)   --->   "%weightsT_1_loc_load = load i8 %weightsT_1_loc"   --->   Operation 66 'load' 'weightsT_1_loc_load' <Predicate = true> <Delay = 0.00>
ST_3 : Operation 67 [1/1] (0.00ns)   --->   "%weightsT_loc_load = load i8 %weightsT_loc"   --->   Operation 67 'load' 'weightsT_loc_load' <Predicate = (targetBlock)> <Delay = 0.00>
ST_3 : Operation 68 [1/1] (0.00ns)   --->   "%weightsT_10_loc_load = load i8 %weightsT_10_loc"   --->   Operation 68 'load' 'weightsT_10_loc_load' <Predicate = (!targetBlock)> <Delay = 0.00>
ST_3 : Operation 69 [1/1] (0.00ns)   --->   "%weightsT_11_loc_load = load i8 %weightsT_11_loc"   --->   Operation 69 'load' 'weightsT_11_loc_load' <Predicate = (!targetBlock)> <Delay = 0.00>
ST_3 : Operation 70 [1/1] (0.00ns)   --->   "%weightsT_12_loc_load = load i8 %weightsT_12_loc"   --->   Operation 70 'load' 'weightsT_12_loc_load' <Predicate = (!targetBlock)> <Delay = 0.00>
ST_3 : Operation 71 [1/1] (1.24ns)   --->   "%select_ln16 = select i1 %targetBlock, i8 %weightsT_8_loc_load, i8 %weightsT_10_loc_load" [conv2D0.cpp:16]   --->   Operation 71 'select' 'select_ln16' <Predicate = true> <Delay = 1.24> <CoreInst = "Sel">   --->   Core 73 'Sel' <Latency = 0> <II = 1> <Delay = 1.24> <FuncUnit> <Opcode : 'select'> <InPorts = 3> <OutPorts = 1>
ST_3 : Operation 72 [1/1] (1.24ns)   --->   "%select_ln16_1 = select i1 %targetBlock, i8 %weightsT_4_loc_load, i8 %weightsT_11_loc_load" [conv2D0.cpp:16]   --->   Operation 72 'select' 'select_ln16_1' <Predicate = true> <Delay = 1.24> <CoreInst = "Sel">   --->   Core 73 'Sel' <Latency = 0> <II = 1> <Delay = 1.24> <FuncUnit> <Opcode : 'select'> <InPorts = 3> <OutPorts = 1>
ST_3 : Operation 73 [1/1] (1.24ns)   --->   "%select_ln16_2 = select i1 %targetBlock, i8 %weightsT_loc_load, i8 %weightsT_12_loc_load" [conv2D0.cpp:16]   --->   Operation 73 'select' 'select_ln16_2' <Predicate = true> <Delay = 1.24> <CoreInst = "Sel">   --->   Core 73 'Sel' <Latency = 0> <II = 1> <Delay = 1.24> <FuncUnit> <Opcode : 'select'> <InPorts = 3> <OutPorts = 1>
ST_3 : Operation 74 [2/2] (3.11ns)   --->   "%call_ln16 = call void @conv2D0_Pipeline_loop_orow_loop_ocol, i8 %img_inT_loc_load, i8 %img_inT_1_loc_load, i8 %img_inT_2_loc_load, i8 %img_inT_3_loc_load, i8 %img_inT_4_loc_load, i8 %img_inT_5_loc_load, i8 %select_ln16_2, i8 %img_inT_6_loc_load, i8 %weightsT_1_loc_load, i8 %img_inT_7_loc_load, i8 %weightsT_2_loc_load, i8 %img_inT_8_loc_load, i8 %img_inT_9_loc_load, i8 %weightsT_3_loc_load, i8 %img_inT_10_loc_load, i8 %select_ln16_1, i8 %img_inT_11_loc_load, i8 %weightsT_5_loc_load, i8 %img_inT_12_loc_load, i8 %img_inT_13_loc_load, i8 %weightsT_6_loc_load, i8 %img_inT_14_loc_load, i8 %weightsT_7_loc_load, i8 %img_inT_15_loc_load, i8 %select_ln16, i8 %img_outT_3_1_loc, i8 %img_outT_2_1_loc, i8 %img_outT_1_1_loc, i8 %img_outT_0_1_loc" [conv2D0.cpp:16]   --->   Operation 74 'call' 'call_ln16' <Predicate = true> <Delay = 3.11> <CoreType = "Generic">   --->   Core 0 '' <Latency = 0> <II = 1> <Delay = 1.00> <Generic> <Opcode : >

State 4 <SV = 3> <Delay = 0.00>
ST_4 : Operation 75 [1/2] (0.00ns)   --->   "%call_ln16 = call void @conv2D0_Pipeline_loop_orow_loop_ocol, i8 %img_inT_loc_load, i8 %img_inT_1_loc_load, i8 %img_inT_2_loc_load, i8 %img_inT_3_loc_load, i8 %img_inT_4_loc_load, i8 %img_inT_5_loc_load, i8 %select_ln16_2, i8 %img_inT_6_loc_load, i8 %weightsT_1_loc_load, i8 %img_inT_7_loc_load, i8 %weightsT_2_loc_load, i8 %img_inT_8_loc_load, i8 %img_inT_9_loc_load, i8 %weightsT_3_loc_load, i8 %img_inT_10_loc_load, i8 %select_ln16_1, i8 %img_inT_11_loc_load, i8 %weightsT_5_loc_load, i8 %img_inT_12_loc_load, i8 %img_inT_13_loc_load, i8 %weightsT_6_loc_load, i8 %img_inT_14_loc_load, i8 %weightsT_7_loc_load, i8 %img_inT_15_loc_load, i8 %select_ln16, i8 %img_outT_3_1_loc, i8 %img_outT_2_1_loc, i8 %img_outT_1_1_loc, i8 %img_outT_0_1_loc" [conv2D0.cpp:16]   --->   Operation 75 'call' 'call_ln16' <Predicate = true> <Delay = 0.00> <CoreType = "Generic">   --->   Core 0 '' <Latency = 0> <II = 1> <Delay = 1.00> <Generic> <Opcode : >

State 5 <SV = 4> <Delay = 4.14>
ST_5 : Operation 76 [1/1] (0.00ns)   --->   "%img_outT_3_1_loc_load = load i8 %img_outT_3_1_loc"   --->   Operation 76 'load' 'img_outT_3_1_loc_load' <Predicate = true> <Delay = 0.00>
ST_5 : Operation 77 [1/1] (0.00ns)   --->   "%img_outT_2_1_loc_load = load i8 %img_outT_2_1_loc"   --->   Operation 77 'load' 'img_outT_2_1_loc_load' <Predicate = true> <Delay = 0.00>
ST_5 : Operation 78 [1/1] (0.00ns)   --->   "%img_outT_1_1_loc_load = load i8 %img_outT_1_1_loc"   --->   Operation 78 'load' 'img_outT_1_1_loc_load' <Predicate = true> <Delay = 0.00>
ST_5 : Operation 79 [1/1] (0.00ns)   --->   "%img_outT_0_1_loc_load = load i8 %img_outT_0_1_loc"   --->   Operation 79 'load' 'img_outT_0_1_loc_load' <Predicate = true> <Delay = 0.00>
ST_5 : Operation 80 [2/2] (4.14ns)   --->   "%call_ln0 = call void @conv2D0_Pipeline_writeImg, i8 %img_outT_0_1_loc_load, i8 %img_outT_1_1_loc_load, i8 %img_outT_2_1_loc_load, i8 %img_outT_3_1_loc_load, i8 %img_out"   --->   Operation 80 'call' 'call_ln0' <Predicate = true> <Delay = 4.14> <CoreType = "Generic">   --->   Core 0 '' <Latency = 0> <II = 1> <Delay = 1.00> <Generic> <Opcode : >

State 6 <SV = 5> <Delay = 0.00>
ST_6 : Operation 81 [1/1] (0.00ns)   --->   "%spectopmodule_ln7 = spectopmodule void @_ssdm_op_SpecTopModule, void @empty_1" [conv2D0.cpp:7]   --->   Operation 81 'spectopmodule' 'spectopmodule_ln7' <Predicate = true> <Delay = 0.00>
ST_6 : Operation 82 [1/1] (0.00ns)   --->   "%specinterface_ln0 = specinterface void @_ssdm_op_SpecInterface, i8 %img_in, void @empty, i32 0, i32 0, void @empty_0, i32 4294967295, i32 0, void @empty_0, void @empty_0, void @empty_0, i32 0, i32 0, i32 0, i32 0, void @empty_0, void @empty_0, i32 4294967295, i32 0"   --->   Operation 82 'specinterface' 'specinterface_ln0' <Predicate = true> <Delay = 0.00>
ST_6 : Operation 83 [1/1] (0.00ns)   --->   "%specbitsmap_ln0 = specbitsmap void @_ssdm_op_SpecBitsMap, i8 %img_in"   --->   Operation 83 'specbitsmap' 'specbitsmap_ln0' <Predicate = true> <Delay = 0.00>
ST_6 : Operation 84 [1/1] (0.00ns)   --->   "%specinterface_ln0 = specinterface void @_ssdm_op_SpecInterface, i8 %img_out, void @empty, i32 0, i32 0, void @empty_0, i32 4294967295, i32 0, void @empty_0, void @empty_0, void @empty_0, i32 0, i32 0, i32 0, i32 0, void @empty_0, void @empty_0, i32 4294967295, i32 0"   --->   Operation 84 'specinterface' 'specinterface_ln0' <Predicate = true> <Delay = 0.00>
ST_6 : Operation 85 [1/1] (0.00ns)   --->   "%specbitsmap_ln0 = specbitsmap void @_ssdm_op_SpecBitsMap, i8 %img_out"   --->   Operation 85 'specbitsmap' 'specbitsmap_ln0' <Predicate = true> <Delay = 0.00>
ST_6 : Operation 86 [1/1] (0.00ns)   --->   "%specinterface_ln0 = specinterface void @_ssdm_op_SpecInterface, i8 %weights, void @empty, i32 0, i32 0, void @empty_0, i32 4294967295, i32 0, void @empty_0, void @empty_0, void @empty_0, i32 0, i32 0, i32 0, i32 0, void @empty_0, void @empty_0, i32 4294967295, i32 0"   --->   Operation 86 'specinterface' 'specinterface_ln0' <Predicate = true> <Delay = 0.00>
ST_6 : Operation 87 [1/1] (0.00ns)   --->   "%specbitsmap_ln0 = specbitsmap void @_ssdm_op_SpecBitsMap, i8 %weights"   --->   Operation 87 'specbitsmap' 'specbitsmap_ln0' <Predicate = true> <Delay = 0.00>
ST_6 : Operation 88 [1/2] (0.00ns)   --->   "%call_ln0 = call void @conv2D0_Pipeline_writeImg, i8 %img_outT_0_1_loc_load, i8 %img_outT_1_1_loc_load, i8 %img_outT_2_1_loc_load, i8 %img_outT_3_1_loc_load, i8 %img_out"   --->   Operation 88 'call' 'call_ln0' <Predicate = true> <Delay = 0.00> <CoreType = "Generic">   --->   Core 0 '' <Latency = 0> <II = 1> <Delay = 1.00> <Generic> <Opcode : >
ST_6 : Operation 89 [1/1] (0.00ns)   --->   "%ret_ln37 = ret" [conv2D0.cpp:37]   --->   Operation 89 'ret' 'ret_ln37' <Predicate = true> <Delay = 0.00>


============================================================
+ Verbose Summary: Binding
============================================================
STG Binding: 
---------------- STG Properties BEGIN ----------------
- Is combinational: 0
- Is one-state seq: 0
- Is datapath-only: 0
- Is pipelined: 0
- Is top level: 1
Port [ Return ] is wired: 1; IO mode=ap_ctrl_hs:ce=0
Port [ img_in]:  wired=1; compound=1; hidden=0; nouse=0; global=0; static=0; extern=0; dir=0; type=1; pingpong=0; private_global=0; MemPort=[11]; IO mode=ap_memory:ce=0
Port [ img_out]:  wired=1; compound=1; hidden=0; nouse=0; global=0; static=0; extern=0; dir=1; type=1; pingpong=0; private_global=0; MemPort=[03]; IO mode=ap_memory:ce=0
Port [ weights]:  wired=1; compound=1; hidden=0; nouse=0; global=0; static=0; extern=0; dir=0; type=1; pingpong=0; private_global=0; MemPort=[11]; IO mode=ap_memory:ce=0
---------------- STG Properties END ------------------

---------------- Datapath Model BEGIN ----------------

<LifeTime>
<method=bitvector/>
img_outT_0_1_loc      (alloca       ) [ 0011110]
img_outT_1_1_loc      (alloca       ) [ 0011110]
img_outT_2_1_loc      (alloca       ) [ 0011110]
img_outT_3_1_loc      (alloca       ) [ 0011110]
weightsT_12_loc       (alloca       ) [ 0111000]
weightsT_11_loc       (alloca       ) [ 0111000]
weightsT_10_loc       (alloca       ) [ 0111000]
weightsT_loc          (alloca       ) [ 0111000]
weightsT_1_loc        (alloca       ) [ 0111000]
weightsT_2_loc        (alloca       ) [ 0111000]
weightsT_3_loc        (alloca       ) [ 0111000]
weightsT_4_loc        (alloca       ) [ 0111000]
weightsT_5_loc        (alloca       ) [ 0111000]
weightsT_6_loc        (alloca       ) [ 0111000]
weightsT_7_loc        (alloca       ) [ 0111000]
weightsT_8_loc        (alloca       ) [ 0111000]
img_inT_loc           (alloca       ) [ 0111000]
img_inT_1_loc         (alloca       ) [ 0111000]
img_inT_2_loc         (alloca       ) [ 0111000]
img_inT_3_loc         (alloca       ) [ 0111000]
img_inT_4_loc         (alloca       ) [ 0111000]
img_inT_5_loc         (alloca       ) [ 0111000]
img_inT_6_loc         (alloca       ) [ 0111000]
img_inT_7_loc         (alloca       ) [ 0111000]
img_inT_8_loc         (alloca       ) [ 0111000]
img_inT_9_loc         (alloca       ) [ 0111000]
img_inT_10_loc        (alloca       ) [ 0111000]
img_inT_11_loc        (alloca       ) [ 0111000]
img_inT_12_loc        (alloca       ) [ 0111000]
img_inT_13_loc        (alloca       ) [ 0111000]
img_inT_14_loc        (alloca       ) [ 0111000]
img_inT_15_loc        (alloca       ) [ 0111000]
call_ln0              (call         ) [ 0000000]
targetBlock           (call         ) [ 0001000]
img_inT_15_loc_load   (load         ) [ 0000100]
img_inT_14_loc_load   (load         ) [ 0000100]
img_inT_13_loc_load   (load         ) [ 0000100]
img_inT_12_loc_load   (load         ) [ 0000100]
img_inT_11_loc_load   (load         ) [ 0000100]
img_inT_10_loc_load   (load         ) [ 0000100]
img_inT_9_loc_load    (load         ) [ 0000100]
img_inT_8_loc_load    (load         ) [ 0000100]
img_inT_7_loc_load    (load         ) [ 0000100]
img_inT_6_loc_load    (load         ) [ 0000100]
img_inT_5_loc_load    (load         ) [ 0000100]
img_inT_4_loc_load    (load         ) [ 0000100]
img_inT_3_loc_load    (load         ) [ 0000100]
img_inT_2_loc_load    (load         ) [ 0000100]
img_inT_1_loc_load    (load         ) [ 0000100]
img_inT_loc_load      (load         ) [ 0000100]
weightsT_8_loc_load   (load         ) [ 0000000]
weightsT_7_loc_load   (load         ) [ 0000100]
weightsT_6_loc_load   (load         ) [ 0000100]
weightsT_5_loc_load   (load         ) [ 0000100]
weightsT_4_loc_load   (load         ) [ 0000000]
weightsT_3_loc_load   (load         ) [ 0000100]
weightsT_2_loc_load   (load         ) [ 0000100]
weightsT_1_loc_load   (load         ) [ 0000100]
weightsT_loc_load     (load         ) [ 0000000]
weightsT_10_loc_load  (load         ) [ 0000000]
weightsT_11_loc_load  (load         ) [ 0000000]
weightsT_12_loc_load  (load         ) [ 0000000]
select_ln16           (select       ) [ 0000100]
select_ln16_1         (select       ) [ 0000100]
select_ln16_2         (select       ) [ 0000100]
call_ln16             (call         ) [ 0000000]
img_outT_3_1_loc_load (load         ) [ 0000001]
img_outT_2_1_loc_load (load         ) [ 0000001]
img_outT_1_1_loc_load (load         ) [ 0000001]
img_outT_0_1_loc_load (load         ) [ 0000001]
spectopmodule_ln7     (spectopmodule) [ 0000000]
specinterface_ln0     (specinterface) [ 0000000]
specbitsmap_ln0       (specbitsmap  ) [ 0000000]
specinterface_ln0     (specinterface) [ 0000000]
specbitsmap_ln0       (specbitsmap  ) [ 0000000]
specinterface_ln0     (specinterface) [ 0000000]
specbitsmap_ln0       (specbitsmap  ) [ 0000000]
call_ln0              (call         ) [ 0000000]
ret_ln37              (ret          ) [ 0000000]
</LifeTime>

<model>

<comp_list>
<comp id="0" class="1000" name="img_in">
<pin_list>
<pin id="1" dir="1" index="0" bw="1" slack="0"/>
</pin_list>
<bind>
<StgValue><ssdm name="img_in"/><MemPortTyVec>1 1 </MemPortTyVec>
</StgValue>
</bind>
</comp>

<comp id="2" class="1000" name="img_out">
<pin_list>
<pin id="3" dir="1" index="0" bw="1" slack="0"/>
</pin_list>
<bind>
<StgValue><ssdm name="img_out"/><MemPortTyVec>0 3 </MemPortTyVec>
</StgValue>
</bind>
</comp>

<comp id="4" class="1000" name="weights">
<pin_list>
<pin id="5" dir="1" index="0" bw="1" slack="0"/>
</pin_list>
<bind>
<StgValue><ssdm name="weights"/><MemPortTyVec>1 1 </MemPortTyVec>
</StgValue>
</bind>
</comp>

<comp id="6" class="1001" name="const_6">
<pin_list>
<pin id="7" dir="1" index="0" bw="1" slack="0"/>
</pin_list>
<bind>
<StgValue><ssdm name=""/></StgValue>
</bind>
</comp>

<comp id="8" class="1001" name="const_8">
<pin_list>
<pin id="9" dir="1" index="0" bw="1" slack="0"/>
</pin_list>
<bind>
<StgValue><ssdm name="conv2D0_Pipeline_readImg"/></StgValue>
</bind>
</comp>

<comp id="10" class="1001" name="const_10">
<pin_list>
<pin id="11" dir="1" index="0" bw="1" slack="0"/>
</pin_list>
<bind>
<StgValue><ssdm name="conv2D0_Pipeline_readweights"/></StgValue>
</bind>
</comp>

<comp id="12" class="1001" name="const_12">
<pin_list>
<pin id="13" dir="1" index="0" bw="1" slack="0"/>
</pin_list>
<bind>
<StgValue><ssdm name="conv2D0_Pipeline_loop_orow_loop_ocol"/></StgValue>
</bind>
</comp>

<comp id="14" class="1001" name="const_14">
<pin_list>
<pin id="15" dir="1" index="0" bw="1" slack="0"/>
</pin_list>
<bind>
<StgValue><ssdm name="conv2D0_Pipeline_writeImg"/></StgValue>
</bind>
</comp>

<comp id="16" class="1001" name="const_16">
<pin_list>
<pin id="17" dir="1" index="0" bw="1" slack="2147483647"/>
</pin_list>
<bind>
<StgValue><ssdm name="_ssdm_op_SpecTopModule"/></StgValue>
</bind>
</comp>

<comp id="18" class="1001" name="const_18">
<pin_list>
<pin id="19" dir="1" index="0" bw="1" slack="2147483647"/>
</pin_list>
<bind>
<StgValue><ssdm name="empty_1"/></StgValue>
</bind>
</comp>

<comp id="20" class="1001" name="const_20">
<pin_list>
<pin id="21" dir="1" index="0" bw="1" slack="2147483647"/>
</pin_list>
<bind>
<StgValue><ssdm name="_ssdm_op_SpecInterface"/></StgValue>
</bind>
</comp>

<comp id="22" class="1001" name="const_22">
<pin_list>
<pin id="23" dir="1" index="0" bw="1" slack="2147483647"/>
</pin_list>
<bind>
<StgValue><ssdm name="empty"/></StgValue>
</bind>
</comp>

<comp id="24" class="1001" name="const_24">
<pin_list>
<pin id="25" dir="1" index="0" bw="1" slack="2147483647"/>
</pin_list>
<bind>
<StgValue><ssdm name=""/></StgValue>
</bind>
</comp>

<comp id="26" class="1001" name="const_26">
<pin_list>
<pin id="27" dir="1" index="0" bw="1" slack="2147483647"/>
</pin_list>
<bind>
<StgValue><ssdm name="empty_0"/></StgValue>
</bind>
</comp>

<comp id="28" class="1001" name="const_28">
<pin_list>
<pin id="29" dir="1" index="0" bw="1" slack="2147483647"/>
</pin_list>
<bind>
<StgValue><ssdm name=""/></StgValue>
</bind>
</comp>

<comp id="30" class="1001" name="const_30">
<pin_list>
<pin id="31" dir="1" index="0" bw="1" slack="2147483647"/>
</pin_list>
<bind>
<StgValue><ssdm name="_ssdm_op_SpecBitsMap"/></StgValue>
</bind>
</comp>

<comp id="32" class="1004" name="img_outT_0_1_loc_fu_32">
<pin_list>
<pin id="33" dir="0" index="0" bw="1" slack="0"/>
<pin id="34" dir="1" index="1" bw="8" slack="2"/>
</pin_list>
<bind>
<opcode="alloca(26) " fcode="alloca"/>
<opset="img_outT_0_1_loc/1 "/>
</bind>
</comp>

<comp id="36" class="1004" name="img_outT_1_1_loc_fu_36">
<pin_list>
<pin id="37" dir="0" index="0" bw="1" slack="0"/>
<pin id="38" dir="1" index="1" bw="8" slack="2"/>
</pin_list>
<bind>
<opcode="alloca(26) " fcode="alloca"/>
<opset="img_outT_1_1_loc/1 "/>
</bind>
</comp>

<comp id="40" class="1004" name="img_outT_2_1_loc_fu_40">
<pin_list>
<pin id="41" dir="0" index="0" bw="1" slack="0"/>
<pin id="42" dir="1" index="1" bw="8" slack="2"/>
</pin_list>
<bind>
<opcode="alloca(26) " fcode="alloca"/>
<opset="img_outT_2_1_loc/1 "/>
</bind>
</comp>

<comp id="44" class="1004" name="img_outT_3_1_loc_fu_44">
<pin_list>
<pin id="45" dir="0" index="0" bw="1" slack="0"/>
<pin id="46" dir="1" index="1" bw="8" slack="2"/>
</pin_list>
<bind>
<opcode="alloca(26) " fcode="alloca"/>
<opset="img_outT_3_1_loc/1 "/>
</bind>
</comp>

<comp id="48" class="1004" name="weightsT_12_loc_fu_48">
<pin_list>
<pin id="49" dir="0" index="0" bw="1" slack="0"/>
<pin id="50" dir="1" index="1" bw="8" slack="0"/>
</pin_list>
<bind>
<opcode="alloca(26) " fcode="alloca"/>
<opset="weightsT_12_loc/1 "/>
</bind>
</comp>

<comp id="52" class="1004" name="weightsT_11_loc_fu_52">
<pin_list>
<pin id="53" dir="0" index="0" bw="1" slack="0"/>
<pin id="54" dir="1" index="1" bw="8" slack="0"/>
</pin_list>
<bind>
<opcode="alloca(26) " fcode="alloca"/>
<opset="weightsT_11_loc/1 "/>
</bind>
</comp>

<comp id="56" class="1004" name="weightsT_10_loc_fu_56">
<pin_list>
<pin id="57" dir="0" index="0" bw="1" slack="0"/>
<pin id="58" dir="1" index="1" bw="8" slack="0"/>
</pin_list>
<bind>
<opcode="alloca(26) " fcode="alloca"/>
<opset="weightsT_10_loc/1 "/>
</bind>
</comp>

<comp id="60" class="1004" name="weightsT_loc_fu_60">
<pin_list>
<pin id="61" dir="0" index="0" bw="1" slack="0"/>
<pin id="62" dir="1" index="1" bw="8" slack="0"/>
</pin_list>
<bind>
<opcode="alloca(26) " fcode="alloca"/>
<opset="weightsT_loc/1 "/>
</bind>
</comp>

<comp id="64" class="1004" name="weightsT_1_loc_fu_64">
<pin_list>
<pin id="65" dir="0" index="0" bw="1" slack="0"/>
<pin id="66" dir="1" index="1" bw="8" slack="0"/>
</pin_list>
<bind>
<opcode="alloca(26) " fcode="alloca"/>
<opset="weightsT_1_loc/1 "/>
</bind>
</comp>

<comp id="68" class="1004" name="weightsT_2_loc_fu_68">
<pin_list>
<pin id="69" dir="0" index="0" bw="1" slack="0"/>
<pin id="70" dir="1" index="1" bw="8" slack="0"/>
</pin_list>
<bind>
<opcode="alloca(26) " fcode="alloca"/>
<opset="weightsT_2_loc/1 "/>
</bind>
</comp>

<comp id="72" class="1004" name="weightsT_3_loc_fu_72">
<pin_list>
<pin id="73" dir="0" index="0" bw="1" slack="0"/>
<pin id="74" dir="1" index="1" bw="8" slack="0"/>
</pin_list>
<bind>
<opcode="alloca(26) " fcode="alloca"/>
<opset="weightsT_3_loc/1 "/>
</bind>
</comp>

<comp id="76" class="1004" name="weightsT_4_loc_fu_76">
<pin_list>
<pin id="77" dir="0" index="0" bw="1" slack="0"/>
<pin id="78" dir="1" index="1" bw="8" slack="0"/>
</pin_list>
<bind>
<opcode="alloca(26) " fcode="alloca"/>
<opset="weightsT_4_loc/1 "/>
</bind>
</comp>

<comp id="80" class="1004" name="weightsT_5_loc_fu_80">
<pin_list>
<pin id="81" dir="0" index="0" bw="1" slack="0"/>
<pin id="82" dir="1" index="1" bw="8" slack="0"/>
</pin_list>
<bind>
<opcode="alloca(26) " fcode="alloca"/>
<opset="weightsT_5_loc/1 "/>
</bind>
</comp>

<comp id="84" class="1004" name="weightsT_6_loc_fu_84">
<pin_list>
<pin id="85" dir="0" index="0" bw="1" slack="0"/>
<pin id="86" dir="1" index="1" bw="8" slack="0"/>
</pin_list>
<bind>
<opcode="alloca(26) " fcode="alloca"/>
<opset="weightsT_6_loc/1 "/>
</bind>
</comp>

<comp id="88" class="1004" name="weightsT_7_loc_fu_88">
<pin_list>
<pin id="89" dir="0" index="0" bw="1" slack="0"/>
<pin id="90" dir="1" index="1" bw="8" slack="0"/>
</pin_list>
<bind>
<opcode="alloca(26) " fcode="alloca"/>
<opset="weightsT_7_loc/1 "/>
</bind>
</comp>

<comp id="92" class="1004" name="weightsT_8_loc_fu_92">
<pin_list>
<pin id="93" dir="0" index="0" bw="1" slack="0"/>
<pin id="94" dir="1" index="1" bw="8" slack="0"/>
</pin_list>
<bind>
<opcode="alloca(26) " fcode="alloca"/>
<opset="weightsT_8_loc/1 "/>
</bind>
</comp>

<comp id="96" class="1004" name="img_inT_loc_fu_96">
<pin_list>
<pin id="97" dir="0" index="0" bw="1" slack="0"/>
<pin id="98" dir="1" index="1" bw="8" slack="0"/>
</pin_list>
<bind>
<opcode="alloca(26) " fcode="alloca"/>
<opset="img_inT_loc/1 "/>
</bind>
</comp>

<comp id="100" class="1004" name="img_inT_1_loc_fu_100">
<pin_list>
<pin id="101" dir="0" index="0" bw="1" slack="0"/>
<pin id="102" dir="1" index="1" bw="8" slack="0"/>
</pin_list>
<bind>
<opcode="alloca(26) " fcode="alloca"/>
<opset="img_inT_1_loc/1 "/>
</bind>
</comp>

<comp id="104" class="1004" name="img_inT_2_loc_fu_104">
<pin_list>
<pin id="105" dir="0" index="0" bw="1" slack="0"/>
<pin id="106" dir="1" index="1" bw="8" slack="0"/>
</pin_list>
<bind>
<opcode="alloca(26) " fcode="alloca"/>
<opset="img_inT_2_loc/1 "/>
</bind>
</comp>

<comp id="108" class="1004" name="img_inT_3_loc_fu_108">
<pin_list>
<pin id="109" dir="0" index="0" bw="1" slack="0"/>
<pin id="110" dir="1" index="1" bw="8" slack="0"/>
</pin_list>
<bind>
<opcode="alloca(26) " fcode="alloca"/>
<opset="img_inT_3_loc/1 "/>
</bind>
</comp>

<comp id="112" class="1004" name="img_inT_4_loc_fu_112">
<pin_list>
<pin id="113" dir="0" index="0" bw="1" slack="0"/>
<pin id="114" dir="1" index="1" bw="8" slack="0"/>
</pin_list>
<bind>
<opcode="alloca(26) " fcode="alloca"/>
<opset="img_inT_4_loc/1 "/>
</bind>
</comp>

<comp id="116" class="1004" name="img_inT_5_loc_fu_116">
<pin_list>
<pin id="117" dir="0" index="0" bw="1" slack="0"/>
<pin id="118" dir="1" index="1" bw="8" slack="0"/>
</pin_list>
<bind>
<opcode="alloca(26) " fcode="alloca"/>
<opset="img_inT_5_loc/1 "/>
</bind>
</comp>

<comp id="120" class="1004" name="img_inT_6_loc_fu_120">
<pin_list>
<pin id="121" dir="0" index="0" bw="1" slack="0"/>
<pin id="122" dir="1" index="1" bw="8" slack="0"/>
</pin_list>
<bind>
<opcode="alloca(26) " fcode="alloca"/>
<opset="img_inT_6_loc/1 "/>
</bind>
</comp>

<comp id="124" class="1004" name="img_inT_7_loc_fu_124">
<pin_list>
<pin id="125" dir="0" index="0" bw="1" slack="0"/>
<pin id="126" dir="1" index="1" bw="8" slack="0"/>
</pin_list>
<bind>
<opcode="alloca(26) " fcode="alloca"/>
<opset="img_inT_7_loc/1 "/>
</bind>
</comp>

<comp id="128" class="1004" name="img_inT_8_loc_fu_128">
<pin_list>
<pin id="129" dir="0" index="0" bw="1" slack="0"/>
<pin id="130" dir="1" index="1" bw="8" slack="0"/>
</pin_list>
<bind>
<opcode="alloca(26) " fcode="alloca"/>
<opset="img_inT_8_loc/1 "/>
</bind>
</comp>

<comp id="132" class="1004" name="img_inT_9_loc_fu_132">
<pin_list>
<pin id="133" dir="0" index="0" bw="1" slack="0"/>
<pin id="134" dir="1" index="1" bw="8" slack="0"/>
</pin_list>
<bind>
<opcode="alloca(26) " fcode="alloca"/>
<opset="img_inT_9_loc/1 "/>
</bind>
</comp>

<comp id="136" class="1004" name="img_inT_10_loc_fu_136">
<pin_list>
<pin id="137" dir="0" index="0" bw="1" slack="0"/>
<pin id="138" dir="1" index="1" bw="8" slack="0"/>
</pin_list>
<bind>
<opcode="alloca(26) " fcode="alloca"/>
<opset="img_inT_10_loc/1 "/>
</bind>
</comp>

<comp id="140" class="1004" name="img_inT_11_loc_fu_140">
<pin_list>
<pin id="141" dir="0" index="0" bw="1" slack="0"/>
<pin id="142" dir="1" index="1" bw="8" slack="0"/>
</pin_list>
<bind>
<opcode="alloca(26) " fcode="alloca"/>
<opset="img_inT_11_loc/1 "/>
</bind>
</comp>

<comp id="144" class="1004" name="img_inT_12_loc_fu_144">
<pin_list>
<pin id="145" dir="0" index="0" bw="1" slack="0"/>
<pin id="146" dir="1" index="1" bw="8" slack="0"/>
</pin_list>
<bind>
<opcode="alloca(26) " fcode="alloca"/>
<opset="img_inT_12_loc/1 "/>
</bind>
</comp>

<comp id="148" class="1004" name="img_inT_13_loc_fu_148">
<pin_list>
<pin id="149" dir="0" index="0" bw="1" slack="0"/>
<pin id="150" dir="1" index="1" bw="8" slack="0"/>
</pin_list>
<bind>
<opcode="alloca(26) " fcode="alloca"/>
<opset="img_inT_13_loc/1 "/>
</bind>
</comp>

<comp id="152" class="1004" name="img_inT_14_loc_fu_152">
<pin_list>
<pin id="153" dir="0" index="0" bw="1" slack="0"/>
<pin id="154" dir="1" index="1" bw="8" slack="0"/>
</pin_list>
<bind>
<opcode="alloca(26) " fcode="alloca"/>
<opset="img_inT_14_loc/1 "/>
</bind>
</comp>

<comp id="156" class="1004" name="img_inT_15_loc_fu_156">
<pin_list>
<pin id="157" dir="0" index="0" bw="1" slack="0"/>
<pin id="158" dir="1" index="1" bw="8" slack="0"/>
</pin_list>
<bind>
<opcode="alloca(26) " fcode="alloca"/>
<opset="img_inT_15_loc/1 "/>
</bind>
</comp>

<comp id="160" class="1004" name="grp_conv2D0_Pipeline_readImg_fu_160">
<pin_list>
<pin id="161" dir="0" index="0" bw="0" slack="0"/>
<pin id="162" dir="0" index="1" bw="8" slack="0"/>
<pin id="163" dir="0" index="2" bw="8" slack="0"/>
<pin id="164" dir="0" index="3" bw="8" slack="0"/>
<pin id="165" dir="0" index="4" bw="8" slack="0"/>
<pin id="166" dir="0" index="5" bw="8" slack="0"/>
<pin id="167" dir="0" index="6" bw="8" slack="0"/>
<pin id="168" dir="0" index="7" bw="8" slack="0"/>
<pin id="169" dir="0" index="8" bw="8" slack="0"/>
<pin id="170" dir="0" index="9" bw="8" slack="0"/>
<pin id="171" dir="0" index="10" bw="8" slack="0"/>
<pin id="172" dir="0" index="11" bw="8" slack="0"/>
<pin id="173" dir="0" index="12" bw="8" slack="0"/>
<pin id="174" dir="0" index="13" bw="8" slack="0"/>
<pin id="175" dir="0" index="14" bw="8" slack="0"/>
<pin id="176" dir="0" index="15" bw="8" slack="0"/>
<pin id="177" dir="0" index="16" bw="8" slack="0"/>
<pin id="178" dir="0" index="17" bw="8" slack="0"/>
<pin id="179" dir="1" index="18" bw="0" slack="2147483647"/>
</pin_list>
<bind>
<opcode="call(48) " fcode="call"/>
<opset="call_ln0/1 "/>
</bind>
</comp>

<comp id="182" class="1004" name="grp_conv2D0_Pipeline_readweights_fu_182">
<pin_list>
<pin id="183" dir="0" index="0" bw="1" slack="0"/>
<pin id="184" dir="0" index="1" bw="8" slack="0"/>
<pin id="185" dir="0" index="2" bw="8" slack="0"/>
<pin id="186" dir="0" index="3" bw="8" slack="0"/>
<pin id="187" dir="0" index="4" bw="8" slack="0"/>
<pin id="188" dir="0" index="5" bw="8" slack="0"/>
<pin id="189" dir="0" index="6" bw="8" slack="0"/>
<pin id="190" dir="0" index="7" bw="8" slack="0"/>
<pin id="191" dir="0" index="8" bw="8" slack="0"/>
<pin id="192" dir="0" index="9" bw="8" slack="0"/>
<pin id="193" dir="0" index="10" bw="8" slack="0"/>
<pin id="194" dir="0" index="11" bw="8" slack="0"/>
<pin id="195" dir="0" index="12" bw="8" slack="0"/>
<pin id="196" dir="0" index="13" bw="8" slack="0"/>
<pin id="197" dir="1" index="14" bw="1" slack="1"/>
</pin_list>
<bind>
<opcode="call(48) " fcode="call"/>
<opset="targetBlock/1 "/>
</bind>
</comp>

<comp id="200" class="1004" name="grp_conv2D0_Pipeline_loop_orow_loop_ocol_fu_200">
<pin_list>
<pin id="201" dir="0" index="0" bw="0" slack="0"/>
<pin id="202" dir="0" index="1" bw="8" slack="0"/>
<pin id="203" dir="0" index="2" bw="8" slack="0"/>
<pin id="204" dir="0" index="3" bw="8" slack="0"/>
<pin id="205" dir="0" index="4" bw="8" slack="0"/>
<pin id="206" dir="0" index="5" bw="8" slack="0"/>
<pin id="207" dir="0" index="6" bw="8" slack="0"/>
<pin id="208" dir="0" index="7" bw="8" slack="0"/>
<pin id="209" dir="0" index="8" bw="8" slack="0"/>
<pin id="210" dir="0" index="9" bw="8" slack="0"/>
<pin id="211" dir="0" index="10" bw="8" slack="0"/>
<pin id="212" dir="0" index="11" bw="8" slack="0"/>
<pin id="213" dir="0" index="12" bw="8" slack="0"/>
<pin id="214" dir="0" index="13" bw="8" slack="0"/>
<pin id="215" dir="0" index="14" bw="8" slack="0"/>
<pin id="216" dir="0" index="15" bw="8" slack="0"/>
<pin id="217" dir="0" index="16" bw="8" slack="0"/>
<pin id="218" dir="0" index="17" bw="8" slack="0"/>
<pin id="219" dir="0" index="18" bw="8" slack="0"/>
<pin id="220" dir="0" index="19" bw="8" slack="0"/>
<pin id="221" dir="0" index="20" bw="8" slack="0"/>
<pin id="222" dir="0" index="21" bw="8" slack="0"/>
<pin id="223" dir="0" index="22" bw="8" slack="0"/>
<pin id="224" dir="0" index="23" bw="8" slack="0"/>
<pin id="225" dir="0" index="24" bw="8" slack="0"/>
<pin id="226" dir="0" index="25" bw="8" slack="0"/>
<pin id="227" dir="0" index="26" bw="8" slack="2"/>
<pin id="228" dir="0" index="27" bw="8" slack="2"/>
<pin id="229" dir="0" index="28" bw="8" slack="2"/>
<pin id="230" dir="0" index="29" bw="8" slack="2"/>
<pin id="231" dir="1" index="30" bw="0" slack="2147483647"/>
</pin_list>
<bind>
<opcode="call(48) " fcode="call"/>
<opset="call_ln16/3 "/>
</bind>
</comp>

<comp id="233" class="1004" name="grp_conv2D0_Pipeline_writeImg_fu_233">
<pin_list>
<pin id="234" dir="0" index="0" bw="0" slack="0"/>
<pin id="235" dir="0" index="1" bw="8" slack="0"/>
<pin id="236" dir="0" index="2" bw="8" slack="0"/>
<pin id="237" dir="0" index="3" bw="8" slack="0"/>
<pin id="238" dir="0" index="4" bw="8" slack="0"/>
<pin id="239" dir="0" index="5" bw="8" slack="0"/>
<pin id="240" dir="1" index="6" bw="0" slack="2147483647"/>
</pin_list>
<bind>
<opcode="call(48) " fcode="call"/>
<opset="call_ln0/5 "/>
</bind>
</comp>

<comp id="243" class="1004" name="img_inT_15_loc_load_load_fu_243">
<pin_list>
<pin id="244" dir="0" index="0" bw="8" slack="2"/>
<pin id="245" dir="1" index="1" bw="8" slack="0"/>
</pin_list>
<bind>
<opcode="load(27) " fcode="load"/>
<opset="img_inT_15_loc_load/3 "/>
</bind>
</comp>

<comp id="247" class="1004" name="img_inT_14_loc_load_load_fu_247">
<pin_list>
<pin id="248" dir="0" index="0" bw="8" slack="2"/>
<pin id="249" dir="1" index="1" bw="8" slack="0"/>
</pin_list>
<bind>
<opcode="load(27) " fcode="load"/>
<opset="img_inT_14_loc_load/3 "/>
</bind>
</comp>

<comp id="251" class="1004" name="img_inT_13_loc_load_load_fu_251">
<pin_list>
<pin id="252" dir="0" index="0" bw="8" slack="2"/>
<pin id="253" dir="1" index="1" bw="8" slack="0"/>
</pin_list>
<bind>
<opcode="load(27) " fcode="load"/>
<opset="img_inT_13_loc_load/3 "/>
</bind>
</comp>

<comp id="255" class="1004" name="img_inT_12_loc_load_load_fu_255">
<pin_list>
<pin id="256" dir="0" index="0" bw="8" slack="2"/>
<pin id="257" dir="1" index="1" bw="8" slack="0"/>
</pin_list>
<bind>
<opcode="load(27) " fcode="load"/>
<opset="img_inT_12_loc_load/3 "/>
</bind>
</comp>

<comp id="259" class="1004" name="img_inT_11_loc_load_load_fu_259">
<pin_list>
<pin id="260" dir="0" index="0" bw="8" slack="2"/>
<pin id="261" dir="1" index="1" bw="8" slack="0"/>
</pin_list>
<bind>
<opcode="load(27) " fcode="load"/>
<opset="img_inT_11_loc_load/3 "/>
</bind>
</comp>

<comp id="263" class="1004" name="img_inT_10_loc_load_load_fu_263">
<pin_list>
<pin id="264" dir="0" index="0" bw="8" slack="2"/>
<pin id="265" dir="1" index="1" bw="8" slack="0"/>
</pin_list>
<bind>
<opcode="load(27) " fcode="load"/>
<opset="img_inT_10_loc_load/3 "/>
</bind>
</comp>

<comp id="267" class="1004" name="img_inT_9_loc_load_load_fu_267">
<pin_list>
<pin id="268" dir="0" index="0" bw="8" slack="2"/>
<pin id="269" dir="1" index="1" bw="8" slack="0"/>
</pin_list>
<bind>
<opcode="load(27) " fcode="load"/>
<opset="img_inT_9_loc_load/3 "/>
</bind>
</comp>

<comp id="271" class="1004" name="img_inT_8_loc_load_load_fu_271">
<pin_list>
<pin id="272" dir="0" index="0" bw="8" slack="2"/>
<pin id="273" dir="1" index="1" bw="8" slack="0"/>
</pin_list>
<bind>
<opcode="load(27) " fcode="load"/>
<opset="img_inT_8_loc_load/3 "/>
</bind>
</comp>

<comp id="275" class="1004" name="img_inT_7_loc_load_load_fu_275">
<pin_list>
<pin id="276" dir="0" index="0" bw="8" slack="2"/>
<pin id="277" dir="1" index="1" bw="8" slack="0"/>
</pin_list>
<bind>
<opcode="load(27) " fcode="load"/>
<opset="img_inT_7_loc_load/3 "/>
</bind>
</comp>

<comp id="279" class="1004" name="img_inT_6_loc_load_load_fu_279">
<pin_list>
<pin id="280" dir="0" index="0" bw="8" slack="2"/>
<pin id="281" dir="1" index="1" bw="8" slack="0"/>
</pin_list>
<bind>
<opcode="load(27) " fcode="load"/>
<opset="img_inT_6_loc_load/3 "/>
</bind>
</comp>

<comp id="283" class="1004" name="img_inT_5_loc_load_load_fu_283">
<pin_list>
<pin id="284" dir="0" index="0" bw="8" slack="2"/>
<pin id="285" dir="1" index="1" bw="8" slack="0"/>
</pin_list>
<bind>
<opcode="load(27) " fcode="load"/>
<opset="img_inT_5_loc_load/3 "/>
</bind>
</comp>

<comp id="287" class="1004" name="img_inT_4_loc_load_load_fu_287">
<pin_list>
<pin id="288" dir="0" index="0" bw="8" slack="2"/>
<pin id="289" dir="1" index="1" bw="8" slack="0"/>
</pin_list>
<bind>
<opcode="load(27) " fcode="load"/>
<opset="img_inT_4_loc_load/3 "/>
</bind>
</comp>

<comp id="291" class="1004" name="img_inT_3_loc_load_load_fu_291">
<pin_list>
<pin id="292" dir="0" index="0" bw="8" slack="2"/>
<pin id="293" dir="1" index="1" bw="8" slack="0"/>
</pin_list>
<bind>
<opcode="load(27) " fcode="load"/>
<opset="img_inT_3_loc_load/3 "/>
</bind>
</comp>

<comp id="295" class="1004" name="img_inT_2_loc_load_load_fu_295">
<pin_list>
<pin id="296" dir="0" index="0" bw="8" slack="2"/>
<pin id="297" dir="1" index="1" bw="8" slack="0"/>
</pin_list>
<bind>
<opcode="load(27) " fcode="load"/>
<opset="img_inT_2_loc_load/3 "/>
</bind>
</comp>

<comp id="299" class="1004" name="img_inT_1_loc_load_load_fu_299">
<pin_list>
<pin id="300" dir="0" index="0" bw="8" slack="2"/>
<pin id="301" dir="1" index="1" bw="8" slack="0"/>
</pin_list>
<bind>
<opcode="load(27) " fcode="load"/>
<opset="img_inT_1_loc_load/3 "/>
</bind>
</comp>

<comp id="303" class="1004" name="img_inT_loc_load_load_fu_303">
<pin_list>
<pin id="304" dir="0" index="0" bw="8" slack="2"/>
<pin id="305" dir="1" index="1" bw="8" slack="0"/>
</pin_list>
<bind>
<opcode="load(27) " fcode="load"/>
<opset="img_inT_loc_load/3 "/>
</bind>
</comp>

<comp id="307" class="1004" name="weightsT_8_loc_load_load_fu_307">
<pin_list>
<pin id="308" dir="0" index="0" bw="8" slack="2"/>
<pin id="309" dir="1" index="1" bw="8" slack="0"/>
</pin_list>
<bind>
<opcode="load(27) " fcode="load"/>
<opset="weightsT_8_loc_load/3 "/>
</bind>
</comp>

<comp id="310" class="1004" name="weightsT_7_loc_load_load_fu_310">
<pin_list>
<pin id="311" dir="0" index="0" bw="8" slack="2"/>
<pin id="312" dir="1" index="1" bw="8" slack="0"/>
</pin_list>
<bind>
<opcode="load(27) " fcode="load"/>
<opset="weightsT_7_loc_load/3 "/>
</bind>
</comp>

<comp id="314" class="1004" name="weightsT_6_loc_load_load_fu_314">
<pin_list>
<pin id="315" dir="0" index="0" bw="8" slack="2"/>
<pin id="316" dir="1" index="1" bw="8" slack="0"/>
</pin_list>
<bind>
<opcode="load(27) " fcode="load"/>
<opset="weightsT_6_loc_load/3 "/>
</bind>
</comp>

<comp id="318" class="1004" name="weightsT_5_loc_load_load_fu_318">
<pin_list>
<pin id="319" dir="0" index="0" bw="8" slack="2"/>
<pin id="320" dir="1" index="1" bw="8" slack="0"/>
</pin_list>
<bind>
<opcode="load(27) " fcode="load"/>
<opset="weightsT_5_loc_load/3 "/>
</bind>
</comp>

<comp id="322" class="1004" name="weightsT_4_loc_load_load_fu_322">
<pin_list>
<pin id="323" dir="0" index="0" bw="8" slack="2"/>
<pin id="324" dir="1" index="1" bw="8" slack="0"/>
</pin_list>
<bind>
<opcode="load(27) " fcode="load"/>
<opset="weightsT_4_loc_load/3 "/>
</bind>
</comp>

<comp id="325" class="1004" name="weightsT_3_loc_load_load_fu_325">
<pin_list>
<pin id="326" dir="0" index="0" bw="8" slack="2"/>
<pin id="327" dir="1" index="1" bw="8" slack="0"/>
</pin_list>
<bind>
<opcode="load(27) " fcode="load"/>
<opset="weightsT_3_loc_load/3 "/>
</bind>
</comp>

<comp id="329" class="1004" name="weightsT_2_loc_load_load_fu_329">
<pin_list>
<pin id="330" dir="0" index="0" bw="8" slack="2"/>
<pin id="331" dir="1" index="1" bw="8" slack="0"/>
</pin_list>
<bind>
<opcode="load(27) " fcode="load"/>
<opset="weightsT_2_loc_load/3 "/>
</bind>
</comp>

<comp id="333" class="1004" name="weightsT_1_loc_load_load_fu_333">
<pin_list>
<pin id="334" dir="0" index="0" bw="8" slack="2"/>
<pin id="335" dir="1" index="1" bw="8" slack="0"/>
</pin_list>
<bind>
<opcode="load(27) " fcode="load"/>
<opset="weightsT_1_loc_load/3 "/>
</bind>
</comp>

<comp id="337" class="1004" name="weightsT_loc_load_load_fu_337">
<pin_list>
<pin id="338" dir="0" index="0" bw="8" slack="2"/>
<pin id="339" dir="1" index="1" bw="8" slack="0"/>
</pin_list>
<bind>
<opcode="load(27) " fcode="load"/>
<opset="weightsT_loc_load/3 "/>
</bind>
</comp>

<comp id="340" class="1004" name="weightsT_10_loc_load_load_fu_340">
<pin_list>
<pin id="341" dir="0" index="0" bw="8" slack="2"/>
<pin id="342" dir="1" index="1" bw="8" slack="0"/>
</pin_list>
<bind>
<opcode="load(27) " fcode="load"/>
<opset="weightsT_10_loc_load/3 "/>
</bind>
</comp>

<comp id="343" class="1004" name="weightsT_11_loc_load_load_fu_343">
<pin_list>
<pin id="344" dir="0" index="0" bw="8" slack="2"/>
<pin id="345" dir="1" index="1" bw="8" slack="0"/>
</pin_list>
<bind>
<opcode="load(27) " fcode="load"/>
<opset="weightsT_11_loc_load/3 "/>
</bind>
</comp>

<comp id="346" class="1004" name="weightsT_12_loc_load_load_fu_346">
<pin_list>
<pin id="347" dir="0" index="0" bw="8" slack="2"/>
<pin id="348" dir="1" index="1" bw="8" slack="0"/>
</pin_list>
<bind>
<opcode="load(27) " fcode="load"/>
<opset="weightsT_12_loc_load/3 "/>
</bind>
</comp>

<comp id="349" class="1004" name="select_ln16_fu_349">
<pin_list>
<pin id="350" dir="0" index="0" bw="1" slack="1"/>
<pin id="351" dir="0" index="1" bw="8" slack="0"/>
<pin id="352" dir="0" index="2" bw="8" slack="0"/>
<pin id="353" dir="1" index="3" bw="8" slack="0"/>
</pin_list>
<bind>
<opcode="select(49) " fcode="select"/>
<opset="select_ln16/3 "/>
</bind>
</comp>

<comp id="357" class="1004" name="select_ln16_1_fu_357">
<pin_list>
<pin id="358" dir="0" index="0" bw="1" slack="1"/>
<pin id="359" dir="0" index="1" bw="8" slack="0"/>
<pin id="360" dir="0" index="2" bw="8" slack="0"/>
<pin id="361" dir="1" index="3" bw="8" slack="0"/>
</pin_list>
<bind>
<opcode="select(49) " fcode="select"/>
<opset="select_ln16_1/3 "/>
</bind>
</comp>

<comp id="365" class="1004" name="select_ln16_2_fu_365">
<pin_list>
<pin id="366" dir="0" index="0" bw="1" slack="1"/>
<pin id="367" dir="0" index="1" bw="8" slack="0"/>
<pin id="368" dir="0" index="2" bw="8" slack="0"/>
<pin id="369" dir="1" index="3" bw="8" slack="0"/>
</pin_list>
<bind>
<opcode="select(49) " fcode="select"/>
<opset="select_ln16_2/3 "/>
</bind>
</comp>

<comp id="373" class="1004" name="img_outT_3_1_loc_load_load_fu_373">
<pin_list>
<pin id="374" dir="0" index="0" bw="8" slack="4"/>
<pin id="375" dir="1" index="1" bw="8" slack="0"/>
</pin_list>
<bind>
<opcode="load(27) " fcode="load"/>
<opset="img_outT_3_1_loc_load/5 "/>
</bind>
</comp>

<comp id="377" class="1004" name="img_outT_2_1_loc_load_load_fu_377">
<pin_list>
<pin id="378" dir="0" index="0" bw="8" slack="4"/>
<pin id="379" dir="1" index="1" bw="8" slack="0"/>
</pin_list>
<bind>
<opcode="load(27) " fcode="load"/>
<opset="img_outT_2_1_loc_load/5 "/>
</bind>
</comp>

<comp id="381" class="1004" name="img_outT_1_1_loc_load_load_fu_381">
<pin_list>
<pin id="382" dir="0" index="0" bw="8" slack="4"/>
<pin id="383" dir="1" index="1" bw="8" slack="0"/>
</pin_list>
<bind>
<opcode="load(27) " fcode="load"/>
<opset="img_outT_1_1_loc_load/5 "/>
</bind>
</comp>

<comp id="385" class="1004" name="img_outT_0_1_loc_load_load_fu_385">
<pin_list>
<pin id="386" dir="0" index="0" bw="8" slack="4"/>
<pin id="387" dir="1" index="1" bw="8" slack="0"/>
</pin_list>
<bind>
<opcode="load(27) " fcode="load"/>
<opset="img_outT_0_1_loc_load/5 "/>
</bind>
</comp>

<comp id="389" class="1005" name="img_outT_0_1_loc_reg_389">
<pin_list>
<pin id="390" dir="0" index="0" bw="8" slack="2"/>
<pin id="391" dir="1" index="1" bw="8" slack="2"/>
</pin_list>
<bind>
<opset="img_outT_0_1_loc "/>
</bind>
</comp>

<comp id="395" class="1005" name="img_outT_1_1_loc_reg_395">
<pin_list>
<pin id="396" dir="0" index="0" bw="8" slack="2"/>
<pin id="397" dir="1" index="1" bw="8" slack="2"/>
</pin_list>
<bind>
<opset="img_outT_1_1_loc "/>
</bind>
</comp>

<comp id="401" class="1005" name="img_outT_2_1_loc_reg_401">
<pin_list>
<pin id="402" dir="0" index="0" bw="8" slack="2"/>
<pin id="403" dir="1" index="1" bw="8" slack="2"/>
</pin_list>
<bind>
<opset="img_outT_2_1_loc "/>
</bind>
</comp>

<comp id="407" class="1005" name="img_outT_3_1_loc_reg_407">
<pin_list>
<pin id="408" dir="0" index="0" bw="8" slack="2"/>
<pin id="409" dir="1" index="1" bw="8" slack="2"/>
</pin_list>
<bind>
<opset="img_outT_3_1_loc "/>
</bind>
</comp>

<comp id="413" class="1005" name="weightsT_12_loc_reg_413">
<pin_list>
<pin id="414" dir="0" index="0" bw="8" slack="0"/>
<pin id="415" dir="1" index="1" bw="8" slack="0"/>
</pin_list>
<bind>
<opset="weightsT_12_loc "/>
</bind>
</comp>

<comp id="419" class="1005" name="weightsT_11_loc_reg_419">
<pin_list>
<pin id="420" dir="0" index="0" bw="8" slack="0"/>
<pin id="421" dir="1" index="1" bw="8" slack="0"/>
</pin_list>
<bind>
<opset="weightsT_11_loc "/>
</bind>
</comp>

<comp id="425" class="1005" name="weightsT_10_loc_reg_425">
<pin_list>
<pin id="426" dir="0" index="0" bw="8" slack="0"/>
<pin id="427" dir="1" index="1" bw="8" slack="0"/>
</pin_list>
<bind>
<opset="weightsT_10_loc "/>
</bind>
</comp>

<comp id="431" class="1005" name="weightsT_loc_reg_431">
<pin_list>
<pin id="432" dir="0" index="0" bw="8" slack="0"/>
<pin id="433" dir="1" index="1" bw="8" slack="0"/>
</pin_list>
<bind>
<opset="weightsT_loc "/>
</bind>
</comp>

<comp id="437" class="1005" name="weightsT_1_loc_reg_437">
<pin_list>
<pin id="438" dir="0" index="0" bw="8" slack="0"/>
<pin id="439" dir="1" index="1" bw="8" slack="0"/>
</pin_list>
<bind>
<opset="weightsT_1_loc "/>
</bind>
</comp>

<comp id="443" class="1005" name="weightsT_2_loc_reg_443">
<pin_list>
<pin id="444" dir="0" index="0" bw="8" slack="0"/>
<pin id="445" dir="1" index="1" bw="8" slack="0"/>
</pin_list>
<bind>
<opset="weightsT_2_loc "/>
</bind>
</comp>

<comp id="449" class="1005" name="weightsT_3_loc_reg_449">
<pin_list>
<pin id="450" dir="0" index="0" bw="8" slack="0"/>
<pin id="451" dir="1" index="1" bw="8" slack="0"/>
</pin_list>
<bind>
<opset="weightsT_3_loc "/>
</bind>
</comp>

<comp id="455" class="1005" name="weightsT_4_loc_reg_455">
<pin_list>
<pin id="456" dir="0" index="0" bw="8" slack="0"/>
<pin id="457" dir="1" index="1" bw="8" slack="0"/>
</pin_list>
<bind>
<opset="weightsT_4_loc "/>
</bind>
</comp>

<comp id="461" class="1005" name="weightsT_5_loc_reg_461">
<pin_list>
<pin id="462" dir="0" index="0" bw="8" slack="0"/>
<pin id="463" dir="1" index="1" bw="8" slack="0"/>
</pin_list>
<bind>
<opset="weightsT_5_loc "/>
</bind>
</comp>

<comp id="467" class="1005" name="weightsT_6_loc_reg_467">
<pin_list>
<pin id="468" dir="0" index="0" bw="8" slack="0"/>
<pin id="469" dir="1" index="1" bw="8" slack="0"/>
</pin_list>
<bind>
<opset="weightsT_6_loc "/>
</bind>
</comp>

<comp id="473" class="1005" name="weightsT_7_loc_reg_473">
<pin_list>
<pin id="474" dir="0" index="0" bw="8" slack="0"/>
<pin id="475" dir="1" index="1" bw="8" slack="0"/>
</pin_list>
<bind>
<opset="weightsT_7_loc "/>
</bind>
</comp>

<comp id="479" class="1005" name="weightsT_8_loc_reg_479">
<pin_list>
<pin id="480" dir="0" index="0" bw="8" slack="0"/>
<pin id="481" dir="1" index="1" bw="8" slack="0"/>
</pin_list>
<bind>
<opset="weightsT_8_loc "/>
</bind>
</comp>

<comp id="485" class="1005" name="img_inT_loc_reg_485">
<pin_list>
<pin id="486" dir="0" index="0" bw="8" slack="0"/>
<pin id="487" dir="1" index="1" bw="8" slack="0"/>
</pin_list>
<bind>
<opset="img_inT_loc "/>
</bind>
</comp>

<comp id="491" class="1005" name="img_inT_1_loc_reg_491">
<pin_list>
<pin id="492" dir="0" index="0" bw="8" slack="0"/>
<pin id="493" dir="1" index="1" bw="8" slack="0"/>
</pin_list>
<bind>
<opset="img_inT_1_loc "/>
</bind>
</comp>

<comp id="497" class="1005" name="img_inT_2_loc_reg_497">
<pin_list>
<pin id="498" dir="0" index="0" bw="8" slack="0"/>
<pin id="499" dir="1" index="1" bw="8" slack="0"/>
</pin_list>
<bind>
<opset="img_inT_2_loc "/>
</bind>
</comp>

<comp id="503" class="1005" name="img_inT_3_loc_reg_503">
<pin_list>
<pin id="504" dir="0" index="0" bw="8" slack="0"/>
<pin id="505" dir="1" index="1" bw="8" slack="0"/>
</pin_list>
<bind>
<opset="img_inT_3_loc "/>
</bind>
</comp>

<comp id="509" class="1005" name="img_inT_4_loc_reg_509">
<pin_list>
<pin id="510" dir="0" index="0" bw="8" slack="0"/>
<pin id="511" dir="1" index="1" bw="8" slack="0"/>
</pin_list>
<bind>
<opset="img_inT_4_loc "/>
</bind>
</comp>

<comp id="515" class="1005" name="img_inT_5_loc_reg_515">
<pin_list>
<pin id="516" dir="0" index="0" bw="8" slack="0"/>
<pin id="517" dir="1" index="1" bw="8" slack="0"/>
</pin_list>
<bind>
<opset="img_inT_5_loc "/>
</bind>
</comp>

<comp id="521" class="1005" name="img_inT_6_loc_reg_521">
<pin_list>
<pin id="522" dir="0" index="0" bw="8" slack="0"/>
<pin id="523" dir="1" index="1" bw="8" slack="0"/>
</pin_list>
<bind>
<opset="img_inT_6_loc "/>
</bind>
</comp>

<comp id="527" class="1005" name="img_inT_7_loc_reg_527">
<pin_list>
<pin id="528" dir="0" index="0" bw="8" slack="0"/>
<pin id="529" dir="1" index="1" bw="8" slack="0"/>
</pin_list>
<bind>
<opset="img_inT_7_loc "/>
</bind>
</comp>

<comp id="533" class="1005" name="img_inT_8_loc_reg_533">
<pin_list>
<pin id="534" dir="0" index="0" bw="8" slack="0"/>
<pin id="535" dir="1" index="1" bw="8" slack="0"/>
</pin_list>
<bind>
<opset="img_inT_8_loc "/>
</bind>
</comp>

<comp id="539" class="1005" name="img_inT_9_loc_reg_539">
<pin_list>
<pin id="540" dir="0" index="0" bw="8" slack="0"/>
<pin id="541" dir="1" index="1" bw="8" slack="0"/>
</pin_list>
<bind>
<opset="img_inT_9_loc "/>
</bind>
</comp>

<comp id="545" class="1005" name="img_inT_10_loc_reg_545">
<pin_list>
<pin id="546" dir="0" index="0" bw="8" slack="0"/>
<pin id="547" dir="1" index="1" bw="8" slack="0"/>
</pin_list>
<bind>
<opset="img_inT_10_loc "/>
</bind>
</comp>

<comp id="551" class="1005" name="img_inT_11_loc_reg_551">
<pin_list>
<pin id="552" dir="0" index="0" bw="8" slack="0"/>
<pin id="553" dir="1" index="1" bw="8" slack="0"/>
</pin_list>
<bind>
<opset="img_inT_11_loc "/>
</bind>
</comp>

<comp id="557" class="1005" name="img_inT_12_loc_reg_557">
<pin_list>
<pin id="558" dir="0" index="0" bw="8" slack="0"/>
<pin id="559" dir="1" index="1" bw="8" slack="0"/>
</pin_list>
<bind>
<opset="img_inT_12_loc "/>
</bind>
</comp>

<comp id="563" class="1005" name="img_inT_13_loc_reg_563">
<pin_list>
<pin id="564" dir="0" index="0" bw="8" slack="0"/>
<pin id="565" dir="1" index="1" bw="8" slack="0"/>
</pin_list>
<bind>
<opset="img_inT_13_loc "/>
</bind>
</comp>

<comp id="569" class="1005" name="img_inT_14_loc_reg_569">
<pin_list>
<pin id="570" dir="0" index="0" bw="8" slack="0"/>
<pin id="571" dir="1" index="1" bw="8" slack="0"/>
</pin_list>
<bind>
<opset="img_inT_14_loc "/>
</bind>
</comp>

<comp id="575" class="1005" name="img_inT_15_loc_reg_575">
<pin_list>
<pin id="576" dir="0" index="0" bw="8" slack="0"/>
<pin id="577" dir="1" index="1" bw="8" slack="0"/>
</pin_list>
<bind>
<opset="img_inT_15_loc "/>
</bind>
</comp>

<comp id="581" class="1005" name="targetBlock_reg_581">
<pin_list>
<pin id="582" dir="0" index="0" bw="1" slack="1"/>
<pin id="583" dir="1" index="1" bw="1" slack="1"/>
</pin_list>
<bind>
<opset="targetBlock "/>
</bind>
</comp>

<comp id="654" class="1005" name="select_ln16_reg_654">
<pin_list>
<pin id="655" dir="0" index="0" bw="8" slack="1"/>
<pin id="656" dir="1" index="1" bw="8" slack="1"/>
</pin_list>
<bind>
<opset="select_ln16 "/>
</bind>
</comp>

<comp id="659" class="1005" name="select_ln16_1_reg_659">
<pin_list>
<pin id="660" dir="0" index="0" bw="8" slack="1"/>
<pin id="661" dir="1" index="1" bw="8" slack="1"/>
</pin_list>
<bind>
<opset="select_ln16_1 "/>
</bind>
</comp>

<comp id="664" class="1005" name="select_ln16_2_reg_664">
<pin_list>
<pin id="665" dir="0" index="0" bw="8" slack="1"/>
<pin id="666" dir="1" index="1" bw="8" slack="1"/>
</pin_list>
<bind>
<opset="select_ln16_2 "/>
</bind>
</comp>

</comp_list>

<net_list>
<net id="35"><net_src comp="6" pin="0"/><net_sink comp="32" pin=0"/></net>

<net id="39"><net_src comp="6" pin="0"/><net_sink comp="36" pin=0"/></net>

<net id="43"><net_src comp="6" pin="0"/><net_sink comp="40" pin=0"/></net>

<net id="47"><net_src comp="6" pin="0"/><net_sink comp="44" pin=0"/></net>

<net id="51"><net_src comp="6" pin="0"/><net_sink comp="48" pin=0"/></net>

<net id="55"><net_src comp="6" pin="0"/><net_sink comp="52" pin=0"/></net>

<net id="59"><net_src comp="6" pin="0"/><net_sink comp="56" pin=0"/></net>

<net id="63"><net_src comp="6" pin="0"/><net_sink comp="60" pin=0"/></net>

<net id="67"><net_src comp="6" pin="0"/><net_sink comp="64" pin=0"/></net>

<net id="71"><net_src comp="6" pin="0"/><net_sink comp="68" pin=0"/></net>

<net id="75"><net_src comp="6" pin="0"/><net_sink comp="72" pin=0"/></net>

<net id="79"><net_src comp="6" pin="0"/><net_sink comp="76" pin=0"/></net>

<net id="83"><net_src comp="6" pin="0"/><net_sink comp="80" pin=0"/></net>

<net id="87"><net_src comp="6" pin="0"/><net_sink comp="84" pin=0"/></net>

<net id="91"><net_src comp="6" pin="0"/><net_sink comp="88" pin=0"/></net>

<net id="95"><net_src comp="6" pin="0"/><net_sink comp="92" pin=0"/></net>

<net id="99"><net_src comp="6" pin="0"/><net_sink comp="96" pin=0"/></net>

<net id="103"><net_src comp="6" pin="0"/><net_sink comp="100" pin=0"/></net>

<net id="107"><net_src comp="6" pin="0"/><net_sink comp="104" pin=0"/></net>

<net id="111"><net_src comp="6" pin="0"/><net_sink comp="108" pin=0"/></net>

<net id="115"><net_src comp="6" pin="0"/><net_sink comp="112" pin=0"/></net>

<net id="119"><net_src comp="6" pin="0"/><net_sink comp="116" pin=0"/></net>

<net id="123"><net_src comp="6" pin="0"/><net_sink comp="120" pin=0"/></net>

<net id="127"><net_src comp="6" pin="0"/><net_sink comp="124" pin=0"/></net>

<net id="131"><net_src comp="6" pin="0"/><net_sink comp="128" pin=0"/></net>

<net id="135"><net_src comp="6" pin="0"/><net_sink comp="132" pin=0"/></net>

<net id="139"><net_src comp="6" pin="0"/><net_sink comp="136" pin=0"/></net>

<net id="143"><net_src comp="6" pin="0"/><net_sink comp="140" pin=0"/></net>

<net id="147"><net_src comp="6" pin="0"/><net_sink comp="144" pin=0"/></net>

<net id="151"><net_src comp="6" pin="0"/><net_sink comp="148" pin=0"/></net>

<net id="155"><net_src comp="6" pin="0"/><net_sink comp="152" pin=0"/></net>

<net id="159"><net_src comp="6" pin="0"/><net_sink comp="156" pin=0"/></net>

<net id="180"><net_src comp="8" pin="0"/><net_sink comp="160" pin=0"/></net>

<net id="181"><net_src comp="0" pin="0"/><net_sink comp="160" pin=1"/></net>

<net id="198"><net_src comp="10" pin="0"/><net_sink comp="182" pin=0"/></net>

<net id="199"><net_src comp="4" pin="0"/><net_sink comp="182" pin=1"/></net>

<net id="232"><net_src comp="12" pin="0"/><net_sink comp="200" pin=0"/></net>

<net id="241"><net_src comp="14" pin="0"/><net_sink comp="233" pin=0"/></net>

<net id="242"><net_src comp="2" pin="0"/><net_sink comp="233" pin=5"/></net>

<net id="246"><net_src comp="243" pin="1"/><net_sink comp="200" pin=24"/></net>

<net id="250"><net_src comp="247" pin="1"/><net_sink comp="200" pin=22"/></net>

<net id="254"><net_src comp="251" pin="1"/><net_sink comp="200" pin=20"/></net>

<net id="258"><net_src comp="255" pin="1"/><net_sink comp="200" pin=19"/></net>

<net id="262"><net_src comp="259" pin="1"/><net_sink comp="200" pin=17"/></net>

<net id="266"><net_src comp="263" pin="1"/><net_sink comp="200" pin=15"/></net>

<net id="270"><net_src comp="267" pin="1"/><net_sink comp="200" pin=13"/></net>

<net id="274"><net_src comp="271" pin="1"/><net_sink comp="200" pin=12"/></net>

<net id="278"><net_src comp="275" pin="1"/><net_sink comp="200" pin=10"/></net>

<net id="282"><net_src comp="279" pin="1"/><net_sink comp="200" pin=8"/></net>

<net id="286"><net_src comp="283" pin="1"/><net_sink comp="200" pin=6"/></net>

<net id="290"><net_src comp="287" pin="1"/><net_sink comp="200" pin=5"/></net>

<net id="294"><net_src comp="291" pin="1"/><net_sink comp="200" pin=4"/></net>

<net id="298"><net_src comp="295" pin="1"/><net_sink comp="200" pin=3"/></net>

<net id="302"><net_src comp="299" pin="1"/><net_sink comp="200" pin=2"/></net>

<net id="306"><net_src comp="303" pin="1"/><net_sink comp="200" pin=1"/></net>

<net id="313"><net_src comp="310" pin="1"/><net_sink comp="200" pin=23"/></net>

<net id="317"><net_src comp="314" pin="1"/><net_sink comp="200" pin=21"/></net>

<net id="321"><net_src comp="318" pin="1"/><net_sink comp="200" pin=18"/></net>

<net id="328"><net_src comp="325" pin="1"/><net_sink comp="200" pin=14"/></net>

<net id="332"><net_src comp="329" pin="1"/><net_sink comp="200" pin=11"/></net>

<net id="336"><net_src comp="333" pin="1"/><net_sink comp="200" pin=9"/></net>

<net id="354"><net_src comp="307" pin="1"/><net_sink comp="349" pin=1"/></net>

<net id="355"><net_src comp="340" pin="1"/><net_sink comp="349" pin=2"/></net>

<net id="356"><net_src comp="349" pin="3"/><net_sink comp="200" pin=25"/></net>

<net id="362"><net_src comp="322" pin="1"/><net_sink comp="357" pin=1"/></net>

<net id="363"><net_src comp="343" pin="1"/><net_sink comp="357" pin=2"/></net>

<net id="364"><net_src comp="357" pin="3"/><net_sink comp="200" pin=16"/></net>

<net id="370"><net_src comp="337" pin="1"/><net_sink comp="365" pin=1"/></net>

<net id="371"><net_src comp="346" pin="1"/><net_sink comp="365" pin=2"/></net>

<net id="372"><net_src comp="365" pin="3"/><net_sink comp="200" pin=7"/></net>

<net id="376"><net_src comp="373" pin="1"/><net_sink comp="233" pin=4"/></net>

<net id="380"><net_src comp="377" pin="1"/><net_sink comp="233" pin=3"/></net>

<net id="384"><net_src comp="381" pin="1"/><net_sink comp="233" pin=2"/></net>

<net id="388"><net_src comp="385" pin="1"/><net_sink comp="233" pin=1"/></net>

<net id="392"><net_src comp="32" pin="1"/><net_sink comp="389" pin=0"/></net>

<net id="393"><net_src comp="389" pin="1"/><net_sink comp="200" pin=29"/></net>

<net id="394"><net_src comp="389" pin="1"/><net_sink comp="385" pin=0"/></net>

<net id="398"><net_src comp="36" pin="1"/><net_sink comp="395" pin=0"/></net>

<net id="399"><net_src comp="395" pin="1"/><net_sink comp="200" pin=28"/></net>

<net id="400"><net_src comp="395" pin="1"/><net_sink comp="381" pin=0"/></net>

<net id="404"><net_src comp="40" pin="1"/><net_sink comp="401" pin=0"/></net>

<net id="405"><net_src comp="401" pin="1"/><net_sink comp="200" pin=27"/></net>

<net id="406"><net_src comp="401" pin="1"/><net_sink comp="377" pin=0"/></net>

<net id="410"><net_src comp="44" pin="1"/><net_sink comp="407" pin=0"/></net>

<net id="411"><net_src comp="407" pin="1"/><net_sink comp="200" pin=26"/></net>

<net id="412"><net_src comp="407" pin="1"/><net_sink comp="373" pin=0"/></net>

<net id="416"><net_src comp="48" pin="1"/><net_sink comp="413" pin=0"/></net>

<net id="417"><net_src comp="413" pin="1"/><net_sink comp="182" pin=13"/></net>

<net id="418"><net_src comp="413" pin="1"/><net_sink comp="346" pin=0"/></net>

<net id="422"><net_src comp="52" pin="1"/><net_sink comp="419" pin=0"/></net>

<net id="423"><net_src comp="419" pin="1"/><net_sink comp="182" pin=12"/></net>

<net id="424"><net_src comp="419" pin="1"/><net_sink comp="343" pin=0"/></net>

<net id="428"><net_src comp="56" pin="1"/><net_sink comp="425" pin=0"/></net>

<net id="429"><net_src comp="425" pin="1"/><net_sink comp="182" pin=11"/></net>

<net id="430"><net_src comp="425" pin="1"/><net_sink comp="340" pin=0"/></net>

<net id="434"><net_src comp="60" pin="1"/><net_sink comp="431" pin=0"/></net>

<net id="435"><net_src comp="431" pin="1"/><net_sink comp="182" pin=10"/></net>

<net id="436"><net_src comp="431" pin="1"/><net_sink comp="337" pin=0"/></net>

<net id="440"><net_src comp="64" pin="1"/><net_sink comp="437" pin=0"/></net>

<net id="441"><net_src comp="437" pin="1"/><net_sink comp="182" pin=9"/></net>

<net id="442"><net_src comp="437" pin="1"/><net_sink comp="333" pin=0"/></net>

<net id="446"><net_src comp="68" pin="1"/><net_sink comp="443" pin=0"/></net>

<net id="447"><net_src comp="443" pin="1"/><net_sink comp="182" pin=8"/></net>

<net id="448"><net_src comp="443" pin="1"/><net_sink comp="329" pin=0"/></net>

<net id="452"><net_src comp="72" pin="1"/><net_sink comp="449" pin=0"/></net>

<net id="453"><net_src comp="449" pin="1"/><net_sink comp="182" pin=7"/></net>

<net id="454"><net_src comp="449" pin="1"/><net_sink comp="325" pin=0"/></net>

<net id="458"><net_src comp="76" pin="1"/><net_sink comp="455" pin=0"/></net>

<net id="459"><net_src comp="455" pin="1"/><net_sink comp="182" pin=6"/></net>

<net id="460"><net_src comp="455" pin="1"/><net_sink comp="322" pin=0"/></net>

<net id="464"><net_src comp="80" pin="1"/><net_sink comp="461" pin=0"/></net>

<net id="465"><net_src comp="461" pin="1"/><net_sink comp="182" pin=5"/></net>

<net id="466"><net_src comp="461" pin="1"/><net_sink comp="318" pin=0"/></net>

<net id="470"><net_src comp="84" pin="1"/><net_sink comp="467" pin=0"/></net>

<net id="471"><net_src comp="467" pin="1"/><net_sink comp="182" pin=4"/></net>

<net id="472"><net_src comp="467" pin="1"/><net_sink comp="314" pin=0"/></net>

<net id="476"><net_src comp="88" pin="1"/><net_sink comp="473" pin=0"/></net>

<net id="477"><net_src comp="473" pin="1"/><net_sink comp="182" pin=3"/></net>

<net id="478"><net_src comp="473" pin="1"/><net_sink comp="310" pin=0"/></net>

<net id="482"><net_src comp="92" pin="1"/><net_sink comp="479" pin=0"/></net>

<net id="483"><net_src comp="479" pin="1"/><net_sink comp="182" pin=2"/></net>

<net id="484"><net_src comp="479" pin="1"/><net_sink comp="307" pin=0"/></net>

<net id="488"><net_src comp="96" pin="1"/><net_sink comp="485" pin=0"/></net>

<net id="489"><net_src comp="485" pin="1"/><net_sink comp="160" pin=17"/></net>

<net id="490"><net_src comp="485" pin="1"/><net_sink comp="303" pin=0"/></net>

<net id="494"><net_src comp="100" pin="1"/><net_sink comp="491" pin=0"/></net>

<net id="495"><net_src comp="491" pin="1"/><net_sink comp="160" pin=16"/></net>

<net id="496"><net_src comp="491" pin="1"/><net_sink comp="299" pin=0"/></net>

<net id="500"><net_src comp="104" pin="1"/><net_sink comp="497" pin=0"/></net>

<net id="501"><net_src comp="497" pin="1"/><net_sink comp="160" pin=15"/></net>

<net id="502"><net_src comp="497" pin="1"/><net_sink comp="295" pin=0"/></net>

<net id="506"><net_src comp="108" pin="1"/><net_sink comp="503" pin=0"/></net>

<net id="507"><net_src comp="503" pin="1"/><net_sink comp="160" pin=14"/></net>

<net id="508"><net_src comp="503" pin="1"/><net_sink comp="291" pin=0"/></net>

<net id="512"><net_src comp="112" pin="1"/><net_sink comp="509" pin=0"/></net>

<net id="513"><net_src comp="509" pin="1"/><net_sink comp="160" pin=13"/></net>

<net id="514"><net_src comp="509" pin="1"/><net_sink comp="287" pin=0"/></net>

<net id="518"><net_src comp="116" pin="1"/><net_sink comp="515" pin=0"/></net>

<net id="519"><net_src comp="515" pin="1"/><net_sink comp="160" pin=12"/></net>

<net id="520"><net_src comp="515" pin="1"/><net_sink comp="283" pin=0"/></net>

<net id="524"><net_src comp="120" pin="1"/><net_sink comp="521" pin=0"/></net>

<net id="525"><net_src comp="521" pin="1"/><net_sink comp="160" pin=11"/></net>

<net id="526"><net_src comp="521" pin="1"/><net_sink comp="279" pin=0"/></net>

<net id="530"><net_src comp="124" pin="1"/><net_sink comp="527" pin=0"/></net>

<net id="531"><net_src comp="527" pin="1"/><net_sink comp="160" pin=10"/></net>

<net id="532"><net_src comp="527" pin="1"/><net_sink comp="275" pin=0"/></net>

<net id="536"><net_src comp="128" pin="1"/><net_sink comp="533" pin=0"/></net>

<net id="537"><net_src comp="533" pin="1"/><net_sink comp="160" pin=9"/></net>

<net id="538"><net_src comp="533" pin="1"/><net_sink comp="271" pin=0"/></net>

<net id="542"><net_src comp="132" pin="1"/><net_sink comp="539" pin=0"/></net>

<net id="543"><net_src comp="539" pin="1"/><net_sink comp="160" pin=8"/></net>

<net id="544"><net_src comp="539" pin="1"/><net_sink comp="267" pin=0"/></net>

<net id="548"><net_src comp="136" pin="1"/><net_sink comp="545" pin=0"/></net>

<net id="549"><net_src comp="545" pin="1"/><net_sink comp="160" pin=7"/></net>

<net id="550"><net_src comp="545" pin="1"/><net_sink comp="263" pin=0"/></net>

<net id="554"><net_src comp="140" pin="1"/><net_sink comp="551" pin=0"/></net>

<net id="555"><net_src comp="551" pin="1"/><net_sink comp="160" pin=6"/></net>

<net id="556"><net_src comp="551" pin="1"/><net_sink comp="259" pin=0"/></net>

<net id="560"><net_src comp="144" pin="1"/><net_sink comp="557" pin=0"/></net>

<net id="561"><net_src comp="557" pin="1"/><net_sink comp="160" pin=5"/></net>

<net id="562"><net_src comp="557" pin="1"/><net_sink comp="255" pin=0"/></net>

<net id="566"><net_src comp="148" pin="1"/><net_sink comp="563" pin=0"/></net>

<net id="567"><net_src comp="563" pin="1"/><net_sink comp="160" pin=4"/></net>

<net id="568"><net_src comp="563" pin="1"/><net_sink comp="251" pin=0"/></net>

<net id="572"><net_src comp="152" pin="1"/><net_sink comp="569" pin=0"/></net>

<net id="573"><net_src comp="569" pin="1"/><net_sink comp="160" pin=3"/></net>

<net id="574"><net_src comp="569" pin="1"/><net_sink comp="247" pin=0"/></net>

<net id="578"><net_src comp="156" pin="1"/><net_sink comp="575" pin=0"/></net>

<net id="579"><net_src comp="575" pin="1"/><net_sink comp="160" pin=2"/></net>

<net id="580"><net_src comp="575" pin="1"/><net_sink comp="243" pin=0"/></net>

<net id="584"><net_src comp="182" pin="14"/><net_sink comp="581" pin=0"/></net>

<net id="585"><net_src comp="581" pin="1"/><net_sink comp="349" pin=0"/></net>

<net id="586"><net_src comp="581" pin="1"/><net_sink comp="357" pin=0"/></net>

<net id="587"><net_src comp="581" pin="1"/><net_sink comp="365" pin=0"/></net>

<net id="657"><net_src comp="349" pin="3"/><net_sink comp="654" pin=0"/></net>

<net id="658"><net_src comp="654" pin="1"/><net_sink comp="200" pin=25"/></net>

<net id="662"><net_src comp="357" pin="3"/><net_sink comp="659" pin=0"/></net>

<net id="663"><net_src comp="659" pin="1"/><net_sink comp="200" pin=16"/></net>

<net id="667"><net_src comp="365" pin="3"/><net_sink comp="664" pin=0"/></net>

<net id="668"><net_src comp="664" pin="1"/><net_sink comp="200" pin=7"/></net>

</net_list>

</model> 
---------------- Datapath Model END ------------------

* FSMD analyzer results:
  - Output states:
	Port: img_out | {5 6 }
 - Input state : 
	Port: conv2D0 : img_in | {1 2 }
	Port: conv2D0 : weights | {1 2 }
  - Chain level:
	State 1
		call_ln0 : 1
		targetBlock : 1
	State 2
	State 3
		select_ln16 : 1
		select_ln16_1 : 1
		select_ln16_2 : 1
		call_ln16 : 2
	State 4
	State 5
		call_ln0 : 1
	State 6


============================================================
+ Verbose Summary: Datapath Resource usage 
============================================================

* Functional unit list:
|----------|-------------------------------------------------|---------|---------|---------|---------|
| Operation|                 Functional Unit                 |   DSP   |  Delay  |    FF   |   LUT   |
|----------|-------------------------------------------------|---------|---------|---------|---------|
|          |       grp_conv2D0_Pipeline_readImg_fu_160       |    0    |  3.6532 |   154   |    53   |
|   call   |     grp_conv2D0_Pipeline_readweights_fu_182     |    0    |  8.4172 |   148   |   206   |
|          | grp_conv2D0_Pipeline_loop_orow_loop_ocol_fu_200 |    5    | 14.8885 |   341   |   646   |
|          |       grp_conv2D0_Pipeline_writeImg_fu_233      |    0    |    0    |    3    |    42   |
|----------|-------------------------------------------------|---------|---------|---------|---------|
|          |                select_ln16_fu_349               |    0    |    0    |    0    |    8    |
|  select  |               select_ln16_1_fu_357              |    0    |    0    |    0    |    8    |
|          |               select_ln16_2_fu_365              |    0    |    0    |    0    |    8    |
|----------|-------------------------------------------------|---------|---------|---------|---------|
|   Total  |                                                 |    5    | 26.9589 |   646   |   971   |
|----------|-------------------------------------------------|---------|---------|---------|---------|

Memories:
N/A

* Register list:
+------------------------+--------+
|                        |   FF   |
+------------------------+--------+
| img_inT_10_loc_reg_545 |    8   |
| img_inT_11_loc_reg_551 |    8   |
| img_inT_12_loc_reg_557 |    8   |
| img_inT_13_loc_reg_563 |    8   |
| img_inT_14_loc_reg_569 |    8   |
| img_inT_15_loc_reg_575 |    8   |
|  img_inT_1_loc_reg_491 |    8   |
|  img_inT_2_loc_reg_497 |    8   |
|  img_inT_3_loc_reg_503 |    8   |
|  img_inT_4_loc_reg_509 |    8   |
|  img_inT_5_loc_reg_515 |    8   |
|  img_inT_6_loc_reg_521 |    8   |
|  img_inT_7_loc_reg_527 |    8   |
|  img_inT_8_loc_reg_533 |    8   |
|  img_inT_9_loc_reg_539 |    8   |
|   img_inT_loc_reg_485  |    8   |
|img_outT_0_1_loc_reg_389|    8   |
|img_outT_1_1_loc_reg_395|    8   |
|img_outT_2_1_loc_reg_401|    8   |
|img_outT_3_1_loc_reg_407|    8   |
|  select_ln16_1_reg_659 |    8   |
|  select_ln16_2_reg_664 |    8   |
|   select_ln16_reg_654  |    8   |
|   targetBlock_reg_581  |    1   |
| weightsT_10_loc_reg_425|    8   |
| weightsT_11_loc_reg_419|    8   |
| weightsT_12_loc_reg_413|    8   |
| weightsT_1_loc_reg_437 |    8   |
| weightsT_2_loc_reg_443 |    8   |
| weightsT_3_loc_reg_449 |    8   |
| weightsT_4_loc_reg_455 |    8   |
| weightsT_5_loc_reg_461 |    8   |
| weightsT_6_loc_reg_467 |    8   |
| weightsT_7_loc_reg_473 |    8   |
| weightsT_8_loc_reg_479 |    8   |
|  weightsT_loc_reg_431  |    8   |
+------------------------+--------+
|          Total         |   281  |
+------------------------+--------+

* Multiplexer (MUX) list: 
|-------------------------------------------------|------|------|------|--------||---------||---------|
|                       Comp                      |  Pin | Size |  BW  | S x BW ||  Delay  ||   LUT   |
|-------------------------------------------------|------|------|------|--------||---------||---------|
| grp_conv2D0_Pipeline_loop_orow_loop_ocol_fu_200 |  p7  |   2  |   8  |   16   ||    9    |
| grp_conv2D0_Pipeline_loop_orow_loop_ocol_fu_200 |  p16 |   2  |   8  |   16   ||    9    |
| grp_conv2D0_Pipeline_loop_orow_loop_ocol_fu_200 |  p25 |   2  |   8  |   16   ||    9    |
|-------------------------------------------------|------|------|------|--------||---------||---------|
|                      Total                      |      |      |      |   48   ||  4.764  ||    27   |
|-------------------------------------------------|------|------|------|--------||---------||---------|



* Summary:
+-----------+--------+--------+--------+--------+
|           |   DSP  |  Delay |   FF   |   LUT  |
+-----------+--------+--------+--------+--------+
|  Function |    5   |   26   |   646  |   971  |
|   Memory  |    -   |    -   |    -   |    -   |
|Multiplexer|    -   |    4   |    -   |   27   |
|  Register |    -   |    -   |   281  |    -   |
+-----------+--------+--------+--------+--------+
|   Total   |    5   |   31   |   927  |   998  |
+-----------+--------+--------+--------+--------+
