

================================================================
== Vitis HLS Report for 'vectorProduct'
================================================================
* Date:           Tue Mar 19 11:45:54 2024

* Version:        2023.2 (Build 4023990 on Oct 11 2023)
* Project:        lab4
* Solution:       solution43 (Vivado IP Flow Target)
* Product family: zynq
* Target device:  xc7z010i-clg225-1L


================================================================
== Performance Estimates
================================================================
+ Timing: 
    * Summary: 
    +--------+----------+----------+------------+
    |  Clock |  Target  | Estimated| Uncertainty|
    +--------+----------+----------+------------+
    |ap_clk  |  10.00 ns|  6.912 ns|     2.70 ns|
    +--------+----------+----------+------------+

+ Latency: 
    * Summary: 
    +---------+---------+----------+----------+-----+-----+---------+
    |  Latency (cycles) |  Latency (absolute) |  Interval | Pipeline|
    |   min   |   max   |    min   |    max   | min | max |   Type  |
    +---------+---------+----------+----------+-----+-----+---------+
    |       55|       55|  0.550 us|  0.550 us|   56|   56|       no|
    +---------+---------+----------+----------+-----+-----+---------+

    + Detail: 
        * Instance: 
        N/A

        * Loop: 
        +----------+---------+---------+----------+-----------+-----------+------+----------+
        |          |  Latency (cycles) | Iteration|  Initiation Interval  | Trip |          |
        | Loop Name|   min   |   max   |  Latency |  achieved |   target  | Count| Pipelined|
        +----------+---------+---------+----------+-----------+-----------+------+----------+
        |- repete  |       53|       53|         5|          1|          1|    50|       yes|
        +----------+---------+---------+----------+-----------+-----------+------+----------+



================================================================
== Utilization Estimates
================================================================
* Summary: 
+-----------------+---------+----+-------+-------+-----+
|       Name      | BRAM_18K| DSP|   FF  |  LUT  | URAM|
+-----------------+---------+----+-------+-------+-----+
|DSP              |        -|   -|      -|      -|    -|
|Expression       |        -|   -|      0|    105|    -|
|FIFO             |        -|   -|      -|      -|    -|
|Instance         |        -|   6|    330|    100|    -|
|Memory           |        -|   -|      -|      -|    -|
|Multiplexer      |        -|   -|      -|     54|    -|
|Register         |        -|   -|    305|     32|    -|
+-----------------+---------+----+-------+-------+-----+
|Total            |        0|   6|    635|    291|    0|
+-----------------+---------+----+-------+-------+-----+
|Available        |      120|  80|  35200|  17600|    0|
+-----------------+---------+----+-------+-------+-----+
|Utilization (%)  |        0|   7|      1|      1|    0|
+-----------------+---------+----+-------+-------+-----+

+ Detail: 
    * Instance: 
    +-----------------------+--------------------+---------+----+-----+----+-----+
    |        Instance       |       Module       | BRAM_18K| DSP|  FF | LUT| URAM|
    +-----------------------+--------------------+---------+----+-----+----+-----+
    |mul_32s_32s_32_2_1_U1  |mul_32s_32s_32_2_1  |        0|   3|  165|  50|    0|
    |mul_32s_32s_32_2_1_U2  |mul_32s_32s_32_2_1  |        0|   3|  165|  50|    0|
    +-----------------------+--------------------+---------+----+-----+----+-----+
    |Total                  |                    |        0|   6|  330| 100|    0|
    +-----------------------+--------------------+---------+----+-----+----+-----+

    * DSP: 
    N/A

    * Memory: 
    N/A

    * FIFO: 
    N/A

    * Expression: 
    +--------------------+----------+----+---+----+------------+------------+
    |    Variable Name   | Operation| DSP| FF| LUT| Bitwidth P0| Bitwidth P1|
    +--------------------+----------+----+---+----+------------+------------+
    |acc_1_fu_163_p2     |         +|   0|  0|  32|          32|          32|
    |add_ln7_fu_145_p2   |         +|   0|  0|  14|           7|           2|
    |add_ln9_fu_159_p2   |         +|   0|  0|  32|          32|          32|
    |ap_condition_131    |       and|   0|  0|   2|           1|           1|
    |ap_condition_132    |       and|   0|  0|   2|           1|           1|
    |icmp_ln7_fu_121_p2  |      icmp|   0|  0|  14|           7|           6|
    |or_ln7_fu_133_p2    |        or|   0|  0|   7|           7|           1|
    |ap_enable_pp0       |       xor|   0|  0|   2|           1|           2|
    +--------------------+----------+----+---+----+------------+------------+
    |Total               |          |   0|  0| 105|          88|          77|
    +--------------------+----------+----+---+----+------------+------------+

    * Multiplexer: 
    +-----------------------------+----+-----------+-----+-----------+
    |             Name            | LUT| Input Size| Bits| Total Bits|
    +-----------------------------+----+-----------+-----+-----------+
    |acc_fu_42                    |   9|          2|   32|         64|
    |ap_done_int                  |   9|          2|    1|          2|
    |ap_enable_reg_pp0_iter1      |   9|          2|    1|          2|
    |ap_sig_allocacmp_acc_load_1  |   9|          2|   32|         64|
    |ap_sig_allocacmp_i_1         |   9|          2|    7|         14|
    |i_fu_46                      |   9|          2|    7|         14|
    +-----------------------------+----+-----------+-----+-----------+
    |Total                        |  54|         12|   80|        160|
    +-----------------------------+----+-----------+-----+-----------+

    * Register: 
    +----------------------------------+----+----+-----+-----------+
    |               Name               | FF | LUT| Bits| Const Bits|
    +----------------------------------+----+----+-----+-----------+
    |acc_fu_42                         |  32|   0|   32|          0|
    |ap_CS_fsm                         |   1|   0|    1|          0|
    |ap_done_reg                       |   1|   0|    1|          0|
    |ap_enable_reg_pp0_iter1           |   1|   0|    1|          0|
    |ap_enable_reg_pp0_iter2           |   1|   0|    1|          0|
    |ap_enable_reg_pp0_iter3           |   1|   0|    1|          0|
    |ap_enable_reg_pp0_iter4           |   1|   0|    1|          0|
    |ap_loop_exit_ready_pp0_iter1_reg  |   1|   0|    1|          0|
    |ap_loop_exit_ready_pp0_iter2_reg  |   1|   0|    1|          0|
    |ap_loop_exit_ready_pp0_iter3_reg  |   1|   0|    1|          0|
    |i_fu_46                           |   7|   0|    7|          0|
    |icmp_ln7_reg_192                  |   1|   0|    1|          0|
    |mul_ln9_1_reg_241                 |  32|   0|   32|          0|
    |mul_ln9_reg_236                   |  32|   0|   32|          0|
    |va_load_1_reg_226                 |  32|   0|   32|          0|
    |va_load_reg_216                   |  32|   0|   32|          0|
    |vb_load_1_reg_231                 |  32|   0|   32|          0|
    |vb_load_reg_221                   |  32|   0|   32|          0|
    |icmp_ln7_reg_192                  |  64|  32|    1|          0|
    +----------------------------------+----+----+-----+-----------+
    |Total                             | 305|  32|  242|          0|
    +----------------------------------+----+----+-----+-----------+



================================================================
== Interface
================================================================
* Summary: 
+-------------+-----+-----+------------+---------------+--------------+
|  RTL Ports  | Dir | Bits|  Protocol  | Source Object |    C Type    |
+-------------+-----+-----+------------+---------------+--------------+
|ap_clk       |   in|    1|  ap_ctrl_hs|  vectorProduct|  return value|
|ap_rst       |   in|    1|  ap_ctrl_hs|  vectorProduct|  return value|
|ap_start     |   in|    1|  ap_ctrl_hs|  vectorProduct|  return value|
|ap_done      |  out|    1|  ap_ctrl_hs|  vectorProduct|  return value|
|ap_idle      |  out|    1|  ap_ctrl_hs|  vectorProduct|  return value|
|ap_ready     |  out|    1|  ap_ctrl_hs|  vectorProduct|  return value|
|ap_return    |  out|   32|  ap_ctrl_hs|  vectorProduct|  return value|
|va_address0  |  out|    7|   ap_memory|             va|         array|
|va_ce0       |  out|    1|   ap_memory|             va|         array|
|va_q0        |   in|   32|   ap_memory|             va|         array|
|va_address1  |  out|    7|   ap_memory|             va|         array|
|va_ce1       |  out|    1|   ap_memory|             va|         array|
|va_q1        |   in|   32|   ap_memory|             va|         array|
|vb_address0  |  out|    7|   ap_memory|             vb|         array|
|vb_ce0       |  out|    1|   ap_memory|             vb|         array|
|vb_q0        |   in|   32|   ap_memory|             vb|         array|
|vb_address1  |  out|    7|   ap_memory|             vb|         array|
|vb_ce1       |  out|    1|   ap_memory|             vb|         array|
|vb_q1        |   in|   32|   ap_memory|             vb|         array|
+-------------+-----+-----+------------+---------------+--------------+

