

================================================================
== Vitis HLS Report for 'conv2D0'
================================================================
* Date:           Thu Apr 11 18:20:21 2024

* Version:        2023.2 (Build 4023990 on Oct 11 2023)
* Project:        Project1
* Solution:       pipeline (Vivado IP Flow Target)
* Product family: zynq
* Target device:  xc7z010i-clg225-1L


================================================================
== Performance Estimates
================================================================
+ Timing: 
    * Summary: 
    +--------+----------+----------+------------+
    |  Clock |  Target  | Estimated| Uncertainty|
    +--------+----------+----------+------------+
    |ap_clk  |  10.00 ns|  7.571 ns|     2.70 ns|
    +--------+----------+----------+------------+

+ Latency: 
    * Summary: 
    +---------+---------+----------+----------+-----+-----+---------+
    |  Latency (cycles) |  Latency (absolute) |  Interval | Pipeline|
    |   min   |   max   |    min   |    max   | min | max |   Type  |
    +---------+---------+----------+----------+-----+-----+---------+
    |       39|       39|  0.390 us|  0.390 us|   40|   40|       no|
    +---------+---------+----------+----------+-----+-----+---------+

    + Detail: 
        * Instance: 
        +-------------------------------------------------+--------------------------------------+---------+---------+-----------+-----------+-----+-----+---------+
        |                                                 |                                      |  Latency (cycles) |   Latency (absolute)  |  Interval | Pipeline|
        |                     Instance                    |                Module                |   min   |   max   |    min    |    max    | min | max |   Type  |
        +-------------------------------------------------+--------------------------------------+---------+---------+-----------+-----------+-----+-----+---------+
        |grp_conv2D0_Pipeline_readImg_fu_148              |conv2D0_Pipeline_readImg              |       18|       18|   0.180 us|   0.180 us|   18|   18|       no|
        |grp_conv2D0_Pipeline_readweights_fu_170          |conv2D0_Pipeline_readweights          |       11|       11|   0.110 us|   0.110 us|   11|   11|       no|
        |grp_conv2D0_Pipeline_loop_orow_loop_ocol_fu_185  |conv2D0_Pipeline_loop_orow_loop_ocol  |       10|       10|   0.100 us|   0.100 us|   10|   10|       no|
        |grp_conv2D0_Pipeline_writeImg_fu_218             |conv2D0_Pipeline_writeImg             |        6|        6|  60.000 ns|  60.000 ns|    6|    6|       no|
        +-------------------------------------------------+--------------------------------------+---------+---------+-----------+-----------+-----+-----+---------+

        * Loop: 
        N/A



================================================================
== Utilization Estimates
================================================================
* Summary: 
+-----------------+---------+----+-------+-------+-----+
|       Name      | BRAM_18K| DSP|   FF  |  LUT  | URAM|
+-----------------+---------+----+-------+-------+-----+
|DSP              |        -|   -|      -|      -|    -|
|Expression       |        -|   -|      0|      2|    -|
|FIFO             |        -|   -|      -|      -|    -|
|Instance         |        -|   5|    492|    881|    -|
|Memory           |        -|   -|      -|      -|    -|
|Multiplexer      |        -|   -|      -|     37|    -|
|Register         |        -|   -|     10|      -|    -|
+-----------------+---------+----+-------+-------+-----+
|Total            |        0|   5|    502|    920|    0|
+-----------------+---------+----+-------+-------+-----+
|Available        |      120|  80|  35200|  17600|    0|
+-----------------+---------+----+-------+-------+-----+
|Utilization (%)  |        0|   6|      1|      5|    0|
+-----------------+---------+----+-------+-------+-----+

+ Detail: 
    * Instance: 
    +-------------------------------------------------+--------------------------------------+---------+----+-----+-----+-----+
    |                     Instance                    |                Module                | BRAM_18K| DSP|  FF | LUT | URAM|
    +-------------------------------------------------+--------------------------------------+---------+----+-----+-----+-----+
    |grp_conv2D0_Pipeline_loop_orow_loop_ocol_fu_185  |conv2D0_Pipeline_loop_orow_loop_ocol  |        0|   5|  264|  681|    0|
    |grp_conv2D0_Pipeline_readImg_fu_148              |conv2D0_Pipeline_readImg              |        0|   0|  140|   65|    0|
    |grp_conv2D0_Pipeline_readweights_fu_170          |conv2D0_Pipeline_readweights          |        0|   0|   83|   64|    0|
    |grp_conv2D0_Pipeline_writeImg_fu_218             |conv2D0_Pipeline_writeImg             |        0|   0|    5|   71|    0|
    +-------------------------------------------------+--------------------------------------+---------+----+-----+-----+-----+
    |Total                                            |                                      |        0|   5|  492|  881|    0|
    +-------------------------------------------------+--------------------------------------+---------+----+-----+-----+-----+

    * DSP: 
    N/A

    * Memory: 
    N/A

    * FIFO: 
    N/A

    * Expression: 
    +---------------------------------+----------+----+---+----+------------+------------+
    |          Variable Name          | Operation| DSP| FF| LUT| Bitwidth P0| Bitwidth P1|
    +---------------------------------+----------+----+---+----+------------+------------+
    |ap_block_state2_on_subcall_done  |        or|   0|  0|   2|           1|           1|
    +---------------------------------+----------+----+---+----+------------+------------+
    |Total                            |          |   0|  0|   2|           1|           1|
    +---------------------------------+----------+----+---+----+------------+------------+

    * Multiplexer: 
    +-----------+----+-----------+-----+-----------+
    |    Name   | LUT| Input Size| Bits| Total Bits|
    +-----------+----+-----------+-----+-----------+
    |ap_NS_fsm  |  37|          7|    1|          7|
    +-----------+----+-----------+-----+-----------+
    |Total      |  37|          7|    1|          7|
    +-----------+----+-----------+-----+-----------+

    * Register: 
    +--------------------------------------------------------------+---+----+-----+-----------+
    |                             Name                             | FF| LUT| Bits| Const Bits|
    +--------------------------------------------------------------+---+----+-----+-----------+
    |ap_CS_fsm                                                     |  6|   0|    6|          0|
    |grp_conv2D0_Pipeline_loop_orow_loop_ocol_fu_185_ap_start_reg  |  1|   0|    1|          0|
    |grp_conv2D0_Pipeline_readImg_fu_148_ap_start_reg              |  1|   0|    1|          0|
    |grp_conv2D0_Pipeline_readweights_fu_170_ap_start_reg          |  1|   0|    1|          0|
    |grp_conv2D0_Pipeline_writeImg_fu_218_ap_start_reg             |  1|   0|    1|          0|
    +--------------------------------------------------------------+---+----+-----+-----------+
    |Total                                                         | 10|   0|   10|          0|
    +--------------------------------------------------------------+---+----+-----+-----------+



================================================================
== Interface
================================================================
* Summary: 
+------------------+-----+-----+------------+--------------+--------------+
|     RTL Ports    | Dir | Bits|  Protocol  | Source Object|    C Type    |
+------------------+-----+-----+------------+--------------+--------------+
|ap_clk            |   in|    1|  ap_ctrl_hs|       conv2D0|  return value|
|ap_rst            |   in|    1|  ap_ctrl_hs|       conv2D0|  return value|
|ap_start          |   in|    1|  ap_ctrl_hs|       conv2D0|  return value|
|ap_done           |  out|    1|  ap_ctrl_hs|       conv2D0|  return value|
|ap_idle           |  out|    1|  ap_ctrl_hs|       conv2D0|  return value|
|ap_ready          |  out|    1|  ap_ctrl_hs|       conv2D0|  return value|
|img_in_address0   |  out|    4|   ap_memory|        img_in|         array|
|img_in_ce0        |  out|    1|   ap_memory|        img_in|         array|
|img_in_q0         |   in|    8|   ap_memory|        img_in|         array|
|img_out_address0  |  out|    2|   ap_memory|       img_out|         array|
|img_out_ce0       |  out|    1|   ap_memory|       img_out|         array|
|img_out_we0       |  out|    1|   ap_memory|       img_out|         array|
|img_out_d0        |  out|    8|   ap_memory|       img_out|         array|
|weights_address0  |  out|    4|   ap_memory|       weights|         array|
|weights_ce0       |  out|    1|   ap_memory|       weights|         array|
|weights_q0        |   in|    8|   ap_memory|       weights|         array|
+------------------+-----+-----+------------+--------------+--------------+

