

================================================================
== Vitis HLS Report for 'conv2D0_Pipeline_readImg'
================================================================
* Date:           Thu Apr 11 18:18:58 2024

* Version:        2023.2 (Build 4023990 on Oct 11 2023)
* Project:        Project1
* Solution:       default (Vivado IP Flow Target)
* Product family: zynq
* Target device:  xc7z010i-clg225-1L


================================================================
== Performance Estimates
================================================================
+ Timing: 
    * Summary: 
    +--------+----------+----------+------------+
    |  Clock |  Target  | Estimated| Uncertainty|
    +--------+----------+----------+------------+
    |ap_clk  |  10.00 ns|  4.956 ns|     2.70 ns|
    +--------+----------+----------+------------+

+ Latency: 
    * Summary: 
    +---------+---------+----------+----------+-----+-----+---------+
    |  Latency (cycles) |  Latency (absolute) |  Interval | Pipeline|
    |   min   |   max   |    min   |    max   | min | max |   Type  |
    +---------+---------+----------+----------+-----+-----+---------+
    |       18|       18|  0.180 us|  0.180 us|   18|   18|       no|
    +---------+---------+----------+----------+-----+-----+---------+

    + Detail: 
        * Instance: 
        N/A

        * Loop: 
        +-----------+---------+---------+----------+-----------+-----------+------+----------+
        |           |  Latency (cycles) | Iteration|  Initiation Interval  | Trip |          |
        | Loop Name |   min   |   max   |  Latency |  achieved |   target  | Count| Pipelined|
        +-----------+---------+---------+----------+-----------+-----------+------+----------+
        |- readImg  |       16|       16|         2|          1|          1|    16|       yes|
        +-----------+---------+---------+----------+-----------+-----------+------+----------+



================================================================
== Utilization Estimates
================================================================
* Summary: 
+-----------------+---------+----+-------+-------+-----+
|       Name      | BRAM_18K| DSP|   FF  |  LUT  | URAM|
+-----------------+---------+----+-------+-------+-----+
|DSP              |        -|   -|      -|      -|    -|
|Expression       |        -|   -|      0|     29|    -|
|FIFO             |        -|   -|      -|      -|    -|
|Instance         |        -|   -|      -|      -|    -|
|Memory           |        -|   -|      -|      -|    -|
|Multiplexer      |        -|   -|      -|     36|    -|
|Register         |        -|   -|    140|      -|    -|
+-----------------+---------+----+-------+-------+-----+
|Total            |        0|   0|    140|     65|    0|
+-----------------+---------+----+-------+-------+-----+
|Available        |      120|  80|  35200|  17600|    0|
+-----------------+---------+----+-------+-------+-----+
|Utilization (%)  |        0|   0|     ~0|     ~0|    0|
+-----------------+---------+----+-------+-------+-----+

+ Detail: 
    * Instance: 
    N/A

    * DSP: 
    N/A

    * Memory: 
    N/A

    * FIFO: 
    N/A

    * Expression: 
    +---------------------+----------+----+---+----+------------+------------+
    |    Variable Name    | Operation| DSP| FF| LUT| Bitwidth P0| Bitwidth P1|
    +---------------------+----------+----+---+----+------------+------------+
    |add_ln12_fu_303_p2   |         +|   0|  0|  13|           5|           1|
    |icmp_ln12_fu_297_p2  |      icmp|   0|  0|  14|           5|           6|
    |ap_enable_pp0        |       xor|   0|  0|   2|           1|           2|
    +---------------------+----------+----+---+----+------------+------------+
    |Total                |          |   0|  0|  29|          11|           9|
    +---------------------+----------+----+---+----+------------+------------+

    * Multiplexer: 
    +-------------------------+----+-----------+-----+-----------+
    |           Name          | LUT| Input Size| Bits| Total Bits|
    +-------------------------+----+-----------+-----+-----------+
    |ap_done_int              |   9|          2|    1|          2|
    |ap_enable_reg_pp0_iter1  |   9|          2|    1|          2|
    |ap_sig_allocacmp_i_2     |   9|          2|    5|         10|
    |i_fu_96                  |   9|          2|    5|         10|
    +-------------------------+----+-----------+-----+-----------+
    |Total                    |  36|          8|   12|         24|
    +-------------------------+----+-----------+-----+-----------+

    * Register: 
    +-------------------------+---+----+-----+-----------+
    |           Name          | FF| LUT| Bits| Const Bits|
    +-------------------------+---+----+-----+-----------+
    |ap_CS_fsm                |  1|   0|    1|          0|
    |ap_done_reg              |  1|   0|    1|          0|
    |ap_enable_reg_pp0_iter1  |  1|   0|    1|          0|
    |i_fu_96                  |  5|   0|    5|          0|
    |img_inT_10_fu_140        |  8|   0|    8|          0|
    |img_inT_11_fu_144        |  8|   0|    8|          0|
    |img_inT_12_fu_148        |  8|   0|    8|          0|
    |img_inT_13_fu_152        |  8|   0|    8|          0|
    |img_inT_14_fu_156        |  8|   0|    8|          0|
    |img_inT_15_fu_160        |  8|   0|    8|          0|
    |img_inT_1_fu_104         |  8|   0|    8|          0|
    |img_inT_2_fu_108         |  8|   0|    8|          0|
    |img_inT_3_fu_112         |  8|   0|    8|          0|
    |img_inT_4_fu_116         |  8|   0|    8|          0|
    |img_inT_5_fu_120         |  8|   0|    8|          0|
    |img_inT_6_fu_124         |  8|   0|    8|          0|
    |img_inT_7_fu_128         |  8|   0|    8|          0|
    |img_inT_8_fu_132         |  8|   0|    8|          0|
    |img_inT_9_fu_136         |  8|   0|    8|          0|
    |img_inT_fu_100           |  8|   0|    8|          0|
    |trunc_ln12_reg_573       |  4|   0|    4|          0|
    +-------------------------+---+----+-----+-----------+
    |Total                    |140|   0|  140|          0|
    +-------------------------+---+----+-----+-----------+



================================================================
== Interface
================================================================
* Summary: 
+-----------------------+-----+-----+------------+--------------------------+--------------+
|       RTL Ports       | Dir | Bits|  Protocol  |       Source Object      |    C Type    |
+-----------------------+-----+-----+------------+--------------------------+--------------+
|ap_clk                 |   in|    1|  ap_ctrl_hs|  conv2D0_Pipeline_readImg|  return value|
|ap_rst                 |   in|    1|  ap_ctrl_hs|  conv2D0_Pipeline_readImg|  return value|
|ap_start               |   in|    1|  ap_ctrl_hs|  conv2D0_Pipeline_readImg|  return value|
|ap_done                |  out|    1|  ap_ctrl_hs|  conv2D0_Pipeline_readImg|  return value|
|ap_idle                |  out|    1|  ap_ctrl_hs|  conv2D0_Pipeline_readImg|  return value|
|ap_ready               |  out|    1|  ap_ctrl_hs|  conv2D0_Pipeline_readImg|  return value|
|img_in_address0        |  out|    4|   ap_memory|                    img_in|         array|
|img_in_ce0             |  out|    1|   ap_memory|                    img_in|         array|
|img_in_q0              |   in|    8|   ap_memory|                    img_in|         array|
|img_inT_15_out         |  out|    8|      ap_vld|            img_inT_15_out|       pointer|
|img_inT_15_out_ap_vld  |  out|    1|      ap_vld|            img_inT_15_out|       pointer|
|img_inT_14_out         |  out|    8|      ap_vld|            img_inT_14_out|       pointer|
|img_inT_14_out_ap_vld  |  out|    1|      ap_vld|            img_inT_14_out|       pointer|
|img_inT_13_out         |  out|    8|      ap_vld|            img_inT_13_out|       pointer|
|img_inT_13_out_ap_vld  |  out|    1|      ap_vld|            img_inT_13_out|       pointer|
|img_inT_12_out         |  out|    8|      ap_vld|            img_inT_12_out|       pointer|
|img_inT_12_out_ap_vld  |  out|    1|      ap_vld|            img_inT_12_out|       pointer|
|img_inT_11_out         |  out|    8|      ap_vld|            img_inT_11_out|       pointer|
|img_inT_11_out_ap_vld  |  out|    1|      ap_vld|            img_inT_11_out|       pointer|
|img_inT_10_out         |  out|    8|      ap_vld|            img_inT_10_out|       pointer|
|img_inT_10_out_ap_vld  |  out|    1|      ap_vld|            img_inT_10_out|       pointer|
|img_inT_9_out          |  out|    8|      ap_vld|             img_inT_9_out|       pointer|
|img_inT_9_out_ap_vld   |  out|    1|      ap_vld|             img_inT_9_out|       pointer|
|img_inT_8_out          |  out|    8|      ap_vld|             img_inT_8_out|       pointer|
|img_inT_8_out_ap_vld   |  out|    1|      ap_vld|             img_inT_8_out|       pointer|
|img_inT_7_out          |  out|    8|      ap_vld|             img_inT_7_out|       pointer|
|img_inT_7_out_ap_vld   |  out|    1|      ap_vld|             img_inT_7_out|       pointer|
|img_inT_6_out          |  out|    8|      ap_vld|             img_inT_6_out|       pointer|
|img_inT_6_out_ap_vld   |  out|    1|      ap_vld|             img_inT_6_out|       pointer|
|img_inT_5_out          |  out|    8|      ap_vld|             img_inT_5_out|       pointer|
|img_inT_5_out_ap_vld   |  out|    1|      ap_vld|             img_inT_5_out|       pointer|
|img_inT_4_out          |  out|    8|      ap_vld|             img_inT_4_out|       pointer|
|img_inT_4_out_ap_vld   |  out|    1|      ap_vld|             img_inT_4_out|       pointer|
|img_inT_3_out          |  out|    8|      ap_vld|             img_inT_3_out|       pointer|
|img_inT_3_out_ap_vld   |  out|    1|      ap_vld|             img_inT_3_out|       pointer|
|img_inT_2_out          |  out|    8|      ap_vld|             img_inT_2_out|       pointer|
|img_inT_2_out_ap_vld   |  out|    1|      ap_vld|             img_inT_2_out|       pointer|
|img_inT_1_out          |  out|    8|      ap_vld|             img_inT_1_out|       pointer|
|img_inT_1_out_ap_vld   |  out|    1|      ap_vld|             img_inT_1_out|       pointer|
|img_inT_out            |  out|    8|      ap_vld|               img_inT_out|       pointer|
|img_inT_out_ap_vld     |  out|    1|      ap_vld|               img_inT_out|       pointer|
+-----------------------+-----+-----+------------+--------------------------+--------------+

