D:/Cadeiras/AAC/labs/Project1/Project1/block_best_unroll_best/csynth.tcl:16:9: warning: HLS pragma dump _XLX_SEP_ PragmaIsValid=1_XLX_SEP_ PragmaType=top_XLX_SEP_ PragmaContext=directive_XLX_SEP_ PragmaFunction=conv2D0_XLX_SEP_ PragmaOptions=name=conv2D0_XLX_SEP_ [-Wdump-hls-pragmas]
#pragma HLSDIRECTIVE TOP name=conv2D0
        ^
D:/Cadeiras/AAC/labs/Project1/Project1/block_best_unroll_best/directives.tcl:7:9: warning: HLS pragma dump _XLX_SEP_ PragmaIsValid=1_XLX_SEP_ PragmaType=top_XLX_SEP_ PragmaContext=directive_XLX_SEP_ PragmaFunction=conv2D0_XLX_SEP_ PragmaOptions=name=conv2D0_XLX_SEP_ [-Wdump-hls-pragmas]
#pragma HLSDIRECTIVE TOP name=conv2D0
        ^
conv2D0.cpp:14:9: warning: HLS pragma dump _XLX_SEP_ PragmaIsValid=1_XLX_SEP_ PragmaType=unroll_XLX_SEP_ PragmaContext=_XLX_SEP_ PragmaFunction=conv2D0_XLX_SEP_ PragmaOptions=factor=16_XLX_SEP_ [-Wdump-hls-pragmas]
#pragma HLS UNROLL factor=16
        ^
conv2D0.cpp:17:9: warning: HLS pragma dump _XLX_SEP_ PragmaIsValid=1_XLX_SEP_ PragmaType=unroll_XLX_SEP_ PragmaContext=_XLX_SEP_ PragmaFunction=conv2D0_XLX_SEP_ PragmaOptions=factor=9_XLX_SEP_ [-Wdump-hls-pragmas]
#pragma HLS UNROLL factor=9
        ^
conv2D0.cpp:21:9: warning: HLS pragma dump _XLX_SEP_ PragmaIsValid=1_XLX_SEP_ PragmaType=unroll_XLX_SEP_ PragmaContext=_XLX_SEP_ PragmaFunction=conv2D0_XLX_SEP_ PragmaOptions=factor=2_XLX_SEP_ [-Wdump-hls-pragmas]
#pragma HLS UNROLL factor=2
        ^
conv2D0.cpp:23:9: warning: HLS pragma dump _XLX_SEP_ PragmaIsValid=1_XLX_SEP_ PragmaType=unroll_XLX_SEP_ PragmaContext=_XLX_SEP_ PragmaFunction=conv2D0_XLX_SEP_ PragmaOptions=factor=2_XLX_SEP_ [-Wdump-hls-pragmas]
#pragma HLS UNROLL factor=2
        ^
conv2D0.cpp:26:9: warning: HLS pragma dump _XLX_SEP_ PragmaIsValid=1_XLX_SEP_ PragmaType=unroll_XLX_SEP_ PragmaContext=_XLX_SEP_ PragmaFunction=conv2D0_XLX_SEP_ PragmaOptions=factor=3_XLX_SEP_ [-Wdump-hls-pragmas]
#pragma HLS UNROLL factor=3
        ^
conv2D0.cpp:28:9: warning: HLS pragma dump _XLX_SEP_ PragmaIsValid=1_XLX_SEP_ PragmaType=unroll_XLX_SEP_ PragmaContext=_XLX_SEP_ PragmaFunction=conv2D0_XLX_SEP_ PragmaOptions=factor=3_XLX_SEP_ [-Wdump-hls-pragmas]
#pragma HLS UNROLL factor=3
        ^
conv2D0.cpp:39:9: warning: HLS pragma dump _XLX_SEP_ PragmaIsValid=1_XLX_SEP_ PragmaType=unroll_XLX_SEP_ PragmaContext=_XLX_SEP_ PragmaFunction=conv2D0_XLX_SEP_ PragmaOptions=factor=4_XLX_SEP_ [-Wdump-hls-pragmas]
#pragma HLS UNROLL factor=4
        ^
9 warnings generated.
