

================================================================
== Vitis HLS Report for 'conv2D0_Pipeline_loop_orow_loop_ocol'
================================================================
* Date:           Thu Apr 11 18:47:37 2024

* Version:        2023.2 (Build 4023990 on Oct 11 2023)
* Project:        Project1
* Solution:       partition_block_2 (Vivado IP Flow Target)
* Product family: zynq
* Target device:  xc7z010i-clg225-1L


================================================================
== Performance Estimates
================================================================
+ Timing: 
    * Summary: 
    +--------+----------+----------+------------+
    |  Clock |  Target  | Estimated| Uncertainty|
    +--------+----------+----------+------------+
    |ap_clk  |  10.00 ns|  8.203 ns|     2.70 ns|
    +--------+----------+----------+------------+

+ Latency: 
    * Summary: 
    +---------+---------+----------+----------+-----+-----+---------+
    |  Latency (cycles) |  Latency (absolute) |  Interval | Pipeline|
    |   min   |   max   |    min   |    max   | min | max |   Type  |
    +---------+---------+----------+----------+-----+-----+---------+
    |       11|       11|  0.110 us|  0.110 us|   11|   11|       no|
    +---------+---------+----------+----------+-----+-----+---------+

    + Detail: 
        * Instance: 
        N/A

        * Loop: 
        +-----------------------+---------+---------+----------+-----------+-----------+------+----------+
        |                       |  Latency (cycles) | Iteration|  Initiation Interval  | Trip |          |
        |       Loop Name       |   min   |   max   |  Latency |  achieved |   target  | Count| Pipelined|
        +-----------------------+---------+---------+----------+-----------+-----------+------+----------+
        |- loop_orow_loop_ocol  |        9|        9|         7|          1|          1|     4|       yes|
        +-----------------------+---------+---------+----------+-----------+-----------+------+----------+

============================================================
+ Verbose Summary: Synthesis Manager
============================================================
InlineROM: 1
ExposeGlobal: 0
============================================================
+ Verbose Summary: CDFG Model
============================================================
IsTopModel: 0
ResetActiveHigh: 1
IsCombinational: 0
IsDatapathOnly: 0
HasWiredReturn: 1
HasMFsm: 2
HasVarLatency: 1
IsPipeline: 0
IsRtlPipelined: 0
IsInstanceOverlapped: 0
IsDontTouch: 0
HasImplIP: 0
IsGatedGlobalClock: 0

+ Individual pipeline summary: 
  * Pipeline-0: initiation interval (II) = 1, depth = 7


============================================================
+ Verbose Summary: Schedule
============================================================
* Number of FSM states : 7
* Pipeline : 1
  Pipeline-0 : II = 1, D = 7, States = { 1 2 3 4 5 6 7 }
* Dataflow Pipeline: 0

* FSM state transitions: 
1 --> 2 
2 --> 3 
3 --> 4 
4 --> 5 
5 --> 6 
6 --> 7 
7 --> 

* FSM state operations: 

State 1 <SV = 0> <Delay = 8.20>
ST_1 : Operation 10 [1/1] (0.00ns)   --->   "%ocol = alloca i32 1" [conv2D0.cpp:27]   --->   Operation 10 'alloca' 'ocol' <Predicate = true> <Delay = 0.00>
ST_1 : Operation 11 [1/1] (0.00ns)   --->   "%orow = alloca i32 1" [conv2D0.cpp:26]   --->   Operation 11 'alloca' 'orow' <Predicate = true> <Delay = 0.00>
ST_1 : Operation 12 [1/1] (0.00ns)   --->   "%indvar_flatten = alloca i32 1"   --->   Operation 12 'alloca' 'indvar_flatten' <Predicate = true> <Delay = 0.00>
ST_1 : Operation 13 [1/1] (0.00ns)   --->   "%img_outT_0_load3 = alloca i32 1"   --->   Operation 13 'alloca' 'img_outT_0_load3' <Predicate = true> <Delay = 0.00>
ST_1 : Operation 14 [1/1] (0.00ns)   --->   "%img_outT_1_load7 = alloca i32 1"   --->   Operation 14 'alloca' 'img_outT_1_load7' <Predicate = true> <Delay = 0.00>
ST_1 : Operation 15 [1/1] (0.00ns)   --->   "%img_outT_0_1_load11 = alloca i32 1"   --->   Operation 15 'alloca' 'img_outT_0_1_load11' <Predicate = true> <Delay = 0.00>
ST_1 : Operation 16 [1/1] (0.00ns)   --->   "%img_outT_1_1_load15 = alloca i32 1"   --->   Operation 16 'alloca' 'img_outT_1_1_load15' <Predicate = true> <Delay = 0.00>
ST_1 : Operation 17 [1/1] (0.00ns)   --->   "%weightsT_1_load_3_read = read i8 @_ssdm_op_Read.ap_auto.i8, i8 %weightsT_1_load_3"   --->   Operation 17 'read' 'weightsT_1_load_3_read' <Predicate = true> <Delay = 0.00>
ST_1 : Operation 18 [1/1] (0.00ns)   --->   "%weightsT_1_load_2_read = read i8 @_ssdm_op_Read.ap_auto.i8, i8 %weightsT_1_load_2"   --->   Operation 18 'read' 'weightsT_1_load_2_read' <Predicate = true> <Delay = 0.00>
ST_1 : Operation 19 [1/1] (0.00ns)   --->   "%weightsT_1_load_1_read = read i8 @_ssdm_op_Read.ap_auto.i8, i8 %weightsT_1_load_1"   --->   Operation 19 'read' 'weightsT_1_load_1_read' <Predicate = true> <Delay = 0.00>
ST_1 : Operation 20 [1/1] (0.00ns)   --->   "%weightsT_1_load_read = read i8 @_ssdm_op_Read.ap_auto.i8, i8 %weightsT_1_load"   --->   Operation 20 'read' 'weightsT_1_load_read' <Predicate = true> <Delay = 0.00>
ST_1 : Operation 21 [1/1] (0.00ns)   --->   "%weightsT_load_4_read = read i8 @_ssdm_op_Read.ap_auto.i8, i8 %weightsT_load_4"   --->   Operation 21 'read' 'weightsT_load_4_read' <Predicate = true> <Delay = 0.00>
ST_1 : Operation 22 [1/1] (0.00ns)   --->   "%weightsT_load_3_read = read i8 @_ssdm_op_Read.ap_auto.i8, i8 %weightsT_load_3"   --->   Operation 22 'read' 'weightsT_load_3_read' <Predicate = true> <Delay = 0.00>
ST_1 : Operation 23 [1/1] (0.00ns)   --->   "%weightsT_load_2_read = read i8 @_ssdm_op_Read.ap_auto.i8, i8 %weightsT_load_2"   --->   Operation 23 'read' 'weightsT_load_2_read' <Predicate = true> <Delay = 0.00>
ST_1 : Operation 24 [1/1] (0.00ns)   --->   "%weightsT_load_1_read = read i8 @_ssdm_op_Read.ap_auto.i8, i8 %weightsT_load_1"   --->   Operation 24 'read' 'weightsT_load_1_read' <Predicate = true> <Delay = 0.00>
ST_1 : Operation 25 [1/1] (0.00ns)   --->   "%weightsT_load_read = read i8 @_ssdm_op_Read.ap_auto.i8, i8 %weightsT_load"   --->   Operation 25 'read' 'weightsT_load_read' <Predicate = true> <Delay = 0.00>
ST_1 : Operation 26 [1/1] (1.58ns)   --->   "%store_ln0 = store i3 0, i3 %indvar_flatten"   --->   Operation 26 'store' 'store_ln0' <Predicate = true> <Delay = 1.58>
ST_1 : Operation 27 [1/1] (1.58ns)   --->   "%store_ln26 = store i2 0, i2 %orow" [conv2D0.cpp:26]   --->   Operation 27 'store' 'store_ln26' <Predicate = true> <Delay = 1.58>
ST_1 : Operation 28 [1/1] (1.58ns)   --->   "%store_ln27 = store i2 0, i2 %ocol" [conv2D0.cpp:27]   --->   Operation 28 'store' 'store_ln27' <Predicate = true> <Delay = 1.58>
ST_1 : Operation 29 [1/1] (0.00ns)   --->   "%br_ln0 = br void %loop_k1"   --->   Operation 29 'br' 'br_ln0' <Predicate = true> <Delay = 0.00>
ST_1 : Operation 30 [1/1] (0.00ns)   --->   "%indvar_flatten_load = load i3 %indvar_flatten" [conv2D0.cpp:26]   --->   Operation 30 'load' 'indvar_flatten_load' <Predicate = true> <Delay = 0.00>
ST_1 : Operation 31 [1/1] (1.65ns)   --->   "%icmp_ln26 = icmp_eq  i3 %indvar_flatten_load, i3 4" [conv2D0.cpp:26]   --->   Operation 31 'icmp' 'icmp_ln26' <Predicate = true> <Delay = 1.65> <CoreInst = "Cmp">   --->   Core 9 'Cmp' <Latency = 0> <II = 1> <Delay = 1.65> <FuncUnit> <Opcode : 'icmp'> <InPorts = 2> <OutPorts = 1>
ST_1 : Operation 32 [1/1] (1.65ns)   --->   "%add_ln26 = add i3 %indvar_flatten_load, i3 1" [conv2D0.cpp:26]   --->   Operation 32 'add' 'add_ln26' <Predicate = true> <Delay = 1.65> <CoreInst = "Adder">   --->   Core 1 'Adder' <Latency = 0> <II = 1> <Delay = 1.65> <FuncUnit> <Opcode : 'add' 'sub'> <InPorts = 2> <OutPorts = 1>
ST_1 : Operation 33 [1/1] (0.00ns)   --->   "%br_ln26 = br i1 %icmp_ln26, void %for.inc57, void %for.inc69.preheader.exitStub" [conv2D0.cpp:26]   --->   Operation 33 'br' 'br_ln26' <Predicate = true> <Delay = 0.00>
ST_1 : Operation 34 [1/1] (0.00ns)   --->   "%ocol_load = load i2 %ocol" [conv2D0.cpp:27]   --->   Operation 34 'load' 'ocol_load' <Predicate = (!icmp_ln26)> <Delay = 0.00>
ST_1 : Operation 35 [1/1] (0.00ns)   --->   "%orow_load = load i2 %orow" [conv2D0.cpp:26]   --->   Operation 35 'load' 'orow_load' <Predicate = (!icmp_ln26)> <Delay = 0.00>
ST_1 : Operation 36 [1/1] (1.56ns)   --->   "%icmp_ln27 = icmp_eq  i2 %ocol_load, i2 2" [conv2D0.cpp:27]   --->   Operation 36 'icmp' 'icmp_ln27' <Predicate = (!icmp_ln26)> <Delay = 1.56> <CoreInst = "Cmp">   --->   Core 9 'Cmp' <Latency = 0> <II = 1> <Delay = 1.56> <FuncUnit> <Opcode : 'icmp'> <InPorts = 2> <OutPorts = 1>
ST_1 : Operation 37 [1/1] (0.99ns)   --->   "%select_ln26 = select i1 %icmp_ln27, i2 0, i2 %ocol_load" [conv2D0.cpp:26]   --->   Operation 37 'select' 'select_ln26' <Predicate = (!icmp_ln26)> <Delay = 0.99> <CoreInst = "Sel">   --->   Core 73 'Sel' <Latency = 0> <II = 1> <Delay = 0.99> <FuncUnit> <Opcode : 'select'> <InPorts = 3> <OutPorts = 1>
ST_1 : Operation 38 [1/1] (1.56ns)   --->   "%add_ln26_1 = add i2 %orow_load, i2 1" [conv2D0.cpp:26]   --->   Operation 38 'add' 'add_ln26_1' <Predicate = (!icmp_ln26)> <Delay = 1.56> <CoreInst = "Adder">   --->   Core 1 'Adder' <Latency = 0> <II = 1> <Delay = 1.56> <FuncUnit> <Opcode : 'add' 'sub'> <InPorts = 2> <OutPorts = 1>
ST_1 : Operation 39 [1/1] (0.99ns)   --->   "%select_ln26_1 = select i1 %icmp_ln27, i2 %add_ln26_1, i2 %orow_load" [conv2D0.cpp:26]   --->   Operation 39 'select' 'select_ln26_1' <Predicate = (!icmp_ln26)> <Delay = 0.99> <CoreInst = "Sel">   --->   Core 73 'Sel' <Latency = 0> <II = 1> <Delay = 0.99> <FuncUnit> <Opcode : 'select'> <InPorts = 3> <OutPorts = 1>
ST_1 : Operation 40 [1/1] (0.00ns)   --->   "%empty = trunc i2 %select_ln26_1" [conv2D0.cpp:26]   --->   Operation 40 'trunc' 'empty' <Predicate = (!icmp_ln26)> <Delay = 0.00>
ST_1 : Operation 41 [1/1] (0.00ns)   --->   "%tmp_2 = bitconcatenate i3 @_ssdm_op_BitConcatenate.i3.i1.i2, i1 %empty, i2 0" [conv2D0.cpp:26]   --->   Operation 41 'bitconcatenate' 'tmp_2' <Predicate = (!icmp_ln26)> <Delay = 0.00>
ST_1 : Operation 42 [1/1] (0.00ns)   --->   "%zext_ln32 = zext i3 %tmp_2" [conv2D0.cpp:32]   --->   Operation 42 'zext' 'zext_ln32' <Predicate = (!icmp_ln26)> <Delay = 0.00>
ST_1 : Operation 43 [1/1] (0.00ns)   --->   "%add_ln = bitconcatenate i3 @_ssdm_op_BitConcatenate.i3.i1.i2, i1 %empty, i2 %select_ln26" [conv2D0.cpp:32]   --->   Operation 43 'bitconcatenate' 'add_ln' <Predicate = (!icmp_ln26)> <Delay = 0.00>
ST_1 : Operation 44 [1/1] (0.00ns)   --->   "%zext_ln33 = zext i3 %add_ln" [conv2D0.cpp:33]   --->   Operation 44 'zext' 'zext_ln33' <Predicate = (!icmp_ln26)> <Delay = 0.00>
ST_1 : Operation 45 [1/1] (0.00ns)   --->   "%img_inT_addr = getelementptr i8 %img_inT, i64 0, i64 %zext_ln33" [conv2D0.cpp:33]   --->   Operation 45 'getelementptr' 'img_inT_addr' <Predicate = (!icmp_ln26)> <Delay = 0.00>
ST_1 : Operation 46 [1/1] (0.00ns)   --->   "%img_inT_1_addr = getelementptr i8 %img_inT_1, i64 0, i64 %zext_ln33" [conv2D0.cpp:33]   --->   Operation 46 'getelementptr' 'img_inT_1_addr' <Predicate = (!icmp_ln26)> <Delay = 0.00>
ST_1 : Operation 47 [2/2] (2.32ns)   --->   "%img_inT_load = load i3 %img_inT_addr" [conv2D0.cpp:33]   --->   Operation 47 'load' 'img_inT_load' <Predicate = (!icmp_ln26)> <Delay = 2.32> <CoreInst = "RAM_1WnR">   --->   Core 83 'RAM_1WnR' <Latency = 1> <II = 1> <Delay = 2.32> <Storage> <Opcode : 'load' 'store'> <Ports = 17> <Width = 8> <Depth = 8> <RAM>
ST_1 : Operation 48 [2/2] (2.32ns)   --->   "%img_inT_1_load = load i3 %img_inT_1_addr" [conv2D0.cpp:33]   --->   Operation 48 'load' 'img_inT_1_load' <Predicate = (!icmp_ln26)> <Delay = 2.32> <CoreInst = "RAM_1WnR">   --->   Core 83 'RAM_1WnR' <Latency = 1> <II = 1> <Delay = 2.32> <Storage> <Opcode : 'load' 'store'> <Ports = 17> <Width = 8> <Depth = 8> <RAM>
ST_1 : Operation 49 [1/1] (1.56ns)   --->   "%add_ln32 = add i2 %select_ln26, i2 1" [conv2D0.cpp:32]   --->   Operation 49 'add' 'add_ln32' <Predicate = (!icmp_ln26)> <Delay = 1.56> <CoreInst = "Adder">   --->   Core 1 'Adder' <Latency = 0> <II = 1> <Delay = 1.56> <FuncUnit> <Opcode : 'add' 'sub'> <InPorts = 2> <OutPorts = 1>
ST_1 : Operation 50 [1/1] (0.00ns)   --->   "%add_ln32_2 = bitconcatenate i3 @_ssdm_op_BitConcatenate.i3.i1.i2, i1 %empty, i2 %add_ln32" [conv2D0.cpp:32]   --->   Operation 50 'bitconcatenate' 'add_ln32_2' <Predicate = (!icmp_ln26)> <Delay = 0.00>
ST_1 : Operation 51 [1/1] (0.00ns)   --->   "%zext_ln33_1 = zext i3 %add_ln32_2" [conv2D0.cpp:33]   --->   Operation 51 'zext' 'zext_ln33_1' <Predicate = (!icmp_ln26)> <Delay = 0.00>
ST_1 : Operation 52 [1/1] (0.00ns)   --->   "%img_inT_addr_1 = getelementptr i8 %img_inT, i64 0, i64 %zext_ln33_1" [conv2D0.cpp:33]   --->   Operation 52 'getelementptr' 'img_inT_addr_1' <Predicate = (!icmp_ln26)> <Delay = 0.00>
ST_1 : Operation 53 [1/1] (0.00ns)   --->   "%img_inT_1_addr_1 = getelementptr i8 %img_inT_1, i64 0, i64 %zext_ln33_1" [conv2D0.cpp:33]   --->   Operation 53 'getelementptr' 'img_inT_1_addr_1' <Predicate = (!icmp_ln26)> <Delay = 0.00>
ST_1 : Operation 54 [2/2] (2.32ns)   --->   "%img_inT_load_1 = load i3 %img_inT_addr_1" [conv2D0.cpp:33]   --->   Operation 54 'load' 'img_inT_load_1' <Predicate = (!icmp_ln26)> <Delay = 2.32> <CoreInst = "RAM_1WnR">   --->   Core 83 'RAM_1WnR' <Latency = 1> <II = 1> <Delay = 2.32> <Storage> <Opcode : 'load' 'store'> <Ports = 17> <Width = 8> <Depth = 8> <RAM>
ST_1 : Operation 55 [2/2] (2.32ns)   --->   "%img_inT_1_load_1 = load i3 %img_inT_1_addr_1" [conv2D0.cpp:33]   --->   Operation 55 'load' 'img_inT_1_load_1' <Predicate = (!icmp_ln26)> <Delay = 2.32> <CoreInst = "RAM_1WnR">   --->   Core 83 'RAM_1WnR' <Latency = 1> <II = 1> <Delay = 2.32> <Storage> <Opcode : 'load' 'store'> <Ports = 17> <Width = 8> <Depth = 8> <RAM>
ST_1 : Operation 56 [1/1] (0.97ns)   --->   "%xor_ln32 = xor i2 %select_ln26, i2 2" [conv2D0.cpp:32]   --->   Operation 56 'xor' 'xor_ln32' <Predicate = (!icmp_ln26)> <Delay = 0.97> <CoreInst = "LogicGate">   --->   Core 74 'LogicGate' <Latency = 0> <II = 1> <Delay = 0.97> <FuncUnit> <Opcode : 'and' 'or' 'xor'> <InPorts = 2> <OutPorts = 1>
ST_1 : Operation 57 [1/1] (0.00ns)   --->   "%add_ln32_4 = bitconcatenate i3 @_ssdm_op_BitConcatenate.i3.i1.i2, i1 %empty, i2 %xor_ln32" [conv2D0.cpp:32]   --->   Operation 57 'bitconcatenate' 'add_ln32_4' <Predicate = (!icmp_ln26)> <Delay = 0.00>
ST_1 : Operation 58 [1/1] (0.00ns)   --->   "%zext_ln33_2 = zext i3 %add_ln32_4" [conv2D0.cpp:33]   --->   Operation 58 'zext' 'zext_ln33_2' <Predicate = (!icmp_ln26)> <Delay = 0.00>
ST_1 : Operation 59 [1/1] (0.00ns)   --->   "%img_inT_addr_2 = getelementptr i8 %img_inT, i64 0, i64 %zext_ln33_2" [conv2D0.cpp:33]   --->   Operation 59 'getelementptr' 'img_inT_addr_2' <Predicate = (!icmp_ln26)> <Delay = 0.00>
ST_1 : Operation 60 [1/1] (0.00ns)   --->   "%img_inT_1_addr_2 = getelementptr i8 %img_inT_1, i64 0, i64 %zext_ln33_2" [conv2D0.cpp:33]   --->   Operation 60 'getelementptr' 'img_inT_1_addr_2' <Predicate = (!icmp_ln26)> <Delay = 0.00>
ST_1 : Operation 61 [2/2] (2.32ns)   --->   "%img_inT_load_2 = load i3 %img_inT_addr_2" [conv2D0.cpp:33]   --->   Operation 61 'load' 'img_inT_load_2' <Predicate = (!icmp_ln26)> <Delay = 2.32> <CoreInst = "RAM_1WnR">   --->   Core 83 'RAM_1WnR' <Latency = 1> <II = 1> <Delay = 2.32> <Storage> <Opcode : 'load' 'store'> <Ports = 17> <Width = 8> <Depth = 8> <RAM>
ST_1 : Operation 62 [2/2] (2.32ns)   --->   "%img_inT_1_load_2 = load i3 %img_inT_1_addr_2" [conv2D0.cpp:33]   --->   Operation 62 'load' 'img_inT_1_load_2' <Predicate = (!icmp_ln26)> <Delay = 2.32> <CoreInst = "RAM_1WnR">   --->   Core 83 'RAM_1WnR' <Latency = 1> <II = 1> <Delay = 2.32> <Storage> <Opcode : 'load' 'store'> <Ports = 17> <Width = 8> <Depth = 8> <RAM>
ST_1 : Operation 63 [1/1] (1.73ns)   --->   "%empty_8 = add i4 %zext_ln32, i4 4" [conv2D0.cpp:32]   --->   Operation 63 'add' 'empty_8' <Predicate = (!icmp_ln26)> <Delay = 1.73> <CoreInst = "Adder">   --->   Core 1 'Adder' <Latency = 0> <II = 1> <Delay = 1.73> <FuncUnit> <Opcode : 'add' 'sub'> <InPorts = 2> <OutPorts = 1>
ST_1 : Operation 64 [1/1] (0.00ns)   --->   "%tmp = bitselect i1 @_ssdm_op_BitSelect.i1.i4.i32, i4 %empty_8, i32 2" [conv2D0.cpp:33]   --->   Operation 64 'bitselect' 'tmp' <Predicate = (!icmp_ln26)> <Delay = 0.00>
ST_1 : Operation 65 [1/1] (0.00ns)   --->   "%add_ln32_5_cast = bitconcatenate i3 @_ssdm_op_BitConcatenate.i3.i1.i2, i1 %tmp, i2 %select_ln26" [conv2D0.cpp:33]   --->   Operation 65 'bitconcatenate' 'add_ln32_5_cast' <Predicate = (!icmp_ln26)> <Delay = 0.00>
ST_1 : Operation 66 [1/1] (0.00ns)   --->   "%zext_ln33_3 = zext i3 %add_ln32_5_cast" [conv2D0.cpp:33]   --->   Operation 66 'zext' 'zext_ln33_3' <Predicate = (!icmp_ln26)> <Delay = 0.00>
ST_1 : Operation 67 [1/1] (0.00ns)   --->   "%tmp_1 = bitselect i1 @_ssdm_op_BitSelect.i1.i4.i32, i4 %empty_8, i32 3" [conv2D0.cpp:33]   --->   Operation 67 'bitselect' 'tmp_1' <Predicate = (!icmp_ln26)> <Delay = 0.00>
ST_1 : Operation 68 [1/1] (0.00ns)   --->   "%img_inT_addr_3 = getelementptr i8 %img_inT, i64 0, i64 %zext_ln33_3" [conv2D0.cpp:33]   --->   Operation 68 'getelementptr' 'img_inT_addr_3' <Predicate = (!icmp_ln26)> <Delay = 0.00>
ST_1 : Operation 69 [1/1] (0.00ns)   --->   "%img_inT_1_addr_3 = getelementptr i8 %img_inT_1, i64 0, i64 %zext_ln33_3" [conv2D0.cpp:33]   --->   Operation 69 'getelementptr' 'img_inT_1_addr_3' <Predicate = (!icmp_ln26)> <Delay = 0.00>
ST_1 : Operation 70 [2/2] (2.32ns)   --->   "%img_inT_load_3 = load i3 %img_inT_addr_3" [conv2D0.cpp:33]   --->   Operation 70 'load' 'img_inT_load_3' <Predicate = (!icmp_ln26)> <Delay = 2.32> <CoreInst = "RAM_1WnR">   --->   Core 83 'RAM_1WnR' <Latency = 1> <II = 1> <Delay = 2.32> <Storage> <Opcode : 'load' 'store'> <Ports = 17> <Width = 8> <Depth = 8> <RAM>
ST_1 : Operation 71 [2/2] (2.32ns)   --->   "%img_inT_1_load_3 = load i3 %img_inT_1_addr_3" [conv2D0.cpp:33]   --->   Operation 71 'load' 'img_inT_1_load_3' <Predicate = (!icmp_ln26)> <Delay = 2.32> <CoreInst = "RAM_1WnR">   --->   Core 83 'RAM_1WnR' <Latency = 1> <II = 1> <Delay = 2.32> <Storage> <Opcode : 'load' 'store'> <Ports = 17> <Width = 8> <Depth = 8> <RAM>
ST_1 : Operation 72 [1/1] (0.00ns)   --->   "%add_ln32_6_cast = bitconcatenate i3 @_ssdm_op_BitConcatenate.i3.i1.i2, i1 %tmp, i2 %add_ln32" [conv2D0.cpp:33]   --->   Operation 72 'bitconcatenate' 'add_ln32_6_cast' <Predicate = (!icmp_ln26)> <Delay = 0.00>
ST_1 : Operation 73 [1/1] (0.00ns)   --->   "%zext_ln33_4 = zext i3 %add_ln32_6_cast" [conv2D0.cpp:33]   --->   Operation 73 'zext' 'zext_ln33_4' <Predicate = (!icmp_ln26)> <Delay = 0.00>
ST_1 : Operation 74 [1/1] (0.00ns)   --->   "%img_inT_addr_4 = getelementptr i8 %img_inT, i64 0, i64 %zext_ln33_4" [conv2D0.cpp:33]   --->   Operation 74 'getelementptr' 'img_inT_addr_4' <Predicate = (!icmp_ln26)> <Delay = 0.00>
ST_1 : Operation 75 [1/1] (0.00ns)   --->   "%img_inT_1_addr_4 = getelementptr i8 %img_inT_1, i64 0, i64 %zext_ln33_4" [conv2D0.cpp:33]   --->   Operation 75 'getelementptr' 'img_inT_1_addr_4' <Predicate = (!icmp_ln26)> <Delay = 0.00>
ST_1 : Operation 76 [2/2] (2.32ns)   --->   "%img_inT_load_4 = load i3 %img_inT_addr_4" [conv2D0.cpp:33]   --->   Operation 76 'load' 'img_inT_load_4' <Predicate = (!icmp_ln26)> <Delay = 2.32> <CoreInst = "RAM_1WnR">   --->   Core 83 'RAM_1WnR' <Latency = 1> <II = 1> <Delay = 2.32> <Storage> <Opcode : 'load' 'store'> <Ports = 17> <Width = 8> <Depth = 8> <RAM>
ST_1 : Operation 77 [2/2] (2.32ns)   --->   "%img_inT_1_load_4 = load i3 %img_inT_1_addr_4" [conv2D0.cpp:33]   --->   Operation 77 'load' 'img_inT_1_load_4' <Predicate = (!icmp_ln26)> <Delay = 2.32> <CoreInst = "RAM_1WnR">   --->   Core 83 'RAM_1WnR' <Latency = 1> <II = 1> <Delay = 2.32> <Storage> <Opcode : 'load' 'store'> <Ports = 17> <Width = 8> <Depth = 8> <RAM>
ST_1 : Operation 78 [1/1] (0.00ns)   --->   "%add_ln32_7_cast = bitconcatenate i3 @_ssdm_op_BitConcatenate.i3.i1.i2, i1 %tmp, i2 %xor_ln32" [conv2D0.cpp:33]   --->   Operation 78 'bitconcatenate' 'add_ln32_7_cast' <Predicate = (!icmp_ln26)> <Delay = 0.00>
ST_1 : Operation 79 [1/1] (0.00ns)   --->   "%zext_ln33_5 = zext i3 %add_ln32_7_cast" [conv2D0.cpp:33]   --->   Operation 79 'zext' 'zext_ln33_5' <Predicate = (!icmp_ln26)> <Delay = 0.00>
ST_1 : Operation 80 [1/1] (0.00ns)   --->   "%img_inT_addr_5 = getelementptr i8 %img_inT, i64 0, i64 %zext_ln33_5" [conv2D0.cpp:33]   --->   Operation 80 'getelementptr' 'img_inT_addr_5' <Predicate = (!icmp_ln26)> <Delay = 0.00>
ST_1 : Operation 81 [1/1] (0.00ns)   --->   "%img_inT_1_addr_5 = getelementptr i8 %img_inT_1, i64 0, i64 %zext_ln33_5" [conv2D0.cpp:33]   --->   Operation 81 'getelementptr' 'img_inT_1_addr_5' <Predicate = (!icmp_ln26)> <Delay = 0.00>
ST_1 : Operation 82 [2/2] (2.32ns)   --->   "%img_inT_load_5 = load i3 %img_inT_addr_5" [conv2D0.cpp:33]   --->   Operation 82 'load' 'img_inT_load_5' <Predicate = (!icmp_ln26)> <Delay = 2.32> <CoreInst = "RAM_1WnR">   --->   Core 83 'RAM_1WnR' <Latency = 1> <II = 1> <Delay = 2.32> <Storage> <Opcode : 'load' 'store'> <Ports = 17> <Width = 8> <Depth = 8> <RAM>
ST_1 : Operation 83 [2/2] (2.32ns)   --->   "%img_inT_1_load_5 = load i3 %img_inT_1_addr_5" [conv2D0.cpp:33]   --->   Operation 83 'load' 'img_inT_1_load_5' <Predicate = (!icmp_ln26)> <Delay = 2.32> <CoreInst = "RAM_1WnR">   --->   Core 83 'RAM_1WnR' <Latency = 1> <II = 1> <Delay = 2.32> <Storage> <Opcode : 'load' 'store'> <Ports = 17> <Width = 8> <Depth = 8> <RAM>
ST_1 : Operation 84 [1/1] (0.00ns)   --->   "%trunc_ln36 = trunc i2 %select_ln26" [conv2D0.cpp:36]   --->   Operation 84 'trunc' 'trunc_ln36' <Predicate = (!icmp_ln26)> <Delay = 0.00>
ST_1 : Operation 85 [1/1] (0.00ns)   --->   "%br_ln36 = br i1 %empty, void %arrayidx53.case.0, void %arrayidx53.case.1" [conv2D0.cpp:36]   --->   Operation 85 'br' 'br_ln36' <Predicate = (!icmp_ln26)> <Delay = 0.00>
ST_1 : Operation 86 [1/1] (1.58ns)   --->   "%store_ln26 = store i3 %add_ln26, i3 %indvar_flatten" [conv2D0.cpp:26]   --->   Operation 86 'store' 'store_ln26' <Predicate = (!icmp_ln26)> <Delay = 1.58>
ST_1 : Operation 87 [1/1] (1.58ns)   --->   "%store_ln26 = store i2 %select_ln26_1, i2 %orow" [conv2D0.cpp:26]   --->   Operation 87 'store' 'store_ln26' <Predicate = (!icmp_ln26)> <Delay = 1.58>
ST_1 : Operation 88 [1/1] (1.58ns)   --->   "%store_ln27 = store i2 %add_ln32, i2 %ocol" [conv2D0.cpp:27]   --->   Operation 88 'store' 'store_ln27' <Predicate = (!icmp_ln26)> <Delay = 1.58>
ST_1 : Operation 89 [1/1] (0.00ns)   --->   "%br_ln27 = br void %loop_k1" [conv2D0.cpp:27]   --->   Operation 89 'br' 'br_ln27' <Predicate = (!icmp_ln26)> <Delay = 0.00>

State 2 <SV = 1> <Delay = 6.49>
ST_2 : Operation 90 [1/2] (2.32ns)   --->   "%img_inT_load = load i3 %img_inT_addr" [conv2D0.cpp:33]   --->   Operation 90 'load' 'img_inT_load' <Predicate = true> <Delay = 2.32> <CoreInst = "RAM_1WnR">   --->   Core 83 'RAM_1WnR' <Latency = 1> <II = 1> <Delay = 2.32> <Storage> <Opcode : 'load' 'store'> <Ports = 17> <Width = 8> <Depth = 8> <RAM>
ST_2 : Operation 91 [1/2] (2.32ns)   --->   "%img_inT_1_load = load i3 %img_inT_1_addr" [conv2D0.cpp:33]   --->   Operation 91 'load' 'img_inT_1_load' <Predicate = true> <Delay = 2.32> <CoreInst = "RAM_1WnR">   --->   Core 83 'RAM_1WnR' <Latency = 1> <II = 1> <Delay = 2.32> <Storage> <Opcode : 'load' 'store'> <Ports = 17> <Width = 8> <Depth = 8> <RAM>
ST_2 : Operation 92 [1/1] (4.17ns)   --->   "%acc = mul i8 %img_inT_load, i8 %weightsT_load_read" [conv2D0.cpp:33]   --->   Operation 92 'mul' 'acc' <Predicate = true> <Delay = 4.17> <CoreInst = "Multiplier">   --->   Core 3 'Multiplier' <Latency = 0> <II = 1> <Delay = 4.17> <FuncUnit> <Opcode : 'mul'> <InPorts = 2> <OutPorts = 1>
ST_2 : Operation 93 [1/2] (2.32ns)   --->   "%img_inT_load_1 = load i3 %img_inT_addr_1" [conv2D0.cpp:33]   --->   Operation 93 'load' 'img_inT_load_1' <Predicate = true> <Delay = 2.32> <CoreInst = "RAM_1WnR">   --->   Core 83 'RAM_1WnR' <Latency = 1> <II = 1> <Delay = 2.32> <Storage> <Opcode : 'load' 'store'> <Ports = 17> <Width = 8> <Depth = 8> <RAM>
ST_2 : Operation 94 [1/2] (2.32ns)   --->   "%img_inT_1_load_1 = load i3 %img_inT_1_addr_1" [conv2D0.cpp:33]   --->   Operation 94 'load' 'img_inT_1_load_1' <Predicate = true> <Delay = 2.32> <CoreInst = "RAM_1WnR">   --->   Core 83 'RAM_1WnR' <Latency = 1> <II = 1> <Delay = 2.32> <Storage> <Opcode : 'load' 'store'> <Ports = 17> <Width = 8> <Depth = 8> <RAM>
ST_2 : Operation 95 [3/3] (1.05ns) (grouped into DSP with root node add_ln33_3)   --->   "%mul_ln33 = mul i8 %img_inT_load_1, i8 %weightsT_load_1_read" [conv2D0.cpp:33]   --->   Operation 95 'mul' 'mul_ln33' <Predicate = true> <Delay = 1.05> <CoreInst = "DSP48">   --->   Core 119 'DSP48' <Latency = 3> <II = 1> <Delay = 2.15> <IPBlock> <Opcode : '' 'add' 'sub' 'mul' 'select'> <InPorts = 0> <OutPorts = 1> <Sync> <CReg>
ST_2 : Operation 96 [1/2] (2.32ns)   --->   "%img_inT_load_2 = load i3 %img_inT_addr_2" [conv2D0.cpp:33]   --->   Operation 96 'load' 'img_inT_load_2' <Predicate = true> <Delay = 2.32> <CoreInst = "RAM_1WnR">   --->   Core 83 'RAM_1WnR' <Latency = 1> <II = 1> <Delay = 2.32> <Storage> <Opcode : 'load' 'store'> <Ports = 17> <Width = 8> <Depth = 8> <RAM>
ST_2 : Operation 97 [1/2] (2.32ns)   --->   "%img_inT_1_load_2 = load i3 %img_inT_1_addr_2" [conv2D0.cpp:33]   --->   Operation 97 'load' 'img_inT_1_load_2' <Predicate = true> <Delay = 2.32> <CoreInst = "RAM_1WnR">   --->   Core 83 'RAM_1WnR' <Latency = 1> <II = 1> <Delay = 2.32> <Storage> <Opcode : 'load' 'store'> <Ports = 17> <Width = 8> <Depth = 8> <RAM>
ST_2 : Operation 98 [1/1] (4.17ns)   --->   "%mul_ln33_1 = mul i8 %img_inT_load_2, i8 %weightsT_load_2_read" [conv2D0.cpp:33]   --->   Operation 98 'mul' 'mul_ln33_1' <Predicate = true> <Delay = 4.17> <CoreInst = "Multiplier">   --->   Core 3 'Multiplier' <Latency = 0> <II = 1> <Delay = 4.17> <FuncUnit> <Opcode : 'mul'> <InPorts = 2> <OutPorts = 1>
ST_2 : Operation 99 [1/2] (2.32ns)   --->   "%img_inT_load_3 = load i3 %img_inT_addr_3" [conv2D0.cpp:33]   --->   Operation 99 'load' 'img_inT_load_3' <Predicate = true> <Delay = 2.32> <CoreInst = "RAM_1WnR">   --->   Core 83 'RAM_1WnR' <Latency = 1> <II = 1> <Delay = 2.32> <Storage> <Opcode : 'load' 'store'> <Ports = 17> <Width = 8> <Depth = 8> <RAM>
ST_2 : Operation 100 [1/2] (2.32ns)   --->   "%img_inT_1_load_3 = load i3 %img_inT_1_addr_3" [conv2D0.cpp:33]   --->   Operation 100 'load' 'img_inT_1_load_3' <Predicate = true> <Delay = 2.32> <CoreInst = "RAM_1WnR">   --->   Core 83 'RAM_1WnR' <Latency = 1> <II = 1> <Delay = 2.32> <Storage> <Opcode : 'load' 'store'> <Ports = 17> <Width = 8> <Depth = 8> <RAM>
ST_2 : Operation 101 [1/1] (1.24ns)   --->   "%select_ln33 = select i1 %tmp_1, i8 %img_inT_1_load_3, i8 %img_inT_load_3" [conv2D0.cpp:33]   --->   Operation 101 'select' 'select_ln33' <Predicate = true> <Delay = 1.24> <CoreInst = "Sel">   --->   Core 73 'Sel' <Latency = 0> <II = 1> <Delay = 1.24> <FuncUnit> <Opcode : 'select'> <InPorts = 3> <OutPorts = 1>
ST_2 : Operation 102 [1/2] (2.32ns)   --->   "%img_inT_load_4 = load i3 %img_inT_addr_4" [conv2D0.cpp:33]   --->   Operation 102 'load' 'img_inT_load_4' <Predicate = true> <Delay = 2.32> <CoreInst = "RAM_1WnR">   --->   Core 83 'RAM_1WnR' <Latency = 1> <II = 1> <Delay = 2.32> <Storage> <Opcode : 'load' 'store'> <Ports = 17> <Width = 8> <Depth = 8> <RAM>
ST_2 : Operation 103 [1/2] (2.32ns)   --->   "%img_inT_1_load_4 = load i3 %img_inT_1_addr_4" [conv2D0.cpp:33]   --->   Operation 103 'load' 'img_inT_1_load_4' <Predicate = true> <Delay = 2.32> <CoreInst = "RAM_1WnR">   --->   Core 83 'RAM_1WnR' <Latency = 1> <II = 1> <Delay = 2.32> <Storage> <Opcode : 'load' 'store'> <Ports = 17> <Width = 8> <Depth = 8> <RAM>
ST_2 : Operation 104 [1/1] (1.24ns)   --->   "%select_ln33_1 = select i1 %tmp_1, i8 %img_inT_1_load_4, i8 %img_inT_load_4" [conv2D0.cpp:33]   --->   Operation 104 'select' 'select_ln33_1' <Predicate = true> <Delay = 1.24> <CoreInst = "Sel">   --->   Core 73 'Sel' <Latency = 0> <II = 1> <Delay = 1.24> <FuncUnit> <Opcode : 'select'> <InPorts = 3> <OutPorts = 1>
ST_2 : Operation 105 [3/3] (1.05ns) (grouped into DSP with root node add_ln33_1)   --->   "%mul_ln33_3 = mul i8 %weightsT_load_4_read, i8 %select_ln33_1" [conv2D0.cpp:33]   --->   Operation 105 'mul' 'mul_ln33_3' <Predicate = true> <Delay = 1.05> <CoreInst = "DSP48">   --->   Core 119 'DSP48' <Latency = 3> <II = 1> <Delay = 2.15> <IPBlock> <Opcode : '' 'add' 'sub' 'mul' 'select'> <InPorts = 0> <OutPorts = 1> <Sync> <CReg>
ST_2 : Operation 106 [1/2] (2.32ns)   --->   "%img_inT_load_5 = load i3 %img_inT_addr_5" [conv2D0.cpp:33]   --->   Operation 106 'load' 'img_inT_load_5' <Predicate = true> <Delay = 2.32> <CoreInst = "RAM_1WnR">   --->   Core 83 'RAM_1WnR' <Latency = 1> <II = 1> <Delay = 2.32> <Storage> <Opcode : 'load' 'store'> <Ports = 17> <Width = 8> <Depth = 8> <RAM>
ST_2 : Operation 107 [1/2] (2.32ns)   --->   "%img_inT_1_load_5 = load i3 %img_inT_1_addr_5" [conv2D0.cpp:33]   --->   Operation 107 'load' 'img_inT_1_load_5' <Predicate = true> <Delay = 2.32> <CoreInst = "RAM_1WnR">   --->   Core 83 'RAM_1WnR' <Latency = 1> <II = 1> <Delay = 2.32> <Storage> <Opcode : 'load' 'store'> <Ports = 17> <Width = 8> <Depth = 8> <RAM>
ST_2 : Operation 108 [1/1] (1.24ns)   --->   "%select_ln33_2 = select i1 %tmp_1, i8 %img_inT_1_load_5, i8 %img_inT_load_5" [conv2D0.cpp:33]   --->   Operation 108 'select' 'select_ln33_2' <Predicate = true> <Delay = 1.24> <CoreInst = "Sel">   --->   Core 73 'Sel' <Latency = 0> <II = 1> <Delay = 1.24> <FuncUnit> <Opcode : 'select'> <InPorts = 3> <OutPorts = 1>
ST_2 : Operation 109 [1/1] (4.17ns)   --->   "%mul_ln33_5 = mul i8 %img_inT_1_load, i8 %weightsT_1_load_1_read" [conv2D0.cpp:33]   --->   Operation 109 'mul' 'mul_ln33_5' <Predicate = true> <Delay = 4.17> <CoreInst = "Multiplier">   --->   Core 3 'Multiplier' <Latency = 0> <II = 1> <Delay = 4.17> <FuncUnit> <Opcode : 'mul'> <InPorts = 2> <OutPorts = 1>
ST_2 : Operation 110 [3/3] (1.05ns) (grouped into DSP with root node add_ln33)   --->   "%mul_ln33_6 = mul i8 %img_inT_1_load_1, i8 %weightsT_1_load_2_read" [conv2D0.cpp:33]   --->   Operation 110 'mul' 'mul_ln33_6' <Predicate = true> <Delay = 1.05> <CoreInst = "DSP48">   --->   Core 119 'DSP48' <Latency = 3> <II = 1> <Delay = 2.15> <IPBlock> <Opcode : '' 'add' 'sub' 'mul' 'select'> <InPorts = 0> <OutPorts = 1> <Sync> <CReg>
ST_2 : Operation 111 [3/3] (1.05ns) (grouped into DSP with root node add_ln33_4)   --->   "%mul_ln33_7 = mul i8 %img_inT_1_load_2, i8 %weightsT_1_load_3_read" [conv2D0.cpp:33]   --->   Operation 111 'mul' 'mul_ln33_7' <Predicate = true> <Delay = 1.05> <CoreInst = "DSP48">   --->   Core 119 'DSP48' <Latency = 3> <II = 1> <Delay = 2.15> <IPBlock> <Opcode : '' 'add' 'sub' 'mul' 'select'> <InPorts = 0> <OutPorts = 1> <Sync> <CReg>

State 3 <SV = 2> <Delay = 4.17>
ST_3 : Operation 112 [2/3] (1.05ns) (grouped into DSP with root node add_ln33_3)   --->   "%mul_ln33 = mul i8 %img_inT_load_1, i8 %weightsT_load_1_read" [conv2D0.cpp:33]   --->   Operation 112 'mul' 'mul_ln33' <Predicate = true> <Delay = 1.05> <CoreInst = "DSP48">   --->   Core 119 'DSP48' <Latency = 3> <II = 1> <Delay = 2.15> <IPBlock> <Opcode : '' 'add' 'sub' 'mul' 'select'> <InPorts = 0> <OutPorts = 1> <Sync> <CReg>
ST_3 : Operation 113 [3/3] (1.05ns) (grouped into DSP with root node add_ln33_5)   --->   "%mul_ln33_2 = mul i8 %weightsT_load_3_read, i8 %select_ln33" [conv2D0.cpp:33]   --->   Operation 113 'mul' 'mul_ln33_2' <Predicate = true> <Delay = 1.05> <CoreInst = "DSP48">   --->   Core 119 'DSP48' <Latency = 3> <II = 1> <Delay = 2.15> <IPBlock> <Opcode : '' 'add' 'sub' 'mul' 'select'> <InPorts = 0> <OutPorts = 1> <Sync> <CReg>
ST_3 : Operation 114 [2/3] (1.05ns) (grouped into DSP with root node add_ln33_1)   --->   "%mul_ln33_3 = mul i8 %weightsT_load_4_read, i8 %select_ln33_1" [conv2D0.cpp:33]   --->   Operation 114 'mul' 'mul_ln33_3' <Predicate = true> <Delay = 1.05> <CoreInst = "DSP48">   --->   Core 119 'DSP48' <Latency = 3> <II = 1> <Delay = 2.15> <IPBlock> <Opcode : '' 'add' 'sub' 'mul' 'select'> <InPorts = 0> <OutPorts = 1> <Sync> <CReg>
ST_3 : Operation 115 [1/1] (4.17ns)   --->   "%mul_ln33_4 = mul i8 %weightsT_1_load_read, i8 %select_ln33_2" [conv2D0.cpp:33]   --->   Operation 115 'mul' 'mul_ln33_4' <Predicate = true> <Delay = 4.17> <CoreInst = "Multiplier">   --->   Core 3 'Multiplier' <Latency = 0> <II = 1> <Delay = 4.17> <FuncUnit> <Opcode : 'mul'> <InPorts = 2> <OutPorts = 1>
ST_3 : Operation 116 [2/3] (1.05ns) (grouped into DSP with root node add_ln33)   --->   "%mul_ln33_6 = mul i8 %img_inT_1_load_1, i8 %weightsT_1_load_2_read" [conv2D0.cpp:33]   --->   Operation 116 'mul' 'mul_ln33_6' <Predicate = true> <Delay = 1.05> <CoreInst = "DSP48">   --->   Core 119 'DSP48' <Latency = 3> <II = 1> <Delay = 2.15> <IPBlock> <Opcode : '' 'add' 'sub' 'mul' 'select'> <InPorts = 0> <OutPorts = 1> <Sync> <CReg>
ST_3 : Operation 117 [2/3] (1.05ns) (grouped into DSP with root node add_ln33_4)   --->   "%mul_ln33_7 = mul i8 %img_inT_1_load_2, i8 %weightsT_1_load_3_read" [conv2D0.cpp:33]   --->   Operation 117 'mul' 'mul_ln33_7' <Predicate = true> <Delay = 1.05> <CoreInst = "DSP48">   --->   Core 119 'DSP48' <Latency = 3> <II = 1> <Delay = 2.15> <IPBlock> <Opcode : '' 'add' 'sub' 'mul' 'select'> <InPorts = 0> <OutPorts = 1> <Sync> <CReg>

State 4 <SV = 3> <Delay = 2.10>
ST_4 : Operation 118 [1/3] (0.00ns) (grouped into DSP with root node add_ln33_3)   --->   "%mul_ln33 = mul i8 %img_inT_load_1, i8 %weightsT_load_1_read" [conv2D0.cpp:33]   --->   Operation 118 'mul' 'mul_ln33' <Predicate = true> <Delay = 0.00> <CoreInst = "DSP48">   --->   Core 119 'DSP48' <Latency = 3> <II = 1> <Delay = 2.15> <IPBlock> <Opcode : '' 'add' 'sub' 'mul' 'select'> <InPorts = 0> <OutPorts = 1> <Sync> <CReg>
ST_4 : Operation 119 [2/3] (1.05ns) (grouped into DSP with root node add_ln33_5)   --->   "%mul_ln33_2 = mul i8 %weightsT_load_3_read, i8 %select_ln33" [conv2D0.cpp:33]   --->   Operation 119 'mul' 'mul_ln33_2' <Predicate = true> <Delay = 1.05> <CoreInst = "DSP48">   --->   Core 119 'DSP48' <Latency = 3> <II = 1> <Delay = 2.15> <IPBlock> <Opcode : '' 'add' 'sub' 'mul' 'select'> <InPorts = 0> <OutPorts = 1> <Sync> <CReg>
ST_4 : Operation 120 [1/3] (0.00ns) (grouped into DSP with root node add_ln33_1)   --->   "%mul_ln33_3 = mul i8 %weightsT_load_4_read, i8 %select_ln33_1" [conv2D0.cpp:33]   --->   Operation 120 'mul' 'mul_ln33_3' <Predicate = true> <Delay = 0.00> <CoreInst = "DSP48">   --->   Core 119 'DSP48' <Latency = 3> <II = 1> <Delay = 2.15> <IPBlock> <Opcode : '' 'add' 'sub' 'mul' 'select'> <InPorts = 0> <OutPorts = 1> <Sync> <CReg>
ST_4 : Operation 121 [1/3] (0.00ns) (grouped into DSP with root node add_ln33)   --->   "%mul_ln33_6 = mul i8 %img_inT_1_load_1, i8 %weightsT_1_load_2_read" [conv2D0.cpp:33]   --->   Operation 121 'mul' 'mul_ln33_6' <Predicate = true> <Delay = 0.00> <CoreInst = "DSP48">   --->   Core 119 'DSP48' <Latency = 3> <II = 1> <Delay = 2.15> <IPBlock> <Opcode : '' 'add' 'sub' 'mul' 'select'> <InPorts = 0> <OutPorts = 1> <Sync> <CReg>
ST_4 : Operation 122 [1/3] (0.00ns) (grouped into DSP with root node add_ln33_4)   --->   "%mul_ln33_7 = mul i8 %img_inT_1_load_2, i8 %weightsT_1_load_3_read" [conv2D0.cpp:33]   --->   Operation 122 'mul' 'mul_ln33_7' <Predicate = true> <Delay = 0.00> <CoreInst = "DSP48">   --->   Core 119 'DSP48' <Latency = 3> <II = 1> <Delay = 2.15> <IPBlock> <Opcode : '' 'add' 'sub' 'mul' 'select'> <InPorts = 0> <OutPorts = 1> <Sync> <CReg>
ST_4 : Operation 123 [2/2] (2.10ns) (root node of the DSP)   --->   "%add_ln33 = add i8 %mul_ln33_5, i8 %mul_ln33_6" [conv2D0.cpp:33]   --->   Operation 123 'add' 'add_ln33' <Predicate = true> <Delay = 2.10> <CoreInst = "DSP48">   --->   Core 119 'DSP48' <Latency = 3> <II = 1> <Delay = 2.15> <IPBlock> <Opcode : '' 'add' 'sub' 'mul' 'select'> <InPorts = 0> <OutPorts = 1> <Sync> <CReg>
ST_4 : Operation 124 [2/2] (2.10ns) (root node of the DSP)   --->   "%add_ln33_1 = add i8 %mul_ln33_4, i8 %mul_ln33_3" [conv2D0.cpp:33]   --->   Operation 124 'add' 'add_ln33_1' <Predicate = true> <Delay = 2.10> <CoreInst = "DSP48">   --->   Core 119 'DSP48' <Latency = 3> <II = 1> <Delay = 2.15> <IPBlock> <Opcode : '' 'add' 'sub' 'mul' 'select'> <InPorts = 0> <OutPorts = 1> <Sync> <CReg>
ST_4 : Operation 125 [2/2] (2.10ns) (root node of the DSP)   --->   "%add_ln33_3 = add i8 %acc, i8 %mul_ln33" [conv2D0.cpp:33]   --->   Operation 125 'add' 'add_ln33_3' <Predicate = true> <Delay = 2.10> <CoreInst = "DSP48">   --->   Core 119 'DSP48' <Latency = 3> <II = 1> <Delay = 2.15> <IPBlock> <Opcode : '' 'add' 'sub' 'mul' 'select'> <InPorts = 0> <OutPorts = 1> <Sync> <CReg>
ST_4 : Operation 126 [2/2] (2.10ns) (root node of the DSP)   --->   "%add_ln33_4 = add i8 %mul_ln33_1, i8 %mul_ln33_7" [conv2D0.cpp:33]   --->   Operation 126 'add' 'add_ln33_4' <Predicate = true> <Delay = 2.10> <CoreInst = "DSP48">   --->   Core 119 'DSP48' <Latency = 3> <II = 1> <Delay = 2.15> <IPBlock> <Opcode : '' 'add' 'sub' 'mul' 'select'> <InPorts = 0> <OutPorts = 1> <Sync> <CReg>

State 5 <SV = 4> <Delay = 4.20>
ST_5 : Operation 127 [1/3] (0.00ns) (grouped into DSP with root node add_ln33_5)   --->   "%mul_ln33_2 = mul i8 %weightsT_load_3_read, i8 %select_ln33" [conv2D0.cpp:33]   --->   Operation 127 'mul' 'mul_ln33_2' <Predicate = true> <Delay = 0.00> <CoreInst = "DSP48">   --->   Core 119 'DSP48' <Latency = 3> <II = 1> <Delay = 2.15> <IPBlock> <Opcode : '' 'add' 'sub' 'mul' 'select'> <InPorts = 0> <OutPorts = 1> <Sync> <CReg>
ST_5 : Operation 128 [1/2] (2.10ns) (root node of the DSP)   --->   "%add_ln33 = add i8 %mul_ln33_5, i8 %mul_ln33_6" [conv2D0.cpp:33]   --->   Operation 128 'add' 'add_ln33' <Predicate = true> <Delay = 2.10> <CoreInst = "DSP48">   --->   Core 119 'DSP48' <Latency = 3> <II = 1> <Delay = 2.15> <IPBlock> <Opcode : '' 'add' 'sub' 'mul' 'select'> <InPorts = 0> <OutPorts = 1> <Sync> <CReg>
ST_5 : Operation 129 [1/2] (2.10ns) (root node of the DSP)   --->   "%add_ln33_1 = add i8 %mul_ln33_4, i8 %mul_ln33_3" [conv2D0.cpp:33]   --->   Operation 129 'add' 'add_ln33_1' <Predicate = true> <Delay = 2.10> <CoreInst = "DSP48">   --->   Core 119 'DSP48' <Latency = 3> <II = 1> <Delay = 2.15> <IPBlock> <Opcode : '' 'add' 'sub' 'mul' 'select'> <InPorts = 0> <OutPorts = 1> <Sync> <CReg>
ST_5 : Operation 130 [1/2] (2.10ns) (root node of the DSP)   --->   "%add_ln33_3 = add i8 %acc, i8 %mul_ln33" [conv2D0.cpp:33]   --->   Operation 130 'add' 'add_ln33_3' <Predicate = true> <Delay = 2.10> <CoreInst = "DSP48">   --->   Core 119 'DSP48' <Latency = 3> <II = 1> <Delay = 2.15> <IPBlock> <Opcode : '' 'add' 'sub' 'mul' 'select'> <InPorts = 0> <OutPorts = 1> <Sync> <CReg>
ST_5 : Operation 131 [1/2] (2.10ns) (root node of the DSP)   --->   "%add_ln33_4 = add i8 %mul_ln33_1, i8 %mul_ln33_7" [conv2D0.cpp:33]   --->   Operation 131 'add' 'add_ln33_4' <Predicate = true> <Delay = 2.10> <CoreInst = "DSP48">   --->   Core 119 'DSP48' <Latency = 3> <II = 1> <Delay = 2.15> <IPBlock> <Opcode : '' 'add' 'sub' 'mul' 'select'> <InPorts = 0> <OutPorts = 1> <Sync> <CReg>
ST_5 : Operation 132 [2/2] (2.10ns) (root node of the DSP)   --->   "%add_ln33_5 = add i8 %add_ln33_4, i8 %mul_ln33_2" [conv2D0.cpp:33]   --->   Operation 132 'add' 'add_ln33_5' <Predicate = true> <Delay = 2.10> <CoreInst = "DSP48">   --->   Core 119 'DSP48' <Latency = 3> <II = 1> <Delay = 2.15> <IPBlock> <Opcode : '' 'add' 'sub' 'mul' 'select'> <InPorts = 0> <OutPorts = 1> <Sync> <CReg>

State 6 <SV = 5> <Delay = 4.01>
ST_6 : Operation 133 [1/2] (2.10ns) (root node of the DSP)   --->   "%add_ln33_5 = add i8 %add_ln33_4, i8 %mul_ln33_2" [conv2D0.cpp:33]   --->   Operation 133 'add' 'add_ln33_5' <Predicate = true> <Delay = 2.10> <CoreInst = "DSP48">   --->   Core 119 'DSP48' <Latency = 3> <II = 1> <Delay = 2.15> <IPBlock> <Opcode : '' 'add' 'sub' 'mul' 'select'> <InPorts = 0> <OutPorts = 1> <Sync> <CReg>
ST_6 : Operation 134 [1/1] (1.91ns)   --->   "%add_ln33_6 = add i8 %add_ln33_5, i8 %add_ln33_3" [conv2D0.cpp:33]   --->   Operation 134 'add' 'add_ln33_6' <Predicate = true> <Delay = 1.91> <CoreInst = "Adder">   --->   Core 1 'Adder' <Latency = 0> <II = 1> <Delay = 1.91> <FuncUnit> <Opcode : 'add' 'sub'> <InPorts = 2> <OutPorts = 1>
ST_6 : Operation 154 [1/1] (0.00ns)   --->   "%img_outT_0_load = load i8 %img_outT_0_load3"   --->   Operation 154 'load' 'img_outT_0_load' <Predicate = (icmp_ln26)> <Delay = 0.00>
ST_6 : Operation 155 [1/1] (0.00ns)   --->   "%img_outT_1_load = load i8 %img_outT_1_load7"   --->   Operation 155 'load' 'img_outT_1_load' <Predicate = (icmp_ln26)> <Delay = 0.00>
ST_6 : Operation 156 [1/1] (0.00ns)   --->   "%img_outT_0_1_load = load i8 %img_outT_0_1_load11"   --->   Operation 156 'load' 'img_outT_0_1_load' <Predicate = (icmp_ln26)> <Delay = 0.00>
ST_6 : Operation 157 [1/1] (0.00ns)   --->   "%img_outT_1_1_load = load i8 %img_outT_1_1_load15"   --->   Operation 157 'load' 'img_outT_1_1_load' <Predicate = (icmp_ln26)> <Delay = 0.00>
ST_6 : Operation 158 [1/1] (0.00ns)   --->   "%write_ln0 = write void @_ssdm_op_Write.ap_auto.i8P0A, i8 %img_outT_1_1_load15_out, i8 %img_outT_1_1_load"   --->   Operation 158 'write' 'write_ln0' <Predicate = (icmp_ln26)> <Delay = 0.00>
ST_6 : Operation 159 [1/1] (0.00ns)   --->   "%write_ln0 = write void @_ssdm_op_Write.ap_auto.i8P0A, i8 %img_outT_0_1_load11_out, i8 %img_outT_0_1_load"   --->   Operation 159 'write' 'write_ln0' <Predicate = (icmp_ln26)> <Delay = 0.00>
ST_6 : Operation 160 [1/1] (0.00ns)   --->   "%write_ln0 = write void @_ssdm_op_Write.ap_auto.i8P0A, i8 %img_outT_1_load7_out, i8 %img_outT_1_load"   --->   Operation 160 'write' 'write_ln0' <Predicate = (icmp_ln26)> <Delay = 0.00>
ST_6 : Operation 161 [1/1] (0.00ns)   --->   "%write_ln0 = write void @_ssdm_op_Write.ap_auto.i8P0A, i8 %img_outT_0_load3_out, i8 %img_outT_0_load"   --->   Operation 161 'write' 'write_ln0' <Predicate = (icmp_ln26)> <Delay = 0.00>
ST_6 : Operation 162 [1/1] (0.00ns)   --->   "%ret_ln0 = ret"   --->   Operation 162 'ret' 'ret_ln0' <Predicate = (icmp_ln26)> <Delay = 0.00>

State 7 <SV = 6> <Delay = 4.91>
ST_7 : Operation 135 [1/1] (0.00ns)   --->   "%specloopname_ln0 = specloopname void @_ssdm_op_SpecLoopName, void @loop_orow_loop_ocol_str"   --->   Operation 135 'specloopname' 'specloopname_ln0' <Predicate = true> <Delay = 0.00>
ST_7 : Operation 136 [1/1] (0.00ns)   --->   "%speclooptripcount_ln0 = speclooptripcount void @_ssdm_op_SpecLoopTripCount, i64 4, i64 4, i64 4"   --->   Operation 136 'speclooptripcount' 'speclooptripcount_ln0' <Predicate = true> <Delay = 0.00>
ST_7 : Operation 137 [1/1] (0.00ns)   --->   "%specpipeline_ln27 = specpipeline void @_ssdm_op_SpecPipeline, i32 4294967295, i32 0, i32 0, i32 0, void @empty_0" [conv2D0.cpp:27]   --->   Operation 137 'specpipeline' 'specpipeline_ln27' <Predicate = true> <Delay = 0.00>
ST_7 : Operation 138 [1/1] (0.00ns) (grouped into TernaryAdder)   --->   "%add_ln33_2 = add i8 %add_ln33_1, i8 %add_ln33" [conv2D0.cpp:33]   --->   Operation 138 'add' 'add_ln33_2' <Predicate = true> <Delay = 0.00> <CoreInst = "TAddSub">   --->   Core 10 'TAddSub' <Latency = 0> <II = 1> <Delay = 1.83> <IPBlock> <Opcode : '' 'add' 'sub'> <InPorts = 3> <OutPorts = 1> <Sync> <CReg>
ST_7 : Operation 139 [1/1] (3.66ns) (root node of TernaryAdder)   --->   "%acc_1 = add i8 %add_ln33_6, i8 %add_ln33_2" [conv2D0.cpp:33]   --->   Operation 139 'add' 'acc_1' <Predicate = true> <Delay = 3.66> <CoreInst = "TAddSub">   --->   Core 10 'TAddSub' <Latency = 0> <II = 1> <Delay = 1.83> <IPBlock> <Opcode : '' 'add' 'sub'> <InPorts = 3> <OutPorts = 1> <Sync> <CReg>
ST_7 : Operation 140 [1/1] (0.00ns)   --->   "%img_outT_0_load_1 = load i8 %img_outT_0_load3" [conv2D0.cpp:36]   --->   Operation 140 'load' 'img_outT_0_load_1' <Predicate = (!empty & trunc_ln36)> <Delay = 0.00>
ST_7 : Operation 141 [1/1] (0.00ns)   --->   "%img_outT_1_load_1 = load i8 %img_outT_1_load7" [conv2D0.cpp:36]   --->   Operation 141 'load' 'img_outT_1_load_1' <Predicate = (!empty & !trunc_ln36)> <Delay = 0.00>
ST_7 : Operation 142 [1/1] (1.24ns)   --->   "%select_ln36_2 = select i1 %trunc_ln36, i8 %acc_1, i8 %img_outT_1_load_1" [conv2D0.cpp:36]   --->   Operation 142 'select' 'select_ln36_2' <Predicate = (!empty)> <Delay = 1.24> <CoreInst = "Sel">   --->   Core 73 'Sel' <Latency = 0> <II = 1> <Delay = 1.24> <FuncUnit> <Opcode : 'select'> <InPorts = 3> <OutPorts = 1>
ST_7 : Operation 143 [1/1] (1.24ns)   --->   "%select_ln36_3 = select i1 %trunc_ln36, i8 %img_outT_0_load_1, i8 %acc_1" [conv2D0.cpp:36]   --->   Operation 143 'select' 'select_ln36_3' <Predicate = (!empty)> <Delay = 1.24> <CoreInst = "Sel">   --->   Core 73 'Sel' <Latency = 0> <II = 1> <Delay = 1.24> <FuncUnit> <Opcode : 'select'> <InPorts = 3> <OutPorts = 1>
ST_7 : Operation 144 [1/1] (0.00ns)   --->   "%store_ln36 = store i8 %select_ln36_2, i8 %img_outT_1_load7" [conv2D0.cpp:36]   --->   Operation 144 'store' 'store_ln36' <Predicate = (!empty)> <Delay = 0.00>
ST_7 : Operation 145 [1/1] (0.00ns)   --->   "%store_ln36 = store i8 %select_ln36_3, i8 %img_outT_0_load3" [conv2D0.cpp:36]   --->   Operation 145 'store' 'store_ln36' <Predicate = (!empty)> <Delay = 0.00>
ST_7 : Operation 146 [1/1] (0.00ns)   --->   "%br_ln36 = br void %arrayidx53.exit" [conv2D0.cpp:36]   --->   Operation 146 'br' 'br_ln36' <Predicate = (!empty)> <Delay = 0.00>
ST_7 : Operation 147 [1/1] (0.00ns)   --->   "%img_outT_0_1_load_1 = load i8 %img_outT_0_1_load11" [conv2D0.cpp:36]   --->   Operation 147 'load' 'img_outT_0_1_load_1' <Predicate = (empty & trunc_ln36)> <Delay = 0.00>
ST_7 : Operation 148 [1/1] (0.00ns)   --->   "%img_outT_1_1_load_1 = load i8 %img_outT_1_1_load15" [conv2D0.cpp:36]   --->   Operation 148 'load' 'img_outT_1_1_load_1' <Predicate = (empty & !trunc_ln36)> <Delay = 0.00>
ST_7 : Operation 149 [1/1] (1.24ns)   --->   "%select_ln36 = select i1 %trunc_ln36, i8 %acc_1, i8 %img_outT_1_1_load_1" [conv2D0.cpp:36]   --->   Operation 149 'select' 'select_ln36' <Predicate = (empty)> <Delay = 1.24> <CoreInst = "Sel">   --->   Core 73 'Sel' <Latency = 0> <II = 1> <Delay = 1.24> <FuncUnit> <Opcode : 'select'> <InPorts = 3> <OutPorts = 1>
ST_7 : Operation 150 [1/1] (1.24ns)   --->   "%select_ln36_1 = select i1 %trunc_ln36, i8 %img_outT_0_1_load_1, i8 %acc_1" [conv2D0.cpp:36]   --->   Operation 150 'select' 'select_ln36_1' <Predicate = (empty)> <Delay = 1.24> <CoreInst = "Sel">   --->   Core 73 'Sel' <Latency = 0> <II = 1> <Delay = 1.24> <FuncUnit> <Opcode : 'select'> <InPorts = 3> <OutPorts = 1>
ST_7 : Operation 151 [1/1] (0.00ns)   --->   "%store_ln36 = store i8 %select_ln36, i8 %img_outT_1_1_load15" [conv2D0.cpp:36]   --->   Operation 151 'store' 'store_ln36' <Predicate = (empty)> <Delay = 0.00>
ST_7 : Operation 152 [1/1] (0.00ns)   --->   "%store_ln36 = store i8 %select_ln36_1, i8 %img_outT_0_1_load11" [conv2D0.cpp:36]   --->   Operation 152 'store' 'store_ln36' <Predicate = (empty)> <Delay = 0.00>
ST_7 : Operation 153 [1/1] (0.00ns)   --->   "%br_ln36 = br void %arrayidx53.exit" [conv2D0.cpp:36]   --->   Operation 153 'br' 'br_ln36' <Predicate = (empty)> <Delay = 0.00>


============================================================
+ Verbose Summary: Timing violations
============================================================
Target clock period: 10.000ns, clock uncertainty: 2.700ns.

 <State 1>: 8.203ns
The critical path consists of the following:
	'store' operation 0 bit ('store_ln26', conv2D0.cpp:26) of constant 0 on local variable 'orow', conv2D0.cpp:26 [33]  (1.588 ns)
	'load' operation 2 bit ('orow_load', conv2D0.cpp:26) on local variable 'orow', conv2D0.cpp:26 [43]  (0.000 ns)
	'add' operation 2 bit ('add_ln26_1', conv2D0.cpp:26) [48]  (1.565 ns)
	'select' operation 2 bit ('select_ln26_1', conv2D0.cpp:26) [49]  (0.993 ns)
	'add' operation 4 bit ('empty_8', conv2D0.cpp:32) [77]  (1.735 ns)
	'getelementptr' operation 3 bit ('img_inT_addr_3', conv2D0.cpp:33) [82]  (0.000 ns)
	'load' operation 8 bit ('img_inT_load_3', conv2D0.cpp:33) on array 'img_inT' [84]  (2.322 ns)

 <State 2>: 6.492ns
The critical path consists of the following:
	'load' operation 8 bit ('img_inT_load', conv2D0.cpp:33) on array 'img_inT' [58]  (2.322 ns)
	'mul' operation 8 bit ('acc', conv2D0.cpp:33) [60]  (4.170 ns)

 <State 3>: 4.170ns
The critical path consists of the following:
	'mul' operation 8 bit ('mul_ln33_4', conv2D0.cpp:33) [103]  (4.170 ns)

 <State 4>: 2.100ns
The critical path consists of the following:
	'mul' operation 8 bit of DSP[107] ('mul_ln33_6', conv2D0.cpp:33) [105]  (0.000 ns)
	'add' operation 8 bit of DSP[107] ('add_ln33', conv2D0.cpp:33) [107]  (2.100 ns)

 <State 5>: 4.200ns
The critical path consists of the following:
	'add' operation 8 bit of DSP[111] ('add_ln33_4', conv2D0.cpp:33) [111]  (2.100 ns)
	'add' operation 8 bit of DSP[112] ('add_ln33_5', conv2D0.cpp:33) [112]  (2.100 ns)

 <State 6>: 4.015ns
The critical path consists of the following:
	'add' operation 8 bit of DSP[112] ('add_ln33_5', conv2D0.cpp:33) [112]  (2.100 ns)
	'add' operation 8 bit ('add_ln33_6', conv2D0.cpp:33) [113]  (1.915 ns)

 <State 7>: 4.917ns
The critical path consists of the following:
	'add' operation 8 bit ('add_ln33_2', conv2D0.cpp:33) [109]  (0.000 ns)
	'add' operation 8 bit ('acc', conv2D0.cpp:33) [114]  (3.669 ns)
	'select' operation 8 bit ('select_ln36', conv2D0.cpp:36) [128]  (1.248 ns)


============================================================
+ Verbose Summary: Binding
============================================================
N/A
* FSMD analyzer results:
  - Output states:
 - Input state : 
  - Chain level:
	State 1
	State 2
	State 3
	State 4
	State 5
	State 6
	State 7


============================================================
+ Verbose Summary: Datapath Resource usage 
============================================================
N/A
