

================================================================
== Vitis HLS Report for 'conv2D0'
================================================================
* Date:           Thu Apr 11 22:13:03 2024

* Version:        2023.2 (Build 4023990 on Oct 11 2023)
* Project:        Project1
* Solution:       partition_block_best_unroll_best (Vivado IP Flow Target)
* Product family: zynq
* Target device:  xc7z010i-clg225-1L


================================================================
== Performance Estimates
================================================================
+ Timing: 
    * Summary: 
    +--------+----------+----------+------------+
    |  Clock |  Target  | Estimated| Uncertainty|
    +--------+----------+----------+------------+
    |ap_clk  |  10.00 ns|  6.270 ns|     2.70 ns|
    +--------+----------+----------+------------+

+ Latency: 
    * Summary: 
    +---------+---------+-----------+-----------+-----+-----+---------+
    |  Latency (cycles) |   Latency (absolute)  |  Interval | Pipeline|
    |   min   |   max   |    min    |    max    | min | max |   Type  |
    +---------+---------+-----------+-----------+-----+-----+---------+
    |        5|        5|  50.000 ns|  50.000 ns|    6|    6|       no|
    +---------+---------+-----------+-----------+-----+-----+---------+

    + Detail: 
        * Instance: 
        N/A

        * Loop: 
        N/A



================================================================
== Utilization Estimates
================================================================
* Summary: 
+-----------------+---------+----+-------+-------+-----+
|       Name      | BRAM_18K| DSP|   FF  |  LUT  | URAM|
+-----------------+---------+----+-------+-------+-----+
|DSP              |        -|  20|      -|      -|    -|
|Expression       |        -|   -|      0|    124|    -|
|FIFO             |        -|   -|      -|      -|    -|
|Instance         |        -|   0|      0|    656|    -|
|Memory           |        -|   -|      -|      -|    -|
|Multiplexer      |        -|   -|      -|     37|    -|
|Register         |        -|   -|     38|      -|    -|
+-----------------+---------+----+-------+-------+-----+
|Total            |        0|  20|     38|    817|    0|
+-----------------+---------+----+-------+-------+-----+
|Available        |      120|  80|  35200|  17600|    0|
+-----------------+---------+----+-------+-------+-----+
|Utilization (%)  |        0|  25|     ~0|      4|    0|
+-----------------+---------+----+-------+-------+-----+

+ Detail: 
    * Instance: 
    +---------------------+-----------------+---------+----+---+----+-----+
    |       Instance      |      Module     | BRAM_18K| DSP| FF| LUT| URAM|
    +---------------------+-----------------+---------+----+---+----+-----+
    |mul_8s_8s_8_1_1_U1   |mul_8s_8s_8_1_1  |        0|   0|  0|  41|    0|
    |mul_8s_8s_8_1_1_U2   |mul_8s_8s_8_1_1  |        0|   0|  0|  41|    0|
    |mul_8s_8s_8_1_1_U3   |mul_8s_8s_8_1_1  |        0|   0|  0|  41|    0|
    |mul_8s_8s_8_1_1_U4   |mul_8s_8s_8_1_1  |        0|   0|  0|  41|    0|
    |mul_8s_8s_8_1_1_U5   |mul_8s_8s_8_1_1  |        0|   0|  0|  41|    0|
    |mul_8s_8s_8_1_1_U6   |mul_8s_8s_8_1_1  |        0|   0|  0|  41|    0|
    |mul_8s_8s_8_1_1_U7   |mul_8s_8s_8_1_1  |        0|   0|  0|  41|    0|
    |mul_8s_8s_8_1_1_U8   |mul_8s_8s_8_1_1  |        0|   0|  0|  41|    0|
    |mul_8s_8s_8_1_1_U9   |mul_8s_8s_8_1_1  |        0|   0|  0|  41|    0|
    |mul_8s_8s_8_1_1_U10  |mul_8s_8s_8_1_1  |        0|   0|  0|  41|    0|
    |mul_8s_8s_8_1_1_U11  |mul_8s_8s_8_1_1  |        0|   0|  0|  41|    0|
    |mul_8s_8s_8_1_1_U12  |mul_8s_8s_8_1_1  |        0|   0|  0|  41|    0|
    |mul_8s_8s_8_1_1_U13  |mul_8s_8s_8_1_1  |        0|   0|  0|  41|    0|
    |mul_8s_8s_8_1_1_U14  |mul_8s_8s_8_1_1  |        0|   0|  0|  41|    0|
    |mul_8s_8s_8_1_1_U15  |mul_8s_8s_8_1_1  |        0|   0|  0|  41|    0|
    |mul_8s_8s_8_1_1_U16  |mul_8s_8s_8_1_1  |        0|   0|  0|  41|    0|
    +---------------------+-----------------+---------+----+---+----+-----+
    |Total                |                 |        0|   0|  0| 656|    0|
    +---------------------+-----------------+---------+----+---+----+-----+

    * DSP: 
    +--------------------------------+----------------------------+--------------+
    |            Instance            |           Module           |  Expression  |
    +--------------------------------+----------------------------+--------------+
    |mac_muladd_8s_8s_8ns_8_4_1_U17  |mac_muladd_8s_8s_8ns_8_4_1  |  i0 + i1 * i2|
    |mac_muladd_8s_8s_8ns_8_4_1_U18  |mac_muladd_8s_8s_8ns_8_4_1  |  i0 + i1 * i2|
    |mac_muladd_8s_8s_8ns_8_4_1_U19  |mac_muladd_8s_8s_8ns_8_4_1  |  i0 + i1 * i2|
    |mac_muladd_8s_8s_8ns_8_4_1_U20  |mac_muladd_8s_8s_8ns_8_4_1  |  i0 + i1 * i2|
    |mac_muladd_8s_8s_8ns_8_4_1_U21  |mac_muladd_8s_8s_8ns_8_4_1  |  i0 + i1 * i2|
    |mac_muladd_8s_8s_8ns_8_4_1_U22  |mac_muladd_8s_8s_8ns_8_4_1  |  i0 + i1 * i2|
    |mac_muladd_8s_8s_8ns_8_4_1_U23  |mac_muladd_8s_8s_8ns_8_4_1  |  i0 + i1 * i2|
    |mac_muladd_8s_8s_8ns_8_4_1_U24  |mac_muladd_8s_8s_8ns_8_4_1  |  i0 + i1 * i2|
    |mac_muladd_8s_8s_8ns_8_4_1_U25  |mac_muladd_8s_8s_8ns_8_4_1  |  i0 + i1 * i2|
    |mac_muladd_8s_8s_8ns_8_4_1_U26  |mac_muladd_8s_8s_8ns_8_4_1  |  i0 + i1 * i2|
    |mac_muladd_8s_8s_8ns_8_4_1_U27  |mac_muladd_8s_8s_8ns_8_4_1  |  i0 + i1 * i2|
    |mac_muladd_8s_8s_8ns_8_4_1_U28  |mac_muladd_8s_8s_8ns_8_4_1  |  i0 + i1 * i2|
    |mac_muladd_8s_8s_8ns_8_4_1_U29  |mac_muladd_8s_8s_8ns_8_4_1  |  i0 + i1 * i2|
    |mac_muladd_8s_8s_8ns_8_4_1_U30  |mac_muladd_8s_8s_8ns_8_4_1  |  i0 + i1 * i2|
    |mac_muladd_8s_8s_8ns_8_4_1_U31  |mac_muladd_8s_8s_8ns_8_4_1  |  i0 + i1 * i2|
    |mac_muladd_8s_8s_8ns_8_4_1_U32  |mac_muladd_8s_8s_8ns_8_4_1  |  i0 + i1 * i2|
    |mac_muladd_8s_8s_8ns_8_4_1_U33  |mac_muladd_8s_8s_8ns_8_4_1  |  i0 + i1 * i2|
    |mac_muladd_8s_8s_8ns_8_4_1_U34  |mac_muladd_8s_8s_8ns_8_4_1  |  i0 + i1 * i2|
    |mac_muladd_8s_8s_8ns_8_4_1_U35  |mac_muladd_8s_8s_8ns_8_4_1  |  i0 + i1 * i2|
    |mac_muladd_8s_8s_8ns_8_4_1_U36  |mac_muladd_8s_8s_8ns_8_4_1  |  i0 + i1 * i2|
    +--------------------------------+----------------------------+--------------+

    * Memory: 
    N/A

    * FIFO: 
    N/A

    * Expression: 
    +-----------------------+----------+----+---+----+------------+------------+
    |     Variable Name     | Operation| DSP| FF| LUT| Bitwidth P0| Bitwidth P1|
    +-----------------------+----------+----+---+----+------------+------------+
    |add_ln39_10_fu_365_p2  |         +|   0|  0|   8|           8|           8|
    |add_ln39_14_fu_323_p2  |         +|   0|  0|  15|           8|           8|
    |add_ln39_18_fu_375_p2  |         +|   0|  0|   8|           8|           8|
    |add_ln39_22_fu_337_p2  |         +|   0|  0|  15|           8|           8|
    |add_ln39_26_fu_385_p2  |         +|   0|  0|   8|           8|           8|
    |add_ln39_2_fu_355_p2   |         +|   0|  0|   8|           8|           8|
    |add_ln39_30_fu_351_p2  |         +|   0|  0|  15|           8|           8|
    |add_ln39_6_fu_307_p2   |         +|   0|  0|  15|           8|           8|
    |img_out_0              |         +|   0|  0|   8|           8|           8|
    |img_out_1              |         +|   0|  0|   8|           8|           8|
    |img_out_2              |         +|   0|  0|   8|           8|           8|
    |img_out_3              |         +|   0|  0|   8|           8|           8|
    +-----------------------+----------+----+---+----+------------+------------+
    |Total                  |          |   0|  0| 124|          96|          96|
    +-----------------------+----------+----+---+----+------------+------------+

    * Multiplexer: 
    +-----------+----+-----------+-----+-----------+
    |    Name   | LUT| Input Size| Bits| Total Bits|
    +-----------+----+-----------+-----+-----------+
    |ap_NS_fsm  |  37|          7|    1|          7|
    +-----------+----+-----------+-----+-----------+
    |Total      |  37|          7|    1|          7|
    +-----------+----+-----------+-----+-----------+

    * Register: 
    +---------------------+---+----+-----+-----------+
    |         Name        | FF| LUT| Bits| Const Bits|
    +---------------------+---+----+-----+-----------+
    |add_ln39_14_reg_781  |  8|   0|    8|          0|
    |add_ln39_22_reg_796  |  8|   0|    8|          0|
    |add_ln39_30_reg_811  |  8|   0|    8|          0|
    |add_ln39_6_reg_766   |  8|   0|    8|          0|
    |ap_CS_fsm            |  6|   0|    6|          0|
    +---------------------+---+----+-----+-----------+
    |Total                | 38|   0|   38|          0|
    +---------------------+---+----+-----+-----------+



================================================================
== Interface
================================================================
* Summary: 
+------------------+-----+-----+------------+--------------+--------------+
|     RTL Ports    | Dir | Bits|  Protocol  | Source Object|    C Type    |
+------------------+-----+-----+------------+--------------+--------------+
|ap_clk            |   in|    1|  ap_ctrl_hs|       conv2D0|  return value|
|ap_rst            |   in|    1|  ap_ctrl_hs|       conv2D0|  return value|
|ap_start          |   in|    1|  ap_ctrl_hs|       conv2D0|  return value|
|ap_done           |  out|    1|  ap_ctrl_hs|       conv2D0|  return value|
|ap_idle           |  out|    1|  ap_ctrl_hs|       conv2D0|  return value|
|ap_ready          |  out|    1|  ap_ctrl_hs|       conv2D0|  return value|
|img_in_0          |   in|    8|     ap_none|      img_in_0|       pointer|
|img_in_1          |   in|    8|     ap_none|      img_in_1|       pointer|
|img_in_2          |   in|    8|     ap_none|      img_in_2|       pointer|
|img_in_3          |   in|    8|     ap_none|      img_in_3|       pointer|
|img_in_4          |   in|    8|     ap_none|      img_in_4|       pointer|
|img_in_5          |   in|    8|     ap_none|      img_in_5|       pointer|
|img_in_6          |   in|    8|     ap_none|      img_in_6|       pointer|
|img_in_7          |   in|    8|     ap_none|      img_in_7|       pointer|
|img_in_8          |   in|    8|     ap_none|      img_in_8|       pointer|
|img_in_9          |   in|    8|     ap_none|      img_in_9|       pointer|
|img_in_10         |   in|    8|     ap_none|     img_in_10|       pointer|
|img_in_11         |   in|    8|     ap_none|     img_in_11|       pointer|
|img_in_12         |   in|    8|     ap_none|     img_in_12|       pointer|
|img_in_13         |   in|    8|     ap_none|     img_in_13|       pointer|
|img_in_14         |   in|    8|     ap_none|     img_in_14|       pointer|
|img_in_15         |   in|    8|     ap_none|     img_in_15|       pointer|
|img_out_0         |  out|    8|      ap_vld|     img_out_0|       pointer|
|img_out_0_ap_vld  |  out|    1|      ap_vld|     img_out_0|       pointer|
|img_out_1         |  out|    8|      ap_vld|     img_out_1|       pointer|
|img_out_1_ap_vld  |  out|    1|      ap_vld|     img_out_1|       pointer|
|img_out_2         |  out|    8|      ap_vld|     img_out_2|       pointer|
|img_out_2_ap_vld  |  out|    1|      ap_vld|     img_out_2|       pointer|
|img_out_3         |  out|    8|      ap_vld|     img_out_3|       pointer|
|img_out_3_ap_vld  |  out|    1|      ap_vld|     img_out_3|       pointer|
|weights_0         |   in|    8|     ap_none|     weights_0|       pointer|
|weights_1         |   in|    8|     ap_none|     weights_1|       pointer|
|weights_2         |   in|    8|     ap_none|     weights_2|       pointer|
|weights_3         |   in|    8|     ap_none|     weights_3|       pointer|
|weights_4         |   in|    8|     ap_none|     weights_4|       pointer|
|weights_5         |   in|    8|     ap_none|     weights_5|       pointer|
|weights_6         |   in|    8|     ap_none|     weights_6|       pointer|
|weights_7         |   in|    8|     ap_none|     weights_7|       pointer|
|weights_8         |   in|    8|     ap_none|     weights_8|       pointer|
+------------------+-----+-----+------------+--------------+--------------+

