

================================================================
== Synthesis Summary Report of 'conv2D0'
================================================================
+ General Information: 
    * Date:           Thu Apr 11 18:50:47 2024
    * Version:        2023.2 (Build 4023990 on Oct 11 2023)
    * Project:        Project1
    * Solution:       partition_block_best_values (Vivado IP Flow Target)
    * Product family: zynq
    * Target device:  xc7z010i-clg225-1L
    

+ Performance & Resource Estimates: 
    
    PS: '+' for module; 'o' for loop; '*' for dataflow
    +-----------------------------------------+--------+-------+---------+---------+----------+---------+------+----------+------+--------+-----------+-----------+-----+
    |                 Modules                 |  Issue |       | Latency | Latency | Iteration|         | Trip |          |      |        |           |           |     |
    |                 & Loops                 |  Type  | Slack | (cycles)|   (ns)  |  Latency | Interval| Count| Pipelined| BRAM |   DSP  |     FF    |    LUT    | URAM|
    +-----------------------------------------+--------+-------+---------+---------+----------+---------+------+----------+------+--------+-----------+-----------+-----+
    |+ conv2D0                                |  Timing|  -1.53|       39|  390.000|         -|       40|     -|        no|     -|  5 (6%)|   498 (1%)|  1008 (5%)|    -|
    | + conv2D0_Pipeline_readImg              |       -|   2.34|       18|  180.000|         -|       18|     -|        no|     -|       -|  135 (~0%)|  119 (~0%)|    -|
    |  o readImg                              |       -|   7.30|       16|  160.000|         1|        1|    16|       yes|     -|       -|          -|          -|    -|
    | + conv2D0_Pipeline_readweights          |       -|   1.78|       11|  110.000|         -|       11|     -|        no|     -|       -|   83 (~0%)|  161 (~0%)|    -|
    |  o readweights                          |       -|   7.30|        9|   90.000|         2|        1|     9|       yes|     -|       -|          -|          -|    -|
    | + conv2D0_Pipeline_loop_orow_loop_ocol  |  Timing|  -1.53|       10|  100.000|         -|       10|     -|        no|     -|  5 (6%)|  265 (~0%)|   618 (3%)|    -|
    |  o loop_orow_loop_ocol                  |       -|   7.30|        8|   80.000|         6|        1|     4|       yes|     -|       -|          -|          -|    -|
    | + conv2D0_Pipeline_writeImg             |       -|   2.47|        6|   60.000|         -|        6|     -|        no|     -|       -|    5 (~0%)|   71 (~0%)|    -|
    |  o writeImg                             |       -|   7.30|        4|   40.000|         1|        1|     4|       yes|     -|       -|          -|          -|    -|
    +-----------------------------------------+--------+-------+---------+---------+----------+---------+------+----------+------+--------+-----------+-----------+-----+


================================================================
== HW Interfaces
================================================================
* AP_MEMORY
+--------------------+-----------+----------+
| Port               | Direction | Bitwidth |
+--------------------+-----------+----------+
| weights_0_address0 | out       | 1        |
| weights_0_q0       | in        | 8        |
| weights_1_address0 | out       | 1        |
| weights_1_q0       | in        | 8        |
| weights_2_address0 | out       | 1        |
| weights_2_q0       | in        | 8        |
| weights_3_address0 | out       | 1        |
| weights_3_q0       | in        | 8        |
| weights_4_address0 | out       | 1        |
| weights_4_q0       | in        | 8        |
| weights_5_address0 | out       | 1        |
| weights_5_address1 | out       | 1        |
| weights_5_d0       | out       | 8        |
| weights_5_d1       | out       | 8        |
| weights_5_q0       | in        | 8        |
| weights_5_q1       | in        | 8        |
| weights_6_address0 | out       | 1        |
| weights_6_address1 | out       | 1        |
| weights_6_d0       | out       | 8        |
| weights_6_d1       | out       | 8        |
| weights_6_q0       | in        | 8        |
| weights_6_q1       | in        | 8        |
| weights_7_address0 | out       | 1        |
| weights_7_address1 | out       | 1        |
| weights_7_d0       | out       | 8        |
| weights_7_d1       | out       | 8        |
| weights_7_q0       | in        | 8        |
| weights_7_q1       | in        | 8        |
+--------------------+-----------+----------+

* Other Ports
+-----------+---------+-----------+----------+
| Port      | Mode    | Direction | Bitwidth |
+-----------+---------+-----------+----------+
| img_in_0  | ap_none | in        | 8        |
| img_in_1  | ap_none | in        | 8        |
| img_in_10 | ap_none | in        | 8        |
| img_in_11 | ap_none | in        | 8        |
| img_in_12 | ap_none | in        | 8        |
| img_in_13 | ap_none | in        | 8        |
| img_in_14 | ap_none | in        | 8        |
| img_in_15 | ap_none | in        | 8        |
| img_in_2  | ap_none | in        | 8        |
| img_in_3  | ap_none | in        | 8        |
| img_in_4  | ap_none | in        | 8        |
| img_in_5  | ap_none | in        | 8        |
| img_in_6  | ap_none | in        | 8        |
| img_in_7  | ap_none | in        | 8        |
| img_in_8  | ap_none | in        | 8        |
| img_in_9  | ap_none | in        | 8        |
| img_out_0 | ap_vld  | out       | 8        |
| img_out_1 | ap_vld  | out       | 8        |
| img_out_2 | ap_vld  | out       | 8        |
| img_out_3 | ap_vld  | out       | 8        |
+-----------+---------+-----------+----------+

* TOP LEVEL CONTROL
+-----------+------------+-----------------------------------+
| Interface | Type       | Ports                             |
+-----------+------------+-----------------------------------+
| ap_clk    | clock      | ap_clk                            |
| ap_rst    | reset      | ap_rst                            |
| ap_ctrl   | ap_ctrl_hs | ap_done ap_idle ap_ready ap_start |
+-----------+------------+-----------------------------------+


================================================================
== SW I/O Information
================================================================
* Top Function Arguments
+----------+-----------+----------------+
| Argument | Direction | Datatype       |
+----------+-----------+----------------+
| img_in   | in        | unsigned char* |
| img_out  | out       | signed char*   |
| weights  | in        | signed char*   |
+----------+-----------+----------------+

* SW-to-HW Mapping
+----------+--------------------+---------+----------+
| Argument | HW Interface       | HW Type | HW Usage |
+----------+--------------------+---------+----------+
| img_in   | img_in_0           | port    |          |
| img_in   | img_in_1           | port    |          |
| img_in   | img_in_2           | port    |          |
| img_in   | img_in_3           | port    |          |
| img_in   | img_in_4           | port    |          |
| img_in   | img_in_5           | port    |          |
| img_in   | img_in_6           | port    |          |
| img_in   | img_in_7           | port    |          |
| img_in   | img_in_8           | port    |          |
| img_in   | img_in_9           | port    |          |
| img_in   | img_in_10          | port    |          |
| img_in   | img_in_11          | port    |          |
| img_in   | img_in_12          | port    |          |
| img_in   | img_in_13          | port    |          |
| img_in   | img_in_14          | port    |          |
| img_in   | img_in_15          | port    |          |
| img_out  | img_out_0          | port    |          |
| img_out  | img_out_0_ap_vld   | port    |          |
| img_out  | img_out_1          | port    |          |
| img_out  | img_out_1_ap_vld   | port    |          |
| img_out  | img_out_2          | port    |          |
| img_out  | img_out_2_ap_vld   | port    |          |
| img_out  | img_out_3          | port    |          |
| img_out  | img_out_3_ap_vld   | port    |          |
| weights  | weights_0_address0 | port    | offset   |
| weights  | weights_0_ce0      | port    |          |
| weights  | weights_0_q0       | port    |          |
| weights  | weights_1_address0 | port    | offset   |
| weights  | weights_1_ce0      | port    |          |
| weights  | weights_1_q0       | port    |          |
| weights  | weights_2_address0 | port    | offset   |
| weights  | weights_2_ce0      | port    |          |
| weights  | weights_2_q0       | port    |          |
| weights  | weights_3_address0 | port    | offset   |
| weights  | weights_3_ce0      | port    |          |
| weights  | weights_3_q0       | port    |          |
| weights  | weights_4_address0 | port    | offset   |
| weights  | weights_4_ce0      | port    |          |
| weights  | weights_4_q0       | port    |          |
| weights  | weights_5_address0 | port    | offset   |
| weights  | weights_5_ce0      | port    |          |
| weights  | weights_5_we0      | port    |          |
| weights  | weights_5_d0       | port    |          |
| weights  | weights_5_q0       | port    |          |
| weights  | weights_5_address1 | port    | offset   |
| weights  | weights_5_ce1      | port    |          |
| weights  | weights_5_we1      | port    |          |
| weights  | weights_5_d1       | port    |          |
| weights  | weights_5_q1       | port    |          |
| weights  | weights_6_address0 | port    | offset   |
| weights  | weights_6_ce0      | port    |          |
| weights  | weights_6_we0      | port    |          |
| weights  | weights_6_d0       | port    |          |
| weights  | weights_6_q0       | port    |          |
| weights  | weights_6_address1 | port    | offset   |
| weights  | weights_6_ce1      | port    |          |
| weights  | weights_6_we1      | port    |          |
| weights  | weights_6_d1       | port    |          |
| weights  | weights_6_q1       | port    |          |
| weights  | weights_7_address0 | port    | offset   |
| weights  | weights_7_ce0      | port    |          |
| weights  | weights_7_we0      | port    |          |
| weights  | weights_7_d0       | port    |          |
| weights  | weights_7_q0       | port    |          |
| weights  | weights_7_address1 | port    | offset   |
| weights  | weights_7_ce1      | port    |          |
| weights  | weights_7_we1      | port    |          |
| weights  | weights_7_d1       | port    |          |
| weights  | weights_7_q1       | port    |          |
+----------+--------------------+---------+----------+


================================================================
== Bind Op Report
================================================================
+-----------------------------------------+-----+--------+-------------+-----+-----------+---------+
| Name                                    | DSP | Pragma | Variable    | Op  | Impl      | Latency |
+-----------------------------------------+-----+--------+-------------+-----+-----------+---------+
| + conv2D0                               | 5   |        |             |     |           |         |
|  + conv2D0_Pipeline_readImg             | 0   |        |             |     |           |         |
|    add_ln21_fu_418_p2                   |     |        | add_ln21    | add | fabric    | 0       |
|  + conv2D0_Pipeline_readweights         | 0   |        |             |     |           |         |
|    add_ln23_fu_260_p2                   |     |        | add_ln23    | add | fabric    | 0       |
|  + conv2D0_Pipeline_loop_orow_loop_ocol | 5   |        |             |     |           |         |
|    add_ln26_fu_394_p2                   |     |        | add_ln26    | add | fabric    | 0       |
|    add_ln26_1_fu_420_p2                 |     |        | add_ln26_1  | add | fabric    | 0       |
|    mul_8s_8s_8_1_1_U55                  |     |        | img_outT_5  | mul | auto      | 0       |
|    add_ln32_fu_442_p2                   |     |        | add_ln32    | add | fabric    | 0       |
|    mac_muladd_8s_8s_8ns_8_4_1_U64       | 1   |        | mul_ln33    | mul | dsp_slice | 3       |
|    mul_8s_8s_8_1_1_U57                  |     |        | mul_ln33_1  | mul | auto      | 0       |
|    add_ln32_1_fu_666_p2                 |     |        | add_ln32_1  | add | fabric    | 0       |
|    mac_muladd_8s_8s_8ns_8_4_1_U67       | 1   |        | mul_ln33_2  | mul | dsp_slice | 3       |
|    mac_muladd_8s_8s_8ns_8_4_1_U68       | 1   |        | mul_ln33_3  | mul | dsp_slice | 3       |
|    mul_8s_8s_8_1_1_U63                  |     |        | mul_ln33_4  | mul | auto      | 0       |
|    mul_8s_8s_8_1_1_U62                  |     |        | mul_ln33_5  | mul | auto      | 0       |
|    mac_muladd_8s_8s_8ns_8_4_1_U65       | 1   |        | mul_ln33_6  | mul | dsp_slice | 3       |
|    mac_muladd_8s_8s_8ns_8_4_1_U66       | 1   |        | mul_ln33_7  | mul | dsp_slice | 3       |
|    mac_muladd_8s_8s_8ns_8_4_1_U65       | 1   |        | add_ln33    | add | dsp_slice | 3       |
|    mac_muladd_8s_8s_8ns_8_4_1_U68       | 1   |        | add_ln33_6  | add | dsp_slice | 3       |
|    mac_muladd_8s_8s_8ns_8_4_1_U64       | 1   |        | add_ln33_11 | add | dsp_slice | 3       |
|    mac_muladd_8s_8s_8ns_8_4_1_U66       | 1   |        | add_ln33_12 | add | dsp_slice | 3       |
|    mac_muladd_8s_8s_8ns_8_4_1_U67       | 1   |        | add_ln33_13 | add | dsp_slice | 3       |
|    add_ln33_14_fu_820_p2                |     |        | add_ln33_14 | add | fabric    | 0       |
|  + conv2D0_Pipeline_writeImg            | 0   |        |             |     |           |         |
|    add_ln40_fu_126_p2                   |     |        | add_ln40    | add | fabric    | 0       |
+-----------------------------------------+-----+--------+-------------+-----+-----------+---------+


================================================================
== Storage Report
================================================================
  No bind storage info in design

================================================================
== Pragma Report
================================================================
* Valid Pragma Syntax
+-----------------+---------------------------------------+-------------------------------------+
| Type            | Options                               | Location                            |
+-----------------+---------------------------------------+-------------------------------------+
| array_partition | variable=img_in type=block factor=16  | conv2D0.cpp:9 in conv2d0, img_in    |
| array_partition | variable=img_out type=block factor=4  | conv2D0.cpp:10 in conv2d0, img_out  |
| array_partition | variable=weights type=block factor=8  | conv2D0.cpp:11 in conv2d0, weights  |
| array_partition | variable=img_inT type=block factor=16 | conv2D0.cpp:17 in conv2d0, img_inT  |
| array_partition | variable=img_outT type=block factor=4 | conv2D0.cpp:18 in conv2d0, img_outT |
| array_partition | variable=weightsT type=block factor=8 | conv2D0.cpp:19 in conv2d0, weightsT |
+-----------------+---------------------------------------+-------------------------------------+


