

================================================================
== Vitis HLS Report for 'conv2D0_Pipeline_writeImg'
================================================================
* Date:           Thu Apr 11 18:38:51 2024

* Version:        2023.2 (Build 4023990 on Oct 11 2023)
* Project:        Project1
* Solution:       partition_all (Vivado IP Flow Target)
* Product family: zynq
* Target device:  xc7z010i-clg225-1L


================================================================
== Performance Estimates
================================================================
+ Timing: 
    * Summary: 
    +--------+----------+----------+------------+
    |  Clock |  Target  | Estimated| Uncertainty|
    +--------+----------+----------+------------+
    |ap_clk  |  10.00 ns|  4.826 ns|     2.70 ns|
    +--------+----------+----------+------------+

+ Latency: 
    * Summary: 
    +---------+---------+-----------+-----------+-----+-----+---------+
    |  Latency (cycles) |   Latency (absolute)  |  Interval | Pipeline|
    |   min   |   max   |    min    |    max    | min | max |   Type  |
    +---------+---------+-----------+-----------+-----+-----+---------+
    |        6|        6|  60.000 ns|  60.000 ns|    6|    6|       no|
    +---------+---------+-----------+-----------+-----+-----+---------+

    + Detail: 
        * Instance: 
        N/A

        * Loop: 
        +------------+---------+---------+----------+-----------+-----------+------+----------+
        |            |  Latency (cycles) | Iteration|  Initiation Interval  | Trip |          |
        |  Loop Name |   min   |   max   |  Latency |  achieved |   target  | Count| Pipelined|
        +------------+---------+---------+----------+-----------+-----------+------+----------+
        |- writeImg  |        4|        4|         1|          1|          1|     4|       yes|
        +------------+---------+---------+----------+-----------+-----------+------+----------+

============================================================
+ Verbose Summary: Synthesis Manager
============================================================
InlineROM: 1
ExposeGlobal: 0
============================================================
+ Verbose Summary: CDFG Model
============================================================
IsTopModel: 0
ResetActiveHigh: 1
IsCombinational: 0
IsDatapathOnly: 0
HasWiredReturn: 1
HasMFsm: 2
HasVarLatency: 1
IsPipeline: 0
IsRtlPipelined: 0
IsInstanceOverlapped: 0
IsDontTouch: 0
HasImplIP: 0
IsGatedGlobalClock: 0

+ Individual pipeline summary: 
  * Pipeline-0: initiation interval (II) = 1, depth = 1


============================================================
+ Verbose Summary: Schedule
============================================================
* Number of FSM states : 1
* Pipeline : 1
  Pipeline-0 : II = 1, D = 1, States = { 1 }
* Dataflow Pipeline: 0

* FSM state transitions: 
1 --> 

* FSM state operations: 

State 1 <SV = 0> <Delay = 4.82>
ST_1 : Operation 4 [1/1] (0.00ns)   --->   "%i = alloca i32 1" [conv2D0.cpp:40]   --->   Operation 4 'alloca' 'i' <Predicate = true> <Delay = 0.00>
ST_1 : Operation 5 [1/1] (0.00ns)   --->   "%img_outT_3_reload_read = read i8 @_ssdm_op_Read.ap_auto.i8, i8 %img_outT_3_reload"   --->   Operation 5 'read' 'img_outT_3_reload_read' <Predicate = true> <Delay = 0.00>
ST_1 : Operation 6 [1/1] (0.00ns)   --->   "%img_outT_2_reload_read = read i8 @_ssdm_op_Read.ap_auto.i8, i8 %img_outT_2_reload"   --->   Operation 6 'read' 'img_outT_2_reload_read' <Predicate = true> <Delay = 0.00>
ST_1 : Operation 7 [1/1] (0.00ns)   --->   "%img_outT_1_reload_read = read i8 @_ssdm_op_Read.ap_auto.i8, i8 %img_outT_1_reload"   --->   Operation 7 'read' 'img_outT_1_reload_read' <Predicate = true> <Delay = 0.00>
ST_1 : Operation 8 [1/1] (0.00ns)   --->   "%img_outT_reload_read = read i8 @_ssdm_op_Read.ap_auto.i8, i8 %img_outT_reload"   --->   Operation 8 'read' 'img_outT_reload_read' <Predicate = true> <Delay = 0.00>
ST_1 : Operation 9 [1/1] (1.58ns)   --->   "%store_ln40 = store i3 0, i3 %i" [conv2D0.cpp:40]   --->   Operation 9 'store' 'store_ln40' <Predicate = true> <Delay = 1.58>
ST_1 : Operation 10 [1/1] (0.00ns)   --->   "%br_ln0 = br void %for.inc69"   --->   Operation 10 'br' 'br_ln0' <Predicate = true> <Delay = 0.00>
ST_1 : Operation 11 [1/1] (0.00ns)   --->   "%i_1 = load i3 %i" [conv2D0.cpp:40]   --->   Operation 11 'load' 'i_1' <Predicate = true> <Delay = 0.00>
ST_1 : Operation 12 [1/1] (1.65ns)   --->   "%icmp_ln40 = icmp_eq  i3 %i_1, i3 4" [conv2D0.cpp:40]   --->   Operation 12 'icmp' 'icmp_ln40' <Predicate = true> <Delay = 1.65> <CoreInst = "Cmp">   --->   Core 9 'Cmp' <Latency = 0> <II = 1> <Delay = 1.65> <FuncUnit> <Opcode : 'icmp'> <InPorts = 2> <OutPorts = 1>
ST_1 : Operation 13 [1/1] (1.65ns)   --->   "%add_ln40 = add i3 %i_1, i3 1" [conv2D0.cpp:40]   --->   Operation 13 'add' 'add_ln40' <Predicate = true> <Delay = 1.65> <CoreInst = "Adder">   --->   Core 1 'Adder' <Latency = 0> <II = 1> <Delay = 1.65> <FuncUnit> <Opcode : 'add' 'sub'> <InPorts = 2> <OutPorts = 1>
ST_1 : Operation 14 [1/1] (0.00ns)   --->   "%br_ln40 = br i1 %icmp_ln40, void %for.inc69.split, void %for.end71.exitStub" [conv2D0.cpp:40]   --->   Operation 14 'br' 'br_ln40' <Predicate = true> <Delay = 0.00>
ST_1 : Operation 15 [1/1] (0.00ns)   --->   "%specpipeline_ln40 = specpipeline void @_ssdm_op_SpecPipeline, i32 4294967295, i32 0, i32 0, i32 0, void @empty_0" [conv2D0.cpp:40]   --->   Operation 15 'specpipeline' 'specpipeline_ln40' <Predicate = (!icmp_ln40)> <Delay = 0.00>
ST_1 : Operation 16 [1/1] (0.00ns)   --->   "%speclooptripcount_ln40 = speclooptripcount void @_ssdm_op_SpecLoopTripCount, i64 4, i64 4, i64 4" [conv2D0.cpp:40]   --->   Operation 16 'speclooptripcount' 'speclooptripcount_ln40' <Predicate = (!icmp_ln40)> <Delay = 0.00>
ST_1 : Operation 17 [1/1] (0.00ns)   --->   "%specloopname_ln40 = specloopname void @_ssdm_op_SpecLoopName, void @empty_2" [conv2D0.cpp:40]   --->   Operation 17 'specloopname' 'specloopname_ln40' <Predicate = (!icmp_ln40)> <Delay = 0.00>
ST_1 : Operation 18 [1/1] (0.00ns)   --->   "%trunc_ln40 = trunc i3 %i_1" [conv2D0.cpp:40]   --->   Operation 18 'trunc' 'trunc_ln40' <Predicate = (!icmp_ln40)> <Delay = 0.00>
ST_1 : Operation 19 [1/1] (1.82ns)   --->   "%tmp = sparsemux i8 @_ssdm_op_SparseMux.ap_auto.4i8.i8.i2, i2 0, i8 %img_outT_reload_read, i2 1, i8 %img_outT_1_reload_read, i2 2, i8 %img_outT_2_reload_read, i2 3, i8 %img_outT_3_reload_read, i8 0, i2 %trunc_ln40" [conv2D0.cpp:41]   --->   Operation 19 'sparsemux' 'tmp' <Predicate = (!icmp_ln40)> <Delay = 1.82> <CoreInst = "SparseMux">   --->   Core 135 'SparseMux' <Latency = 0> <II = 1> <Delay = 1.82> <FuncUnit> <Opcode : 'sparsemux'> <InPorts = 2> <OutPorts = 1>
ST_1 : Operation 20 [1/1] (1.86ns)   --->   "%switch_ln41 = switch i2 %trunc_ln40, void %arrayidx683.case.3, i2 0, void %arrayidx683.case.0, i2 1, void %arrayidx683.case.1, i2 2, void %arrayidx683.case.2" [conv2D0.cpp:41]   --->   Operation 20 'switch' 'switch_ln41' <Predicate = (!icmp_ln40)> <Delay = 1.86>
ST_1 : Operation 21 [1/1] (0.00ns)   --->   "%write_ln41 = write void @_ssdm_op_Write.ap_auto.i8P0A, i8 %img_out_2, i8 %tmp" [conv2D0.cpp:41]   --->   Operation 21 'write' 'write_ln41' <Predicate = (!icmp_ln40 & trunc_ln40 == 2)> <Delay = 0.00>
ST_1 : Operation 22 [1/1] (0.00ns)   --->   "%br_ln41 = br void %arrayidx683.exit" [conv2D0.cpp:41]   --->   Operation 22 'br' 'br_ln41' <Predicate = (!icmp_ln40 & trunc_ln40 == 2)> <Delay = 0.00>
ST_1 : Operation 23 [1/1] (0.00ns)   --->   "%write_ln41 = write void @_ssdm_op_Write.ap_auto.i8P0A, i8 %img_out_1, i8 %tmp" [conv2D0.cpp:41]   --->   Operation 23 'write' 'write_ln41' <Predicate = (!icmp_ln40 & trunc_ln40 == 1)> <Delay = 0.00>
ST_1 : Operation 24 [1/1] (0.00ns)   --->   "%br_ln41 = br void %arrayidx683.exit" [conv2D0.cpp:41]   --->   Operation 24 'br' 'br_ln41' <Predicate = (!icmp_ln40 & trunc_ln40 == 1)> <Delay = 0.00>
ST_1 : Operation 25 [1/1] (0.00ns)   --->   "%write_ln41 = write void @_ssdm_op_Write.ap_auto.i8P0A, i8 %img_out_0, i8 %tmp" [conv2D0.cpp:41]   --->   Operation 25 'write' 'write_ln41' <Predicate = (!icmp_ln40 & trunc_ln40 == 0)> <Delay = 0.00>
ST_1 : Operation 26 [1/1] (0.00ns)   --->   "%br_ln41 = br void %arrayidx683.exit" [conv2D0.cpp:41]   --->   Operation 26 'br' 'br_ln41' <Predicate = (!icmp_ln40 & trunc_ln40 == 0)> <Delay = 0.00>
ST_1 : Operation 27 [1/1] (0.00ns)   --->   "%write_ln41 = write void @_ssdm_op_Write.ap_auto.i8P0A, i8 %img_out_3, i8 %tmp" [conv2D0.cpp:41]   --->   Operation 27 'write' 'write_ln41' <Predicate = (!icmp_ln40 & trunc_ln40 == 3)> <Delay = 0.00>
ST_1 : Operation 28 [1/1] (0.00ns)   --->   "%br_ln41 = br void %arrayidx683.exit" [conv2D0.cpp:41]   --->   Operation 28 'br' 'br_ln41' <Predicate = (!icmp_ln40 & trunc_ln40 == 3)> <Delay = 0.00>
ST_1 : Operation 29 [1/1] (1.58ns)   --->   "%store_ln40 = store i3 %add_ln40, i3 %i" [conv2D0.cpp:40]   --->   Operation 29 'store' 'store_ln40' <Predicate = (!icmp_ln40)> <Delay = 1.58>
ST_1 : Operation 30 [1/1] (0.00ns)   --->   "%br_ln40 = br void %for.inc69" [conv2D0.cpp:40]   --->   Operation 30 'br' 'br_ln40' <Predicate = (!icmp_ln40)> <Delay = 0.00>
ST_1 : Operation 31 [1/1] (0.00ns)   --->   "%ret_ln0 = ret"   --->   Operation 31 'ret' 'ret_ln0' <Predicate = (icmp_ln40)> <Delay = 0.00>


============================================================
+ Verbose Summary: Timing violations
============================================================
Target clock period: 10.000ns, clock uncertainty: 2.700ns.

 <State 1>: 4.826ns
The critical path consists of the following:
	'store' operation 0 bit ('store_ln40', conv2D0.cpp:40) of constant 0 on local variable 'i', conv2D0.cpp:40 [14]  (1.588 ns)
	'load' operation 3 bit ('i', conv2D0.cpp:40) on local variable 'i', conv2D0.cpp:40 [17]  (0.000 ns)
	'icmp' operation 1 bit ('icmp_ln40', conv2D0.cpp:40) [18]  (1.650 ns)
	'store' operation 0 bit ('store_ln40', conv2D0.cpp:40) of variable 'add_ln40', conv2D0.cpp:40 on local variable 'i', conv2D0.cpp:40 [41]  (1.588 ns)


============================================================
+ Verbose Summary: Binding
============================================================
N/A
* FSMD analyzer results:
  - Output states:
 - Input state : 
  - Chain level:
	State 1


============================================================
+ Verbose Summary: Datapath Resource usage 
============================================================
N/A
