

================================================================
== Vitis HLS Report for 'conv2D0_Pipeline_readweights'
================================================================
* Date:           Thu Apr 11 18:38:51 2024

* Version:        2023.2 (Build 4023990 on Oct 11 2023)
* Project:        Project1
* Solution:       partition_all (Vivado IP Flow Target)
* Product family: zynq
* Target device:  xc7z010i-clg225-1L


================================================================
== Performance Estimates
================================================================
+ Timing: 
    * Summary: 
    +--------+----------+----------+------------+
    |  Clock |  Target  | Estimated| Uncertainty|
    +--------+----------+----------+------------+
    |ap_clk  |  10.00 ns|  4.911 ns|     2.70 ns|
    +--------+----------+----------+------------+

+ Latency: 
    * Summary: 
    +---------+---------+----------+----------+-----+-----+---------+
    |  Latency (cycles) |  Latency (absolute) |  Interval | Pipeline|
    |   min   |   max   |    min   |    max   | min | max |   Type  |
    +---------+---------+----------+----------+-----+-----+---------+
    |       11|       11|  0.110 us|  0.110 us|   11|   11|       no|
    +---------+---------+----------+----------+-----+-----+---------+

    + Detail: 
        * Instance: 
        N/A

        * Loop: 
        +---------------+---------+---------+----------+-----------+-----------+------+----------+
        |               |  Latency (cycles) | Iteration|  Initiation Interval  | Trip |          |
        |   Loop Name   |   min   |   max   |  Latency |  achieved |   target  | Count| Pipelined|
        +---------------+---------+---------+----------+-----------+-----------+------+----------+
        |- readweights  |        9|        9|         1|          1|          1|     9|       yes|
        +---------------+---------+---------+----------+-----------+-----------+------+----------+



================================================================
== Utilization Estimates
================================================================
* Summary: 
+-----------------+---------+----+-------+-------+-----+
|       Name      | BRAM_18K| DSP|   FF  |  LUT  | URAM|
+-----------------+---------+----+-------+-------+-----+
|DSP              |        -|   -|      -|      -|    -|
|Expression       |        -|   -|      0|     26|    -|
|FIFO             |        -|   -|      -|      -|    -|
|Instance         |        -|   -|      0|     48|    -|
|Memory           |        -|   -|      -|      -|    -|
|Multiplexer      |        -|   -|      -|     27|    -|
|Register         |        -|   -|     78|      -|    -|
+-----------------+---------+----+-------+-------+-----+
|Total            |        0|   0|     78|    101|    0|
+-----------------+---------+----+-------+-------+-----+
|Available        |      120|  80|  35200|  17600|    0|
+-----------------+---------+----+-------+-------+-----+
|Utilization (%)  |        0|   0|     ~0|     ~0|    0|
+-----------------+---------+----+-------+-------+-----+

+ Detail: 
    * Instance: 
    +--------------------------+----------------------+---------+----+---+----+-----+
    |         Instance         |        Module        | BRAM_18K| DSP| FF| LUT| URAM|
    +--------------------------+----------------------+---------+----+---+----+-----+
    |sparsemux_19_4_8_1_1_U35  |sparsemux_19_4_8_1_1  |        0|   0|  0|  48|    0|
    +--------------------------+----------------------+---------+----+---+----+-----+
    |Total                     |                      |        0|   0|  0|  48|    0|
    +--------------------------+----------------------+---------+----+---+----+-----+

    * DSP: 
    N/A

    * Memory: 
    N/A

    * FIFO: 
    N/A

    * Expression: 
    +---------------------+----------+----+---+----+------------+------------+
    |    Variable Name    | Operation| DSP| FF| LUT| Bitwidth P0| Bitwidth P1|
    +---------------------+----------+----+---+----+------------+------------+
    |add_ln23_fu_253_p2   |         +|   0|  0|  13|           4|           1|
    |icmp_ln23_fu_247_p2  |      icmp|   0|  0|  13|           4|           4|
    +---------------------+----------+----+---+----+------------+------------+
    |Total                |          |   0|  0|  26|           8|           5|
    +---------------------+----------+----+---+----+------------+------------+

    * Multiplexer: 
    +--------------------+----+-----------+-----+-----------+
    |        Name        | LUT| Input Size| Bits| Total Bits|
    +--------------------+----+-----------+-----+-----------+
    |ap_done_int         |   9|          2|    1|          2|
    |ap_sig_allocacmp_i  |   9|          2|    4|          8|
    |i_1_fu_82           |   9|          2|    4|          8|
    +--------------------+----+-----------+-----+-----------+
    |Total               |  27|          6|    9|         18|
    +--------------------+----+-----------+-----+-----------+

    * Register: 
    +-------------------+---+----+-----+-----------+
    |        Name       | FF| LUT| Bits| Const Bits|
    +-------------------+---+----+-----+-----------+
    |ap_CS_fsm          |  1|   0|    1|          0|
    |ap_done_reg        |  1|   0|    1|          0|
    |i_1_fu_82          |  4|   0|    4|          0|
    |weightsT_1_fu_90   |  8|   0|    8|          0|
    |weightsT_2_fu_94   |  8|   0|    8|          0|
    |weightsT_3_fu_98   |  8|   0|    8|          0|
    |weightsT_4_fu_102  |  8|   0|    8|          0|
    |weightsT_5_fu_106  |  8|   0|    8|          0|
    |weightsT_6_fu_110  |  8|   0|    8|          0|
    |weightsT_7_fu_114  |  8|   0|    8|          0|
    |weightsT_8_fu_118  |  8|   0|    8|          0|
    |weightsT_fu_86     |  8|   0|    8|          0|
    +-------------------+---+----+-----+-----------+
    |Total              | 78|   0|   78|          0|
    +-------------------+---+----+-----+-----------+



================================================================
== Interface
================================================================
* Summary: 
+-----------------------+-----+-----+------------+------------------------------+--------------+
|       RTL Ports       | Dir | Bits|  Protocol  |         Source Object        |    C Type    |
+-----------------------+-----+-----+------------+------------------------------+--------------+
|ap_clk                 |   in|    1|  ap_ctrl_hs|  conv2D0_Pipeline_readweights|  return value|
|ap_rst                 |   in|    1|  ap_ctrl_hs|  conv2D0_Pipeline_readweights|  return value|
|ap_start               |   in|    1|  ap_ctrl_hs|  conv2D0_Pipeline_readweights|  return value|
|ap_done                |  out|    1|  ap_ctrl_hs|  conv2D0_Pipeline_readweights|  return value|
|ap_idle                |  out|    1|  ap_ctrl_hs|  conv2D0_Pipeline_readweights|  return value|
|ap_ready               |  out|    1|  ap_ctrl_hs|  conv2D0_Pipeline_readweights|  return value|
|weights_0_load         |   in|    8|     ap_none|                weights_0_load|        scalar|
|weights_1_load         |   in|    8|     ap_none|                weights_1_load|        scalar|
|weights_2_load         |   in|    8|     ap_none|                weights_2_load|        scalar|
|weights_3_load         |   in|    8|     ap_none|                weights_3_load|        scalar|
|weights_4_load         |   in|    8|     ap_none|                weights_4_load|        scalar|
|weights_5_load         |   in|    8|     ap_none|                weights_5_load|        scalar|
|weights_6_load         |   in|    8|     ap_none|                weights_6_load|        scalar|
|weights_7_load         |   in|    8|     ap_none|                weights_7_load|        scalar|
|weights_8_load         |   in|    8|     ap_none|                weights_8_load|        scalar|
|weightsT_8_out         |  out|    8|      ap_vld|                weightsT_8_out|       pointer|
|weightsT_8_out_ap_vld  |  out|    1|      ap_vld|                weightsT_8_out|       pointer|
|weightsT_7_out         |  out|    8|      ap_vld|                weightsT_7_out|       pointer|
|weightsT_7_out_ap_vld  |  out|    1|      ap_vld|                weightsT_7_out|       pointer|
|weightsT_6_out         |  out|    8|      ap_vld|                weightsT_6_out|       pointer|
|weightsT_6_out_ap_vld  |  out|    1|      ap_vld|                weightsT_6_out|       pointer|
|weightsT_5_out         |  out|    8|      ap_vld|                weightsT_5_out|       pointer|
|weightsT_5_out_ap_vld  |  out|    1|      ap_vld|                weightsT_5_out|       pointer|
|weightsT_4_out         |  out|    8|      ap_vld|                weightsT_4_out|       pointer|
|weightsT_4_out_ap_vld  |  out|    1|      ap_vld|                weightsT_4_out|       pointer|
|weightsT_3_out         |  out|    8|      ap_vld|                weightsT_3_out|       pointer|
|weightsT_3_out_ap_vld  |  out|    1|      ap_vld|                weightsT_3_out|       pointer|
|weightsT_2_out         |  out|    8|      ap_vld|                weightsT_2_out|       pointer|
|weightsT_2_out_ap_vld  |  out|    1|      ap_vld|                weightsT_2_out|       pointer|
|weightsT_1_out         |  out|    8|      ap_vld|                weightsT_1_out|       pointer|
|weightsT_1_out_ap_vld  |  out|    1|      ap_vld|                weightsT_1_out|       pointer|
|weightsT_out           |  out|    8|      ap_vld|                  weightsT_out|       pointer|
|weightsT_out_ap_vld    |  out|    1|      ap_vld|                  weightsT_out|       pointer|
+-----------------------+-----+-----+------------+------------------------------+--------------+

============================================================
+ Verbose Summary: Synthesis Manager
============================================================
InlineROM: 1
ExposeGlobal: 0
============================================================
+ Verbose Summary: CDFG Model
============================================================
IsTopModel: 0
ResetActiveHigh: 1
IsCombinational: 2
IsDatapathOnly: 2
HasWiredReturn: 1
HasMFsm: 2
HasVarLatency: 1
IsPipeline: 0
IsRtlPipelined: 0
IsInstanceOverlapped: 0
IsDontTouch: 0
HasImplIP: 0
IsGatedGlobalClock: 0

+ Individual pipeline summary: 
  * Pipeline-0: initiation interval (II) = 1, depth = 1


============================================================
+ Verbose Summary: Schedule
============================================================
* Number of FSM states : 1
* Pipeline : 1
  Pipeline-0 : II = 1, D = 1, States = { 1 }
* Dataflow Pipeline: 0

* FSM state transitions: 
1 --> 

* FSM state operations: 

State 1 <SV = 0> <Delay = 4.91>
ST_1 : Operation 4 [1/1] (0.00ns)   --->   "%i_1 = alloca i32 1" [conv2D0.cpp:23]   --->   Operation 4 'alloca' 'i_1' <Predicate = true> <Delay = 0.00>
ST_1 : Operation 5 [1/1] (0.00ns)   --->   "%weightsT = alloca i32 1" [conv2D0.cpp:15]   --->   Operation 5 'alloca' 'weightsT' <Predicate = true> <Delay = 0.00>
ST_1 : Operation 6 [1/1] (0.00ns)   --->   "%weightsT_1 = alloca i32 1" [conv2D0.cpp:15]   --->   Operation 6 'alloca' 'weightsT_1' <Predicate = true> <Delay = 0.00>
ST_1 : Operation 7 [1/1] (0.00ns)   --->   "%weightsT_2 = alloca i32 1" [conv2D0.cpp:15]   --->   Operation 7 'alloca' 'weightsT_2' <Predicate = true> <Delay = 0.00>
ST_1 : Operation 8 [1/1] (0.00ns)   --->   "%weightsT_3 = alloca i32 1" [conv2D0.cpp:15]   --->   Operation 8 'alloca' 'weightsT_3' <Predicate = true> <Delay = 0.00>
ST_1 : Operation 9 [1/1] (0.00ns)   --->   "%weightsT_4 = alloca i32 1" [conv2D0.cpp:15]   --->   Operation 9 'alloca' 'weightsT_4' <Predicate = true> <Delay = 0.00>
ST_1 : Operation 10 [1/1] (0.00ns)   --->   "%weightsT_5 = alloca i32 1" [conv2D0.cpp:15]   --->   Operation 10 'alloca' 'weightsT_5' <Predicate = true> <Delay = 0.00>
ST_1 : Operation 11 [1/1] (0.00ns)   --->   "%weightsT_6 = alloca i32 1" [conv2D0.cpp:15]   --->   Operation 11 'alloca' 'weightsT_6' <Predicate = true> <Delay = 0.00>
ST_1 : Operation 12 [1/1] (0.00ns)   --->   "%weightsT_7 = alloca i32 1" [conv2D0.cpp:15]   --->   Operation 12 'alloca' 'weightsT_7' <Predicate = true> <Delay = 0.00>
ST_1 : Operation 13 [1/1] (0.00ns)   --->   "%weightsT_8 = alloca i32 1" [conv2D0.cpp:15]   --->   Operation 13 'alloca' 'weightsT_8' <Predicate = true> <Delay = 0.00>
ST_1 : Operation 14 [1/1] (0.00ns)   --->   "%weights_8_load_read = read i8 @_ssdm_op_Read.ap_auto.i8, i8 %weights_8_load"   --->   Operation 14 'read' 'weights_8_load_read' <Predicate = true> <Delay = 0.00>
ST_1 : Operation 15 [1/1] (0.00ns)   --->   "%weights_7_load_read = read i8 @_ssdm_op_Read.ap_auto.i8, i8 %weights_7_load"   --->   Operation 15 'read' 'weights_7_load_read' <Predicate = true> <Delay = 0.00>
ST_1 : Operation 16 [1/1] (0.00ns)   --->   "%weights_6_load_read = read i8 @_ssdm_op_Read.ap_auto.i8, i8 %weights_6_load"   --->   Operation 16 'read' 'weights_6_load_read' <Predicate = true> <Delay = 0.00>
ST_1 : Operation 17 [1/1] (0.00ns)   --->   "%weights_5_load_read = read i8 @_ssdm_op_Read.ap_auto.i8, i8 %weights_5_load"   --->   Operation 17 'read' 'weights_5_load_read' <Predicate = true> <Delay = 0.00>
ST_1 : Operation 18 [1/1] (0.00ns)   --->   "%weights_4_load_read = read i8 @_ssdm_op_Read.ap_auto.i8, i8 %weights_4_load"   --->   Operation 18 'read' 'weights_4_load_read' <Predicate = true> <Delay = 0.00>
ST_1 : Operation 19 [1/1] (0.00ns)   --->   "%weights_3_load_read = read i8 @_ssdm_op_Read.ap_auto.i8, i8 %weights_3_load"   --->   Operation 19 'read' 'weights_3_load_read' <Predicate = true> <Delay = 0.00>
ST_1 : Operation 20 [1/1] (0.00ns)   --->   "%weights_2_load_read = read i8 @_ssdm_op_Read.ap_auto.i8, i8 %weights_2_load"   --->   Operation 20 'read' 'weights_2_load_read' <Predicate = true> <Delay = 0.00>
ST_1 : Operation 21 [1/1] (0.00ns)   --->   "%weights_1_load_read = read i8 @_ssdm_op_Read.ap_auto.i8, i8 %weights_1_load"   --->   Operation 21 'read' 'weights_1_load_read' <Predicate = true> <Delay = 0.00>
ST_1 : Operation 22 [1/1] (0.00ns)   --->   "%weights_0_load_read = read i8 @_ssdm_op_Read.ap_auto.i8, i8 %weights_0_load"   --->   Operation 22 'read' 'weights_0_load_read' <Predicate = true> <Delay = 0.00>
ST_1 : Operation 23 [1/1] (1.58ns)   --->   "%store_ln23 = store i4 0, i4 %i_1" [conv2D0.cpp:23]   --->   Operation 23 'store' 'store_ln23' <Predicate = true> <Delay = 1.58>
ST_1 : Operation 24 [1/1] (0.00ns)   --->   "%br_ln0 = br void %for.inc12"   --->   Operation 24 'br' 'br_ln0' <Predicate = true> <Delay = 0.00>
ST_1 : Operation 25 [1/1] (0.00ns)   --->   "%i = load i4 %i_1" [conv2D0.cpp:23]   --->   Operation 25 'load' 'i' <Predicate = true> <Delay = 0.00>
ST_1 : Operation 26 [1/1] (1.73ns)   --->   "%icmp_ln23 = icmp_eq  i4 %i, i4 9" [conv2D0.cpp:23]   --->   Operation 26 'icmp' 'icmp_ln23' <Predicate = true> <Delay = 1.73> <CoreInst = "Cmp">   --->   Core 9 'Cmp' <Latency = 0> <II = 1> <Delay = 1.73> <FuncUnit> <Opcode : 'icmp'> <InPorts = 2> <OutPorts = 1>
ST_1 : Operation 27 [1/1] (1.73ns)   --->   "%add_ln23 = add i4 %i, i4 1" [conv2D0.cpp:23]   --->   Operation 27 'add' 'add_ln23' <Predicate = true> <Delay = 1.73> <CoreInst = "Adder">   --->   Core 1 'Adder' <Latency = 0> <II = 1> <Delay = 1.73> <FuncUnit> <Opcode : 'add' 'sub'> <InPorts = 2> <OutPorts = 1>
ST_1 : Operation 28 [1/1] (0.00ns)   --->   "%br_ln23 = br i1 %icmp_ln23, void %for.inc12.split, void %loop_k1.preheader.exitStub" [conv2D0.cpp:23]   --->   Operation 28 'br' 'br_ln23' <Predicate = true> <Delay = 0.00>
ST_1 : Operation 29 [1/1] (0.00ns)   --->   "%specpipeline_ln15 = specpipeline void @_ssdm_op_SpecPipeline, i32 4294967295, i32 0, i32 0, i32 0, void @empty_0" [conv2D0.cpp:15]   --->   Operation 29 'specpipeline' 'specpipeline_ln15' <Predicate = (!icmp_ln23)> <Delay = 0.00>
ST_1 : Operation 30 [1/1] (0.00ns)   --->   "%speclooptripcount_ln15 = speclooptripcount void @_ssdm_op_SpecLoopTripCount, i64 9, i64 9, i64 9" [conv2D0.cpp:15]   --->   Operation 30 'speclooptripcount' 'speclooptripcount_ln15' <Predicate = (!icmp_ln23)> <Delay = 0.00>
ST_1 : Operation 31 [1/1] (0.00ns)   --->   "%specloopname_ln23 = specloopname void @_ssdm_op_SpecLoopName, void @empty_3" [conv2D0.cpp:23]   --->   Operation 31 'specloopname' 'specloopname_ln23' <Predicate = (!icmp_ln23)> <Delay = 0.00>
ST_1 : Operation 32 [1/1] (2.42ns)   --->   "%weightsT_9 = sparsemux i8 @_ssdm_op_SparseMux.ap_auto.9i8.i8.i4, i4 0, i8 %weights_0_load_read, i4 1, i8 %weights_1_load_read, i4 2, i8 %weights_2_load_read, i4 3, i8 %weights_3_load_read, i4 4, i8 %weights_4_load_read, i4 5, i8 %weights_5_load_read, i4 6, i8 %weights_6_load_read, i4 7, i8 %weights_7_load_read, i4 8, i8 %weights_8_load_read, i8 0, i4 %i" [conv2D0.cpp:24]   --->   Operation 32 'sparsemux' 'weightsT_9' <Predicate = (!icmp_ln23)> <Delay = 2.42> <CoreInst = "SparseMux">   --->   Core 135 'SparseMux' <Latency = 0> <II = 1> <Delay = 2.42> <FuncUnit> <Opcode : 'sparsemux'> <InPorts = 2> <OutPorts = 1>
ST_1 : Operation 33 [1/1] (1.88ns)   --->   "%switch_ln24 = switch i4 %i, void %arrayidx11.case.8, i4 0, void %for.inc12.split.arrayidx11.exit_crit_edge10, i4 1, void %arrayidx11.case.1, i4 2, void %arrayidx11.case.2, i4 3, void %arrayidx11.case.3, i4 4, void %arrayidx11.case.4, i4 5, void %arrayidx11.case.5, i4 6, void %arrayidx11.case.6, i4 7, void %for.inc12.split.arrayidx11.exit_crit_edge" [conv2D0.cpp:24]   --->   Operation 33 'switch' 'switch_ln24' <Predicate = (!icmp_ln23)> <Delay = 1.88>
ST_1 : Operation 34 [1/1] (0.00ns)   --->   "%store_ln15 = store i8 %weightsT_9, i8 %weightsT_7" [conv2D0.cpp:15]   --->   Operation 34 'store' 'store_ln15' <Predicate = (!icmp_ln23 & i == 7)> <Delay = 0.00>
ST_1 : Operation 35 [1/1] (0.00ns)   --->   "%br_ln24 = br void %arrayidx11.exit" [conv2D0.cpp:24]   --->   Operation 35 'br' 'br_ln24' <Predicate = (!icmp_ln23 & i == 7)> <Delay = 0.00>
ST_1 : Operation 36 [1/1] (0.00ns)   --->   "%store_ln15 = store i8 %weightsT_9, i8 %weightsT_6" [conv2D0.cpp:15]   --->   Operation 36 'store' 'store_ln15' <Predicate = (!icmp_ln23 & i == 6)> <Delay = 0.00>
ST_1 : Operation 37 [1/1] (0.00ns)   --->   "%br_ln24 = br void %arrayidx11.exit" [conv2D0.cpp:24]   --->   Operation 37 'br' 'br_ln24' <Predicate = (!icmp_ln23 & i == 6)> <Delay = 0.00>
ST_1 : Operation 38 [1/1] (0.00ns)   --->   "%store_ln15 = store i8 %weightsT_9, i8 %weightsT_5" [conv2D0.cpp:15]   --->   Operation 38 'store' 'store_ln15' <Predicate = (!icmp_ln23 & i == 5)> <Delay = 0.00>
ST_1 : Operation 39 [1/1] (0.00ns)   --->   "%br_ln24 = br void %arrayidx11.exit" [conv2D0.cpp:24]   --->   Operation 39 'br' 'br_ln24' <Predicate = (!icmp_ln23 & i == 5)> <Delay = 0.00>
ST_1 : Operation 40 [1/1] (0.00ns)   --->   "%store_ln15 = store i8 %weightsT_9, i8 %weightsT_4" [conv2D0.cpp:15]   --->   Operation 40 'store' 'store_ln15' <Predicate = (!icmp_ln23 & i == 4)> <Delay = 0.00>
ST_1 : Operation 41 [1/1] (0.00ns)   --->   "%br_ln24 = br void %arrayidx11.exit" [conv2D0.cpp:24]   --->   Operation 41 'br' 'br_ln24' <Predicate = (!icmp_ln23 & i == 4)> <Delay = 0.00>
ST_1 : Operation 42 [1/1] (0.00ns)   --->   "%store_ln15 = store i8 %weightsT_9, i8 %weightsT_3" [conv2D0.cpp:15]   --->   Operation 42 'store' 'store_ln15' <Predicate = (!icmp_ln23 & i == 3)> <Delay = 0.00>
ST_1 : Operation 43 [1/1] (0.00ns)   --->   "%br_ln24 = br void %arrayidx11.exit" [conv2D0.cpp:24]   --->   Operation 43 'br' 'br_ln24' <Predicate = (!icmp_ln23 & i == 3)> <Delay = 0.00>
ST_1 : Operation 44 [1/1] (0.00ns)   --->   "%store_ln15 = store i8 %weightsT_9, i8 %weightsT_2" [conv2D0.cpp:15]   --->   Operation 44 'store' 'store_ln15' <Predicate = (!icmp_ln23 & i == 2)> <Delay = 0.00>
ST_1 : Operation 45 [1/1] (0.00ns)   --->   "%br_ln24 = br void %arrayidx11.exit" [conv2D0.cpp:24]   --->   Operation 45 'br' 'br_ln24' <Predicate = (!icmp_ln23 & i == 2)> <Delay = 0.00>
ST_1 : Operation 46 [1/1] (0.00ns)   --->   "%store_ln15 = store i8 %weightsT_9, i8 %weightsT_1" [conv2D0.cpp:15]   --->   Operation 46 'store' 'store_ln15' <Predicate = (!icmp_ln23 & i == 1)> <Delay = 0.00>
ST_1 : Operation 47 [1/1] (0.00ns)   --->   "%br_ln24 = br void %arrayidx11.exit" [conv2D0.cpp:24]   --->   Operation 47 'br' 'br_ln24' <Predicate = (!icmp_ln23 & i == 1)> <Delay = 0.00>
ST_1 : Operation 48 [1/1] (0.00ns)   --->   "%store_ln15 = store i8 %weightsT_9, i8 %weightsT" [conv2D0.cpp:15]   --->   Operation 48 'store' 'store_ln15' <Predicate = (!icmp_ln23 & i == 0)> <Delay = 0.00>
ST_1 : Operation 49 [1/1] (0.00ns)   --->   "%br_ln24 = br void %arrayidx11.exit" [conv2D0.cpp:24]   --->   Operation 49 'br' 'br_ln24' <Predicate = (!icmp_ln23 & i == 0)> <Delay = 0.00>
ST_1 : Operation 50 [1/1] (0.00ns)   --->   "%store_ln15 = store i8 %weightsT_9, i8 %weightsT_8" [conv2D0.cpp:15]   --->   Operation 50 'store' 'store_ln15' <Predicate = (!icmp_ln23 & i != 0 & i != 1 & i != 2 & i != 3 & i != 4 & i != 5 & i != 6 & i != 7)> <Delay = 0.00>
ST_1 : Operation 51 [1/1] (0.00ns)   --->   "%br_ln24 = br void %arrayidx11.exit" [conv2D0.cpp:24]   --->   Operation 51 'br' 'br_ln24' <Predicate = (!icmp_ln23 & i != 0 & i != 1 & i != 2 & i != 3 & i != 4 & i != 5 & i != 6 & i != 7)> <Delay = 0.00>
ST_1 : Operation 52 [1/1] (1.58ns)   --->   "%store_ln23 = store i4 %add_ln23, i4 %i_1" [conv2D0.cpp:23]   --->   Operation 52 'store' 'store_ln23' <Predicate = (!icmp_ln23)> <Delay = 1.58>
ST_1 : Operation 53 [1/1] (0.00ns)   --->   "%br_ln23 = br void %for.inc12" [conv2D0.cpp:23]   --->   Operation 53 'br' 'br_ln23' <Predicate = (!icmp_ln23)> <Delay = 0.00>
ST_1 : Operation 54 [1/1] (0.00ns)   --->   "%weightsT_load = load i8 %weightsT"   --->   Operation 54 'load' 'weightsT_load' <Predicate = (icmp_ln23)> <Delay = 0.00>
ST_1 : Operation 55 [1/1] (0.00ns)   --->   "%weightsT_1_load = load i8 %weightsT_1"   --->   Operation 55 'load' 'weightsT_1_load' <Predicate = (icmp_ln23)> <Delay = 0.00>
ST_1 : Operation 56 [1/1] (0.00ns)   --->   "%weightsT_2_load = load i8 %weightsT_2"   --->   Operation 56 'load' 'weightsT_2_load' <Predicate = (icmp_ln23)> <Delay = 0.00>
ST_1 : Operation 57 [1/1] (0.00ns)   --->   "%weightsT_3_load = load i8 %weightsT_3"   --->   Operation 57 'load' 'weightsT_3_load' <Predicate = (icmp_ln23)> <Delay = 0.00>
ST_1 : Operation 58 [1/1] (0.00ns)   --->   "%weightsT_4_load = load i8 %weightsT_4"   --->   Operation 58 'load' 'weightsT_4_load' <Predicate = (icmp_ln23)> <Delay = 0.00>
ST_1 : Operation 59 [1/1] (0.00ns)   --->   "%weightsT_5_load = load i8 %weightsT_5"   --->   Operation 59 'load' 'weightsT_5_load' <Predicate = (icmp_ln23)> <Delay = 0.00>
ST_1 : Operation 60 [1/1] (0.00ns)   --->   "%weightsT_6_load = load i8 %weightsT_6"   --->   Operation 60 'load' 'weightsT_6_load' <Predicate = (icmp_ln23)> <Delay = 0.00>
ST_1 : Operation 61 [1/1] (0.00ns)   --->   "%weightsT_7_load = load i8 %weightsT_7"   --->   Operation 61 'load' 'weightsT_7_load' <Predicate = (icmp_ln23)> <Delay = 0.00>
ST_1 : Operation 62 [1/1] (0.00ns)   --->   "%weightsT_8_load = load i8 %weightsT_8"   --->   Operation 62 'load' 'weightsT_8_load' <Predicate = (icmp_ln23)> <Delay = 0.00>
ST_1 : Operation 63 [1/1] (0.00ns)   --->   "%write_ln0 = write void @_ssdm_op_Write.ap_auto.i8P0A, i8 %weightsT_8_out, i8 %weightsT_8_load"   --->   Operation 63 'write' 'write_ln0' <Predicate = (icmp_ln23)> <Delay = 0.00>
ST_1 : Operation 64 [1/1] (0.00ns)   --->   "%write_ln0 = write void @_ssdm_op_Write.ap_auto.i8P0A, i8 %weightsT_7_out, i8 %weightsT_7_load"   --->   Operation 64 'write' 'write_ln0' <Predicate = (icmp_ln23)> <Delay = 0.00>
ST_1 : Operation 65 [1/1] (0.00ns)   --->   "%write_ln0 = write void @_ssdm_op_Write.ap_auto.i8P0A, i8 %weightsT_6_out, i8 %weightsT_6_load"   --->   Operation 65 'write' 'write_ln0' <Predicate = (icmp_ln23)> <Delay = 0.00>
ST_1 : Operation 66 [1/1] (0.00ns)   --->   "%write_ln0 = write void @_ssdm_op_Write.ap_auto.i8P0A, i8 %weightsT_5_out, i8 %weightsT_5_load"   --->   Operation 66 'write' 'write_ln0' <Predicate = (icmp_ln23)> <Delay = 0.00>
ST_1 : Operation 67 [1/1] (0.00ns)   --->   "%write_ln0 = write void @_ssdm_op_Write.ap_auto.i8P0A, i8 %weightsT_4_out, i8 %weightsT_4_load"   --->   Operation 67 'write' 'write_ln0' <Predicate = (icmp_ln23)> <Delay = 0.00>
ST_1 : Operation 68 [1/1] (0.00ns)   --->   "%write_ln0 = write void @_ssdm_op_Write.ap_auto.i8P0A, i8 %weightsT_3_out, i8 %weightsT_3_load"   --->   Operation 68 'write' 'write_ln0' <Predicate = (icmp_ln23)> <Delay = 0.00>
ST_1 : Operation 69 [1/1] (0.00ns)   --->   "%write_ln0 = write void @_ssdm_op_Write.ap_auto.i8P0A, i8 %weightsT_2_out, i8 %weightsT_2_load"   --->   Operation 69 'write' 'write_ln0' <Predicate = (icmp_ln23)> <Delay = 0.00>
ST_1 : Operation 70 [1/1] (0.00ns)   --->   "%write_ln0 = write void @_ssdm_op_Write.ap_auto.i8P0A, i8 %weightsT_1_out, i8 %weightsT_1_load"   --->   Operation 70 'write' 'write_ln0' <Predicate = (icmp_ln23)> <Delay = 0.00>
ST_1 : Operation 71 [1/1] (0.00ns)   --->   "%write_ln0 = write void @_ssdm_op_Write.ap_auto.i8P0A, i8 %weightsT_out, i8 %weightsT_load"   --->   Operation 71 'write' 'write_ln0' <Predicate = (icmp_ln23)> <Delay = 0.00>
ST_1 : Operation 72 [1/1] (0.00ns)   --->   "%ret_ln0 = ret"   --->   Operation 72 'ret' 'ret_ln0' <Predicate = (icmp_ln23)> <Delay = 0.00>


============================================================
+ Verbose Summary: Binding
============================================================
STG Binding: 
---------------- STG Properties BEGIN ----------------
- Is combinational: 0
- Is one-state seq: 0
- Is datapath-only: 0
- Is pipelined: 0
- Is top level: 0
Port [ Return ] is wired: 1; IO mode=ap_ctrl_hs:ce=0
Port [ weights_0_load]:  wired=1; compound=0; hidden=0; nouse=0; global=0; static=0; extern=0; dir=0; type=0; pingpong=0; private_global=0; IO mode=ap_none:ce=0
Port [ weights_1_load]:  wired=1; compound=0; hidden=0; nouse=0; global=0; static=0; extern=0; dir=0; type=0; pingpong=0; private_global=0; IO mode=ap_none:ce=0
Port [ weights_2_load]:  wired=1; compound=0; hidden=0; nouse=0; global=0; static=0; extern=0; dir=0; type=0; pingpong=0; private_global=0; IO mode=ap_none:ce=0
Port [ weights_3_load]:  wired=1; compound=0; hidden=0; nouse=0; global=0; static=0; extern=0; dir=0; type=0; pingpong=0; private_global=0; IO mode=ap_none:ce=0
Port [ weights_4_load]:  wired=1; compound=0; hidden=0; nouse=0; global=0; static=0; extern=0; dir=0; type=0; pingpong=0; private_global=0; IO mode=ap_none:ce=0
Port [ weights_5_load]:  wired=1; compound=0; hidden=0; nouse=0; global=0; static=0; extern=0; dir=0; type=0; pingpong=0; private_global=0; IO mode=ap_none:ce=0
Port [ weights_6_load]:  wired=1; compound=0; hidden=0; nouse=0; global=0; static=0; extern=0; dir=0; type=0; pingpong=0; private_global=0; IO mode=ap_none:ce=0
Port [ weights_7_load]:  wired=1; compound=0; hidden=0; nouse=0; global=0; static=0; extern=0; dir=0; type=0; pingpong=0; private_global=0; IO mode=ap_none:ce=0
Port [ weights_8_load]:  wired=1; compound=0; hidden=0; nouse=0; global=0; static=0; extern=0; dir=0; type=0; pingpong=0; private_global=0; IO mode=ap_none:ce=0
Port [ weightsT_8_out]:  wired=1; compound=0; hidden=0; nouse=0; global=0; static=0; extern=0; dir=1; type=0; pingpong=0; private_global=0; IO mode=ap_vld:ce=0
Port [ weightsT_7_out]:  wired=1; compound=0; hidden=0; nouse=0; global=0; static=0; extern=0; dir=1; type=0; pingpong=0; private_global=0; IO mode=ap_vld:ce=0
Port [ weightsT_6_out]:  wired=1; compound=0; hidden=0; nouse=0; global=0; static=0; extern=0; dir=1; type=0; pingpong=0; private_global=0; IO mode=ap_vld:ce=0
Port [ weightsT_5_out]:  wired=1; compound=0; hidden=0; nouse=0; global=0; static=0; extern=0; dir=1; type=0; pingpong=0; private_global=0; IO mode=ap_vld:ce=0
Port [ weightsT_4_out]:  wired=1; compound=0; hidden=0; nouse=0; global=0; static=0; extern=0; dir=1; type=0; pingpong=0; private_global=0; IO mode=ap_vld:ce=0
Port [ weightsT_3_out]:  wired=1; compound=0; hidden=0; nouse=0; global=0; static=0; extern=0; dir=1; type=0; pingpong=0; private_global=0; IO mode=ap_vld:ce=0
Port [ weightsT_2_out]:  wired=1; compound=0; hidden=0; nouse=0; global=0; static=0; extern=0; dir=1; type=0; pingpong=0; private_global=0; IO mode=ap_vld:ce=0
Port [ weightsT_1_out]:  wired=1; compound=0; hidden=0; nouse=0; global=0; static=0; extern=0; dir=1; type=0; pingpong=0; private_global=0; IO mode=ap_vld:ce=0
Port [ weightsT_out]:  wired=1; compound=0; hidden=0; nouse=0; global=0; static=0; extern=0; dir=1; type=0; pingpong=0; private_global=0; IO mode=ap_vld:ce=0
---------------- STG Properties END ------------------

---------------- Datapath Model BEGIN ----------------

<LifeTime>
<method=bitvector/>
i_1                    (alloca           ) [ 01]
weightsT               (alloca           ) [ 01]
weightsT_1             (alloca           ) [ 01]
weightsT_2             (alloca           ) [ 01]
weightsT_3             (alloca           ) [ 01]
weightsT_4             (alloca           ) [ 01]
weightsT_5             (alloca           ) [ 01]
weightsT_6             (alloca           ) [ 01]
weightsT_7             (alloca           ) [ 01]
weightsT_8             (alloca           ) [ 01]
weights_8_load_read    (read             ) [ 00]
weights_7_load_read    (read             ) [ 00]
weights_6_load_read    (read             ) [ 00]
weights_5_load_read    (read             ) [ 00]
weights_4_load_read    (read             ) [ 00]
weights_3_load_read    (read             ) [ 00]
weights_2_load_read    (read             ) [ 00]
weights_1_load_read    (read             ) [ 00]
weights_0_load_read    (read             ) [ 00]
store_ln23             (store            ) [ 00]
br_ln0                 (br               ) [ 00]
i                      (load             ) [ 01]
icmp_ln23              (icmp             ) [ 01]
add_ln23               (add              ) [ 00]
br_ln23                (br               ) [ 00]
specpipeline_ln15      (specpipeline     ) [ 00]
speclooptripcount_ln15 (speclooptripcount) [ 00]
specloopname_ln23      (specloopname     ) [ 00]
weightsT_9             (sparsemux        ) [ 00]
switch_ln24            (switch           ) [ 00]
store_ln15             (store            ) [ 00]
br_ln24                (br               ) [ 00]
store_ln15             (store            ) [ 00]
br_ln24                (br               ) [ 00]
store_ln15             (store            ) [ 00]
br_ln24                (br               ) [ 00]
store_ln15             (store            ) [ 00]
br_ln24                (br               ) [ 00]
store_ln15             (store            ) [ 00]
br_ln24                (br               ) [ 00]
store_ln15             (store            ) [ 00]
br_ln24                (br               ) [ 00]
store_ln15             (store            ) [ 00]
br_ln24                (br               ) [ 00]
store_ln15             (store            ) [ 00]
br_ln24                (br               ) [ 00]
store_ln15             (store            ) [ 00]
br_ln24                (br               ) [ 00]
store_ln23             (store            ) [ 00]
br_ln23                (br               ) [ 00]
weightsT_load          (load             ) [ 00]
weightsT_1_load        (load             ) [ 00]
weightsT_2_load        (load             ) [ 00]
weightsT_3_load        (load             ) [ 00]
weightsT_4_load        (load             ) [ 00]
weightsT_5_load        (load             ) [ 00]
weightsT_6_load        (load             ) [ 00]
weightsT_7_load        (load             ) [ 00]
weightsT_8_load        (load             ) [ 00]
write_ln0              (write            ) [ 00]
write_ln0              (write            ) [ 00]
write_ln0              (write            ) [ 00]
write_ln0              (write            ) [ 00]
write_ln0              (write            ) [ 00]
write_ln0              (write            ) [ 00]
write_ln0              (write            ) [ 00]
write_ln0              (write            ) [ 00]
write_ln0              (write            ) [ 00]
ret_ln0                (ret              ) [ 00]
</LifeTime>

<model>

<comp_list>
<comp id="0" class="1000" name="weights_0_load">
<pin_list>
<pin id="1" dir="1" index="0" bw="1" slack="0"/>
</pin_list>
<bind>
<StgValue><ssdm name="weights_0_load"/></StgValue>
</bind>
</comp>

<comp id="2" class="1000" name="weights_1_load">
<pin_list>
<pin id="3" dir="1" index="0" bw="1" slack="0"/>
</pin_list>
<bind>
<StgValue><ssdm name="weights_1_load"/></StgValue>
</bind>
</comp>

<comp id="4" class="1000" name="weights_2_load">
<pin_list>
<pin id="5" dir="1" index="0" bw="1" slack="0"/>
</pin_list>
<bind>
<StgValue><ssdm name="weights_2_load"/></StgValue>
</bind>
</comp>

<comp id="6" class="1000" name="weights_3_load">
<pin_list>
<pin id="7" dir="1" index="0" bw="1" slack="0"/>
</pin_list>
<bind>
<StgValue><ssdm name="weights_3_load"/></StgValue>
</bind>
</comp>

<comp id="8" class="1000" name="weights_4_load">
<pin_list>
<pin id="9" dir="1" index="0" bw="1" slack="0"/>
</pin_list>
<bind>
<StgValue><ssdm name="weights_4_load"/></StgValue>
</bind>
</comp>

<comp id="10" class="1000" name="weights_5_load">
<pin_list>
<pin id="11" dir="1" index="0" bw="1" slack="0"/>
</pin_list>
<bind>
<StgValue><ssdm name="weights_5_load"/></StgValue>
</bind>
</comp>

<comp id="12" class="1000" name="weights_6_load">
<pin_list>
<pin id="13" dir="1" index="0" bw="1" slack="0"/>
</pin_list>
<bind>
<StgValue><ssdm name="weights_6_load"/></StgValue>
</bind>
</comp>

<comp id="14" class="1000" name="weights_7_load">
<pin_list>
<pin id="15" dir="1" index="0" bw="1" slack="0"/>
</pin_list>
<bind>
<StgValue><ssdm name="weights_7_load"/></StgValue>
</bind>
</comp>

<comp id="16" class="1000" name="weights_8_load">
<pin_list>
<pin id="17" dir="1" index="0" bw="1" slack="0"/>
</pin_list>
<bind>
<StgValue><ssdm name="weights_8_load"/></StgValue>
</bind>
</comp>

<comp id="18" class="1000" name="weightsT_8_out">
<pin_list>
<pin id="19" dir="1" index="0" bw="1" slack="0"/>
</pin_list>
<bind>
<StgValue><ssdm name="weightsT_8_out"/></StgValue>
</bind>
</comp>

<comp id="20" class="1000" name="weightsT_7_out">
<pin_list>
<pin id="21" dir="1" index="0" bw="1" slack="0"/>
</pin_list>
<bind>
<StgValue><ssdm name="weightsT_7_out"/></StgValue>
</bind>
</comp>

<comp id="22" class="1000" name="weightsT_6_out">
<pin_list>
<pin id="23" dir="1" index="0" bw="1" slack="0"/>
</pin_list>
<bind>
<StgValue><ssdm name="weightsT_6_out"/></StgValue>
</bind>
</comp>

<comp id="24" class="1000" name="weightsT_5_out">
<pin_list>
<pin id="25" dir="1" index="0" bw="1" slack="0"/>
</pin_list>
<bind>
<StgValue><ssdm name="weightsT_5_out"/></StgValue>
</bind>
</comp>

<comp id="26" class="1000" name="weightsT_4_out">
<pin_list>
<pin id="27" dir="1" index="0" bw="1" slack="0"/>
</pin_list>
<bind>
<StgValue><ssdm name="weightsT_4_out"/></StgValue>
</bind>
</comp>

<comp id="28" class="1000" name="weightsT_3_out">
<pin_list>
<pin id="29" dir="1" index="0" bw="1" slack="0"/>
</pin_list>
<bind>
<StgValue><ssdm name="weightsT_3_out"/></StgValue>
</bind>
</comp>

<comp id="30" class="1000" name="weightsT_2_out">
<pin_list>
<pin id="31" dir="1" index="0" bw="1" slack="0"/>
</pin_list>
<bind>
<StgValue><ssdm name="weightsT_2_out"/></StgValue>
</bind>
</comp>

<comp id="32" class="1000" name="weightsT_1_out">
<pin_list>
<pin id="33" dir="1" index="0" bw="1" slack="0"/>
</pin_list>
<bind>
<StgValue><ssdm name="weightsT_1_out"/></StgValue>
</bind>
</comp>

<comp id="34" class="1000" name="weightsT_out">
<pin_list>
<pin id="35" dir="1" index="0" bw="1" slack="0"/>
</pin_list>
<bind>
<StgValue><ssdm name="weightsT_out"/></StgValue>
</bind>
</comp>

<comp id="36" class="1001" name="const_36">
<pin_list>
<pin id="37" dir="1" index="0" bw="1" slack="0"/>
</pin_list>
<bind>
<StgValue><ssdm name=""/></StgValue>
</bind>
</comp>

<comp id="38" class="1001" name="const_38">
<pin_list>
<pin id="39" dir="1" index="0" bw="1" slack="0"/>
</pin_list>
<bind>
<StgValue><ssdm name="_ssdm_op_Read.ap_auto.i8"/></StgValue>
</bind>
</comp>

<comp id="40" class="1001" name="const_40">
<pin_list>
<pin id="41" dir="1" index="0" bw="1" slack="0"/>
</pin_list>
<bind>
<StgValue><ssdm name=""/></StgValue>
</bind>
</comp>

<comp id="42" class="1001" name="const_42">
<pin_list>
<pin id="43" dir="1" index="0" bw="1" slack="0"/>
</pin_list>
<bind>
<StgValue><ssdm name=""/></StgValue>
</bind>
</comp>

<comp id="44" class="1001" name="const_44">
<pin_list>
<pin id="45" dir="1" index="0" bw="1" slack="0"/>
</pin_list>
<bind>
<StgValue><ssdm name=""/></StgValue>
</bind>
</comp>

<comp id="46" class="1001" name="const_46">
<pin_list>
<pin id="47" dir="1" index="0" bw="1" slack="2147483647"/>
</pin_list>
<bind>
<StgValue><ssdm name="_ssdm_op_SpecPipeline"/></StgValue>
</bind>
</comp>

<comp id="48" class="1001" name="const_48">
<pin_list>
<pin id="49" dir="1" index="0" bw="1" slack="2147483647"/>
</pin_list>
<bind>
<StgValue><ssdm name=""/></StgValue>
</bind>
</comp>

<comp id="50" class="1001" name="const_50">
<pin_list>
<pin id="51" dir="1" index="0" bw="1" slack="2147483647"/>
</pin_list>
<bind>
<StgValue><ssdm name=""/></StgValue>
</bind>
</comp>

<comp id="52" class="1001" name="const_52">
<pin_list>
<pin id="53" dir="1" index="0" bw="1" slack="2147483647"/>
</pin_list>
<bind>
<StgValue><ssdm name="empty_0"/></StgValue>
</bind>
</comp>

<comp id="54" class="1001" name="const_54">
<pin_list>
<pin id="55" dir="1" index="0" bw="1" slack="2147483647"/>
</pin_list>
<bind>
<StgValue><ssdm name="_ssdm_op_SpecLoopTripCount"/></StgValue>
</bind>
</comp>

<comp id="56" class="1001" name="const_56">
<pin_list>
<pin id="57" dir="1" index="0" bw="1" slack="2147483647"/>
</pin_list>
<bind>
<StgValue><ssdm name=""/></StgValue>
</bind>
</comp>

<comp id="58" class="1001" name="const_58">
<pin_list>
<pin id="59" dir="1" index="0" bw="1" slack="2147483647"/>
</pin_list>
<bind>
<StgValue><ssdm name="_ssdm_op_SpecLoopName"/></StgValue>
</bind>
</comp>

<comp id="60" class="1001" name="const_60">
<pin_list>
<pin id="61" dir="1" index="0" bw="1" slack="2147483647"/>
</pin_list>
<bind>
<StgValue><ssdm name="empty_3"/></StgValue>
</bind>
</comp>

<comp id="62" class="1001" name="const_62">
<pin_list>
<pin id="63" dir="1" index="0" bw="1" slack="0"/>
</pin_list>
<bind>
<StgValue><ssdm name="_ssdm_op_SparseMux.ap_auto.9i8.i8.i4"/></StgValue>
</bind>
</comp>

<comp id="64" class="1001" name="const_64">
<pin_list>
<pin id="65" dir="1" index="0" bw="1" slack="0"/>
</pin_list>
<bind>
<StgValue><ssdm name=""/></StgValue>
</bind>
</comp>

<comp id="66" class="1001" name="const_66">
<pin_list>
<pin id="67" dir="1" index="0" bw="1" slack="0"/>
</pin_list>
<bind>
<StgValue><ssdm name=""/></StgValue>
</bind>
</comp>

<comp id="68" class="1001" name="const_68">
<pin_list>
<pin id="69" dir="1" index="0" bw="1" slack="0"/>
</pin_list>
<bind>
<StgValue><ssdm name=""/></StgValue>
</bind>
</comp>

<comp id="70" class="1001" name="const_70">
<pin_list>
<pin id="71" dir="1" index="0" bw="1" slack="0"/>
</pin_list>
<bind>
<StgValue><ssdm name=""/></StgValue>
</bind>
</comp>

<comp id="72" class="1001" name="const_72">
<pin_list>
<pin id="73" dir="1" index="0" bw="1" slack="0"/>
</pin_list>
<bind>
<StgValue><ssdm name=""/></StgValue>
</bind>
</comp>

<comp id="74" class="1001" name="const_74">
<pin_list>
<pin id="75" dir="1" index="0" bw="1" slack="0"/>
</pin_list>
<bind>
<StgValue><ssdm name=""/></StgValue>
</bind>
</comp>

<comp id="76" class="1001" name="const_76">
<pin_list>
<pin id="77" dir="1" index="0" bw="1" slack="0"/>
</pin_list>
<bind>
<StgValue><ssdm name=""/></StgValue>
</bind>
</comp>

<comp id="78" class="1001" name="const_78">
<pin_list>
<pin id="79" dir="1" index="0" bw="1" slack="0"/>
</pin_list>
<bind>
<StgValue><ssdm name=""/></StgValue>
</bind>
</comp>

<comp id="80" class="1001" name="const_80">
<pin_list>
<pin id="81" dir="1" index="0" bw="1" slack="0"/>
</pin_list>
<bind>
<StgValue><ssdm name="_ssdm_op_Write.ap_auto.i8P0A"/></StgValue>
</bind>
</comp>

<comp id="82" class="1004" name="i_1_fu_82">
<pin_list>
<pin id="83" dir="0" index="0" bw="1" slack="0"/>
<pin id="84" dir="1" index="1" bw="4" slack="0"/>
</pin_list>
<bind>
<opcode="alloca(26) " fcode="alloca"/>
<opset="i_1/1 "/>
</bind>
</comp>

<comp id="86" class="1004" name="weightsT_fu_86">
<pin_list>
<pin id="87" dir="0" index="0" bw="1" slack="0"/>
<pin id="88" dir="1" index="1" bw="8" slack="0"/>
</pin_list>
<bind>
<opcode="alloca(26) " fcode="alloca"/>
<opset="weightsT/1 "/>
</bind>
</comp>

<comp id="90" class="1004" name="weightsT_1_fu_90">
<pin_list>
<pin id="91" dir="0" index="0" bw="1" slack="0"/>
<pin id="92" dir="1" index="1" bw="8" slack="0"/>
</pin_list>
<bind>
<opcode="alloca(26) " fcode="alloca"/>
<opset="weightsT_1/1 "/>
</bind>
</comp>

<comp id="94" class="1004" name="weightsT_2_fu_94">
<pin_list>
<pin id="95" dir="0" index="0" bw="1" slack="0"/>
<pin id="96" dir="1" index="1" bw="8" slack="0"/>
</pin_list>
<bind>
<opcode="alloca(26) " fcode="alloca"/>
<opset="weightsT_2/1 "/>
</bind>
</comp>

<comp id="98" class="1004" name="weightsT_3_fu_98">
<pin_list>
<pin id="99" dir="0" index="0" bw="1" slack="0"/>
<pin id="100" dir="1" index="1" bw="8" slack="0"/>
</pin_list>
<bind>
<opcode="alloca(26) " fcode="alloca"/>
<opset="weightsT_3/1 "/>
</bind>
</comp>

<comp id="102" class="1004" name="weightsT_4_fu_102">
<pin_list>
<pin id="103" dir="0" index="0" bw="1" slack="0"/>
<pin id="104" dir="1" index="1" bw="8" slack="0"/>
</pin_list>
<bind>
<opcode="alloca(26) " fcode="alloca"/>
<opset="weightsT_4/1 "/>
</bind>
</comp>

<comp id="106" class="1004" name="weightsT_5_fu_106">
<pin_list>
<pin id="107" dir="0" index="0" bw="1" slack="0"/>
<pin id="108" dir="1" index="1" bw="8" slack="0"/>
</pin_list>
<bind>
<opcode="alloca(26) " fcode="alloca"/>
<opset="weightsT_5/1 "/>
</bind>
</comp>

<comp id="110" class="1004" name="weightsT_6_fu_110">
<pin_list>
<pin id="111" dir="0" index="0" bw="1" slack="0"/>
<pin id="112" dir="1" index="1" bw="8" slack="0"/>
</pin_list>
<bind>
<opcode="alloca(26) " fcode="alloca"/>
<opset="weightsT_6/1 "/>
</bind>
</comp>

<comp id="114" class="1004" name="weightsT_7_fu_114">
<pin_list>
<pin id="115" dir="0" index="0" bw="1" slack="0"/>
<pin id="116" dir="1" index="1" bw="8" slack="0"/>
</pin_list>
<bind>
<opcode="alloca(26) " fcode="alloca"/>
<opset="weightsT_7/1 "/>
</bind>
</comp>

<comp id="118" class="1004" name="weightsT_8_fu_118">
<pin_list>
<pin id="119" dir="0" index="0" bw="1" slack="0"/>
<pin id="120" dir="1" index="1" bw="8" slack="0"/>
</pin_list>
<bind>
<opcode="alloca(26) " fcode="alloca"/>
<opset="weightsT_8/1 "/>
</bind>
</comp>

<comp id="122" class="1004" name="weights_8_load_read_read_fu_122">
<pin_list>
<pin id="123" dir="0" index="0" bw="8" slack="0"/>
<pin id="124" dir="0" index="1" bw="8" slack="0"/>
<pin id="125" dir="1" index="2" bw="8" slack="0"/>
</pin_list>
<bind>
<opcode="read(1150) " fcode="read"/>
<opset="weights_8_load_read/1 "/>
</bind>
</comp>

<comp id="128" class="1004" name="weights_7_load_read_read_fu_128">
<pin_list>
<pin id="129" dir="0" index="0" bw="8" slack="0"/>
<pin id="130" dir="0" index="1" bw="8" slack="0"/>
<pin id="131" dir="1" index="2" bw="8" slack="0"/>
</pin_list>
<bind>
<opcode="read(1150) " fcode="read"/>
<opset="weights_7_load_read/1 "/>
</bind>
</comp>

<comp id="134" class="1004" name="weights_6_load_read_read_fu_134">
<pin_list>
<pin id="135" dir="0" index="0" bw="8" slack="0"/>
<pin id="136" dir="0" index="1" bw="8" slack="0"/>
<pin id="137" dir="1" index="2" bw="8" slack="0"/>
</pin_list>
<bind>
<opcode="read(1150) " fcode="read"/>
<opset="weights_6_load_read/1 "/>
</bind>
</comp>

<comp id="140" class="1004" name="weights_5_load_read_read_fu_140">
<pin_list>
<pin id="141" dir="0" index="0" bw="8" slack="0"/>
<pin id="142" dir="0" index="1" bw="8" slack="0"/>
<pin id="143" dir="1" index="2" bw="8" slack="0"/>
</pin_list>
<bind>
<opcode="read(1150) " fcode="read"/>
<opset="weights_5_load_read/1 "/>
</bind>
</comp>

<comp id="146" class="1004" name="weights_4_load_read_read_fu_146">
<pin_list>
<pin id="147" dir="0" index="0" bw="8" slack="0"/>
<pin id="148" dir="0" index="1" bw="8" slack="0"/>
<pin id="149" dir="1" index="2" bw="8" slack="0"/>
</pin_list>
<bind>
<opcode="read(1150) " fcode="read"/>
<opset="weights_4_load_read/1 "/>
</bind>
</comp>

<comp id="152" class="1004" name="weights_3_load_read_read_fu_152">
<pin_list>
<pin id="153" dir="0" index="0" bw="8" slack="0"/>
<pin id="154" dir="0" index="1" bw="8" slack="0"/>
<pin id="155" dir="1" index="2" bw="8" slack="0"/>
</pin_list>
<bind>
<opcode="read(1150) " fcode="read"/>
<opset="weights_3_load_read/1 "/>
</bind>
</comp>

<comp id="158" class="1004" name="weights_2_load_read_read_fu_158">
<pin_list>
<pin id="159" dir="0" index="0" bw="8" slack="0"/>
<pin id="160" dir="0" index="1" bw="8" slack="0"/>
<pin id="161" dir="1" index="2" bw="8" slack="0"/>
</pin_list>
<bind>
<opcode="read(1150) " fcode="read"/>
<opset="weights_2_load_read/1 "/>
</bind>
</comp>

<comp id="164" class="1004" name="weights_1_load_read_read_fu_164">
<pin_list>
<pin id="165" dir="0" index="0" bw="8" slack="0"/>
<pin id="166" dir="0" index="1" bw="8" slack="0"/>
<pin id="167" dir="1" index="2" bw="8" slack="0"/>
</pin_list>
<bind>
<opcode="read(1150) " fcode="read"/>
<opset="weights_1_load_read/1 "/>
</bind>
</comp>

<comp id="170" class="1004" name="weights_0_load_read_read_fu_170">
<pin_list>
<pin id="171" dir="0" index="0" bw="8" slack="0"/>
<pin id="172" dir="0" index="1" bw="8" slack="0"/>
<pin id="173" dir="1" index="2" bw="8" slack="0"/>
</pin_list>
<bind>
<opcode="read(1150) " fcode="read"/>
<opset="weights_0_load_read/1 "/>
</bind>
</comp>

<comp id="176" class="1004" name="write_ln0_write_fu_176">
<pin_list>
<pin id="177" dir="0" index="0" bw="0" slack="0"/>
<pin id="178" dir="0" index="1" bw="8" slack="0"/>
<pin id="179" dir="0" index="2" bw="8" slack="0"/>
<pin id="180" dir="1" index="3" bw="0" slack="2147483647"/>
</pin_list>
<bind>
<opcode="write(1151) " fcode="write"/>
<opset="write_ln0/1 "/>
</bind>
</comp>

<comp id="183" class="1004" name="write_ln0_write_fu_183">
<pin_list>
<pin id="184" dir="0" index="0" bw="0" slack="0"/>
<pin id="185" dir="0" index="1" bw="8" slack="0"/>
<pin id="186" dir="0" index="2" bw="8" slack="0"/>
<pin id="187" dir="1" index="3" bw="0" slack="2147483647"/>
</pin_list>
<bind>
<opcode="write(1151) " fcode="write"/>
<opset="write_ln0/1 "/>
</bind>
</comp>

<comp id="190" class="1004" name="write_ln0_write_fu_190">
<pin_list>
<pin id="191" dir="0" index="0" bw="0" slack="0"/>
<pin id="192" dir="0" index="1" bw="8" slack="0"/>
<pin id="193" dir="0" index="2" bw="8" slack="0"/>
<pin id="194" dir="1" index="3" bw="0" slack="2147483647"/>
</pin_list>
<bind>
<opcode="write(1151) " fcode="write"/>
<opset="write_ln0/1 "/>
</bind>
</comp>

<comp id="197" class="1004" name="write_ln0_write_fu_197">
<pin_list>
<pin id="198" dir="0" index="0" bw="0" slack="0"/>
<pin id="199" dir="0" index="1" bw="8" slack="0"/>
<pin id="200" dir="0" index="2" bw="8" slack="0"/>
<pin id="201" dir="1" index="3" bw="0" slack="2147483647"/>
</pin_list>
<bind>
<opcode="write(1151) " fcode="write"/>
<opset="write_ln0/1 "/>
</bind>
</comp>

<comp id="204" class="1004" name="write_ln0_write_fu_204">
<pin_list>
<pin id="205" dir="0" index="0" bw="0" slack="0"/>
<pin id="206" dir="0" index="1" bw="8" slack="0"/>
<pin id="207" dir="0" index="2" bw="8" slack="0"/>
<pin id="208" dir="1" index="3" bw="0" slack="2147483647"/>
</pin_list>
<bind>
<opcode="write(1151) " fcode="write"/>
<opset="write_ln0/1 "/>
</bind>
</comp>

<comp id="211" class="1004" name="write_ln0_write_fu_211">
<pin_list>
<pin id="212" dir="0" index="0" bw="0" slack="0"/>
<pin id="213" dir="0" index="1" bw="8" slack="0"/>
<pin id="214" dir="0" index="2" bw="8" slack="0"/>
<pin id="215" dir="1" index="3" bw="0" slack="2147483647"/>
</pin_list>
<bind>
<opcode="write(1151) " fcode="write"/>
<opset="write_ln0/1 "/>
</bind>
</comp>

<comp id="218" class="1004" name="write_ln0_write_fu_218">
<pin_list>
<pin id="219" dir="0" index="0" bw="0" slack="0"/>
<pin id="220" dir="0" index="1" bw="8" slack="0"/>
<pin id="221" dir="0" index="2" bw="8" slack="0"/>
<pin id="222" dir="1" index="3" bw="0" slack="2147483647"/>
</pin_list>
<bind>
<opcode="write(1151) " fcode="write"/>
<opset="write_ln0/1 "/>
</bind>
</comp>

<comp id="225" class="1004" name="write_ln0_write_fu_225">
<pin_list>
<pin id="226" dir="0" index="0" bw="0" slack="0"/>
<pin id="227" dir="0" index="1" bw="8" slack="0"/>
<pin id="228" dir="0" index="2" bw="8" slack="0"/>
<pin id="229" dir="1" index="3" bw="0" slack="2147483647"/>
</pin_list>
<bind>
<opcode="write(1151) " fcode="write"/>
<opset="write_ln0/1 "/>
</bind>
</comp>

<comp id="232" class="1004" name="write_ln0_write_fu_232">
<pin_list>
<pin id="233" dir="0" index="0" bw="0" slack="0"/>
<pin id="234" dir="0" index="1" bw="8" slack="0"/>
<pin id="235" dir="0" index="2" bw="8" slack="0"/>
<pin id="236" dir="1" index="3" bw="0" slack="2147483647"/>
</pin_list>
<bind>
<opcode="write(1151) " fcode="write"/>
<opset="write_ln0/1 "/>
</bind>
</comp>

<comp id="239" class="1004" name="store_ln23_store_fu_239">
<pin_list>
<pin id="240" dir="0" index="0" bw="1" slack="0"/>
<pin id="241" dir="0" index="1" bw="4" slack="0"/>
<pin id="242" dir="1" index="2" bw="0" slack="2147483647"/>
</pin_list>
<bind>
<opcode="store(28) " fcode="store"/>
<opset="store_ln23/1 "/>
</bind>
</comp>

<comp id="244" class="1004" name="i_load_fu_244">
<pin_list>
<pin id="245" dir="0" index="0" bw="4" slack="0"/>
<pin id="246" dir="1" index="1" bw="4" slack="0"/>
</pin_list>
<bind>
<opcode="load(27) " fcode="load"/>
<opset="i/1 "/>
</bind>
</comp>

<comp id="247" class="1004" name="icmp_ln23_fu_247">
<pin_list>
<pin id="248" dir="0" index="0" bw="4" slack="0"/>
<pin id="249" dir="0" index="1" bw="4" slack="0"/>
<pin id="250" dir="1" index="2" bw="1" slack="2147483647"/>
</pin_list>
<bind>
<opcode="icmp(45) " fcode="icmp"/>
<opset="icmp_ln23/1 "/>
</bind>
</comp>

<comp id="253" class="1004" name="add_ln23_fu_253">
<pin_list>
<pin id="254" dir="0" index="0" bw="4" slack="0"/>
<pin id="255" dir="0" index="1" bw="1" slack="0"/>
<pin id="256" dir="1" index="2" bw="4" slack="0"/>
</pin_list>
<bind>
<opcode="add(8) " fcode="add"/>
<opset="add_ln23/1 "/>
</bind>
</comp>

<comp id="259" class="1004" name="weightsT_9_fu_259">
<pin_list>
<pin id="260" dir="0" index="0" bw="8" slack="0"/>
<pin id="261" dir="0" index="1" bw="1" slack="0"/>
<pin id="262" dir="0" index="2" bw="8" slack="0"/>
<pin id="263" dir="0" index="3" bw="1" slack="0"/>
<pin id="264" dir="0" index="4" bw="8" slack="0"/>
<pin id="265" dir="0" index="5" bw="3" slack="0"/>
<pin id="266" dir="0" index="6" bw="8" slack="0"/>
<pin id="267" dir="0" index="7" bw="3" slack="0"/>
<pin id="268" dir="0" index="8" bw="8" slack="0"/>
<pin id="269" dir="0" index="9" bw="4" slack="0"/>
<pin id="270" dir="0" index="10" bw="8" slack="0"/>
<pin id="271" dir="0" index="11" bw="4" slack="0"/>
<pin id="272" dir="0" index="12" bw="8" slack="0"/>
<pin id="273" dir="0" index="13" bw="4" slack="0"/>
<pin id="274" dir="0" index="14" bw="8" slack="0"/>
<pin id="275" dir="0" index="15" bw="4" slack="0"/>
<pin id="276" dir="0" index="16" bw="8" slack="0"/>
<pin id="277" dir="0" index="17" bw="4" slack="0"/>
<pin id="278" dir="0" index="18" bw="8" slack="0"/>
<pin id="279" dir="0" index="19" bw="1" slack="0"/>
<pin id="280" dir="0" index="20" bw="4" slack="0"/>
<pin id="281" dir="1" index="21" bw="8" slack="0"/>
</pin_list>
<bind>
<opcode="sparsemux(1197) " fcode="sparsemux"/>
<opset="weightsT_9/1 "/>
</bind>
</comp>

<comp id="303" class="1004" name="store_ln15_store_fu_303">
<pin_list>
<pin id="304" dir="0" index="0" bw="8" slack="0"/>
<pin id="305" dir="0" index="1" bw="8" slack="0"/>
<pin id="306" dir="1" index="2" bw="0" slack="2147483647"/>
</pin_list>
<bind>
<opcode="store(28) " fcode="store"/>
<opset="store_ln15/1 "/>
</bind>
</comp>

<comp id="308" class="1004" name="store_ln15_store_fu_308">
<pin_list>
<pin id="309" dir="0" index="0" bw="8" slack="0"/>
<pin id="310" dir="0" index="1" bw="8" slack="0"/>
<pin id="311" dir="1" index="2" bw="0" slack="2147483647"/>
</pin_list>
<bind>
<opcode="store(28) " fcode="store"/>
<opset="store_ln15/1 "/>
</bind>
</comp>

<comp id="313" class="1004" name="store_ln15_store_fu_313">
<pin_list>
<pin id="314" dir="0" index="0" bw="8" slack="0"/>
<pin id="315" dir="0" index="1" bw="8" slack="0"/>
<pin id="316" dir="1" index="2" bw="0" slack="2147483647"/>
</pin_list>
<bind>
<opcode="store(28) " fcode="store"/>
<opset="store_ln15/1 "/>
</bind>
</comp>

<comp id="318" class="1004" name="store_ln15_store_fu_318">
<pin_list>
<pin id="319" dir="0" index="0" bw="8" slack="0"/>
<pin id="320" dir="0" index="1" bw="8" slack="0"/>
<pin id="321" dir="1" index="2" bw="0" slack="2147483647"/>
</pin_list>
<bind>
<opcode="store(28) " fcode="store"/>
<opset="store_ln15/1 "/>
</bind>
</comp>

<comp id="323" class="1004" name="store_ln15_store_fu_323">
<pin_list>
<pin id="324" dir="0" index="0" bw="8" slack="0"/>
<pin id="325" dir="0" index="1" bw="8" slack="0"/>
<pin id="326" dir="1" index="2" bw="0" slack="2147483647"/>
</pin_list>
<bind>
<opcode="store(28) " fcode="store"/>
<opset="store_ln15/1 "/>
</bind>
</comp>

<comp id="328" class="1004" name="store_ln15_store_fu_328">
<pin_list>
<pin id="329" dir="0" index="0" bw="8" slack="0"/>
<pin id="330" dir="0" index="1" bw="8" slack="0"/>
<pin id="331" dir="1" index="2" bw="0" slack="2147483647"/>
</pin_list>
<bind>
<opcode="store(28) " fcode="store"/>
<opset="store_ln15/1 "/>
</bind>
</comp>

<comp id="333" class="1004" name="store_ln15_store_fu_333">
<pin_list>
<pin id="334" dir="0" index="0" bw="8" slack="0"/>
<pin id="335" dir="0" index="1" bw="8" slack="0"/>
<pin id="336" dir="1" index="2" bw="0" slack="2147483647"/>
</pin_list>
<bind>
<opcode="store(28) " fcode="store"/>
<opset="store_ln15/1 "/>
</bind>
</comp>

<comp id="338" class="1004" name="store_ln15_store_fu_338">
<pin_list>
<pin id="339" dir="0" index="0" bw="8" slack="0"/>
<pin id="340" dir="0" index="1" bw="8" slack="0"/>
<pin id="341" dir="1" index="2" bw="0" slack="2147483647"/>
</pin_list>
<bind>
<opcode="store(28) " fcode="store"/>
<opset="store_ln15/1 "/>
</bind>
</comp>

<comp id="343" class="1004" name="store_ln15_store_fu_343">
<pin_list>
<pin id="344" dir="0" index="0" bw="8" slack="0"/>
<pin id="345" dir="0" index="1" bw="8" slack="0"/>
<pin id="346" dir="1" index="2" bw="0" slack="2147483647"/>
</pin_list>
<bind>
<opcode="store(28) " fcode="store"/>
<opset="store_ln15/1 "/>
</bind>
</comp>

<comp id="348" class="1004" name="store_ln23_store_fu_348">
<pin_list>
<pin id="349" dir="0" index="0" bw="4" slack="0"/>
<pin id="350" dir="0" index="1" bw="4" slack="0"/>
<pin id="351" dir="1" index="2" bw="0" slack="2147483647"/>
</pin_list>
<bind>
<opcode="store(28) " fcode="store"/>
<opset="store_ln23/1 "/>
</bind>
</comp>

<comp id="353" class="1004" name="weightsT_load_load_fu_353">
<pin_list>
<pin id="354" dir="0" index="0" bw="8" slack="0"/>
<pin id="355" dir="1" index="1" bw="8" slack="0"/>
</pin_list>
<bind>
<opcode="load(27) " fcode="load"/>
<opset="weightsT_load/1 "/>
</bind>
</comp>

<comp id="357" class="1004" name="weightsT_1_load_load_fu_357">
<pin_list>
<pin id="358" dir="0" index="0" bw="8" slack="0"/>
<pin id="359" dir="1" index="1" bw="8" slack="0"/>
</pin_list>
<bind>
<opcode="load(27) " fcode="load"/>
<opset="weightsT_1_load/1 "/>
</bind>
</comp>

<comp id="361" class="1004" name="weightsT_2_load_load_fu_361">
<pin_list>
<pin id="362" dir="0" index="0" bw="8" slack="0"/>
<pin id="363" dir="1" index="1" bw="8" slack="0"/>
</pin_list>
<bind>
<opcode="load(27) " fcode="load"/>
<opset="weightsT_2_load/1 "/>
</bind>
</comp>

<comp id="365" class="1004" name="weightsT_3_load_load_fu_365">
<pin_list>
<pin id="366" dir="0" index="0" bw="8" slack="0"/>
<pin id="367" dir="1" index="1" bw="8" slack="0"/>
</pin_list>
<bind>
<opcode="load(27) " fcode="load"/>
<opset="weightsT_3_load/1 "/>
</bind>
</comp>

<comp id="369" class="1004" name="weightsT_4_load_load_fu_369">
<pin_list>
<pin id="370" dir="0" index="0" bw="8" slack="0"/>
<pin id="371" dir="1" index="1" bw="8" slack="0"/>
</pin_list>
<bind>
<opcode="load(27) " fcode="load"/>
<opset="weightsT_4_load/1 "/>
</bind>
</comp>

<comp id="373" class="1004" name="weightsT_5_load_load_fu_373">
<pin_list>
<pin id="374" dir="0" index="0" bw="8" slack="0"/>
<pin id="375" dir="1" index="1" bw="8" slack="0"/>
</pin_list>
<bind>
<opcode="load(27) " fcode="load"/>
<opset="weightsT_5_load/1 "/>
</bind>
</comp>

<comp id="377" class="1004" name="weightsT_6_load_load_fu_377">
<pin_list>
<pin id="378" dir="0" index="0" bw="8" slack="0"/>
<pin id="379" dir="1" index="1" bw="8" slack="0"/>
</pin_list>
<bind>
<opcode="load(27) " fcode="load"/>
<opset="weightsT_6_load/1 "/>
</bind>
</comp>

<comp id="381" class="1004" name="weightsT_7_load_load_fu_381">
<pin_list>
<pin id="382" dir="0" index="0" bw="8" slack="0"/>
<pin id="383" dir="1" index="1" bw="8" slack="0"/>
</pin_list>
<bind>
<opcode="load(27) " fcode="load"/>
<opset="weightsT_7_load/1 "/>
</bind>
</comp>

<comp id="385" class="1004" name="weightsT_8_load_load_fu_385">
<pin_list>
<pin id="386" dir="0" index="0" bw="8" slack="0"/>
<pin id="387" dir="1" index="1" bw="8" slack="0"/>
</pin_list>
<bind>
<opcode="load(27) " fcode="load"/>
<opset="weightsT_8_load/1 "/>
</bind>
</comp>

<comp id="389" class="1005" name="i_1_reg_389">
<pin_list>
<pin id="390" dir="0" index="0" bw="4" slack="0"/>
<pin id="391" dir="1" index="1" bw="4" slack="0"/>
</pin_list>
<bind>
<opset="i_1 "/>
</bind>
</comp>

<comp id="396" class="1005" name="weightsT_reg_396">
<pin_list>
<pin id="397" dir="0" index="0" bw="8" slack="0"/>
<pin id="398" dir="1" index="1" bw="8" slack="0"/>
</pin_list>
<bind>
<opset="weightsT "/>
</bind>
</comp>

<comp id="402" class="1005" name="weightsT_1_reg_402">
<pin_list>
<pin id="403" dir="0" index="0" bw="8" slack="0"/>
<pin id="404" dir="1" index="1" bw="8" slack="0"/>
</pin_list>
<bind>
<opset="weightsT_1 "/>
</bind>
</comp>

<comp id="408" class="1005" name="weightsT_2_reg_408">
<pin_list>
<pin id="409" dir="0" index="0" bw="8" slack="0"/>
<pin id="410" dir="1" index="1" bw="8" slack="0"/>
</pin_list>
<bind>
<opset="weightsT_2 "/>
</bind>
</comp>

<comp id="414" class="1005" name="weightsT_3_reg_414">
<pin_list>
<pin id="415" dir="0" index="0" bw="8" slack="0"/>
<pin id="416" dir="1" index="1" bw="8" slack="0"/>
</pin_list>
<bind>
<opset="weightsT_3 "/>
</bind>
</comp>

<comp id="420" class="1005" name="weightsT_4_reg_420">
<pin_list>
<pin id="421" dir="0" index="0" bw="8" slack="0"/>
<pin id="422" dir="1" index="1" bw="8" slack="0"/>
</pin_list>
<bind>
<opset="weightsT_4 "/>
</bind>
</comp>

<comp id="426" class="1005" name="weightsT_5_reg_426">
<pin_list>
<pin id="427" dir="0" index="0" bw="8" slack="0"/>
<pin id="428" dir="1" index="1" bw="8" slack="0"/>
</pin_list>
<bind>
<opset="weightsT_5 "/>
</bind>
</comp>

<comp id="432" class="1005" name="weightsT_6_reg_432">
<pin_list>
<pin id="433" dir="0" index="0" bw="8" slack="0"/>
<pin id="434" dir="1" index="1" bw="8" slack="0"/>
</pin_list>
<bind>
<opset="weightsT_6 "/>
</bind>
</comp>

<comp id="438" class="1005" name="weightsT_7_reg_438">
<pin_list>
<pin id="439" dir="0" index="0" bw="8" slack="0"/>
<pin id="440" dir="1" index="1" bw="8" slack="0"/>
</pin_list>
<bind>
<opset="weightsT_7 "/>
</bind>
</comp>

<comp id="444" class="1005" name="weightsT_8_reg_444">
<pin_list>
<pin id="445" dir="0" index="0" bw="8" slack="0"/>
<pin id="446" dir="1" index="1" bw="8" slack="0"/>
</pin_list>
<bind>
<opset="weightsT_8 "/>
</bind>
</comp>

</comp_list>

<net_list>
<net id="85"><net_src comp="36" pin="0"/><net_sink comp="82" pin=0"/></net>

<net id="89"><net_src comp="36" pin="0"/><net_sink comp="86" pin=0"/></net>

<net id="93"><net_src comp="36" pin="0"/><net_sink comp="90" pin=0"/></net>

<net id="97"><net_src comp="36" pin="0"/><net_sink comp="94" pin=0"/></net>

<net id="101"><net_src comp="36" pin="0"/><net_sink comp="98" pin=0"/></net>

<net id="105"><net_src comp="36" pin="0"/><net_sink comp="102" pin=0"/></net>

<net id="109"><net_src comp="36" pin="0"/><net_sink comp="106" pin=0"/></net>

<net id="113"><net_src comp="36" pin="0"/><net_sink comp="110" pin=0"/></net>

<net id="117"><net_src comp="36" pin="0"/><net_sink comp="114" pin=0"/></net>

<net id="121"><net_src comp="36" pin="0"/><net_sink comp="118" pin=0"/></net>

<net id="126"><net_src comp="38" pin="0"/><net_sink comp="122" pin=0"/></net>

<net id="127"><net_src comp="16" pin="0"/><net_sink comp="122" pin=1"/></net>

<net id="132"><net_src comp="38" pin="0"/><net_sink comp="128" pin=0"/></net>

<net id="133"><net_src comp="14" pin="0"/><net_sink comp="128" pin=1"/></net>

<net id="138"><net_src comp="38" pin="0"/><net_sink comp="134" pin=0"/></net>

<net id="139"><net_src comp="12" pin="0"/><net_sink comp="134" pin=1"/></net>

<net id="144"><net_src comp="38" pin="0"/><net_sink comp="140" pin=0"/></net>

<net id="145"><net_src comp="10" pin="0"/><net_sink comp="140" pin=1"/></net>

<net id="150"><net_src comp="38" pin="0"/><net_sink comp="146" pin=0"/></net>

<net id="151"><net_src comp="8" pin="0"/><net_sink comp="146" pin=1"/></net>

<net id="156"><net_src comp="38" pin="0"/><net_sink comp="152" pin=0"/></net>

<net id="157"><net_src comp="6" pin="0"/><net_sink comp="152" pin=1"/></net>

<net id="162"><net_src comp="38" pin="0"/><net_sink comp="158" pin=0"/></net>

<net id="163"><net_src comp="4" pin="0"/><net_sink comp="158" pin=1"/></net>

<net id="168"><net_src comp="38" pin="0"/><net_sink comp="164" pin=0"/></net>

<net id="169"><net_src comp="2" pin="0"/><net_sink comp="164" pin=1"/></net>

<net id="174"><net_src comp="38" pin="0"/><net_sink comp="170" pin=0"/></net>

<net id="175"><net_src comp="0" pin="0"/><net_sink comp="170" pin=1"/></net>

<net id="181"><net_src comp="80" pin="0"/><net_sink comp="176" pin=0"/></net>

<net id="182"><net_src comp="18" pin="0"/><net_sink comp="176" pin=1"/></net>

<net id="188"><net_src comp="80" pin="0"/><net_sink comp="183" pin=0"/></net>

<net id="189"><net_src comp="20" pin="0"/><net_sink comp="183" pin=1"/></net>

<net id="195"><net_src comp="80" pin="0"/><net_sink comp="190" pin=0"/></net>

<net id="196"><net_src comp="22" pin="0"/><net_sink comp="190" pin=1"/></net>

<net id="202"><net_src comp="80" pin="0"/><net_sink comp="197" pin=0"/></net>

<net id="203"><net_src comp="24" pin="0"/><net_sink comp="197" pin=1"/></net>

<net id="209"><net_src comp="80" pin="0"/><net_sink comp="204" pin=0"/></net>

<net id="210"><net_src comp="26" pin="0"/><net_sink comp="204" pin=1"/></net>

<net id="216"><net_src comp="80" pin="0"/><net_sink comp="211" pin=0"/></net>

<net id="217"><net_src comp="28" pin="0"/><net_sink comp="211" pin=1"/></net>

<net id="223"><net_src comp="80" pin="0"/><net_sink comp="218" pin=0"/></net>

<net id="224"><net_src comp="30" pin="0"/><net_sink comp="218" pin=1"/></net>

<net id="230"><net_src comp="80" pin="0"/><net_sink comp="225" pin=0"/></net>

<net id="231"><net_src comp="32" pin="0"/><net_sink comp="225" pin=1"/></net>

<net id="237"><net_src comp="80" pin="0"/><net_sink comp="232" pin=0"/></net>

<net id="238"><net_src comp="34" pin="0"/><net_sink comp="232" pin=1"/></net>

<net id="243"><net_src comp="40" pin="0"/><net_sink comp="239" pin=0"/></net>

<net id="251"><net_src comp="244" pin="1"/><net_sink comp="247" pin=0"/></net>

<net id="252"><net_src comp="42" pin="0"/><net_sink comp="247" pin=1"/></net>

<net id="257"><net_src comp="244" pin="1"/><net_sink comp="253" pin=0"/></net>

<net id="258"><net_src comp="44" pin="0"/><net_sink comp="253" pin=1"/></net>

<net id="282"><net_src comp="62" pin="0"/><net_sink comp="259" pin=0"/></net>

<net id="283"><net_src comp="40" pin="0"/><net_sink comp="259" pin=1"/></net>

<net id="284"><net_src comp="170" pin="2"/><net_sink comp="259" pin=2"/></net>

<net id="285"><net_src comp="44" pin="0"/><net_sink comp="259" pin=3"/></net>

<net id="286"><net_src comp="164" pin="2"/><net_sink comp="259" pin=4"/></net>

<net id="287"><net_src comp="64" pin="0"/><net_sink comp="259" pin=5"/></net>

<net id="288"><net_src comp="158" pin="2"/><net_sink comp="259" pin=6"/></net>

<net id="289"><net_src comp="66" pin="0"/><net_sink comp="259" pin=7"/></net>

<net id="290"><net_src comp="152" pin="2"/><net_sink comp="259" pin=8"/></net>

<net id="291"><net_src comp="68" pin="0"/><net_sink comp="259" pin=9"/></net>

<net id="292"><net_src comp="146" pin="2"/><net_sink comp="259" pin=10"/></net>

<net id="293"><net_src comp="70" pin="0"/><net_sink comp="259" pin=11"/></net>

<net id="294"><net_src comp="140" pin="2"/><net_sink comp="259" pin=12"/></net>

<net id="295"><net_src comp="72" pin="0"/><net_sink comp="259" pin=13"/></net>

<net id="296"><net_src comp="134" pin="2"/><net_sink comp="259" pin=14"/></net>

<net id="297"><net_src comp="74" pin="0"/><net_sink comp="259" pin=15"/></net>

<net id="298"><net_src comp="128" pin="2"/><net_sink comp="259" pin=16"/></net>

<net id="299"><net_src comp="76" pin="0"/><net_sink comp="259" pin=17"/></net>

<net id="300"><net_src comp="122" pin="2"/><net_sink comp="259" pin=18"/></net>

<net id="301"><net_src comp="78" pin="0"/><net_sink comp="259" pin=19"/></net>

<net id="302"><net_src comp="244" pin="1"/><net_sink comp="259" pin=20"/></net>

<net id="307"><net_src comp="259" pin="21"/><net_sink comp="303" pin=0"/></net>

<net id="312"><net_src comp="259" pin="21"/><net_sink comp="308" pin=0"/></net>

<net id="317"><net_src comp="259" pin="21"/><net_sink comp="313" pin=0"/></net>

<net id="322"><net_src comp="259" pin="21"/><net_sink comp="318" pin=0"/></net>

<net id="327"><net_src comp="259" pin="21"/><net_sink comp="323" pin=0"/></net>

<net id="332"><net_src comp="259" pin="21"/><net_sink comp="328" pin=0"/></net>

<net id="337"><net_src comp="259" pin="21"/><net_sink comp="333" pin=0"/></net>

<net id="342"><net_src comp="259" pin="21"/><net_sink comp="338" pin=0"/></net>

<net id="347"><net_src comp="259" pin="21"/><net_sink comp="343" pin=0"/></net>

<net id="352"><net_src comp="253" pin="2"/><net_sink comp="348" pin=0"/></net>

<net id="356"><net_src comp="353" pin="1"/><net_sink comp="232" pin=2"/></net>

<net id="360"><net_src comp="357" pin="1"/><net_sink comp="225" pin=2"/></net>

<net id="364"><net_src comp="361" pin="1"/><net_sink comp="218" pin=2"/></net>

<net id="368"><net_src comp="365" pin="1"/><net_sink comp="211" pin=2"/></net>

<net id="372"><net_src comp="369" pin="1"/><net_sink comp="204" pin=2"/></net>

<net id="376"><net_src comp="373" pin="1"/><net_sink comp="197" pin=2"/></net>

<net id="380"><net_src comp="377" pin="1"/><net_sink comp="190" pin=2"/></net>

<net id="384"><net_src comp="381" pin="1"/><net_sink comp="183" pin=2"/></net>

<net id="388"><net_src comp="385" pin="1"/><net_sink comp="176" pin=2"/></net>

<net id="392"><net_src comp="82" pin="1"/><net_sink comp="389" pin=0"/></net>

<net id="393"><net_src comp="389" pin="1"/><net_sink comp="239" pin=1"/></net>

<net id="394"><net_src comp="389" pin="1"/><net_sink comp="244" pin=0"/></net>

<net id="395"><net_src comp="389" pin="1"/><net_sink comp="348" pin=1"/></net>

<net id="399"><net_src comp="86" pin="1"/><net_sink comp="396" pin=0"/></net>

<net id="400"><net_src comp="396" pin="1"/><net_sink comp="338" pin=1"/></net>

<net id="401"><net_src comp="396" pin="1"/><net_sink comp="353" pin=0"/></net>

<net id="405"><net_src comp="90" pin="1"/><net_sink comp="402" pin=0"/></net>

<net id="406"><net_src comp="402" pin="1"/><net_sink comp="333" pin=1"/></net>

<net id="407"><net_src comp="402" pin="1"/><net_sink comp="357" pin=0"/></net>

<net id="411"><net_src comp="94" pin="1"/><net_sink comp="408" pin=0"/></net>

<net id="412"><net_src comp="408" pin="1"/><net_sink comp="328" pin=1"/></net>

<net id="413"><net_src comp="408" pin="1"/><net_sink comp="361" pin=0"/></net>

<net id="417"><net_src comp="98" pin="1"/><net_sink comp="414" pin=0"/></net>

<net id="418"><net_src comp="414" pin="1"/><net_sink comp="323" pin=1"/></net>

<net id="419"><net_src comp="414" pin="1"/><net_sink comp="365" pin=0"/></net>

<net id="423"><net_src comp="102" pin="1"/><net_sink comp="420" pin=0"/></net>

<net id="424"><net_src comp="420" pin="1"/><net_sink comp="318" pin=1"/></net>

<net id="425"><net_src comp="420" pin="1"/><net_sink comp="369" pin=0"/></net>

<net id="429"><net_src comp="106" pin="1"/><net_sink comp="426" pin=0"/></net>

<net id="430"><net_src comp="426" pin="1"/><net_sink comp="313" pin=1"/></net>

<net id="431"><net_src comp="426" pin="1"/><net_sink comp="373" pin=0"/></net>

<net id="435"><net_src comp="110" pin="1"/><net_sink comp="432" pin=0"/></net>

<net id="436"><net_src comp="432" pin="1"/><net_sink comp="308" pin=1"/></net>

<net id="437"><net_src comp="432" pin="1"/><net_sink comp="377" pin=0"/></net>

<net id="441"><net_src comp="114" pin="1"/><net_sink comp="438" pin=0"/></net>

<net id="442"><net_src comp="438" pin="1"/><net_sink comp="303" pin=1"/></net>

<net id="443"><net_src comp="438" pin="1"/><net_sink comp="381" pin=0"/></net>

<net id="447"><net_src comp="118" pin="1"/><net_sink comp="444" pin=0"/></net>

<net id="448"><net_src comp="444" pin="1"/><net_sink comp="343" pin=1"/></net>

<net id="449"><net_src comp="444" pin="1"/><net_sink comp="385" pin=0"/></net>

</net_list>

</model> 
---------------- Datapath Model END ------------------

* FSMD analyzer results:
  - Output states:
	Port: weightsT_8_out | {1 }
	Port: weightsT_7_out | {1 }
	Port: weightsT_6_out | {1 }
	Port: weightsT_5_out | {1 }
	Port: weightsT_4_out | {1 }
	Port: weightsT_3_out | {1 }
	Port: weightsT_2_out | {1 }
	Port: weightsT_1_out | {1 }
	Port: weightsT_out | {1 }
 - Input state : 
	Port: conv2D0_Pipeline_readweights : weights_0_load | {1 }
	Port: conv2D0_Pipeline_readweights : weights_1_load | {1 }
	Port: conv2D0_Pipeline_readweights : weights_2_load | {1 }
	Port: conv2D0_Pipeline_readweights : weights_3_load | {1 }
	Port: conv2D0_Pipeline_readweights : weights_4_load | {1 }
	Port: conv2D0_Pipeline_readweights : weights_5_load | {1 }
	Port: conv2D0_Pipeline_readweights : weights_6_load | {1 }
	Port: conv2D0_Pipeline_readweights : weights_7_load | {1 }
	Port: conv2D0_Pipeline_readweights : weights_8_load | {1 }
  - Chain level:
	State 1
		store_ln23 : 1
		i : 1
		icmp_ln23 : 2
		add_ln23 : 2
		br_ln23 : 3
		weightsT_9 : 2
		switch_ln24 : 2
		store_ln15 : 3
		store_ln15 : 3
		store_ln15 : 3
		store_ln15 : 3
		store_ln15 : 3
		store_ln15 : 3
		store_ln15 : 3
		store_ln15 : 3
		store_ln15 : 3
		store_ln23 : 3
		weightsT_load : 1
		weightsT_1_load : 1
		weightsT_2_load : 1
		weightsT_3_load : 1
		weightsT_4_load : 1
		weightsT_5_load : 1
		weightsT_6_load : 1
		weightsT_7_load : 1
		weightsT_8_load : 1
		write_ln0 : 2
		write_ln0 : 2
		write_ln0 : 2
		write_ln0 : 2
		write_ln0 : 2
		write_ln0 : 2
		write_ln0 : 2
		write_ln0 : 2
		write_ln0 : 2


============================================================
+ Verbose Summary: Datapath Resource usage 
============================================================

* Functional unit list:
|----------|---------------------------------|---------|---------|
| Operation|         Functional Unit         |    FF   |   LUT   |
|----------|---------------------------------|---------|---------|
| sparsemux|        weightsT_9_fu_259        |    0    |    48   |
|----------|---------------------------------|---------|---------|
|   icmp   |         icmp_ln23_fu_247        |    0    |    13   |
|----------|---------------------------------|---------|---------|
|    add   |         add_ln23_fu_253         |    0    |    13   |
|----------|---------------------------------|---------|---------|
|          | weights_8_load_read_read_fu_122 |    0    |    0    |
|          | weights_7_load_read_read_fu_128 |    0    |    0    |
|          | weights_6_load_read_read_fu_134 |    0    |    0    |
|          | weights_5_load_read_read_fu_140 |    0    |    0    |
|   read   | weights_4_load_read_read_fu_146 |    0    |    0    |
|          | weights_3_load_read_read_fu_152 |    0    |    0    |
|          | weights_2_load_read_read_fu_158 |    0    |    0    |
|          | weights_1_load_read_read_fu_164 |    0    |    0    |
|          | weights_0_load_read_read_fu_170 |    0    |    0    |
|----------|---------------------------------|---------|---------|
|          |      write_ln0_write_fu_176     |    0    |    0    |
|          |      write_ln0_write_fu_183     |    0    |    0    |
|          |      write_ln0_write_fu_190     |    0    |    0    |
|          |      write_ln0_write_fu_197     |    0    |    0    |
|   write  |      write_ln0_write_fu_204     |    0    |    0    |
|          |      write_ln0_write_fu_211     |    0    |    0    |
|          |      write_ln0_write_fu_218     |    0    |    0    |
|          |      write_ln0_write_fu_225     |    0    |    0    |
|          |      write_ln0_write_fu_232     |    0    |    0    |
|----------|---------------------------------|---------|---------|
|   Total  |                                 |    0    |    74   |
|----------|---------------------------------|---------|---------|

Memories:
N/A

* Register list:
+------------------+--------+
|                  |   FF   |
+------------------+--------+
|    i_1_reg_389   |    4   |
|weightsT_1_reg_402|    8   |
|weightsT_2_reg_408|    8   |
|weightsT_3_reg_414|    8   |
|weightsT_4_reg_420|    8   |
|weightsT_5_reg_426|    8   |
|weightsT_6_reg_432|    8   |
|weightsT_7_reg_438|    8   |
|weightsT_8_reg_444|    8   |
| weightsT_reg_396 |    8   |
+------------------+--------+
|       Total      |   76   |
+------------------+--------+

* Multiplexer (MUX) list: 
|--------|------|------|------|--------|
|  Comp  |  Pin | Size |  BW  | S x BW |
|--------|------|------|------|--------|
|  Total |      |      |      |    0   |
|--------|------|------|------|--------|



* Summary:
+-----------+--------+--------+
|           |   FF   |   LUT  |
+-----------+--------+--------+
|  Function |    0   |   74   |
|   Memory  |    -   |    -   |
|Multiplexer|    -   |    -   |
|  Register |   76   |    -   |
+-----------+--------+--------+
|   Total   |   76   |   74   |
+-----------+--------+--------+
