

================================================================
== Vitis HLS Report for 'matrixmul'
================================================================
* Date:           Tue Mar 19 12:02:14 2024

* Version:        2023.2 (Build 4023990 on Oct 11 2023)
* Project:        lab42
* Solution:       solution1 (Vivado IP Flow Target)
* Product family: zynq
* Target device:  xc7z010i-clg225-1L


================================================================
== Performance Estimates
================================================================
+ Timing: 
    * Summary: 
    +--------+----------+----------+------------+
    |  Clock |  Target  | Estimated| Uncertainty|
    +--------+----------+----------+------------+
    |ap_clk  |  10.00 ns|  5.638 ns|     2.70 ns|
    +--------+----------+----------+------------+

+ Latency: 
    * Summary: 
    +---------+---------+----------+----------+-----+-----+---------+
    |  Latency (cycles) |  Latency (absolute) |  Interval | Pipeline|
    |   min   |   max   |    min   |    max   | min | max |   Type  |
    +---------+---------+----------+----------+-----+-----+---------+
    |      160|      160|  1.600 us|  1.600 us|  161|  161|       no|
    +---------+---------+----------+----------+-----+-----+---------+

    + Detail: 
        * Instance: 
        N/A

        * Loop: 
        +--------------+---------+---------+----------+-----------+-----------+------+----------+
        |              |  Latency (cycles) | Iteration|  Initiation Interval  | Trip |          |
        |   Loop Name  |   min   |   max   |  Latency |  achieved |   target  | Count| Pipelined|
        +--------------+---------+---------+----------+-----------+-----------+------+----------+
        |- Row         |      159|      159|        53|          -|          -|     3|        no|
        | + Col        |       51|       51|        17|          -|          -|     3|        no|
        |  ++ Product  |       15|       15|         5|          -|          -|     3|        no|
        +--------------+---------+---------+----------+-----------+-----------+------+----------+

============================================================
+ Verbose Summary: Synthesis Manager
============================================================
InlineROM: 1
ExposeGlobal: 0
============================================================
+ Verbose Summary: CDFG Model
============================================================
IsTopModel: 1
ResetActiveHigh: 1
IsCombinational: 0
IsDatapathOnly: 0
HasWiredReturn: 1
HasMFsm: 0
HasVarLatency: 1
IsPipeline: 0
IsRtlPipelined: 0
IsInstanceOverlapped: 0
IsDontTouch: 0
HasImplIP: 0
IsGatedGlobalClock: 0


============================================================
+ Verbose Summary: Schedule
============================================================
* Number of FSM states : 8
* Pipeline : 0
* Dataflow Pipeline: 0

* FSM state transitions: 
1 --> 2 
2 --> 3 
3 --> 4 2 
4 --> 5 3 
5 --> 6 
6 --> 7 
7 --> 8 
8 --> 4 

* FSM state operations: 

State 1 <SV = 0> <Delay = 1.58>
ST_1 : Operation 9 [1/1] (0.00ns)   --->   "%i = alloca i32 1" [../../../labs/Lab4/Lab4/matrixmul.cpp:9]   --->   Operation 9 'alloca' 'i' <Predicate = true> <Delay = 0.00>
ST_1 : Operation 10 [1/1] (0.00ns)   --->   "%spectopmodule_ln3 = spectopmodule void @_ssdm_op_SpecTopModule, void @empty_1" [../../../labs/Lab4/Lab4/matrixmul.cpp:3]   --->   Operation 10 'spectopmodule' 'spectopmodule_ln3' <Predicate = true> <Delay = 0.00>
ST_1 : Operation 11 [1/1] (0.00ns)   --->   "%specinterface_ln0 = specinterface void @_ssdm_op_SpecInterface, i8 %a, void @empty, i32 0, i32 0, void @empty_0, i32 4294967295, i32 0, void @empty_0, void @empty_0, void @empty_0, i32 0, i32 0, i32 0, i32 0, void @empty_0, void @empty_0, i32 4294967295, i32 0"   --->   Operation 11 'specinterface' 'specinterface_ln0' <Predicate = true> <Delay = 0.00>
ST_1 : Operation 12 [1/1] (0.00ns)   --->   "%specbitsmap_ln0 = specbitsmap void @_ssdm_op_SpecBitsMap, i8 %a"   --->   Operation 12 'specbitsmap' 'specbitsmap_ln0' <Predicate = true> <Delay = 0.00>
ST_1 : Operation 13 [1/1] (0.00ns)   --->   "%specinterface_ln0 = specinterface void @_ssdm_op_SpecInterface, i8 %b, void @empty, i32 0, i32 0, void @empty_0, i32 4294967295, i32 0, void @empty_0, void @empty_0, void @empty_0, i32 0, i32 0, i32 0, i32 0, void @empty_0, void @empty_0, i32 4294967295, i32 0"   --->   Operation 13 'specinterface' 'specinterface_ln0' <Predicate = true> <Delay = 0.00>
ST_1 : Operation 14 [1/1] (0.00ns)   --->   "%specbitsmap_ln0 = specbitsmap void @_ssdm_op_SpecBitsMap, i8 %b"   --->   Operation 14 'specbitsmap' 'specbitsmap_ln0' <Predicate = true> <Delay = 0.00>
ST_1 : Operation 15 [1/1] (0.00ns)   --->   "%specinterface_ln0 = specinterface void @_ssdm_op_SpecInterface, i16 %res, void @empty, i32 0, i32 0, void @empty_0, i32 4294967295, i32 0, void @empty_0, void @empty_0, void @empty_0, i32 0, i32 0, i32 0, i32 0, void @empty_0, void @empty_0, i32 4294967295, i32 0"   --->   Operation 15 'specinterface' 'specinterface_ln0' <Predicate = true> <Delay = 0.00>
ST_1 : Operation 16 [1/1] (0.00ns)   --->   "%specbitsmap_ln0 = specbitsmap void @_ssdm_op_SpecBitsMap, i16 %res"   --->   Operation 16 'specbitsmap' 'specbitsmap_ln0' <Predicate = true> <Delay = 0.00>
ST_1 : Operation 17 [1/1] (1.58ns)   --->   "%store_ln9 = store i2 0, i2 %i" [../../../labs/Lab4/Lab4/matrixmul.cpp:9]   --->   Operation 17 'store' 'store_ln9' <Predicate = true> <Delay = 1.58>
ST_1 : Operation 18 [1/1] (0.00ns)   --->   "%br_ln9 = br void %Col" [../../../labs/Lab4/Lab4/matrixmul.cpp:9]   --->   Operation 18 'br' 'br_ln9' <Predicate = true> <Delay = 0.00>

State 2 <SV = 1> <Delay = 1.73>
ST_2 : Operation 19 [1/1] (0.00ns)   --->   "%i_1 = load i2 %i" [../../../labs/Lab4/Lab4/matrixmul.cpp:9]   --->   Operation 19 'load' 'i_1' <Predicate = true> <Delay = 0.00>
ST_2 : Operation 20 [1/1] (1.56ns)   --->   "%icmp_ln9 = icmp_eq  i2 %i_1, i2 3" [../../../labs/Lab4/Lab4/matrixmul.cpp:9]   --->   Operation 20 'icmp' 'icmp_ln9' <Predicate = true> <Delay = 1.56> <CoreInst = "Cmp">   --->   Core 9 'Cmp' <Latency = 0> <II = 1> <Delay = 1.56> <FuncUnit> <Opcode : 'icmp'> <InPorts = 2> <OutPorts = 1>
ST_2 : Operation 21 [1/1] (1.56ns)   --->   "%add_ln9 = add i2 %i_1, i2 1" [../../../labs/Lab4/Lab4/matrixmul.cpp:9]   --->   Operation 21 'add' 'add_ln9' <Predicate = true> <Delay = 1.56> <CoreInst = "Adder">   --->   Core 1 'Adder' <Latency = 0> <II = 1> <Delay = 1.56> <FuncUnit> <Opcode : 'add' 'sub'> <InPorts = 2> <OutPorts = 1>
ST_2 : Operation 22 [1/1] (0.00ns)   --->   "%br_ln9 = br i1 %icmp_ln9, void %Col.split, void %for.end31" [../../../labs/Lab4/Lab4/matrixmul.cpp:9]   --->   Operation 22 'br' 'br_ln9' <Predicate = true> <Delay = 0.00>
ST_2 : Operation 23 [1/1] (0.00ns)   --->   "%zext_ln18 = zext i2 %i_1" [../../../labs/Lab4/Lab4/matrixmul.cpp:18]   --->   Operation 23 'zext' 'zext_ln18' <Predicate = (!icmp_ln9)> <Delay = 0.00>
ST_2 : Operation 24 [1/1] (0.00ns)   --->   "%tmp = bitconcatenate i4 @_ssdm_op_BitConcatenate.i4.i2.i2, i2 %i_1, i2 0" [../../../labs/Lab4/Lab4/matrixmul.cpp:18]   --->   Operation 24 'bitconcatenate' 'tmp' <Predicate = (!icmp_ln9)> <Delay = 0.00>
ST_2 : Operation 25 [1/1] (1.73ns)   --->   "%sub_ln18 = sub i4 %tmp, i4 %zext_ln18" [../../../labs/Lab4/Lab4/matrixmul.cpp:18]   --->   Operation 25 'sub' 'sub_ln18' <Predicate = (!icmp_ln9)> <Delay = 1.73> <CoreInst = "Adder">   --->   Core 1 'Adder' <Latency = 0> <II = 1> <Delay = 1.73> <FuncUnit> <Opcode : 'add' 'sub'> <InPorts = 2> <OutPorts = 1>
ST_2 : Operation 26 [1/1] (0.00ns)   --->   "%speclooptripcount_ln9 = speclooptripcount void @_ssdm_op_SpecLoopTripCount, i64 3, i64 3, i64 3" [../../../labs/Lab4/Lab4/matrixmul.cpp:9]   --->   Operation 26 'speclooptripcount' 'speclooptripcount_ln9' <Predicate = (!icmp_ln9)> <Delay = 0.00>
ST_2 : Operation 27 [1/1] (0.00ns)   --->   "%specloopname_ln21 = specloopname void @_ssdm_op_SpecLoopName, void @empty_4" [../../../labs/Lab4/Lab4/matrixmul.cpp:21]   --->   Operation 27 'specloopname' 'specloopname_ln21' <Predicate = (!icmp_ln9)> <Delay = 0.00>
ST_2 : Operation 28 [1/1] (1.58ns)   --->   "%br_ln12 = br void %Product" [../../../labs/Lab4/Lab4/matrixmul.cpp:12]   --->   Operation 28 'br' 'br_ln12' <Predicate = (!icmp_ln9)> <Delay = 1.58>
ST_2 : Operation 29 [1/1] (0.00ns)   --->   "%ret_ln22 = ret" [../../../labs/Lab4/Lab4/matrixmul.cpp:22]   --->   Operation 29 'ret' 'ret_ln22' <Predicate = (icmp_ln9)> <Delay = 0.00>

State 3 <SV = 2> <Delay = 3.15>
ST_3 : Operation 30 [1/1] (0.00ns)   --->   "%j = phi i2 %add_ln12, void %for.inc26, i2 0, void %Col.split" [../../../labs/Lab4/Lab4/matrixmul.cpp:12]   --->   Operation 30 'phi' 'j' <Predicate = true> <Delay = 0.00>
ST_3 : Operation 31 [1/1] (1.56ns)   --->   "%icmp_ln12 = icmp_eq  i2 %j, i2 3" [../../../labs/Lab4/Lab4/matrixmul.cpp:12]   --->   Operation 31 'icmp' 'icmp_ln12' <Predicate = true> <Delay = 1.56> <CoreInst = "Cmp">   --->   Core 9 'Cmp' <Latency = 0> <II = 1> <Delay = 1.56> <FuncUnit> <Opcode : 'icmp'> <InPorts = 2> <OutPorts = 1>
ST_3 : Operation 32 [1/1] (1.56ns)   --->   "%add_ln12 = add i2 %j, i2 1" [../../../labs/Lab4/Lab4/matrixmul.cpp:12]   --->   Operation 32 'add' 'add_ln12' <Predicate = true> <Delay = 1.56> <CoreInst = "Adder">   --->   Core 1 'Adder' <Latency = 0> <II = 1> <Delay = 1.56> <FuncUnit> <Opcode : 'add' 'sub'> <InPorts = 2> <OutPorts = 1>
ST_3 : Operation 33 [1/1] (0.00ns)   --->   "%br_ln12 = br i1 %icmp_ln12, void %Product.split, void %for.inc29" [../../../labs/Lab4/Lab4/matrixmul.cpp:12]   --->   Operation 33 'br' 'br_ln12' <Predicate = true> <Delay = 0.00>
ST_3 : Operation 34 [1/1] (0.00ns)   --->   "%zext_ln15 = zext i2 %j" [../../../labs/Lab4/Lab4/matrixmul.cpp:15]   --->   Operation 34 'zext' 'zext_ln15' <Predicate = (!icmp_ln12)> <Delay = 0.00>
ST_3 : Operation 35 [1/1] (1.73ns)   --->   "%add_ln15 = add i4 %sub_ln18, i4 %zext_ln15" [../../../labs/Lab4/Lab4/matrixmul.cpp:15]   --->   Operation 35 'add' 'add_ln15' <Predicate = (!icmp_ln12)> <Delay = 1.73> <CoreInst = "Adder">   --->   Core 1 'Adder' <Latency = 0> <II = 1> <Delay = 1.73> <FuncUnit> <Opcode : 'add' 'sub'> <InPorts = 2> <OutPorts = 1>
ST_3 : Operation 36 [1/1] (0.00ns)   --->   "%zext_ln15_1 = zext i4 %add_ln15" [../../../labs/Lab4/Lab4/matrixmul.cpp:15]   --->   Operation 36 'zext' 'zext_ln15_1' <Predicate = (!icmp_ln12)> <Delay = 0.00>
ST_3 : Operation 37 [1/1] (0.00ns)   --->   "%res_addr = getelementptr i16 %res, i64 0, i64 %zext_ln15_1" [../../../labs/Lab4/Lab4/matrixmul.cpp:15]   --->   Operation 37 'getelementptr' 'res_addr' <Predicate = (!icmp_ln12)> <Delay = 0.00>
ST_3 : Operation 38 [1/1] (0.00ns)   --->   "%speclooptripcount_ln12 = speclooptripcount void @_ssdm_op_SpecLoopTripCount, i64 3, i64 3, i64 3" [../../../labs/Lab4/Lab4/matrixmul.cpp:12]   --->   Operation 38 'speclooptripcount' 'speclooptripcount_ln12' <Predicate = (!icmp_ln12)> <Delay = 0.00>
ST_3 : Operation 39 [1/1] (0.00ns)   --->   "%specloopname_ln20 = specloopname void @_ssdm_op_SpecLoopName, void @empty_3" [../../../labs/Lab4/Lab4/matrixmul.cpp:20]   --->   Operation 39 'specloopname' 'specloopname_ln20' <Predicate = (!icmp_ln12)> <Delay = 0.00>
ST_3 : Operation 40 [1/1] (1.58ns)   --->   "%br_ln16 = br void %for.inc" [../../../labs/Lab4/Lab4/matrixmul.cpp:16]   --->   Operation 40 'br' 'br_ln16' <Predicate = (!icmp_ln12)> <Delay = 1.58>
ST_3 : Operation 41 [1/1] (1.58ns)   --->   "%store_ln9 = store i2 %add_ln9, i2 %i" [../../../labs/Lab4/Lab4/matrixmul.cpp:9]   --->   Operation 41 'store' 'store_ln9' <Predicate = (icmp_ln12)> <Delay = 1.58>
ST_3 : Operation 42 [1/1] (0.00ns)   --->   "%br_ln9 = br void %Col" [../../../labs/Lab4/Lab4/matrixmul.cpp:9]   --->   Operation 42 'br' 'br_ln9' <Predicate = (icmp_ln12)> <Delay = 0.00>

State 4 <SV = 3> <Delay = 5.63>
ST_4 : Operation 43 [1/1] (0.00ns)   --->   "%k = phi i2 %add_ln16, void %for.inc.split, i2 0, void %Product.split" [../../../labs/Lab4/Lab4/matrixmul.cpp:16]   --->   Operation 43 'phi' 'k' <Predicate = true> <Delay = 0.00>
ST_4 : Operation 44 [1/1] (0.00ns)   --->   "%empty = phi i16 %add_ln18, void %for.inc.split, i16 0, void %Product.split" [../../../labs/Lab4/Lab4/matrixmul.cpp:18]   --->   Operation 44 'phi' 'empty' <Predicate = true> <Delay = 0.00>
ST_4 : Operation 45 [1/1] (1.56ns)   --->   "%icmp_ln16 = icmp_eq  i2 %k, i2 3" [../../../labs/Lab4/Lab4/matrixmul.cpp:16]   --->   Operation 45 'icmp' 'icmp_ln16' <Predicate = true> <Delay = 1.56> <CoreInst = "Cmp">   --->   Core 9 'Cmp' <Latency = 0> <II = 1> <Delay = 1.56> <FuncUnit> <Opcode : 'icmp'> <InPorts = 2> <OutPorts = 1>
ST_4 : Operation 46 [1/1] (1.56ns)   --->   "%add_ln16 = add i2 %k, i2 1" [../../../labs/Lab4/Lab4/matrixmul.cpp:16]   --->   Operation 46 'add' 'add_ln16' <Predicate = true> <Delay = 1.56> <CoreInst = "Adder">   --->   Core 1 'Adder' <Latency = 0> <II = 1> <Delay = 1.56> <FuncUnit> <Opcode : 'add' 'sub'> <InPorts = 2> <OutPorts = 1>
ST_4 : Operation 47 [1/1] (0.00ns)   --->   "%br_ln16 = br i1 %icmp_ln16, void %for.inc.split, void %for.inc26" [../../../labs/Lab4/Lab4/matrixmul.cpp:16]   --->   Operation 47 'br' 'br_ln16' <Predicate = true> <Delay = 0.00>
ST_4 : Operation 48 [1/1] (0.00ns)   --->   "%zext_ln18_1 = zext i2 %k" [../../../labs/Lab4/Lab4/matrixmul.cpp:18]   --->   Operation 48 'zext' 'zext_ln18_1' <Predicate = (!icmp_ln16)> <Delay = 0.00>
ST_4 : Operation 49 [1/1] (1.73ns)   --->   "%add_ln18_1 = add i4 %sub_ln18, i4 %zext_ln18_1" [../../../labs/Lab4/Lab4/matrixmul.cpp:18]   --->   Operation 49 'add' 'add_ln18_1' <Predicate = (!icmp_ln16)> <Delay = 1.73> <CoreInst = "Adder">   --->   Core 1 'Adder' <Latency = 0> <II = 1> <Delay = 1.73> <FuncUnit> <Opcode : 'add' 'sub'> <InPorts = 2> <OutPorts = 1>
ST_4 : Operation 50 [1/1] (0.00ns)   --->   "%zext_ln18_2 = zext i4 %add_ln18_1" [../../../labs/Lab4/Lab4/matrixmul.cpp:18]   --->   Operation 50 'zext' 'zext_ln18_2' <Predicate = (!icmp_ln16)> <Delay = 0.00>
ST_4 : Operation 51 [1/1] (0.00ns)   --->   "%a_addr = getelementptr i8 %a, i64 0, i64 %zext_ln18_2" [../../../labs/Lab4/Lab4/matrixmul.cpp:18]   --->   Operation 51 'getelementptr' 'a_addr' <Predicate = (!icmp_ln16)> <Delay = 0.00>
ST_4 : Operation 52 [1/1] (0.00ns)   --->   "%tmp_1 = bitconcatenate i4 @_ssdm_op_BitConcatenate.i4.i2.i2, i2 %k, i2 0" [../../../labs/Lab4/Lab4/matrixmul.cpp:18]   --->   Operation 52 'bitconcatenate' 'tmp_1' <Predicate = (!icmp_ln16)> <Delay = 0.00>
ST_4 : Operation 53 [1/1] (0.00ns) (grouped into TernaryAdder)   --->   "%sub_ln18_1 = sub i4 %tmp_1, i4 %zext_ln18_1" [../../../labs/Lab4/Lab4/matrixmul.cpp:18]   --->   Operation 53 'sub' 'sub_ln18_1' <Predicate = (!icmp_ln16)> <Delay = 0.00> <CoreInst = "TAddSub">   --->   Core 10 'TAddSub' <Latency = 0> <II = 1> <Delay = 1.65> <IPBlock> <Opcode : '' 'add' 'sub'> <InPorts = 3> <OutPorts = 1> <Sync> <CReg>
ST_4 : Operation 54 [1/1] (3.31ns) (root node of TernaryAdder)   --->   "%add_ln18_2 = add i4 %sub_ln18_1, i4 %zext_ln15" [../../../labs/Lab4/Lab4/matrixmul.cpp:18]   --->   Operation 54 'add' 'add_ln18_2' <Predicate = (!icmp_ln16)> <Delay = 3.31> <CoreInst = "TAddSub">   --->   Core 10 'TAddSub' <Latency = 0> <II = 1> <Delay = 1.65> <IPBlock> <Opcode : '' 'add' 'sub'> <InPorts = 3> <OutPorts = 1> <Sync> <CReg>
ST_4 : Operation 55 [1/1] (0.00ns)   --->   "%zext_ln18_3 = zext i4 %add_ln18_2" [../../../labs/Lab4/Lab4/matrixmul.cpp:18]   --->   Operation 55 'zext' 'zext_ln18_3' <Predicate = (!icmp_ln16)> <Delay = 0.00>
ST_4 : Operation 56 [1/1] (0.00ns)   --->   "%b_addr = getelementptr i8 %b, i64 0, i64 %zext_ln18_3" [../../../labs/Lab4/Lab4/matrixmul.cpp:18]   --->   Operation 56 'getelementptr' 'b_addr' <Predicate = (!icmp_ln16)> <Delay = 0.00>
ST_4 : Operation 57 [2/2] (2.32ns)   --->   "%a_load = load i4 %a_addr" [../../../labs/Lab4/Lab4/matrixmul.cpp:18]   --->   Operation 57 'load' 'a_load' <Predicate = (!icmp_ln16)> <Delay = 2.32> <CoreInst = "RAM">   --->   Core 82 'RAM' <Latency = 1> <II = 1> <Delay = 2.32> <Storage> <Opcode : 'load' 'store'> <Ports = 2> <Width = 8> <Depth = 9> <RAM>
ST_4 : Operation 58 [2/2] (2.32ns)   --->   "%b_load = load i4 %b_addr" [../../../labs/Lab4/Lab4/matrixmul.cpp:18]   --->   Operation 58 'load' 'b_load' <Predicate = (!icmp_ln16)> <Delay = 2.32> <CoreInst = "RAM">   --->   Core 82 'RAM' <Latency = 1> <II = 1> <Delay = 2.32> <Storage> <Opcode : 'load' 'store'> <Ports = 2> <Width = 8> <Depth = 9> <RAM>
ST_4 : Operation 59 [1/1] (2.32ns)   --->   "%store_ln18 = store i16 %empty, i4 %res_addr" [../../../labs/Lab4/Lab4/matrixmul.cpp:18]   --->   Operation 59 'store' 'store_ln18' <Predicate = (icmp_ln16)> <Delay = 2.32> <CoreInst = "RAM">   --->   Core 82 'RAM' <Latency = 1> <II = 1> <Delay = 2.32> <Storage> <Opcode : 'load' 'store'> <Ports = 2> <Width = 16> <Depth = 9> <RAM>
ST_4 : Operation 60 [1/1] (0.00ns)   --->   "%br_ln12 = br void %Product" [../../../labs/Lab4/Lab4/matrixmul.cpp:12]   --->   Operation 60 'br' 'br_ln12' <Predicate = (icmp_ln16)> <Delay = 0.00>

State 5 <SV = 4> <Delay = 3.37>
ST_5 : Operation 61 [1/2] (2.32ns)   --->   "%a_load = load i4 %a_addr" [../../../labs/Lab4/Lab4/matrixmul.cpp:18]   --->   Operation 61 'load' 'a_load' <Predicate = true> <Delay = 2.32> <CoreInst = "RAM">   --->   Core 82 'RAM' <Latency = 1> <II = 1> <Delay = 2.32> <Storage> <Opcode : 'load' 'store'> <Ports = 2> <Width = 8> <Depth = 9> <RAM>
ST_5 : Operation 62 [1/1] (0.00ns)   --->   "%sext_ln18 = sext i8 %a_load" [../../../labs/Lab4/Lab4/matrixmul.cpp:18]   --->   Operation 62 'sext' 'sext_ln18' <Predicate = true> <Delay = 0.00>
ST_5 : Operation 63 [1/2] (2.32ns)   --->   "%b_load = load i4 %b_addr" [../../../labs/Lab4/Lab4/matrixmul.cpp:18]   --->   Operation 63 'load' 'b_load' <Predicate = true> <Delay = 2.32> <CoreInst = "RAM">   --->   Core 82 'RAM' <Latency = 1> <II = 1> <Delay = 2.32> <Storage> <Opcode : 'load' 'store'> <Ports = 2> <Width = 8> <Depth = 9> <RAM>
ST_5 : Operation 64 [1/1] (0.00ns)   --->   "%sext_ln18_1 = sext i8 %b_load" [../../../labs/Lab4/Lab4/matrixmul.cpp:18]   --->   Operation 64 'sext' 'sext_ln18_1' <Predicate = true> <Delay = 0.00>
ST_5 : Operation 65 [3/3] (1.05ns) (grouped into DSP with root node add_ln18)   --->   "%mul_ln18 = mul i16 %sext_ln18_1, i16 %sext_ln18" [../../../labs/Lab4/Lab4/matrixmul.cpp:18]   --->   Operation 65 'mul' 'mul_ln18' <Predicate = true> <Delay = 1.05> <CoreInst = "DSP48">   --->   Core 119 'DSP48' <Latency = 3> <II = 1> <Delay = 2.15> <IPBlock> <Opcode : '' 'add' 'sub' 'mul' 'select'> <InPorts = 0> <OutPorts = 1> <Sync> <CReg>

State 6 <SV = 5> <Delay = 1.05>
ST_6 : Operation 66 [2/3] (1.05ns) (grouped into DSP with root node add_ln18)   --->   "%mul_ln18 = mul i16 %sext_ln18_1, i16 %sext_ln18" [../../../labs/Lab4/Lab4/matrixmul.cpp:18]   --->   Operation 66 'mul' 'mul_ln18' <Predicate = true> <Delay = 1.05> <CoreInst = "DSP48">   --->   Core 119 'DSP48' <Latency = 3> <II = 1> <Delay = 2.15> <IPBlock> <Opcode : '' 'add' 'sub' 'mul' 'select'> <InPorts = 0> <OutPorts = 1> <Sync> <CReg>

State 7 <SV = 6> <Delay = 2.10>
ST_7 : Operation 67 [1/3] (0.00ns) (grouped into DSP with root node add_ln18)   --->   "%mul_ln18 = mul i16 %sext_ln18_1, i16 %sext_ln18" [../../../labs/Lab4/Lab4/matrixmul.cpp:18]   --->   Operation 67 'mul' 'mul_ln18' <Predicate = true> <Delay = 0.00> <CoreInst = "DSP48">   --->   Core 119 'DSP48' <Latency = 3> <II = 1> <Delay = 2.15> <IPBlock> <Opcode : '' 'add' 'sub' 'mul' 'select'> <InPorts = 0> <OutPorts = 1> <Sync> <CReg>
ST_7 : Operation 68 [2/2] (2.10ns) (root node of the DSP)   --->   "%add_ln18 = add i16 %mul_ln18, i16 %empty" [../../../labs/Lab4/Lab4/matrixmul.cpp:18]   --->   Operation 68 'add' 'add_ln18' <Predicate = true> <Delay = 2.10> <CoreInst = "DSP48">   --->   Core 119 'DSP48' <Latency = 3> <II = 1> <Delay = 2.15> <IPBlock> <Opcode : '' 'add' 'sub' 'mul' 'select'> <InPorts = 0> <OutPorts = 1> <Sync> <CReg>

State 8 <SV = 7> <Delay = 2.10>
ST_8 : Operation 69 [1/1] (0.00ns)   --->   "%speclooptripcount_ln16 = speclooptripcount void @_ssdm_op_SpecLoopTripCount, i64 3, i64 3, i64 3" [../../../labs/Lab4/Lab4/matrixmul.cpp:16]   --->   Operation 69 'speclooptripcount' 'speclooptripcount_ln16' <Predicate = true> <Delay = 0.00>
ST_8 : Operation 70 [1/1] (0.00ns)   --->   "%specloopname_ln19 = specloopname void @_ssdm_op_SpecLoopName, void @empty_2" [../../../labs/Lab4/Lab4/matrixmul.cpp:19]   --->   Operation 70 'specloopname' 'specloopname_ln19' <Predicate = true> <Delay = 0.00>
ST_8 : Operation 71 [1/2] (2.10ns) (root node of the DSP)   --->   "%add_ln18 = add i16 %mul_ln18, i16 %empty" [../../../labs/Lab4/Lab4/matrixmul.cpp:18]   --->   Operation 71 'add' 'add_ln18' <Predicate = true> <Delay = 2.10> <CoreInst = "DSP48">   --->   Core 119 'DSP48' <Latency = 3> <II = 1> <Delay = 2.15> <IPBlock> <Opcode : '' 'add' 'sub' 'mul' 'select'> <InPorts = 0> <OutPorts = 1> <Sync> <CReg>
ST_8 : Operation 72 [1/1] (0.00ns)   --->   "%br_ln16 = br void %for.inc" [../../../labs/Lab4/Lab4/matrixmul.cpp:16]   --->   Operation 72 'br' 'br_ln16' <Predicate = true> <Delay = 0.00>


============================================================
+ Verbose Summary: Timing violations
============================================================
Target clock period: 10.000ns, clock uncertainty: 2.700ns.

 <State 1>: 1.588ns
The critical path consists of the following:
	'alloca' operation 2 bit ('i', ../../../labs/Lab4/Lab4/matrixmul.cpp:9) [4]  (0.000 ns)
	'store' operation 0 bit ('store_ln9', ../../../labs/Lab4/Lab4/matrixmul.cpp:9) of constant 0 on local variable 'i', ../../../labs/Lab4/Lab4/matrixmul.cpp:9 [12]  (1.588 ns)

 <State 2>: 1.735ns
The critical path consists of the following:
	'load' operation 2 bit ('i', ../../../labs/Lab4/Lab4/matrixmul.cpp:9) on local variable 'i', ../../../labs/Lab4/Lab4/matrixmul.cpp:9 [15]  (0.000 ns)
	'sub' operation 4 bit ('sub_ln18', ../../../labs/Lab4/Lab4/matrixmul.cpp:18) [22]  (1.735 ns)

 <State 3>: 3.153ns
The critical path consists of the following:
	'phi' operation 2 bit ('j', ../../../labs/Lab4/Lab4/matrixmul.cpp:12) with incoming values : ('add_ln12', ../../../labs/Lab4/Lab4/matrixmul.cpp:12) [27]  (0.000 ns)
	'add' operation 4 bit ('add_ln15', ../../../labs/Lab4/Lab4/matrixmul.cpp:15) [33]  (1.735 ns)
	blocking operation 1.418 ns on control path)

 <State 4>: 5.638ns
The critical path consists of the following:
	'phi' operation 2 bit ('k', ../../../labs/Lab4/Lab4/matrixmul.cpp:16) with incoming values : ('add_ln16', ../../../labs/Lab4/Lab4/matrixmul.cpp:16) [40]  (0.000 ns)
	'sub' operation 4 bit ('sub_ln18_1', ../../../labs/Lab4/Lab4/matrixmul.cpp:18) [51]  (0.000 ns)
	'add' operation 4 bit ('add_ln18_2', ../../../labs/Lab4/Lab4/matrixmul.cpp:18) [52]  (3.316 ns)
	'getelementptr' operation 4 bit ('b_addr', ../../../labs/Lab4/Lab4/matrixmul.cpp:18) [54]  (0.000 ns)
	'load' operation 8 bit ('b_load', ../../../labs/Lab4/Lab4/matrixmul.cpp:18) on array 'b' [59]  (2.322 ns)

 <State 5>: 3.372ns
The critical path consists of the following:
	'load' operation 8 bit ('a_load', ../../../labs/Lab4/Lab4/matrixmul.cpp:18) on array 'a' [57]  (2.322 ns)
	'mul' operation 16 bit of DSP[62] ('mul_ln18', ../../../labs/Lab4/Lab4/matrixmul.cpp:18) [61]  (1.050 ns)

 <State 6>: 1.050ns
The critical path consists of the following:
	'mul' operation 16 bit of DSP[62] ('mul_ln18', ../../../labs/Lab4/Lab4/matrixmul.cpp:18) [61]  (1.050 ns)

 <State 7>: 2.100ns
The critical path consists of the following:
	'mul' operation 16 bit of DSP[62] ('mul_ln18', ../../../labs/Lab4/Lab4/matrixmul.cpp:18) [61]  (0.000 ns)
	'add' operation 16 bit of DSP[62] ('add_ln18', ../../../labs/Lab4/Lab4/matrixmul.cpp:18) [62]  (2.100 ns)

 <State 8>: 2.100ns
The critical path consists of the following:
	'add' operation 16 bit of DSP[62] ('add_ln18', ../../../labs/Lab4/Lab4/matrixmul.cpp:18) [62]  (2.100 ns)


============================================================
+ Verbose Summary: Binding
============================================================
N/A
* FSMD analyzer results:
  - Output states:
 - Input state : 
  - Chain level:
	State 1
	State 2
	State 3
	State 4
	State 5
	State 6
	State 7
	State 8


============================================================
+ Verbose Summary: Datapath Resource usage 
============================================================
N/A
