

================================================================
== Vitis HLS Report for 'conv2D0_Pipeline_readImg'
================================================================
* Date:           Thu Apr 11 18:30:40 2024

* Version:        2023.2 (Build 4023990 on Oct 11 2023)
* Project:        Project1
* Solution:       partition (Vivado IP Flow Target)
* Product family: zynq
* Target device:  xc7z010i-clg225-1L


================================================================
== Performance Estimates
================================================================
+ Timing: 
    * Summary: 
    +--------+----------+----------+------------+
    |  Clock |  Target  | Estimated| Uncertainty|
    +--------+----------+----------+------------+
    |ap_clk  |  10.00 ns|  4.956 ns|     2.70 ns|
    +--------+----------+----------+------------+

+ Latency: 
    * Summary: 
    +---------+---------+----------+----------+-----+-----+---------+
    |  Latency (cycles) |  Latency (absolute) |  Interval | Pipeline|
    |   min   |   max   |    min   |    max   | min | max |   Type  |
    +---------+---------+----------+----------+-----+-----+---------+
    |       18|       18|  0.180 us|  0.180 us|   18|   18|       no|
    +---------+---------+----------+----------+-----+-----+---------+

    + Detail: 
        * Instance: 
        N/A

        * Loop: 
        +-----------+---------+---------+----------+-----------+-----------+------+----------+
        |           |  Latency (cycles) | Iteration|  Initiation Interval  | Trip |          |
        | Loop Name |   min   |   max   |  Latency |  achieved |   target  | Count| Pipelined|
        +-----------+---------+---------+----------+-----------+-----------+------+----------+
        |- readImg  |       16|       16|         1|          1|          1|    16|       yes|
        +-----------+---------+---------+----------+-----------+-----------+------+----------+

============================================================
+ Verbose Summary: Synthesis Manager
============================================================
InlineROM: 1
ExposeGlobal: 0
============================================================
+ Verbose Summary: CDFG Model
============================================================
IsTopModel: 0
ResetActiveHigh: 1
IsCombinational: 0
IsDatapathOnly: 0
HasWiredReturn: 1
HasMFsm: 2
HasVarLatency: 1
IsPipeline: 0
IsRtlPipelined: 0
IsInstanceOverlapped: 0
IsDontTouch: 0
HasImplIP: 0
IsGatedGlobalClock: 0

+ Individual pipeline summary: 
  * Pipeline-0: initiation interval (II) = 1, depth = 1


============================================================
+ Verbose Summary: Schedule
============================================================
* Number of FSM states : 1
* Pipeline : 1
  Pipeline-0 : II = 1, D = 1, States = { 1 }
* Dataflow Pipeline: 0

* FSM state transitions: 
1 --> 

* FSM state operations: 

State 1 <SV = 0> <Delay = 4.95>
ST_1 : Operation 4 [1/1] (0.00ns)   --->   "%i = alloca i32 1" [conv2D0.cpp:14]   --->   Operation 4 'alloca' 'i' <Predicate = true> <Delay = 0.00>
ST_1 : Operation 5 [1/1] (0.00ns)   --->   "%img_inT = alloca i32 1" [conv2D0.cpp:8]   --->   Operation 5 'alloca' 'img_inT' <Predicate = true> <Delay = 0.00>
ST_1 : Operation 6 [1/1] (0.00ns)   --->   "%img_inT_1 = alloca i32 1" [conv2D0.cpp:8]   --->   Operation 6 'alloca' 'img_inT_1' <Predicate = true> <Delay = 0.00>
ST_1 : Operation 7 [1/1] (0.00ns)   --->   "%img_inT_2 = alloca i32 1" [conv2D0.cpp:8]   --->   Operation 7 'alloca' 'img_inT_2' <Predicate = true> <Delay = 0.00>
ST_1 : Operation 8 [1/1] (0.00ns)   --->   "%img_inT_3 = alloca i32 1" [conv2D0.cpp:8]   --->   Operation 8 'alloca' 'img_inT_3' <Predicate = true> <Delay = 0.00>
ST_1 : Operation 9 [1/1] (0.00ns)   --->   "%img_inT_4 = alloca i32 1" [conv2D0.cpp:8]   --->   Operation 9 'alloca' 'img_inT_4' <Predicate = true> <Delay = 0.00>
ST_1 : Operation 10 [1/1] (0.00ns)   --->   "%img_inT_5 = alloca i32 1" [conv2D0.cpp:8]   --->   Operation 10 'alloca' 'img_inT_5' <Predicate = true> <Delay = 0.00>
ST_1 : Operation 11 [1/1] (0.00ns)   --->   "%img_inT_6 = alloca i32 1" [conv2D0.cpp:8]   --->   Operation 11 'alloca' 'img_inT_6' <Predicate = true> <Delay = 0.00>
ST_1 : Operation 12 [1/1] (0.00ns)   --->   "%img_inT_7 = alloca i32 1" [conv2D0.cpp:8]   --->   Operation 12 'alloca' 'img_inT_7' <Predicate = true> <Delay = 0.00>
ST_1 : Operation 13 [1/1] (0.00ns)   --->   "%img_inT_8 = alloca i32 1" [conv2D0.cpp:8]   --->   Operation 13 'alloca' 'img_inT_8' <Predicate = true> <Delay = 0.00>
ST_1 : Operation 14 [1/1] (0.00ns)   --->   "%img_inT_9 = alloca i32 1" [conv2D0.cpp:8]   --->   Operation 14 'alloca' 'img_inT_9' <Predicate = true> <Delay = 0.00>
ST_1 : Operation 15 [1/1] (0.00ns)   --->   "%img_inT_10 = alloca i32 1" [conv2D0.cpp:8]   --->   Operation 15 'alloca' 'img_inT_10' <Predicate = true> <Delay = 0.00>
ST_1 : Operation 16 [1/1] (0.00ns)   --->   "%img_inT_11 = alloca i32 1" [conv2D0.cpp:8]   --->   Operation 16 'alloca' 'img_inT_11' <Predicate = true> <Delay = 0.00>
ST_1 : Operation 17 [1/1] (0.00ns)   --->   "%img_inT_12 = alloca i32 1" [conv2D0.cpp:8]   --->   Operation 17 'alloca' 'img_inT_12' <Predicate = true> <Delay = 0.00>
ST_1 : Operation 18 [1/1] (0.00ns)   --->   "%img_inT_13 = alloca i32 1" [conv2D0.cpp:8]   --->   Operation 18 'alloca' 'img_inT_13' <Predicate = true> <Delay = 0.00>
ST_1 : Operation 19 [1/1] (0.00ns)   --->   "%img_inT_14 = alloca i32 1" [conv2D0.cpp:8]   --->   Operation 19 'alloca' 'img_inT_14' <Predicate = true> <Delay = 0.00>
ST_1 : Operation 20 [1/1] (0.00ns)   --->   "%img_inT_15 = alloca i32 1" [conv2D0.cpp:8]   --->   Operation 20 'alloca' 'img_inT_15' <Predicate = true> <Delay = 0.00>
ST_1 : Operation 21 [1/1] (0.00ns)   --->   "%img_in_15_load_read = read i8 @_ssdm_op_Read.ap_auto.i8, i8 %img_in_15_load"   --->   Operation 21 'read' 'img_in_15_load_read' <Predicate = true> <Delay = 0.00>
ST_1 : Operation 22 [1/1] (0.00ns)   --->   "%img_in_14_load_read = read i8 @_ssdm_op_Read.ap_auto.i8, i8 %img_in_14_load"   --->   Operation 22 'read' 'img_in_14_load_read' <Predicate = true> <Delay = 0.00>
ST_1 : Operation 23 [1/1] (0.00ns)   --->   "%img_in_13_load_read = read i8 @_ssdm_op_Read.ap_auto.i8, i8 %img_in_13_load"   --->   Operation 23 'read' 'img_in_13_load_read' <Predicate = true> <Delay = 0.00>
ST_1 : Operation 24 [1/1] (0.00ns)   --->   "%img_in_12_load_read = read i8 @_ssdm_op_Read.ap_auto.i8, i8 %img_in_12_load"   --->   Operation 24 'read' 'img_in_12_load_read' <Predicate = true> <Delay = 0.00>
ST_1 : Operation 25 [1/1] (0.00ns)   --->   "%img_in_11_load_read = read i8 @_ssdm_op_Read.ap_auto.i8, i8 %img_in_11_load"   --->   Operation 25 'read' 'img_in_11_load_read' <Predicate = true> <Delay = 0.00>
ST_1 : Operation 26 [1/1] (0.00ns)   --->   "%img_in_10_load_read = read i8 @_ssdm_op_Read.ap_auto.i8, i8 %img_in_10_load"   --->   Operation 26 'read' 'img_in_10_load_read' <Predicate = true> <Delay = 0.00>
ST_1 : Operation 27 [1/1] (0.00ns)   --->   "%img_in_9_load_read = read i8 @_ssdm_op_Read.ap_auto.i8, i8 %img_in_9_load"   --->   Operation 27 'read' 'img_in_9_load_read' <Predicate = true> <Delay = 0.00>
ST_1 : Operation 28 [1/1] (0.00ns)   --->   "%img_in_8_load_read = read i8 @_ssdm_op_Read.ap_auto.i8, i8 %img_in_8_load"   --->   Operation 28 'read' 'img_in_8_load_read' <Predicate = true> <Delay = 0.00>
ST_1 : Operation 29 [1/1] (0.00ns)   --->   "%img_in_7_load_read = read i8 @_ssdm_op_Read.ap_auto.i8, i8 %img_in_7_load"   --->   Operation 29 'read' 'img_in_7_load_read' <Predicate = true> <Delay = 0.00>
ST_1 : Operation 30 [1/1] (0.00ns)   --->   "%img_in_6_load_read = read i8 @_ssdm_op_Read.ap_auto.i8, i8 %img_in_6_load"   --->   Operation 30 'read' 'img_in_6_load_read' <Predicate = true> <Delay = 0.00>
ST_1 : Operation 31 [1/1] (0.00ns)   --->   "%img_in_5_load_read = read i8 @_ssdm_op_Read.ap_auto.i8, i8 %img_in_5_load"   --->   Operation 31 'read' 'img_in_5_load_read' <Predicate = true> <Delay = 0.00>
ST_1 : Operation 32 [1/1] (0.00ns)   --->   "%img_in_4_load_read = read i8 @_ssdm_op_Read.ap_auto.i8, i8 %img_in_4_load"   --->   Operation 32 'read' 'img_in_4_load_read' <Predicate = true> <Delay = 0.00>
ST_1 : Operation 33 [1/1] (0.00ns)   --->   "%img_in_3_load_read = read i8 @_ssdm_op_Read.ap_auto.i8, i8 %img_in_3_load"   --->   Operation 33 'read' 'img_in_3_load_read' <Predicate = true> <Delay = 0.00>
ST_1 : Operation 34 [1/1] (0.00ns)   --->   "%img_in_2_load_read = read i8 @_ssdm_op_Read.ap_auto.i8, i8 %img_in_2_load"   --->   Operation 34 'read' 'img_in_2_load_read' <Predicate = true> <Delay = 0.00>
ST_1 : Operation 35 [1/1] (0.00ns)   --->   "%img_in_1_load_read = read i8 @_ssdm_op_Read.ap_auto.i8, i8 %img_in_1_load"   --->   Operation 35 'read' 'img_in_1_load_read' <Predicate = true> <Delay = 0.00>
ST_1 : Operation 36 [1/1] (0.00ns)   --->   "%img_in_0_load_read = read i8 @_ssdm_op_Read.ap_auto.i8, i8 %img_in_0_load"   --->   Operation 36 'read' 'img_in_0_load_read' <Predicate = true> <Delay = 0.00>
ST_1 : Operation 37 [1/1] (1.58ns)   --->   "%store_ln14 = store i5 0, i5 %i" [conv2D0.cpp:14]   --->   Operation 37 'store' 'store_ln14' <Predicate = true> <Delay = 1.58>
ST_1 : Operation 38 [1/1] (0.00ns)   --->   "%br_ln0 = br void %for.inc"   --->   Operation 38 'br' 'br_ln0' <Predicate = true> <Delay = 0.00>
ST_1 : Operation 39 [1/1] (0.00ns)   --->   "%i_2 = load i5 %i" [conv2D0.cpp:14]   --->   Operation 39 'load' 'i_2' <Predicate = true> <Delay = 0.00>
ST_1 : Operation 40 [1/1] (1.78ns)   --->   "%icmp_ln14 = icmp_eq  i5 %i_2, i5 16" [conv2D0.cpp:14]   --->   Operation 40 'icmp' 'icmp_ln14' <Predicate = true> <Delay = 1.78> <CoreInst = "Cmp">   --->   Core 9 'Cmp' <Latency = 0> <II = 1> <Delay = 1.78> <FuncUnit> <Opcode : 'icmp'> <InPorts = 2> <OutPorts = 1>
ST_1 : Operation 41 [1/1] (1.78ns)   --->   "%add_ln14 = add i5 %i_2, i5 1" [conv2D0.cpp:14]   --->   Operation 41 'add' 'add_ln14' <Predicate = true> <Delay = 1.78> <CoreInst = "Adder">   --->   Core 1 'Adder' <Latency = 0> <II = 1> <Delay = 1.78> <FuncUnit> <Opcode : 'add' 'sub'> <InPorts = 2> <OutPorts = 1>
ST_1 : Operation 42 [1/1] (0.00ns)   --->   "%br_ln14 = br i1 %icmp_ln14, void %for.inc.split, void %readweights.exitStub" [conv2D0.cpp:14]   --->   Operation 42 'br' 'br_ln14' <Predicate = true> <Delay = 0.00>
ST_1 : Operation 43 [1/1] (0.00ns)   --->   "%specpipeline_ln8 = specpipeline void @_ssdm_op_SpecPipeline, i32 4294967295, i32 0, i32 0, i32 0, void @empty_0" [conv2D0.cpp:8]   --->   Operation 43 'specpipeline' 'specpipeline_ln8' <Predicate = (!icmp_ln14)> <Delay = 0.00>
ST_1 : Operation 44 [1/1] (0.00ns)   --->   "%speclooptripcount_ln8 = speclooptripcount void @_ssdm_op_SpecLoopTripCount, i64 16, i64 16, i64 16" [conv2D0.cpp:8]   --->   Operation 44 'speclooptripcount' 'speclooptripcount_ln8' <Predicate = (!icmp_ln14)> <Delay = 0.00>
ST_1 : Operation 45 [1/1] (0.00ns)   --->   "%specloopname_ln14 = specloopname void @_ssdm_op_SpecLoopName, void @empty_5" [conv2D0.cpp:14]   --->   Operation 45 'specloopname' 'specloopname_ln14' <Predicate = (!icmp_ln14)> <Delay = 0.00>
ST_1 : Operation 46 [1/1] (0.00ns)   --->   "%trunc_ln14 = trunc i5 %i_2" [conv2D0.cpp:14]   --->   Operation 46 'trunc' 'trunc_ln14' <Predicate = (!icmp_ln14)> <Delay = 0.00>
ST_1 : Operation 47 [1/1] (2.06ns)   --->   "%img_inT_16 = sparsemux i8 @_ssdm_op_SparseMux.ap_auto.16i8.i8.i4, i4 0, i8 %img_in_0_load_read, i4 1, i8 %img_in_1_load_read, i4 2, i8 %img_in_2_load_read, i4 3, i8 %img_in_3_load_read, i4 4, i8 %img_in_4_load_read, i4 5, i8 %img_in_5_load_read, i4 6, i8 %img_in_6_load_read, i4 7, i8 %img_in_7_load_read, i4 8, i8 %img_in_8_load_read, i4 9, i8 %img_in_9_load_read, i4 10, i8 %img_in_10_load_read, i4 11, i8 %img_in_11_load_read, i4 12, i8 %img_in_12_load_read, i4 13, i8 %img_in_13_load_read, i4 14, i8 %img_in_14_load_read, i4 15, i8 %img_in_15_load_read, i8 0, i4 %trunc_ln14" [conv2D0.cpp:15]   --->   Operation 47 'sparsemux' 'img_inT_16' <Predicate = (!icmp_ln14)> <Delay = 2.06> <CoreInst = "SparseMux">   --->   Core 135 'SparseMux' <Latency = 0> <II = 1> <Delay = 2.06> <FuncUnit> <Opcode : 'sparsemux'> <InPorts = 2> <OutPorts = 1>
ST_1 : Operation 48 [1/1] (1.88ns)   --->   "%switch_ln15 = switch i4 %trunc_ln14, void %arrayidx2.case.15, i4 0, void %for.inc.split.arrayidx2.exit_crit_edge18, i4 1, void %arrayidx2.case.1, i4 2, void %arrayidx2.case.2, i4 3, void %arrayidx2.case.3, i4 4, void %arrayidx2.case.4, i4 5, void %arrayidx2.case.5, i4 6, void %arrayidx2.case.6, i4 7, void %arrayidx2.case.7, i4 8, void %arrayidx2.case.8, i4 9, void %arrayidx2.case.9, i4 10, void %arrayidx2.case.10, i4 11, void %arrayidx2.case.11, i4 12, void %arrayidx2.case.12, i4 13, void %arrayidx2.case.13, i4 14, void %for.inc.split.arrayidx2.exit_crit_edge" [conv2D0.cpp:15]   --->   Operation 48 'switch' 'switch_ln15' <Predicate = (!icmp_ln14)> <Delay = 1.88>
ST_1 : Operation 49 [1/1] (0.00ns)   --->   "%store_ln8 = store i8 %img_inT_16, i8 %img_inT_14" [conv2D0.cpp:8]   --->   Operation 49 'store' 'store_ln8' <Predicate = (!icmp_ln14 & trunc_ln14 == 14)> <Delay = 0.00>
ST_1 : Operation 50 [1/1] (0.00ns)   --->   "%br_ln15 = br void %arrayidx2.exit" [conv2D0.cpp:15]   --->   Operation 50 'br' 'br_ln15' <Predicate = (!icmp_ln14 & trunc_ln14 == 14)> <Delay = 0.00>
ST_1 : Operation 51 [1/1] (0.00ns)   --->   "%store_ln8 = store i8 %img_inT_16, i8 %img_inT_13" [conv2D0.cpp:8]   --->   Operation 51 'store' 'store_ln8' <Predicate = (!icmp_ln14 & trunc_ln14 == 13)> <Delay = 0.00>
ST_1 : Operation 52 [1/1] (0.00ns)   --->   "%br_ln15 = br void %arrayidx2.exit" [conv2D0.cpp:15]   --->   Operation 52 'br' 'br_ln15' <Predicate = (!icmp_ln14 & trunc_ln14 == 13)> <Delay = 0.00>
ST_1 : Operation 53 [1/1] (0.00ns)   --->   "%store_ln8 = store i8 %img_inT_16, i8 %img_inT_12" [conv2D0.cpp:8]   --->   Operation 53 'store' 'store_ln8' <Predicate = (!icmp_ln14 & trunc_ln14 == 12)> <Delay = 0.00>
ST_1 : Operation 54 [1/1] (0.00ns)   --->   "%br_ln15 = br void %arrayidx2.exit" [conv2D0.cpp:15]   --->   Operation 54 'br' 'br_ln15' <Predicate = (!icmp_ln14 & trunc_ln14 == 12)> <Delay = 0.00>
ST_1 : Operation 55 [1/1] (0.00ns)   --->   "%store_ln8 = store i8 %img_inT_16, i8 %img_inT_11" [conv2D0.cpp:8]   --->   Operation 55 'store' 'store_ln8' <Predicate = (!icmp_ln14 & trunc_ln14 == 11)> <Delay = 0.00>
ST_1 : Operation 56 [1/1] (0.00ns)   --->   "%br_ln15 = br void %arrayidx2.exit" [conv2D0.cpp:15]   --->   Operation 56 'br' 'br_ln15' <Predicate = (!icmp_ln14 & trunc_ln14 == 11)> <Delay = 0.00>
ST_1 : Operation 57 [1/1] (0.00ns)   --->   "%store_ln8 = store i8 %img_inT_16, i8 %img_inT_10" [conv2D0.cpp:8]   --->   Operation 57 'store' 'store_ln8' <Predicate = (!icmp_ln14 & trunc_ln14 == 10)> <Delay = 0.00>
ST_1 : Operation 58 [1/1] (0.00ns)   --->   "%br_ln15 = br void %arrayidx2.exit" [conv2D0.cpp:15]   --->   Operation 58 'br' 'br_ln15' <Predicate = (!icmp_ln14 & trunc_ln14 == 10)> <Delay = 0.00>
ST_1 : Operation 59 [1/1] (0.00ns)   --->   "%store_ln8 = store i8 %img_inT_16, i8 %img_inT_9" [conv2D0.cpp:8]   --->   Operation 59 'store' 'store_ln8' <Predicate = (!icmp_ln14 & trunc_ln14 == 9)> <Delay = 0.00>
ST_1 : Operation 60 [1/1] (0.00ns)   --->   "%br_ln15 = br void %arrayidx2.exit" [conv2D0.cpp:15]   --->   Operation 60 'br' 'br_ln15' <Predicate = (!icmp_ln14 & trunc_ln14 == 9)> <Delay = 0.00>
ST_1 : Operation 61 [1/1] (0.00ns)   --->   "%store_ln8 = store i8 %img_inT_16, i8 %img_inT_8" [conv2D0.cpp:8]   --->   Operation 61 'store' 'store_ln8' <Predicate = (!icmp_ln14 & trunc_ln14 == 8)> <Delay = 0.00>
ST_1 : Operation 62 [1/1] (0.00ns)   --->   "%br_ln15 = br void %arrayidx2.exit" [conv2D0.cpp:15]   --->   Operation 62 'br' 'br_ln15' <Predicate = (!icmp_ln14 & trunc_ln14 == 8)> <Delay = 0.00>
ST_1 : Operation 63 [1/1] (0.00ns)   --->   "%store_ln8 = store i8 %img_inT_16, i8 %img_inT_7" [conv2D0.cpp:8]   --->   Operation 63 'store' 'store_ln8' <Predicate = (!icmp_ln14 & trunc_ln14 == 7)> <Delay = 0.00>
ST_1 : Operation 64 [1/1] (0.00ns)   --->   "%br_ln15 = br void %arrayidx2.exit" [conv2D0.cpp:15]   --->   Operation 64 'br' 'br_ln15' <Predicate = (!icmp_ln14 & trunc_ln14 == 7)> <Delay = 0.00>
ST_1 : Operation 65 [1/1] (0.00ns)   --->   "%store_ln8 = store i8 %img_inT_16, i8 %img_inT_6" [conv2D0.cpp:8]   --->   Operation 65 'store' 'store_ln8' <Predicate = (!icmp_ln14 & trunc_ln14 == 6)> <Delay = 0.00>
ST_1 : Operation 66 [1/1] (0.00ns)   --->   "%br_ln15 = br void %arrayidx2.exit" [conv2D0.cpp:15]   --->   Operation 66 'br' 'br_ln15' <Predicate = (!icmp_ln14 & trunc_ln14 == 6)> <Delay = 0.00>
ST_1 : Operation 67 [1/1] (0.00ns)   --->   "%store_ln8 = store i8 %img_inT_16, i8 %img_inT_5" [conv2D0.cpp:8]   --->   Operation 67 'store' 'store_ln8' <Predicate = (!icmp_ln14 & trunc_ln14 == 5)> <Delay = 0.00>
ST_1 : Operation 68 [1/1] (0.00ns)   --->   "%br_ln15 = br void %arrayidx2.exit" [conv2D0.cpp:15]   --->   Operation 68 'br' 'br_ln15' <Predicate = (!icmp_ln14 & trunc_ln14 == 5)> <Delay = 0.00>
ST_1 : Operation 69 [1/1] (0.00ns)   --->   "%store_ln8 = store i8 %img_inT_16, i8 %img_inT_4" [conv2D0.cpp:8]   --->   Operation 69 'store' 'store_ln8' <Predicate = (!icmp_ln14 & trunc_ln14 == 4)> <Delay = 0.00>
ST_1 : Operation 70 [1/1] (0.00ns)   --->   "%br_ln15 = br void %arrayidx2.exit" [conv2D0.cpp:15]   --->   Operation 70 'br' 'br_ln15' <Predicate = (!icmp_ln14 & trunc_ln14 == 4)> <Delay = 0.00>
ST_1 : Operation 71 [1/1] (0.00ns)   --->   "%store_ln8 = store i8 %img_inT_16, i8 %img_inT_3" [conv2D0.cpp:8]   --->   Operation 71 'store' 'store_ln8' <Predicate = (!icmp_ln14 & trunc_ln14 == 3)> <Delay = 0.00>
ST_1 : Operation 72 [1/1] (0.00ns)   --->   "%br_ln15 = br void %arrayidx2.exit" [conv2D0.cpp:15]   --->   Operation 72 'br' 'br_ln15' <Predicate = (!icmp_ln14 & trunc_ln14 == 3)> <Delay = 0.00>
ST_1 : Operation 73 [1/1] (0.00ns)   --->   "%store_ln8 = store i8 %img_inT_16, i8 %img_inT_2" [conv2D0.cpp:8]   --->   Operation 73 'store' 'store_ln8' <Predicate = (!icmp_ln14 & trunc_ln14 == 2)> <Delay = 0.00>
ST_1 : Operation 74 [1/1] (0.00ns)   --->   "%br_ln15 = br void %arrayidx2.exit" [conv2D0.cpp:15]   --->   Operation 74 'br' 'br_ln15' <Predicate = (!icmp_ln14 & trunc_ln14 == 2)> <Delay = 0.00>
ST_1 : Operation 75 [1/1] (0.00ns)   --->   "%store_ln8 = store i8 %img_inT_16, i8 %img_inT_1" [conv2D0.cpp:8]   --->   Operation 75 'store' 'store_ln8' <Predicate = (!icmp_ln14 & trunc_ln14 == 1)> <Delay = 0.00>
ST_1 : Operation 76 [1/1] (0.00ns)   --->   "%br_ln15 = br void %arrayidx2.exit" [conv2D0.cpp:15]   --->   Operation 76 'br' 'br_ln15' <Predicate = (!icmp_ln14 & trunc_ln14 == 1)> <Delay = 0.00>
ST_1 : Operation 77 [1/1] (0.00ns)   --->   "%store_ln8 = store i8 %img_inT_16, i8 %img_inT" [conv2D0.cpp:8]   --->   Operation 77 'store' 'store_ln8' <Predicate = (!icmp_ln14 & trunc_ln14 == 0)> <Delay = 0.00>
ST_1 : Operation 78 [1/1] (0.00ns)   --->   "%br_ln15 = br void %arrayidx2.exit" [conv2D0.cpp:15]   --->   Operation 78 'br' 'br_ln15' <Predicate = (!icmp_ln14 & trunc_ln14 == 0)> <Delay = 0.00>
ST_1 : Operation 79 [1/1] (0.00ns)   --->   "%store_ln8 = store i8 %img_inT_16, i8 %img_inT_15" [conv2D0.cpp:8]   --->   Operation 79 'store' 'store_ln8' <Predicate = (!icmp_ln14 & trunc_ln14 == 15)> <Delay = 0.00>
ST_1 : Operation 80 [1/1] (0.00ns)   --->   "%br_ln15 = br void %arrayidx2.exit" [conv2D0.cpp:15]   --->   Operation 80 'br' 'br_ln15' <Predicate = (!icmp_ln14 & trunc_ln14 == 15)> <Delay = 0.00>
ST_1 : Operation 81 [1/1] (1.58ns)   --->   "%store_ln14 = store i5 %add_ln14, i5 %i" [conv2D0.cpp:14]   --->   Operation 81 'store' 'store_ln14' <Predicate = (!icmp_ln14)> <Delay = 1.58>
ST_1 : Operation 82 [1/1] (0.00ns)   --->   "%br_ln14 = br void %for.inc" [conv2D0.cpp:14]   --->   Operation 82 'br' 'br_ln14' <Predicate = (!icmp_ln14)> <Delay = 0.00>
ST_1 : Operation 83 [1/1] (0.00ns)   --->   "%img_inT_load = load i8 %img_inT"   --->   Operation 83 'load' 'img_inT_load' <Predicate = (icmp_ln14)> <Delay = 0.00>
ST_1 : Operation 84 [1/1] (0.00ns)   --->   "%img_inT_1_load = load i8 %img_inT_1"   --->   Operation 84 'load' 'img_inT_1_load' <Predicate = (icmp_ln14)> <Delay = 0.00>
ST_1 : Operation 85 [1/1] (0.00ns)   --->   "%img_inT_2_load = load i8 %img_inT_2"   --->   Operation 85 'load' 'img_inT_2_load' <Predicate = (icmp_ln14)> <Delay = 0.00>
ST_1 : Operation 86 [1/1] (0.00ns)   --->   "%img_inT_3_load = load i8 %img_inT_3"   --->   Operation 86 'load' 'img_inT_3_load' <Predicate = (icmp_ln14)> <Delay = 0.00>
ST_1 : Operation 87 [1/1] (0.00ns)   --->   "%img_inT_4_load = load i8 %img_inT_4"   --->   Operation 87 'load' 'img_inT_4_load' <Predicate = (icmp_ln14)> <Delay = 0.00>
ST_1 : Operation 88 [1/1] (0.00ns)   --->   "%img_inT_5_load = load i8 %img_inT_5"   --->   Operation 88 'load' 'img_inT_5_load' <Predicate = (icmp_ln14)> <Delay = 0.00>
ST_1 : Operation 89 [1/1] (0.00ns)   --->   "%img_inT_6_load = load i8 %img_inT_6"   --->   Operation 89 'load' 'img_inT_6_load' <Predicate = (icmp_ln14)> <Delay = 0.00>
ST_1 : Operation 90 [1/1] (0.00ns)   --->   "%img_inT_7_load = load i8 %img_inT_7"   --->   Operation 90 'load' 'img_inT_7_load' <Predicate = (icmp_ln14)> <Delay = 0.00>
ST_1 : Operation 91 [1/1] (0.00ns)   --->   "%img_inT_8_load = load i8 %img_inT_8"   --->   Operation 91 'load' 'img_inT_8_load' <Predicate = (icmp_ln14)> <Delay = 0.00>
ST_1 : Operation 92 [1/1] (0.00ns)   --->   "%img_inT_9_load = load i8 %img_inT_9"   --->   Operation 92 'load' 'img_inT_9_load' <Predicate = (icmp_ln14)> <Delay = 0.00>
ST_1 : Operation 93 [1/1] (0.00ns)   --->   "%img_inT_10_load = load i8 %img_inT_10"   --->   Operation 93 'load' 'img_inT_10_load' <Predicate = (icmp_ln14)> <Delay = 0.00>
ST_1 : Operation 94 [1/1] (0.00ns)   --->   "%img_inT_11_load = load i8 %img_inT_11"   --->   Operation 94 'load' 'img_inT_11_load' <Predicate = (icmp_ln14)> <Delay = 0.00>
ST_1 : Operation 95 [1/1] (0.00ns)   --->   "%img_inT_12_load = load i8 %img_inT_12"   --->   Operation 95 'load' 'img_inT_12_load' <Predicate = (icmp_ln14)> <Delay = 0.00>
ST_1 : Operation 96 [1/1] (0.00ns)   --->   "%img_inT_13_load = load i8 %img_inT_13"   --->   Operation 96 'load' 'img_inT_13_load' <Predicate = (icmp_ln14)> <Delay = 0.00>
ST_1 : Operation 97 [1/1] (0.00ns)   --->   "%img_inT_14_load = load i8 %img_inT_14"   --->   Operation 97 'load' 'img_inT_14_load' <Predicate = (icmp_ln14)> <Delay = 0.00>
ST_1 : Operation 98 [1/1] (0.00ns)   --->   "%img_inT_15_load = load i8 %img_inT_15"   --->   Operation 98 'load' 'img_inT_15_load' <Predicate = (icmp_ln14)> <Delay = 0.00>
ST_1 : Operation 99 [1/1] (0.00ns)   --->   "%write_ln0 = write void @_ssdm_op_Write.ap_auto.i8P0A, i8 %img_inT_15_out, i8 %img_inT_15_load"   --->   Operation 99 'write' 'write_ln0' <Predicate = (icmp_ln14)> <Delay = 0.00>
ST_1 : Operation 100 [1/1] (0.00ns)   --->   "%write_ln0 = write void @_ssdm_op_Write.ap_auto.i8P0A, i8 %img_inT_14_out, i8 %img_inT_14_load"   --->   Operation 100 'write' 'write_ln0' <Predicate = (icmp_ln14)> <Delay = 0.00>
ST_1 : Operation 101 [1/1] (0.00ns)   --->   "%write_ln0 = write void @_ssdm_op_Write.ap_auto.i8P0A, i8 %img_inT_13_out, i8 %img_inT_13_load"   --->   Operation 101 'write' 'write_ln0' <Predicate = (icmp_ln14)> <Delay = 0.00>
ST_1 : Operation 102 [1/1] (0.00ns)   --->   "%write_ln0 = write void @_ssdm_op_Write.ap_auto.i8P0A, i8 %img_inT_12_out, i8 %img_inT_12_load"   --->   Operation 102 'write' 'write_ln0' <Predicate = (icmp_ln14)> <Delay = 0.00>
ST_1 : Operation 103 [1/1] (0.00ns)   --->   "%write_ln0 = write void @_ssdm_op_Write.ap_auto.i8P0A, i8 %img_inT_11_out, i8 %img_inT_11_load"   --->   Operation 103 'write' 'write_ln0' <Predicate = (icmp_ln14)> <Delay = 0.00>
ST_1 : Operation 104 [1/1] (0.00ns)   --->   "%write_ln0 = write void @_ssdm_op_Write.ap_auto.i8P0A, i8 %img_inT_10_out, i8 %img_inT_10_load"   --->   Operation 104 'write' 'write_ln0' <Predicate = (icmp_ln14)> <Delay = 0.00>
ST_1 : Operation 105 [1/1] (0.00ns)   --->   "%write_ln0 = write void @_ssdm_op_Write.ap_auto.i8P0A, i8 %img_inT_9_out, i8 %img_inT_9_load"   --->   Operation 105 'write' 'write_ln0' <Predicate = (icmp_ln14)> <Delay = 0.00>
ST_1 : Operation 106 [1/1] (0.00ns)   --->   "%write_ln0 = write void @_ssdm_op_Write.ap_auto.i8P0A, i8 %img_inT_8_out, i8 %img_inT_8_load"   --->   Operation 106 'write' 'write_ln0' <Predicate = (icmp_ln14)> <Delay = 0.00>
ST_1 : Operation 107 [1/1] (0.00ns)   --->   "%write_ln0 = write void @_ssdm_op_Write.ap_auto.i8P0A, i8 %img_inT_7_out, i8 %img_inT_7_load"   --->   Operation 107 'write' 'write_ln0' <Predicate = (icmp_ln14)> <Delay = 0.00>
ST_1 : Operation 108 [1/1] (0.00ns)   --->   "%write_ln0 = write void @_ssdm_op_Write.ap_auto.i8P0A, i8 %img_inT_6_out, i8 %img_inT_6_load"   --->   Operation 108 'write' 'write_ln0' <Predicate = (icmp_ln14)> <Delay = 0.00>
ST_1 : Operation 109 [1/1] (0.00ns)   --->   "%write_ln0 = write void @_ssdm_op_Write.ap_auto.i8P0A, i8 %img_inT_5_out, i8 %img_inT_5_load"   --->   Operation 109 'write' 'write_ln0' <Predicate = (icmp_ln14)> <Delay = 0.00>
ST_1 : Operation 110 [1/1] (0.00ns)   --->   "%write_ln0 = write void @_ssdm_op_Write.ap_auto.i8P0A, i8 %img_inT_4_out, i8 %img_inT_4_load"   --->   Operation 110 'write' 'write_ln0' <Predicate = (icmp_ln14)> <Delay = 0.00>
ST_1 : Operation 111 [1/1] (0.00ns)   --->   "%write_ln0 = write void @_ssdm_op_Write.ap_auto.i8P0A, i8 %img_inT_3_out, i8 %img_inT_3_load"   --->   Operation 111 'write' 'write_ln0' <Predicate = (icmp_ln14)> <Delay = 0.00>
ST_1 : Operation 112 [1/1] (0.00ns)   --->   "%write_ln0 = write void @_ssdm_op_Write.ap_auto.i8P0A, i8 %img_inT_2_out, i8 %img_inT_2_load"   --->   Operation 112 'write' 'write_ln0' <Predicate = (icmp_ln14)> <Delay = 0.00>
ST_1 : Operation 113 [1/1] (0.00ns)   --->   "%write_ln0 = write void @_ssdm_op_Write.ap_auto.i8P0A, i8 %img_inT_1_out, i8 %img_inT_1_load"   --->   Operation 113 'write' 'write_ln0' <Predicate = (icmp_ln14)> <Delay = 0.00>
ST_1 : Operation 114 [1/1] (0.00ns)   --->   "%write_ln0 = write void @_ssdm_op_Write.ap_auto.i8P0A, i8 %img_inT_out, i8 %img_inT_load"   --->   Operation 114 'write' 'write_ln0' <Predicate = (icmp_ln14)> <Delay = 0.00>
ST_1 : Operation 115 [1/1] (0.00ns)   --->   "%ret_ln0 = ret"   --->   Operation 115 'ret' 'ret_ln0' <Predicate = (icmp_ln14)> <Delay = 0.00>


============================================================
+ Verbose Summary: Timing violations
============================================================
Target clock period: 10.000ns, clock uncertainty: 2.700ns.

 <State 1>: 4.956ns
The critical path consists of the following:
	'store' operation 0 bit ('store_ln14', conv2D0.cpp:14) of constant 0 on local variable 'i', conv2D0.cpp:14 [66]  (1.588 ns)
	'load' operation 5 bit ('i', conv2D0.cpp:14) on local variable 'i', conv2D0.cpp:14 [69]  (0.000 ns)
	'add' operation 5 bit ('add_ln14', conv2D0.cpp:14) [71]  (1.780 ns)
	'store' operation 0 bit ('store_ln14', conv2D0.cpp:14) of variable 'add_ln14', conv2D0.cpp:14 on local variable 'i', conv2D0.cpp:14 [129]  (1.588 ns)


============================================================
+ Verbose Summary: Binding
============================================================
N/A
* FSMD analyzer results:
  - Output states:
 - Input state : 
  - Chain level:
	State 1


============================================================
+ Verbose Summary: Datapath Resource usage 
============================================================
N/A
